[0.019s] Invoking command in '/workspace/ros2_ws/build/rosbridge_server': CMAKE_PREFIX_PATH=/workspace/ros2_ws/install/rosapi:/workspace/ros2_ws/install/rosbridge_library:/workspace/ros2_ws/install/rosbridge_test_msgs:/workspace/ros2_ws/install/rosbridge_msgs:/workspace/ros2_ws/install/rosapi_msgs:/workspace/ros2_ws/install/rosbridge_suite:/workspace/ros2_ws/install/rosbridge_server:/workspace/ros2_ws/install/mesh_description:/workspace/ros2_ws/install/inference_webcam:/workspace/ros2_ws/install/camera_testing:/workspace/ros2_ws/install/camera_reader:/opt/ros/eloquent PYTHONPATH=/workspace/ros2_ws/install/rosapi/lib/python3.6/site-packages:/workspace/ros2_ws/install/rosbridge_library/lib/python3.6/site-packages:/workspace/ros2_ws/install/rosbridge_test_msgs/lib/python3.6/site-packages:/workspace/ros2_ws/install/rosbridge_msgs/lib/python3.6/site-packages:/workspace/ros2_ws/install/rosapi_msgs/lib/python3.6/site-packages:/workspace/ros2_ws/install/rosbridge_server/lib/python3.6/site-packages:/opt/ros/eloquent/lib/python3.6/site-packages /usr/bin/cmake --build /workspace/ros2_ws/build/rosbridge_server -- -j32 -l32
[0.059s] Invoked command in '/workspace/ros2_ws/build/rosbridge_server' returned '0': CMAKE_PREFIX_PATH=/workspace/ros2_ws/install/rosapi:/workspace/ros2_ws/install/rosbridge_library:/workspace/ros2_ws/install/rosbridge_test_msgs:/workspace/ros2_ws/install/rosbridge_msgs:/workspace/ros2_ws/install/rosapi_msgs:/workspace/ros2_ws/install/rosbridge_suite:/workspace/ros2_ws/install/rosbridge_server:/workspace/ros2_ws/install/mesh_description:/workspace/ros2_ws/install/inference_webcam:/workspace/ros2_ws/install/camera_testing:/workspace/ros2_ws/install/camera_reader:/opt/ros/eloquent PYTHONPATH=/workspace/ros2_ws/install/rosapi/lib/python3.6/site-packages:/workspace/ros2_ws/install/rosbridge_library/lib/python3.6/site-packages:/workspace/ros2_ws/install/rosbridge_test_msgs/lib/python3.6/site-packages:/workspace/ros2_ws/install/rosbridge_msgs/lib/python3.6/site-packages:/workspace/ros2_ws/install/rosapi_msgs/lib/python3.6/site-packages:/workspace/ros2_ws/install/rosbridge_server/lib/python3.6/site-packages:/opt/ros/eloquent/lib/python3.6/site-packages /usr/bin/cmake --build /workspace/ros2_ws/build/rosbridge_server -- -j32 -l32
[0.083s] Invoking command in '/workspace/ros2_ws/build/rosbridge_server': CMAKE_PREFIX_PATH=/workspace/ros2_ws/install/rosapi:/workspace/ros2_ws/install/rosbridge_library:/workspace/ros2_ws/install/rosbridge_test_msgs:/workspace/ros2_ws/install/rosbridge_msgs:/workspace/ros2_ws/install/rosapi_msgs:/workspace/ros2_ws/install/rosbridge_suite:/workspace/ros2_ws/install/rosbridge_server:/workspace/ros2_ws/install/mesh_description:/workspace/ros2_ws/install/inference_webcam:/workspace/ros2_ws/install/camera_testing:/workspace/ros2_ws/install/camera_reader:/opt/ros/eloquent PYTHONPATH=/workspace/ros2_ws/install/rosapi/lib/python3.6/site-packages:/workspace/ros2_ws/install/rosbridge_library/lib/python3.6/site-packages:/workspace/ros2_ws/install/rosbridge_test_msgs/lib/python3.6/site-packages:/workspace/ros2_ws/install/rosbridge_msgs/lib/python3.6/site-packages:/workspace/ros2_ws/install/rosapi_msgs/lib/python3.6/site-packages:/workspace/ros2_ws/install/rosbridge_server/lib/python3.6/site-packages:/opt/ros/eloquent/lib/python3.6/site-packages /usr/bin/cmake --build /workspace/ros2_ws/build/rosbridge_server --target install -- -j32 -l32
[0.130s] [36mInstall the project...[0m
[0.137s] -- Install configuration: ""
[0.137s] -- Up-to-date: /workspace/ros2_ws/install/rosbridge_server/share/rosbridge_server/environment/pythonpath.sh
[0.137s] -- Up-to-date: /workspace/ros2_ws/install/rosbridge_server/share/rosbridge_server/environment/pythonpath.dsv
[0.137s] -- Up-to-date: /workspace/ros2_ws/install/rosbridge_server/lib/python3.6/site-packages/rosbridge_server
[0.137s] -- Up-to-date: /workspace/ros2_ws/install/rosbridge_server/lib/python3.6/site-packages/rosbridge_server/client_manager.py
[0.137s] -- Up-to-date: /workspace/ros2_ws/install/rosbridge_server/lib/python3.6/site-packages/rosbridge_server/websocket_handler.py
[0.138s] -- Up-to-date: /workspace/ros2_ws/install/rosbridge_server/lib/python3.6/site-packages/rosbridge_server/__init__.py
[0.162s] Listing '/workspace/ros2_ws/install/rosbridge_server/lib/python3.6/site-packages/rosbridge_server'...
[0.165s] -- Up-to-date: /workspace/ros2_ws/install/rosbridge_server/share/ament_index/resource_index/package_run_dependencies/rosbridge_server
[0.165s] -- Up-to-date: /workspace/ros2_ws/install/rosbridge_server/share/ament_index/resource_index/parent_prefix_path/rosbridge_server
[0.165s] -- Up-to-date: /workspace/ros2_ws/install/rosbridge_server/share/rosbridge_server/environment/ament_prefix_path.sh
[0.165s] -- Up-to-date: /workspace/ros2_ws/install/rosbridge_server/share/rosbridge_server/environment/ament_prefix_path.dsv
[0.165s] -- Up-to-date: /workspace/ros2_ws/install/rosbridge_server/share/rosbridge_server/environment/path.sh
[0.165s] -- Up-to-date: /workspace/ros2_ws/install/rosbridge_server/share/rosbridge_server/environment/path.dsv
[0.165s] -- Up-to-date: /workspace/ros2_ws/install/rosbridge_server/share/rosbridge_server/local_setup.bash
[0.165s] -- Up-to-date: /workspace/ros2_ws/install/rosbridge_server/share/rosbridge_server/local_setup.sh
[0.165s] -- Up-to-date: /workspace/ros2_ws/install/rosbridge_server/share/rosbridge_server/local_setup.zsh
[0.165s] -- Up-to-date: /workspace/ros2_ws/install/rosbridge_server/share/rosbridge_server/local_setup.dsv
[0.165s] -- Installing: /workspace/ros2_ws/install/rosbridge_server/share/rosbridge_server/package.dsv
[0.165s] -- Up-to-date: /workspace/ros2_ws/install/rosbridge_server/share/ament_index/resource_index/packages/rosbridge_server
[0.165s] -- Up-to-date: /workspace/ros2_ws/install/rosbridge_server/share/rosbridge_server/cmake/rosbridge_serverConfig.cmake
[0.165s] -- Up-to-date: /workspace/ros2_ws/install/rosbridge_server/share/rosbridge_server/cmake/rosbridge_serverConfig-version.cmake
[0.165s] -- Up-to-date: /workspace/ros2_ws/install/rosbridge_server/share/rosbridge_server/package.xml
[0.166s] -- Up-to-date: /workspace/ros2_ws/install/rosbridge_server/lib/rosbridge_server/rosbridge_websocket.py
[0.166s] -- Up-to-date: /workspace/ros2_ws/install/rosbridge_server/lib/rosbridge_server/rosbridge_websocket
[0.166s] -- Up-to-date: /workspace/ros2_ws/install/rosbridge_server/share/rosbridge_server/launch/rosbridge_websocket_launch.xml
[0.168s] Invoked command in '/workspace/ros2_ws/build/rosbridge_server' returned '0': CMAKE_PREFIX_PATH=/workspace/ros2_ws/install/rosapi:/workspace/ros2_ws/install/rosbridge_library:/workspace/ros2_ws/install/rosbridge_test_msgs:/workspace/ros2_ws/install/rosbridge_msgs:/workspace/ros2_ws/install/rosapi_msgs:/workspace/ros2_ws/install/rosbridge_suite:/workspace/ros2_ws/install/rosbridge_server:/workspace/ros2_ws/install/mesh_description:/workspace/ros2_ws/install/inference_webcam:/workspace/ros2_ws/install/camera_testing:/workspace/ros2_ws/install/camera_reader:/opt/ros/eloquent PYTHONPATH=/workspace/ros2_ws/install/rosapi/lib/python3.6/site-packages:/workspace/ros2_ws/install/rosbridge_library/lib/python3.6/site-packages:/workspace/ros2_ws/install/rosbridge_test_msgs/lib/python3.6/site-packages:/workspace/ros2_ws/install/rosbridge_msgs/lib/python3.6/site-packages:/workspace/ros2_ws/install/rosapi_msgs/lib/python3.6/site-packages:/workspace/ros2_ws/install/rosbridge_server/lib/python3.6/site-packages:/opt/ros/eloquent/lib/python3.6/site-packages /usr/bin/cmake --build /workspace/ros2_ws/build/rosbridge_server --target install -- -j32 -l32
