[36mInstall the project...[0m
-- Install configuration: ""
-- Up-to-date: /workspace/ros2_ws/install/inference_webcam/share/inference_webcam/launch
-- Up-to-date: /workspace/ros2_ws/install/inference_webcam/share/inference_webcam/launch/inference.launch.py
-- Up-to-date: /workspace/ros2_ws/install/inference_webcam/share/inference_webcam/scripts
-- Up-to-date: /workspace/ros2_ws/install/inference_webcam/share/inference_webcam/scripts/EfficientPose
-- Up-to-date: /workspace/ros2_ws/install/inference_webcam/share/inference_webcam/scripts/EfficientPose/tfkeras.py
-- Up-to-date: /workspace/ros2_ws/install/inference_webcam/share/inference_webcam/scripts/EfficientPose/layers_vanilla_effdet.py
-- Up-to-date: /workspace/ros2_ws/install/inference_webcam/share/inference_webcam/scripts/EfficientPose/custom_load_weights.py
-- Up-to-date: /workspace/ros2_ws/install/inference_webcam/share/inference_webcam/scripts/EfficientPose/figures
-- Up-to-date: /workspace/ros2_ws/install/inference_webcam/share/inference_webcam/scripts/EfficientPose/figures/title_figure_repo.png
-- Up-to-date: /workspace/ros2_ws/install/inference_webcam/share/inference_webcam/scripts/EfficientPose/efficientnet.py
-- Up-to-date: /workspace/ros2_ws/install/inference_webcam/share/inference_webcam/scripts/EfficientPose/evaluate.py
-- Up-to-date: /workspace/ros2_ws/install/inference_webcam/share/inference_webcam/scripts/EfficientPose/generate_masks.py
-- Up-to-date: /workspace/ros2_ws/install/inference_webcam/share/inference_webcam/scripts/EfficientPose/utils
-- Up-to-date: /workspace/ros2_ws/install/inference_webcam/share/inference_webcam/scripts/EfficientPose/utils/calc_min_distances.h
-- Up-to-date: /workspace/ros2_ws/install/inference_webcam/share/inference_webcam/scripts/EfficientPose/utils/colors.py
-- Up-to-date: /workspace/ros2_ws/install/inference_webcam/share/inference_webcam/scripts/EfficientPose/utils/image.py
-- Up-to-date: /workspace/ros2_ws/install/inference_webcam/share/inference_webcam/scripts/EfficientPose/utils/compute_overlap.pyx
-- Up-to-date: /workspace/ros2_ws/install/inference_webcam/share/inference_webcam/scripts/EfficientPose/utils/anchors.py
-- Up-to-date: /workspace/ros2_ws/install/inference_webcam/share/inference_webcam/scripts/EfficientPose/utils/visualization.py
-- Up-to-date: /workspace/ros2_ws/install/inference_webcam/share/inference_webcam/scripts/EfficientPose/utils/__init__.py
-- Up-to-date: /workspace/ros2_ws/install/inference_webcam/share/inference_webcam/scripts/EfficientPose/benchmark_runtime.py
-- Up-to-date: /workspace/ros2_ws/install/inference_webcam/share/inference_webcam/scripts/EfficientPose/inference.py
-- Up-to-date: /workspace/ros2_ws/install/inference_webcam/share/inference_webcam/scripts/EfficientPose/losses.py
-- Up-to-date: /workspace/ros2_ws/install/inference_webcam/share/inference_webcam/scripts/EfficientPose/LICENSE
-- Up-to-date: /workspace/ros2_ws/install/inference_webcam/share/inference_webcam/scripts/EfficientPose/benchmark_runtime_vanilla_effdet.py
-- Installing: /workspace/ros2_ws/install/inference_webcam/share/inference_webcam/scripts/EfficientPose/ros2_inference_ladle_hook.py
-- Up-to-date: /workspace/ros2_ws/install/inference_webcam/share/inference_webcam/scripts/EfficientPose/setup.py
-- Up-to-date: /workspace/ros2_ws/install/inference_webcam/share/inference_webcam/scripts/EfficientPose/initializers.py
-- Up-to-date: /workspace/ros2_ws/install/inference_webcam/share/inference_webcam/scripts/EfficientPose/eval
-- Up-to-date: /workspace/ros2_ws/install/inference_webcam/share/inference_webcam/scripts/EfficientPose/eval/eval_callback.py
-- Up-to-date: /workspace/ros2_ws/install/inference_webcam/share/inference_webcam/scripts/EfficientPose/eval/common.py
-- Up-to-date: /workspace/ros2_ws/install/inference_webcam/share/inference_webcam/scripts/EfficientPose/eval/__init__.py
-- Up-to-date: /workspace/ros2_ws/install/inference_webcam/share/inference_webcam/scripts/EfficientPose/train.py
-- Up-to-date: /workspace/ros2_ws/install/inference_webcam/share/inference_webcam/scripts/EfficientPose/layers.py
-- Up-to-date: /workspace/ros2_ws/install/inference_webcam/share/inference_webcam/scripts/EfficientPose/debug.py
-- Up-to-date: /workspace/ros2_ws/install/inference_webcam/share/inference_webcam/scripts/EfficientPose/requirements.txt
-- Up-to-date: /workspace/ros2_ws/install/inference_webcam/share/inference_webcam/scripts/EfficientPose/inference_webcam.py
-- Up-to-date: /workspace/ros2_ws/install/inference_webcam/share/inference_webcam/scripts/EfficientPose/README.md
-- Up-to-date: /workspace/ros2_ws/install/inference_webcam/share/inference_webcam/scripts/EfficientPose/model_vanilla_effdet.py
-- Up-to-date: /workspace/ros2_ws/install/inference_webcam/share/inference_webcam/scripts/EfficientPose/generators
-- Up-to-date: /workspace/ros2_ws/install/inference_webcam/share/inference_webcam/scripts/EfficientPose/generators/occlusion.py
-- Up-to-date: /workspace/ros2_ws/install/inference_webcam/share/inference_webcam/scripts/EfficientPose/generators/randaug.py
-- Up-to-date: /workspace/ros2_ws/install/inference_webcam/share/inference_webcam/scripts/EfficientPose/generators/linemod.py
-- Up-to-date: /workspace/ros2_ws/install/inference_webcam/share/inference_webcam/scripts/EfficientPose/generators/common.py
-- Up-to-date: /workspace/ros2_ws/install/inference_webcam/share/inference_webcam/scripts/EfficientPose/generators/__init__.py
-- Up-to-date: /workspace/ros2_ws/install/inference_webcam/share/inference_webcam/scripts/EfficientPose/model.py
-- Up-to-date: /workspace/ros2_ws/install/inference_webcam/share/inference_webcam/scripts/EfficientPose/ros2_inference.py
-- Up-to-date: /workspace/ros2_ws/install/inference_webcam/lib/inference_webcam/ros2_inference.py
-- Installing: /workspace/ros2_ws/install/inference_webcam/lib/inference_webcam/ros2_inference_ladle_hook.py
-- Up-to-date: /workspace/ros2_ws/install/inference_webcam/lib/inference_webcam/inference.launch.py
-- Up-to-date: /workspace/ros2_ws/install/inference_webcam/share/ament_index/resource_index/package_run_dependencies/inference_webcam
-- Up-to-date: /workspace/ros2_ws/install/inference_webcam/share/ament_index/resource_index/parent_prefix_path/inference_webcam
-- Up-to-date: /workspace/ros2_ws/install/inference_webcam/share/inference_webcam/environment/ament_prefix_path.sh
-- Up-to-date: /workspace/ros2_ws/install/inference_webcam/share/inference_webcam/environment/ament_prefix_path.dsv
-- Up-to-date: /workspace/ros2_ws/install/inference_webcam/share/inference_webcam/environment/path.sh
-- Up-to-date: /workspace/ros2_ws/install/inference_webcam/share/inference_webcam/environment/path.dsv
-- Up-to-date: /workspace/ros2_ws/install/inference_webcam/share/inference_webcam/local_setup.bash
-- Up-to-date: /workspace/ros2_ws/install/inference_webcam/share/inference_webcam/local_setup.sh
-- Up-to-date: /workspace/ros2_ws/install/inference_webcam/share/inference_webcam/local_setup.zsh
-- Up-to-date: /workspace/ros2_ws/install/inference_webcam/share/inference_webcam/local_setup.dsv
-- Installing: /workspace/ros2_ws/install/inference_webcam/share/inference_webcam/package.dsv
-- Up-to-date: /workspace/ros2_ws/install/inference_webcam/share/ament_index/resource_index/packages/inference_webcam
-- Up-to-date: /workspace/ros2_ws/install/inference_webcam/share/inference_webcam/cmake/inference_webcamConfig.cmake
-- Up-to-date: /workspace/ros2_ws/install/inference_webcam/share/inference_webcam/cmake/inference_webcamConfig-version.cmake
-- Up-to-date: /workspace/ros2_ws/install/inference_webcam/share/inference_webcam/package.xml
