[0.037s] Invoking command in '/workspace/ros2_ws/build/rosapi_msgs': CMAKE_PREFIX_PATH=${CMAKE_PREFIX_PATH}:/opt/ros/eloquent /usr/bin/cmake --build /workspace/ros2_ws/build/rosapi_msgs -- -j32 -l32
[0.110s] [  0%] Built target rosapi_msgs__cpp
[0.132s] [ 12%] Built target rosapi_msgs__rosidl_generator_c
[0.167s] [ 25%] Built target rosapi_msgs__rosidl_typesupport_introspection_cpp
[0.169s] [ 37%] Built target rosapi_msgs__rosidl_typesupport_fastrtps_cpp
[0.172s] [ 49%] Built target rosapi_msgs__rosidl_typesupport_introspection_c
[0.214s] [ 61%] Built target rosapi_msgs__rosidl_typesupport_cpp
[0.217s] [ 73%] Built target rosapi_msgs__rosidl_typesupport_fastrtps_c
[0.262s] [ 86%] Built target rosapi_msgs__rosidl_typesupport_c
[0.289s] [ 86%] Built target rosapi_msgs
[0.322s] [ 86%] Built target rosapi_msgs__py
[0.372s] [ 98%] Built target rosapi_msgs__python
[0.408s] [ 99%] Built target rosapi_msgs__rosidl_typesupport_c__pyext
[0.410s] [100%] Built target rosapi_msgs__rosidl_typesupport_fastrtps_c__pyext
[0.424s] Invoked command in '/workspace/ros2_ws/build/rosapi_msgs' returned '0': CMAKE_PREFIX_PATH=${CMAKE_PREFIX_PATH}:/opt/ros/eloquent /usr/bin/cmake --build /workspace/ros2_ws/build/rosapi_msgs -- -j32 -l32
[1.194s] Invoking command in '/workspace/ros2_ws/build/rosapi_msgs': CMAKE_PREFIX_PATH=${CMAKE_PREFIX_PATH}:/opt/ros/eloquent /usr/bin/cmake --build /workspace/ros2_ws/build/rosapi_msgs --target install -- -j32 -l32
[1.270s] [  0%] Built target rosapi_msgs__cpp
[1.278s] [ 12%] Built target rosapi_msgs__rosidl_generator_c
[1.312s] [ 25%] Built target rosapi_msgs__rosidl_typesupport_introspection_cpp
[1.318s] [ 37%] Built target rosapi_msgs__rosidl_typesupport_introspection_c
[1.323s] [ 49%] Built target rosapi_msgs__rosidl_typesupport_fastrtps_cpp
[1.363s] [ 61%] Built target rosapi_msgs__rosidl_typesupport_cpp
[1.369s] [ 73%] Built target rosapi_msgs__rosidl_typesupport_fastrtps_c
[1.405s] [ 86%] Built target rosapi_msgs__rosidl_typesupport_c
[1.433s] [ 86%] Built target rosapi_msgs
[1.463s] [ 86%] Built target rosapi_msgs__py
[1.514s] [ 98%] Built target rosapi_msgs__python
[1.551s] [ 99%] Built target rosapi_msgs__rosidl_typesupport_c__pyext
[1.551s] [100%] Built target rosapi_msgs__rosidl_typesupport_fastrtps_c__pyext
[1.573s] [36mInstall the project...[0m
[1.583s] -- Install configuration: ""
[1.584s] -- Up-to-date: /workspace/ros2_ws/install/rosapi_msgs/share/ament_index/resource_index/rosidl_interfaces/rosapi_msgs
[1.585s] -- Up-to-date: /workspace/ros2_ws/install/rosapi_msgs/include/rosapi_msgs
[1.586s] -- Up-to-date: /workspace/ros2_ws/install/rosapi_msgs/include/rosapi_msgs/srv
[1.586s] -- Up-to-date: /workspace/ros2_ws/install/rosapi_msgs/include/rosapi_msgs/srv/get_action_servers__traits.hpp
[1.586s] -- Up-to-date: /workspace/ros2_ws/install/rosapi_msgs/include/rosapi_msgs/srv/node_details__struct.hpp
[1.586s] -- Up-to-date: /workspace/ros2_ws/install/rosapi_msgs/include/rosapi_msgs/srv/service_request_details__traits.hpp
[1.586s] -- Up-to-date: /workspace/ros2_ws/install/rosapi_msgs/include/rosapi_msgs/srv/topics_for_type.hpp
[1.586s] -- Up-to-date: /workspace/ros2_ws/install/rosapi_msgs/include/rosapi_msgs/srv/service_type__traits.hpp
[1.586s] -- Up-to-date: /workspace/ros2_ws/install/rosapi_msgs/include/rosapi_msgs/srv/delete_param.hpp
[1.586s] -- Up-to-date: /workspace/ros2_ws/install/rosapi_msgs/include/rosapi_msgs/srv/get_param__traits.hpp
[1.586s] -- Up-to-date: /workspace/ros2_ws/install/rosapi_msgs/include/rosapi_msgs/srv/delete_param__traits.hpp
[1.586s] -- Up-to-date: /workspace/ros2_ws/install/rosapi_msgs/include/rosapi_msgs/srv/publishers__struct.hpp
[1.586s] -- Up-to-date: /workspace/ros2_ws/install/rosapi_msgs/include/rosapi_msgs/srv/subscribers.hpp
[1.586s] -- Up-to-date: /workspace/ros2_ws/install/rosapi_msgs/include/rosapi_msgs/srv/topics_for_type__struct.hpp
[1.586s] -- Up-to-date: /workspace/ros2_ws/install/rosapi_msgs/include/rosapi_msgs/srv/message_details__traits.hpp
[1.586s] -- Up-to-date: /workspace/ros2_ws/install/rosapi_msgs/include/rosapi_msgs/srv/node_details__traits.hpp
[1.586s] -- Up-to-date: /workspace/ros2_ws/install/rosapi_msgs/include/rosapi_msgs/srv/get_time__traits.hpp
[1.587s] -- Up-to-date: /workspace/ros2_ws/install/rosapi_msgs/include/rosapi_msgs/srv/get_action_servers__struct.hpp
[1.587s] -- Up-to-date: /workspace/ros2_ws/install/rosapi_msgs/include/rosapi_msgs/srv/topic_type__traits.hpp
[1.588s] -- Up-to-date: /workspace/ros2_ws/install/rosapi_msgs/include/rosapi_msgs/srv/services_for_type__struct.hpp
[1.588s] -- Up-to-date: /workspace/ros2_ws/install/rosapi_msgs/include/rosapi_msgs/srv/publishers__traits.hpp
[1.588s] -- Up-to-date: /workspace/ros2_ws/install/rosapi_msgs/include/rosapi_msgs/srv/get_param_names__struct.hpp
[1.588s] -- Up-to-date: /workspace/ros2_ws/install/rosapi_msgs/include/rosapi_msgs/srv/services_for_type.hpp
[1.588s] -- Up-to-date: /workspace/ros2_ws/install/rosapi_msgs/include/rosapi_msgs/srv/service_providers__struct.hpp
[1.588s] -- Up-to-date: /workspace/ros2_ws/install/rosapi_msgs/include/rosapi_msgs/srv/topics.hpp
[1.589s] -- Up-to-date: /workspace/ros2_ws/install/rosapi_msgs/include/rosapi_msgs/srv/service_node__traits.hpp
[1.589s] -- Up-to-date: /workspace/ros2_ws/install/rosapi_msgs/include/rosapi_msgs/srv/get_action_servers.hpp
[1.589s] -- Up-to-date: /workspace/ros2_ws/install/rosapi_msgs/include/rosapi_msgs/srv/topics__traits.hpp
[1.589s] -- Up-to-date: /workspace/ros2_ws/install/rosapi_msgs/include/rosapi_msgs/srv/service_response_details__struct.hpp
[1.589s] -- Up-to-date: /workspace/ros2_ws/install/rosapi_msgs/include/rosapi_msgs/srv/topic_type__struct.hpp
[1.589s] -- Up-to-date: /workspace/ros2_ws/install/rosapi_msgs/include/rosapi_msgs/srv/service_type__struct.hpp
[1.589s] -- Up-to-date: /workspace/ros2_ws/install/rosapi_msgs/include/rosapi_msgs/srv/topic_type.hpp
[1.589s] -- Up-to-date: /workspace/ros2_ws/install/rosapi_msgs/include/rosapi_msgs/srv/node_details.hpp
[1.589s] -- Up-to-date: /workspace/ros2_ws/install/rosapi_msgs/include/rosapi_msgs/srv/nodes__traits.hpp
[1.589s] -- Up-to-date: /workspace/ros2_ws/install/rosapi_msgs/include/rosapi_msgs/srv/services__traits.hpp
[1.589s] -- Up-to-date: /workspace/ros2_ws/install/rosapi_msgs/include/rosapi_msgs/srv/topics_and_raw_types__traits.hpp
[1.589s] -- Up-to-date: /workspace/ros2_ws/install/rosapi_msgs/include/rosapi_msgs/srv/get_param.hpp
[1.589s] -- Up-to-date: /workspace/ros2_ws/install/rosapi_msgs/include/rosapi_msgs/srv/topics_for_type__traits.hpp
[1.589s] -- Up-to-date: /workspace/ros2_ws/install/rosapi_msgs/include/rosapi_msgs/srv/has_param__struct.hpp
[1.589s] -- Up-to-date: /workspace/ros2_ws/install/rosapi_msgs/include/rosapi_msgs/srv/service_request_details__struct.hpp
[1.590s] -- Up-to-date: /workspace/ros2_ws/install/rosapi_msgs/include/rosapi_msgs/srv/set_param.hpp
[1.590s] -- Up-to-date: /workspace/ros2_ws/install/rosapi_msgs/include/rosapi_msgs/srv/get_time__struct.hpp
[1.590s] -- Up-to-date: /workspace/ros2_ws/install/rosapi_msgs/include/rosapi_msgs/srv/set_param__struct.hpp
[1.590s] -- Up-to-date: /workspace/ros2_ws/install/rosapi_msgs/include/rosapi_msgs/srv/nodes__struct.hpp
[1.590s] -- Up-to-date: /workspace/ros2_ws/install/rosapi_msgs/include/rosapi_msgs/srv/service_providers.hpp
[1.590s] -- Up-to-date: /workspace/ros2_ws/install/rosapi_msgs/include/rosapi_msgs/srv/get_param_names.hpp
[1.590s] -- Up-to-date: /workspace/ros2_ws/install/rosapi_msgs/include/rosapi_msgs/srv/get_param_names__traits.hpp
[1.590s] -- Up-to-date: /workspace/ros2_ws/install/rosapi_msgs/include/rosapi_msgs/srv/service_response_details__traits.hpp
[1.590s] -- Up-to-date: /workspace/ros2_ws/install/rosapi_msgs/include/rosapi_msgs/srv/nodes.hpp
[1.590s] -- Up-to-date: /workspace/ros2_ws/install/rosapi_msgs/include/rosapi_msgs/srv/get_ros_version__traits.hpp
[1.590s] -- Up-to-date: /workspace/ros2_ws/install/rosapi_msgs/include/rosapi_msgs/srv/message_details__struct.hpp
[1.591s] -- Up-to-date: /workspace/ros2_ws/install/rosapi_msgs/include/rosapi_msgs/srv/message_details.hpp
[1.591s] -- Up-to-date: /workspace/ros2_ws/install/rosapi_msgs/include/rosapi_msgs/srv/publishers.hpp
[1.591s] -- Up-to-date: /workspace/ros2_ws/install/rosapi_msgs/include/rosapi_msgs/srv/get_ros_version.hpp
[1.591s] -- Up-to-date: /workspace/ros2_ws/install/rosapi_msgs/include/rosapi_msgs/srv/has_param.hpp
[1.591s] -- Up-to-date: /workspace/ros2_ws/install/rosapi_msgs/include/rosapi_msgs/srv/service_request_details.hpp
[1.591s] -- Up-to-date: /workspace/ros2_ws/install/rosapi_msgs/include/rosapi_msgs/srv/get_time.hpp
[1.591s] -- Up-to-date: /workspace/ros2_ws/install/rosapi_msgs/include/rosapi_msgs/srv/services_for_type__traits.hpp
[1.591s] -- Up-to-date: /workspace/ros2_ws/install/rosapi_msgs/include/rosapi_msgs/srv/services__struct.hpp
[1.591s] -- Up-to-date: /workspace/ros2_ws/install/rosapi_msgs/include/rosapi_msgs/srv/subscribers__traits.hpp
[1.591s] -- Up-to-date: /workspace/ros2_ws/install/rosapi_msgs/include/rosapi_msgs/srv/get_param__struct.hpp
[1.592s] -- Up-to-date: /workspace/ros2_ws/install/rosapi_msgs/include/rosapi_msgs/srv/service_response_details.hpp
[1.592s] -- Up-to-date: /workspace/ros2_ws/install/rosapi_msgs/include/rosapi_msgs/srv/get_ros_version__struct.hpp
[1.592s] -- Up-to-date: /workspace/ros2_ws/install/rosapi_msgs/include/rosapi_msgs/srv/service_node.hpp
[1.592s] -- Up-to-date: /workspace/ros2_ws/install/rosapi_msgs/include/rosapi_msgs/srv/topics__struct.hpp
[1.592s] -- Up-to-date: /workspace/ros2_ws/install/rosapi_msgs/include/rosapi_msgs/srv/set_param__traits.hpp
[1.592s] -- Up-to-date: /workspace/ros2_ws/install/rosapi_msgs/include/rosapi_msgs/srv/services.hpp
[1.592s] -- Up-to-date: /workspace/ros2_ws/install/rosapi_msgs/include/rosapi_msgs/srv/topics_and_raw_types__struct.hpp
[1.592s] -- Up-to-date: /workspace/ros2_ws/install/rosapi_msgs/include/rosapi_msgs/srv/service_type.hpp
[1.592s] -- Up-to-date: /workspace/ros2_ws/install/rosapi_msgs/include/rosapi_msgs/srv/service_node__struct.hpp
[1.592s] -- Up-to-date: /workspace/ros2_ws/install/rosapi_msgs/include/rosapi_msgs/srv/service_providers__traits.hpp
[1.592s] -- Up-to-date: /workspace/ros2_ws/install/rosapi_msgs/include/rosapi_msgs/srv/topics_and_raw_types.hpp
[1.593s] -- Up-to-date: /workspace/ros2_ws/install/rosapi_msgs/include/rosapi_msgs/srv/has_param__traits.hpp
[1.593s] -- Up-to-date: /workspace/ros2_ws/install/rosapi_msgs/include/rosapi_msgs/srv/subscribers__struct.hpp
[1.593s] -- Up-to-date: /workspace/ros2_ws/install/rosapi_msgs/include/rosapi_msgs/srv/delete_param__struct.hpp
[1.593s] -- Up-to-date: /workspace/ros2_ws/install/rosapi_msgs/include/rosapi_msgs/msg
[1.593s] -- Up-to-date: /workspace/ros2_ws/install/rosapi_msgs/include/rosapi_msgs/msg/type_def.hpp
[1.593s] -- Up-to-date: /workspace/ros2_ws/install/rosapi_msgs/include/rosapi_msgs/msg/type_def__traits.hpp
[1.593s] -- Up-to-date: /workspace/ros2_ws/install/rosapi_msgs/include/rosapi_msgs/msg/type_def__struct.hpp
[1.593s] -- Up-to-date: /workspace/ros2_ws/install/rosapi_msgs/include/rosapi_msgs
[1.593s] -- Up-to-date: /workspace/ros2_ws/install/rosapi_msgs/include/rosapi_msgs/srv
[1.593s] -- Up-to-date: /workspace/ros2_ws/install/rosapi_msgs/include/rosapi_msgs/srv/publishers__type_support.h
[1.593s] -- Up-to-date: /workspace/ros2_ws/install/rosapi_msgs/include/rosapi_msgs/srv/service_response_details.h
[1.593s] -- Up-to-date: /workspace/ros2_ws/install/rosapi_msgs/include/rosapi_msgs/srv/service_response_details__functions.h
[1.594s] -- Up-to-date: /workspace/ros2_ws/install/rosapi_msgs/include/rosapi_msgs/srv/delete_param__functions.c
[1.594s] -- Up-to-date: /workspace/ros2_ws/install/rosapi_msgs/include/rosapi_msgs/srv/service_node__struct.h
[1.594s] -- Up-to-date: /workspace/ros2_ws/install/rosapi_msgs/include/rosapi_msgs/srv/service_providers.h
[1.594s] -- Up-to-date: /workspace/ros2_ws/install/rosapi_msgs/include/rosapi_msgs/srv/topic_type__struct.h
[1.594s] -- Up-to-date: /workspace/ros2_ws/install/rosapi_msgs/include/rosapi_msgs/srv/get_time__functions.h
[1.594s] -- Up-to-date: /workspace/ros2_ws/install/rosapi_msgs/include/rosapi_msgs/srv/service_request_details__struct.h
[1.594s] -- Up-to-date: /workspace/ros2_ws/install/rosapi_msgs/include/rosapi_msgs/srv/has_param.h
[1.594s] -- Up-to-date: /workspace/ros2_ws/install/rosapi_msgs/include/rosapi_msgs/srv/service_providers__functions.c
[1.594s] -- Up-to-date: /workspace/ros2_ws/install/rosapi_msgs/include/rosapi_msgs/srv/service_providers__type_support.h
[1.594s] -- Up-to-date: /workspace/ros2_ws/install/rosapi_msgs/include/rosapi_msgs/srv/services_for_type__struct.h
[1.594s] -- Up-to-date: /workspace/ros2_ws/install/rosapi_msgs/include/rosapi_msgs/srv/service_request_details.h
[1.594s] -- Up-to-date: /workspace/ros2_ws/install/rosapi_msgs/include/rosapi_msgs/srv/get_param_names__struct.h
[1.595s] -- Up-to-date: /workspace/ros2_ws/install/rosapi_msgs/include/rosapi_msgs/srv/service_type__functions.h
[1.595s] -- Up-to-date: /workspace/ros2_ws/install/rosapi_msgs/include/rosapi_msgs/srv/topics.h
[1.595s] -- Up-to-date: /workspace/ros2_ws/install/rosapi_msgs/include/rosapi_msgs/srv/subscribers__functions.c
[1.595s] -- Up-to-date: /workspace/ros2_ws/install/rosapi_msgs/include/rosapi_msgs/srv/has_param__functions.h
[1.595s] -- Up-to-date: /workspace/ros2_ws/install/rosapi_msgs/include/rosapi_msgs/srv/service_response_details__functions.c
[1.595s] -- Up-to-date: /workspace/ros2_ws/install/rosapi_msgs/include/rosapi_msgs/srv/nodes__functions.h
[1.595s] -- Up-to-date: /workspace/ros2_ws/install/rosapi_msgs/include/rosapi_msgs/srv/topics_and_raw_types__functions.h
[1.595s] -- Up-to-date: /workspace/ros2_ws/install/rosapi_msgs/include/rosapi_msgs/srv/topics_for_type__functions.h
[1.595s] -- Up-to-date: /workspace/ros2_ws/install/rosapi_msgs/include/rosapi_msgs/srv/topics_for_type__functions.c
[1.595s] -- Up-to-date: /workspace/ros2_ws/install/rosapi_msgs/include/rosapi_msgs/srv/service_providers__struct.h
[1.595s] -- Up-to-date: /workspace/ros2_ws/install/rosapi_msgs/include/rosapi_msgs/srv/publishers.h
[1.596s] -- Up-to-date: /workspace/ros2_ws/install/rosapi_msgs/include/rosapi_msgs/srv/service_response_details__type_support.h
[1.596s] -- Up-to-date: /workspace/ros2_ws/install/rosapi_msgs/include/rosapi_msgs/srv/message_details__functions.c
[1.596s] -- Up-to-date: /workspace/ros2_ws/install/rosapi_msgs/include/rosapi_msgs/srv/nodes__struct.h
[1.596s] -- Up-to-date: /workspace/ros2_ws/install/rosapi_msgs/include/rosapi_msgs/srv/get_ros_version__type_support.h
[1.596s] -- Up-to-date: /workspace/ros2_ws/install/rosapi_msgs/include/rosapi_msgs/srv/service_type__struct.h
[1.596s] -- Up-to-date: /workspace/ros2_ws/install/rosapi_msgs/include/rosapi_msgs/srv/services_for_type__type_support.h
[1.596s] -- Up-to-date: /workspace/ros2_ws/install/rosapi_msgs/include/rosapi_msgs/srv/publishers__functions.h
[1.596s] -- Up-to-date: /workspace/ros2_ws/install/rosapi_msgs/include/rosapi_msgs/srv/get_action_servers__type_support.h
[1.596s] -- Up-to-date: /workspace/ros2_ws/install/rosapi_msgs/include/rosapi_msgs/srv/message_details__functions.h
[1.597s] -- Up-to-date: /workspace/ros2_ws/install/rosapi_msgs/include/rosapi_msgs/srv/set_param__functions.h
[1.597s] -- Up-to-date: /workspace/ros2_ws/install/rosapi_msgs/include/rosapi_msgs/srv/node_details.h
[1.597s] -- Up-to-date: /workspace/ros2_ws/install/rosapi_msgs/include/rosapi_msgs/srv/topics_and_raw_types__type_support.h
[1.597s] -- Up-to-date: /workspace/ros2_ws/install/rosapi_msgs/include/rosapi_msgs/srv/get_param__struct.h
[1.597s] -- Up-to-date: /workspace/ros2_ws/install/rosapi_msgs/include/rosapi_msgs/srv/get_time.h
[1.597s] -- Up-to-date: /workspace/ros2_ws/install/rosapi_msgs/include/rosapi_msgs/srv/services__type_support.h
[1.597s] -- Up-to-date: /workspace/ros2_ws/install/rosapi_msgs/include/rosapi_msgs/srv/topics_and_raw_types__struct.h
[1.597s] -- Up-to-date: /workspace/ros2_ws/install/rosapi_msgs/include/rosapi_msgs/srv/nodes__functions.c
[1.597s] -- Up-to-date: /workspace/ros2_ws/install/rosapi_msgs/include/rosapi_msgs/srv/service_node__functions.c
[1.597s] -- Up-to-date: /workspace/ros2_ws/install/rosapi_msgs/include/rosapi_msgs/srv/get_param_names__functions.c
[1.598s] -- Up-to-date: /workspace/ros2_ws/install/rosapi_msgs/include/rosapi_msgs/srv/subscribers.h
[1.598s] -- Up-to-date: /workspace/ros2_ws/install/rosapi_msgs/include/rosapi_msgs/srv/topic_type__type_support.h
[1.598s] -- Up-to-date: /workspace/ros2_ws/install/rosapi_msgs/include/rosapi_msgs/srv/services_for_type__functions.h
[1.598s] -- Up-to-date: /workspace/ros2_ws/install/rosapi_msgs/include/rosapi_msgs/srv/delete_param__type_support.h
[1.598s] -- Up-to-date: /workspace/ros2_ws/install/rosapi_msgs/include/rosapi_msgs/srv/topic_type.h
[1.598s] -- Up-to-date: /workspace/ros2_ws/install/rosapi_msgs/include/rosapi_msgs/srv/node_details__struct.h
[1.598s] -- Up-to-date: /workspace/ros2_ws/install/rosapi_msgs/include/rosapi_msgs/srv/service_node.h
[1.598s] -- Up-to-date: /workspace/ros2_ws/install/rosapi_msgs/include/rosapi_msgs/srv/service_response_details__struct.h
[1.598s] -- Up-to-date: /workspace/ros2_ws/install/rosapi_msgs/include/rosapi_msgs/srv/service_request_details__type_support.h
[1.598s] -- Up-to-date: /workspace/ros2_ws/install/rosapi_msgs/include/rosapi_msgs/srv/get_action_servers__functions.h
[1.598s] -- Up-to-date: /workspace/ros2_ws/install/rosapi_msgs/include/rosapi_msgs/srv/get_param__type_support.h
[1.599s] -- Up-to-date: /workspace/ros2_ws/install/rosapi_msgs/include/rosapi_msgs/srv/topics__functions.h
[1.599s] -- Up-to-date: /workspace/ros2_ws/install/rosapi_msgs/include/rosapi_msgs/srv/get_action_servers__struct.h
[1.599s] -- Up-to-date: /workspace/ros2_ws/install/rosapi_msgs/include/rosapi_msgs/srv/service_request_details__functions.c
[1.599s] -- Up-to-date: /workspace/ros2_ws/install/rosapi_msgs/include/rosapi_msgs/srv/service_type__functions.c
[1.599s] -- Up-to-date: /workspace/ros2_ws/install/rosapi_msgs/include/rosapi_msgs/srv/get_ros_version.h
[1.599s] -- Up-to-date: /workspace/ros2_ws/install/rosapi_msgs/include/rosapi_msgs/srv/get_param_names.h
[1.599s] -- Up-to-date: /workspace/ros2_ws/install/rosapi_msgs/include/rosapi_msgs/srv/delete_param__struct.h
[1.599s] -- Up-to-date: /workspace/ros2_ws/install/rosapi_msgs/include/rosapi_msgs/srv/node_details__type_support.h
[1.599s] -- Up-to-date: /workspace/ros2_ws/install/rosapi_msgs/include/rosapi_msgs/srv/delete_param__functions.h
[1.599s] -- Up-to-date: /workspace/ros2_ws/install/rosapi_msgs/include/rosapi_msgs/srv/get_param.h
[1.599s] -- Up-to-date: /workspace/ros2_ws/install/rosapi_msgs/include/rosapi_msgs/srv/nodes.h
[1.599s] -- Up-to-date: /workspace/ros2_ws/install/rosapi_msgs/include/rosapi_msgs/srv/get_ros_version__functions.h
[1.600s] -- Up-to-date: /workspace/ros2_ws/install/rosapi_msgs/include/rosapi_msgs/srv/service_type.h
[1.600s] -- Up-to-date: /workspace/ros2_ws/install/rosapi_msgs/include/rosapi_msgs/srv/get_ros_version__struct.h
[1.600s] -- Up-to-date: /workspace/ros2_ws/install/rosapi_msgs/include/rosapi_msgs/srv/topics_for_type.h
[1.600s] -- Up-to-date: /workspace/ros2_ws/install/rosapi_msgs/include/rosapi_msgs/srv/get_ros_version__functions.c
[1.600s] -- Up-to-date: /workspace/ros2_ws/install/rosapi_msgs/include/rosapi_msgs/srv/services_for_type__functions.c
[1.600s] -- Up-to-date: /workspace/ros2_ws/install/rosapi_msgs/include/rosapi_msgs/srv/services__struct.h
[1.600s] -- Up-to-date: /workspace/ros2_ws/install/rosapi_msgs/include/rosapi_msgs/srv/topics_for_type__struct.h
[1.600s] -- Up-to-date: /workspace/ros2_ws/install/rosapi_msgs/include/rosapi_msgs/srv/get_param_names__type_support.h
[1.600s] -- Up-to-date: /workspace/ros2_ws/install/rosapi_msgs/include/rosapi_msgs/srv/service_node__functions.h
[1.600s] -- Up-to-date: /workspace/ros2_ws/install/rosapi_msgs/include/rosapi_msgs/srv/has_param__functions.c
[1.600s] -- Up-to-date: /workspace/ros2_ws/install/rosapi_msgs/include/rosapi_msgs/srv/node_details__functions.h
[1.600s] -- Up-to-date: /workspace/ros2_ws/install/rosapi_msgs/include/rosapi_msgs/srv/topic_type__functions.h
[1.601s] -- Up-to-date: /workspace/ros2_ws/install/rosapi_msgs/include/rosapi_msgs/srv/services.h
[1.601s] -- Up-to-date: /workspace/ros2_ws/install/rosapi_msgs/include/rosapi_msgs/srv/service_node__type_support.h
[1.601s] -- Up-to-date: /workspace/ros2_ws/install/rosapi_msgs/include/rosapi_msgs/srv/publishers__struct.h
[1.601s] -- Up-to-date: /workspace/ros2_ws/install/rosapi_msgs/include/rosapi_msgs/srv/service_providers__functions.h
[1.601s] -- Up-to-date: /workspace/ros2_ws/install/rosapi_msgs/include/rosapi_msgs/srv/topics_and_raw_types__functions.c
[1.601s] -- Up-to-date: /workspace/ros2_ws/install/rosapi_msgs/include/rosapi_msgs/srv/get_time__functions.c
[1.601s] -- Up-to-date: /workspace/ros2_ws/install/rosapi_msgs/include/rosapi_msgs/srv/services_for_type.h
[1.601s] -- Up-to-date: /workspace/ros2_ws/install/rosapi_msgs/include/rosapi_msgs/srv/set_param__struct.h
[1.601s] -- Up-to-date: /workspace/ros2_ws/install/rosapi_msgs/include/rosapi_msgs/srv/has_param__struct.h
[1.601s] -- Up-to-date: /workspace/ros2_ws/install/rosapi_msgs/include/rosapi_msgs/srv/topics__type_support.h
[1.601s] -- Up-to-date: /workspace/ros2_ws/install/rosapi_msgs/include/rosapi_msgs/srv/get_param__functions.h
[1.602s] -- Up-to-date: /workspace/ros2_ws/install/rosapi_msgs/include/rosapi_msgs/srv/delete_param.h
[1.602s] -- Up-to-date: /workspace/ros2_ws/install/rosapi_msgs/include/rosapi_msgs/srv/subscribers__functions.h
[1.602s] -- Up-to-date: /workspace/ros2_ws/install/rosapi_msgs/include/rosapi_msgs/srv/set_param__type_support.h
[1.602s] -- Up-to-date: /workspace/ros2_ws/install/rosapi_msgs/include/rosapi_msgs/srv/message_details__struct.h
[1.602s] -- Up-to-date: /workspace/ros2_ws/install/rosapi_msgs/include/rosapi_msgs/srv/set_param__functions.c
[1.602s] -- Up-to-date: /workspace/ros2_ws/install/rosapi_msgs/include/rosapi_msgs/srv/nodes__type_support.h
[1.602s] -- Up-to-date: /workspace/ros2_ws/install/rosapi_msgs/include/rosapi_msgs/srv/topics_and_raw_types.h
[1.602s] -- Up-to-date: /workspace/ros2_ws/install/rosapi_msgs/include/rosapi_msgs/srv/message_details__type_support.h
[1.602s] -- Up-to-date: /workspace/ros2_ws/install/rosapi_msgs/include/rosapi_msgs/srv/service_request_details__functions.h
[1.602s] -- Up-to-date: /workspace/ros2_ws/install/rosapi_msgs/include/rosapi_msgs/srv/services__functions.c
[1.602s] -- Up-to-date: /workspace/ros2_ws/install/rosapi_msgs/include/rosapi_msgs/srv/set_param.h
[1.602s] -- Up-to-date: /workspace/ros2_ws/install/rosapi_msgs/include/rosapi_msgs/srv/service_type__type_support.h
[1.603s] -- Up-to-date: /workspace/ros2_ws/install/rosapi_msgs/include/rosapi_msgs/srv/get_action_servers__functions.c
[1.603s] -- Up-to-date: /workspace/ros2_ws/install/rosapi_msgs/include/rosapi_msgs/srv/subscribers__type_support.h
[1.603s] -- Up-to-date: /workspace/ros2_ws/install/rosapi_msgs/include/rosapi_msgs/srv/topics__struct.h
[1.603s] -- Up-to-date: /workspace/ros2_ws/install/rosapi_msgs/include/rosapi_msgs/srv/topic_type__functions.c
[1.603s] -- Up-to-date: /workspace/ros2_ws/install/rosapi_msgs/include/rosapi_msgs/srv/services__functions.h
[1.603s] -- Up-to-date: /workspace/ros2_ws/install/rosapi_msgs/include/rosapi_msgs/srv/get_param_names__functions.h
[1.603s] -- Up-to-date: /workspace/ros2_ws/install/rosapi_msgs/include/rosapi_msgs/srv/get_time__type_support.h
[1.603s] -- Up-to-date: /workspace/ros2_ws/install/rosapi_msgs/include/rosapi_msgs/srv/message_details.h
[1.603s] -- Up-to-date: /workspace/ros2_ws/install/rosapi_msgs/include/rosapi_msgs/srv/topics_for_type__type_support.h
[1.603s] -- Up-to-date: /workspace/ros2_ws/install/rosapi_msgs/include/rosapi_msgs/srv/publishers__functions.c
[1.603s] -- Up-to-date: /workspace/ros2_ws/install/rosapi_msgs/include/rosapi_msgs/srv/get_param__functions.c
[1.603s] -- Up-to-date: /workspace/ros2_ws/install/rosapi_msgs/include/rosapi_msgs/srv/topics__functions.c
[1.604s] -- Up-to-date: /workspace/ros2_ws/install/rosapi_msgs/include/rosapi_msgs/srv/has_param__type_support.h
[1.604s] -- Up-to-date: /workspace/ros2_ws/install/rosapi_msgs/include/rosapi_msgs/srv/get_time__struct.h
[1.604s] -- Up-to-date: /workspace/ros2_ws/install/rosapi_msgs/include/rosapi_msgs/srv/subscribers__struct.h
[1.604s] -- Up-to-date: /workspace/ros2_ws/install/rosapi_msgs/include/rosapi_msgs/srv/get_action_servers.h
[1.604s] -- Up-to-date: /workspace/ros2_ws/install/rosapi_msgs/include/rosapi_msgs/srv/node_details__functions.c
[1.604s] -- Up-to-date: /workspace/ros2_ws/install/rosapi_msgs/include/rosapi_msgs/msg
[1.604s] -- Up-to-date: /workspace/ros2_ws/install/rosapi_msgs/include/rosapi_msgs/msg/type_def__type_support.h
[1.604s] -- Up-to-date: /workspace/ros2_ws/install/rosapi_msgs/include/rosapi_msgs/msg/type_def__functions.c
[1.604s] -- Up-to-date: /workspace/ros2_ws/install/rosapi_msgs/include/rosapi_msgs/msg/rosidl_generator_c__visibility_control.h
[1.604s] -- Up-to-date: /workspace/ros2_ws/install/rosapi_msgs/include/rosapi_msgs/msg/type_def__struct.h
[1.604s] -- Up-to-date: /workspace/ros2_ws/install/rosapi_msgs/include/rosapi_msgs/msg/type_def.h
[1.604s] -- Up-to-date: /workspace/ros2_ws/install/rosapi_msgs/include/rosapi_msgs/msg/type_def__functions.h
[1.605s] -- Up-to-date: /workspace/ros2_ws/install/rosapi_msgs/share/rosapi_msgs/environment/library_path.sh
[1.605s] -- Up-to-date: /workspace/ros2_ws/install/rosapi_msgs/share/rosapi_msgs/environment/library_path.dsv
[1.605s] -- Up-to-date: /workspace/ros2_ws/install/rosapi_msgs/lib/librosapi_msgs__rosidl_generator_c.so
[1.605s] -- Up-to-date: /workspace/ros2_ws/install/rosapi_msgs/lib/librosapi_msgs__rosidl_typesupport_c.so
[1.605s] -- Up-to-date: /workspace/ros2_ws/install/rosapi_msgs/lib/librosapi_msgs__rosidl_typesupport_cpp.so
[1.605s] -- Up-to-date: /workspace/ros2_ws/install/rosapi_msgs/include/rosapi_msgs
[1.605s] -- Up-to-date: /workspace/ros2_ws/install/rosapi_msgs/include/rosapi_msgs/srv
[1.605s] -- Up-to-date: /workspace/ros2_ws/install/rosapi_msgs/include/rosapi_msgs/srv/publishers__type_support.c
[1.605s] -- Up-to-date: /workspace/ros2_ws/install/rosapi_msgs/include/rosapi_msgs/srv/set_param__rosidl_typesupport_introspection_c.h
[1.605s] -- Up-to-date: /workspace/ros2_ws/install/rosapi_msgs/include/rosapi_msgs/srv/nodes__type_support.c
[1.605s] -- Up-to-date: /workspace/ros2_ws/install/rosapi_msgs/include/rosapi_msgs/srv/node_details__type_support.c
[1.605s] -- Up-to-date: /workspace/ros2_ws/install/rosapi_msgs/include/rosapi_msgs/srv/get_time__type_support.c
[1.606s] -- Up-to-date: /workspace/ros2_ws/install/rosapi_msgs/include/rosapi_msgs/srv/service_node__type_support.c
[1.606s] -- Up-to-date: /workspace/ros2_ws/install/rosapi_msgs/include/rosapi_msgs/srv/topics__type_support.c
[1.606s] -- Up-to-date: /workspace/ros2_ws/install/rosapi_msgs/include/rosapi_msgs/srv/set_param__type_support.c
[1.606s] -- Up-to-date: /workspace/ros2_ws/install/rosapi_msgs/include/rosapi_msgs/srv/service_request_details__type_support.c
[1.606s] -- Up-to-date: /workspace/ros2_ws/install/rosapi_msgs/include/rosapi_msgs/srv/topics_for_type__type_support.c
[1.606s] -- Up-to-date: /workspace/ros2_ws/install/rosapi_msgs/include/rosapi_msgs/srv/node_details__rosidl_typesupport_introspection_c.h
[1.606s] -- Up-to-date: /workspace/ros2_ws/install/rosapi_msgs/include/rosapi_msgs/srv/service_type__rosidl_typesupport_introspection_c.h
[1.606s] -- Up-to-date: /workspace/ros2_ws/install/rosapi_msgs/include/rosapi_msgs/srv/get_param_names__rosidl_typesupport_introspection_c.h
[1.606s] -- Up-to-date: /workspace/ros2_ws/install/rosapi_msgs/include/rosapi_msgs/srv/nodes__rosidl_typesupport_introspection_c.h
[1.606s] -- Up-to-date: /workspace/ros2_ws/install/rosapi_msgs/include/rosapi_msgs/srv/get_param__rosidl_typesupport_introspection_c.h
[1.606s] -- Up-to-date: /workspace/ros2_ws/install/rosapi_msgs/include/rosapi_msgs/srv/get_ros_version__rosidl_typesupport_introspection_c.h
[1.606s] -- Up-to-date: /workspace/ros2_ws/install/rosapi_msgs/include/rosapi_msgs/srv/subscribers__rosidl_typesupport_introspection_c.h
[1.607s] -- Up-to-date: /workspace/ros2_ws/install/rosapi_msgs/include/rosapi_msgs/srv/services_for_type__rosidl_typesupport_introspection_c.h
[1.607s] -- Up-to-date: /workspace/ros2_ws/install/rosapi_msgs/include/rosapi_msgs/srv/delete_param__type_support.c
[1.607s] -- Up-to-date: /workspace/ros2_ws/install/rosapi_msgs/include/rosapi_msgs/srv/services_for_type__type_support.c
[1.607s] -- Up-to-date: /workspace/ros2_ws/install/rosapi_msgs/include/rosapi_msgs/srv/publishers__rosidl_typesupport_introspection_c.h
[1.607s] -- Up-to-date: /workspace/ros2_ws/install/rosapi_msgs/include/rosapi_msgs/srv/topic_type__rosidl_typesupport_introspection_c.h
[1.607s] -- Up-to-date: /workspace/ros2_ws/install/rosapi_msgs/include/rosapi_msgs/srv/service_request_details__rosidl_typesupport_introspection_c.h
[1.607s] -- Up-to-date: /workspace/ros2_ws/install/rosapi_msgs/include/rosapi_msgs/srv/topic_type__type_support.c
[1.607s] -- Up-to-date: /workspace/ros2_ws/install/rosapi_msgs/include/rosapi_msgs/srv/get_time__rosidl_typesupport_introspection_c.h
[1.607s] -- Up-to-date: /workspace/ros2_ws/install/rosapi_msgs/include/rosapi_msgs/srv/services__type_support.c
[1.607s] -- Up-to-date: /workspace/ros2_ws/install/rosapi_msgs/include/rosapi_msgs/srv/message_details__rosidl_typesupport_introspection_c.h
[1.607s] -- Up-to-date: /workspace/ros2_ws/install/rosapi_msgs/include/rosapi_msgs/srv/get_param_names__type_support.c
[1.607s] -- Up-to-date: /workspace/ros2_ws/install/rosapi_msgs/include/rosapi_msgs/srv/topics__rosidl_typesupport_introspection_c.h
[1.608s] -- Up-to-date: /workspace/ros2_ws/install/rosapi_msgs/include/rosapi_msgs/srv/get_param__type_support.c
[1.608s] -- Up-to-date: /workspace/ros2_ws/install/rosapi_msgs/include/rosapi_msgs/srv/get_ros_version__type_support.c
[1.608s] -- Up-to-date: /workspace/ros2_ws/install/rosapi_msgs/include/rosapi_msgs/srv/topics_for_type__rosidl_typesupport_introspection_c.h
[1.608s] -- Up-to-date: /workspace/ros2_ws/install/rosapi_msgs/include/rosapi_msgs/srv/has_param__type_support.c
[1.608s] -- Up-to-date: /workspace/ros2_ws/install/rosapi_msgs/include/rosapi_msgs/srv/delete_param__rosidl_typesupport_introspection_c.h
[1.608s] -- Up-to-date: /workspace/ros2_ws/install/rosapi_msgs/include/rosapi_msgs/srv/service_providers__type_support.c
[1.608s] -- Up-to-date: /workspace/ros2_ws/install/rosapi_msgs/include/rosapi_msgs/srv/service_node__rosidl_typesupport_introspection_c.h
[1.608s] -- Up-to-date: /workspace/ros2_ws/install/rosapi_msgs/include/rosapi_msgs/srv/topics_and_raw_types__rosidl_typesupport_introspection_c.h
[1.608s] -- Up-to-date: /workspace/ros2_ws/install/rosapi_msgs/include/rosapi_msgs/srv/topics_and_raw_types__type_support.c
[1.608s] -- Up-to-date: /workspace/ros2_ws/install/rosapi_msgs/include/rosapi_msgs/srv/subscribers__type_support.c
[1.608s] -- Up-to-date: /workspace/ros2_ws/install/rosapi_msgs/include/rosapi_msgs/srv/service_response_details__type_support.c
[1.608s] -- Up-to-date: /workspace/ros2_ws/install/rosapi_msgs/include/rosapi_msgs/srv/get_action_servers__type_support.c
[1.609s] -- Up-to-date: /workspace/ros2_ws/install/rosapi_msgs/include/rosapi_msgs/srv/has_param__rosidl_typesupport_introspection_c.h
[1.609s] -- Up-to-date: /workspace/ros2_ws/install/rosapi_msgs/include/rosapi_msgs/srv/service_providers__rosidl_typesupport_introspection_c.h
[1.609s] -- Up-to-date: /workspace/ros2_ws/install/rosapi_msgs/include/rosapi_msgs/srv/message_details__type_support.c
[1.609s] -- Up-to-date: /workspace/ros2_ws/install/rosapi_msgs/include/rosapi_msgs/srv/services__rosidl_typesupport_introspection_c.h
[1.609s] -- Up-to-date: /workspace/ros2_ws/install/rosapi_msgs/include/rosapi_msgs/srv/service_response_details__rosidl_typesupport_introspection_c.h
[1.609s] -- Up-to-date: /workspace/ros2_ws/install/rosapi_msgs/include/rosapi_msgs/srv/get_action_servers__rosidl_typesupport_introspection_c.h
[1.609s] -- Up-to-date: /workspace/ros2_ws/install/rosapi_msgs/include/rosapi_msgs/srv/service_type__type_support.c
[1.609s] -- Up-to-date: /workspace/ros2_ws/install/rosapi_msgs/include/rosapi_msgs/msg
[1.609s] -- Up-to-date: /workspace/ros2_ws/install/rosapi_msgs/include/rosapi_msgs/msg/type_def__type_support.c
[1.609s] -- Up-to-date: /workspace/ros2_ws/install/rosapi_msgs/include/rosapi_msgs/msg/type_def__rosidl_typesupport_introspection_c.h
[1.609s] -- Up-to-date: /workspace/ros2_ws/install/rosapi_msgs/include/rosapi_msgs/msg/rosidl_typesupport_introspection_c__visibility_control.h
[1.609s] -- Up-to-date: /workspace/ros2_ws/install/rosapi_msgs/lib/librosapi_msgs__rosidl_typesupport_introspection_c.so
[1.610s] -- Up-to-date: /workspace/ros2_ws/install/rosapi_msgs/include/rosapi_msgs
[1.610s] -- Up-to-date: /workspace/ros2_ws/install/rosapi_msgs/include/rosapi_msgs/srv
[1.610s] -- Up-to-date: /workspace/ros2_ws/install/rosapi_msgs/include/rosapi_msgs/srv/topic_type__type_support.cpp
[1.610s] -- Up-to-date: /workspace/ros2_ws/install/rosapi_msgs/include/rosapi_msgs/srv/get_param__type_support.cpp
[1.610s] -- Up-to-date: /workspace/ros2_ws/install/rosapi_msgs/include/rosapi_msgs/srv/nodes__type_support.cpp
[1.610s] -- Up-to-date: /workspace/ros2_ws/install/rosapi_msgs/include/rosapi_msgs/srv/service_type__rosidl_typesupport_introspection_cpp.hpp
[1.610s] -- Up-to-date: /workspace/ros2_ws/install/rosapi_msgs/include/rosapi_msgs/srv/service_type__type_support.cpp
[1.610s] -- Up-to-date: /workspace/ros2_ws/install/rosapi_msgs/include/rosapi_msgs/srv/delete_param__rosidl_typesupport_introspection_cpp.hpp
[1.610s] -- Up-to-date: /workspace/ros2_ws/install/rosapi_msgs/include/rosapi_msgs/srv/services__rosidl_typesupport_introspection_cpp.hpp
[1.610s] -- Up-to-date: /workspace/ros2_ws/install/rosapi_msgs/include/rosapi_msgs/srv/topics_for_type__rosidl_typesupport_introspection_cpp.hpp
[1.610s] -- Up-to-date: /workspace/ros2_ws/install/rosapi_msgs/include/rosapi_msgs/srv/publishers__type_support.cpp
[1.610s] -- Up-to-date: /workspace/ros2_ws/install/rosapi_msgs/include/rosapi_msgs/srv/node_details__rosidl_typesupport_introspection_cpp.hpp
[1.611s] -- Up-to-date: /workspace/ros2_ws/install/rosapi_msgs/include/rosapi_msgs/srv/service_request_details__rosidl_typesupport_introspection_cpp.hpp
[1.611s] -- Up-to-date: /workspace/ros2_ws/install/rosapi_msgs/include/rosapi_msgs/srv/set_param__type_support.cpp
[1.611s] -- Up-to-date: /workspace/ros2_ws/install/rosapi_msgs/include/rosapi_msgs/srv/services__type_support.cpp
[1.611s] -- Up-to-date: /workspace/ros2_ws/install/rosapi_msgs/include/rosapi_msgs/srv/set_param__rosidl_typesupport_introspection_cpp.hpp
[1.611s] -- Up-to-date: /workspace/ros2_ws/install/rosapi_msgs/include/rosapi_msgs/srv/topics_for_type__type_support.cpp
[1.611s] -- Up-to-date: /workspace/ros2_ws/install/rosapi_msgs/include/rosapi_msgs/srv/topics_and_raw_types__type_support.cpp
[1.611s] -- Up-to-date: /workspace/ros2_ws/install/rosapi_msgs/include/rosapi_msgs/srv/service_request_details__type_support.cpp
[1.611s] -- Up-to-date: /workspace/ros2_ws/install/rosapi_msgs/include/rosapi_msgs/srv/get_param_names__type_support.cpp
[1.611s] -- Up-to-date: /workspace/ros2_ws/install/rosapi_msgs/include/rosapi_msgs/srv/services_for_type__rosidl_typesupport_introspection_cpp.hpp
[1.611s] -- Up-to-date: /workspace/ros2_ws/install/rosapi_msgs/include/rosapi_msgs/srv/subscribers__rosidl_typesupport_introspection_cpp.hpp
[1.611s] -- Up-to-date: /workspace/ros2_ws/install/rosapi_msgs/include/rosapi_msgs/srv/service_response_details__type_support.cpp
[1.611s] -- Up-to-date: /workspace/ros2_ws/install/rosapi_msgs/include/rosapi_msgs/srv/nodes__rosidl_typesupport_introspection_cpp.hpp
[1.612s] -- Up-to-date: /workspace/ros2_ws/install/rosapi_msgs/include/rosapi_msgs/srv/services_for_type__type_support.cpp
[1.612s] -- Up-to-date: /workspace/ros2_ws/install/rosapi_msgs/include/rosapi_msgs/srv/service_providers__rosidl_typesupport_introspection_cpp.hpp
[1.612s] -- Up-to-date: /workspace/ros2_ws/install/rosapi_msgs/include/rosapi_msgs/srv/topic_type__rosidl_typesupport_introspection_cpp.hpp
[1.612s] -- Up-to-date: /workspace/ros2_ws/install/rosapi_msgs/include/rosapi_msgs/srv/get_time__rosidl_typesupport_introspection_cpp.hpp
[1.612s] -- Up-to-date: /workspace/ros2_ws/install/rosapi_msgs/include/rosapi_msgs/srv/publishers__rosidl_typesupport_introspection_cpp.hpp
[1.612s] -- Up-to-date: /workspace/ros2_ws/install/rosapi_msgs/include/rosapi_msgs/srv/get_param_names__rosidl_typesupport_introspection_cpp.hpp
[1.612s] -- Up-to-date: /workspace/ros2_ws/install/rosapi_msgs/include/rosapi_msgs/srv/node_details__type_support.cpp
[1.612s] -- Up-to-date: /workspace/ros2_ws/install/rosapi_msgs/include/rosapi_msgs/srv/topics__type_support.cpp
[1.612s] -- Up-to-date: /workspace/ros2_ws/install/rosapi_msgs/include/rosapi_msgs/srv/get_ros_version__type_support.cpp
[1.612s] -- Up-to-date: /workspace/ros2_ws/install/rosapi_msgs/include/rosapi_msgs/srv/topics__rosidl_typesupport_introspection_cpp.hpp
[1.612s] -- Up-to-date: /workspace/ros2_ws/install/rosapi_msgs/include/rosapi_msgs/srv/has_param__rosidl_typesupport_introspection_cpp.hpp
[1.612s] -- Up-to-date: /workspace/ros2_ws/install/rosapi_msgs/include/rosapi_msgs/srv/get_ros_version__rosidl_typesupport_introspection_cpp.hpp
[1.613s] -- Up-to-date: /workspace/ros2_ws/install/rosapi_msgs/include/rosapi_msgs/srv/service_node__rosidl_typesupport_introspection_cpp.hpp
[1.613s] -- Up-to-date: /workspace/ros2_ws/install/rosapi_msgs/include/rosapi_msgs/srv/service_response_details__rosidl_typesupport_introspection_cpp.hpp
[1.613s] -- Up-to-date: /workspace/ros2_ws/install/rosapi_msgs/include/rosapi_msgs/srv/get_action_servers__type_support.cpp
[1.613s] -- Up-to-date: /workspace/ros2_ws/install/rosapi_msgs/include/rosapi_msgs/srv/message_details__rosidl_typesupport_introspection_cpp.hpp
[1.613s] -- Up-to-date: /workspace/ros2_ws/install/rosapi_msgs/include/rosapi_msgs/srv/subscribers__type_support.cpp
[1.613s] -- Up-to-date: /workspace/ros2_ws/install/rosapi_msgs/include/rosapi_msgs/srv/message_details__type_support.cpp
[1.613s] -- Up-to-date: /workspace/ros2_ws/install/rosapi_msgs/include/rosapi_msgs/srv/get_time__type_support.cpp
[1.613s] -- Up-to-date: /workspace/ros2_ws/install/rosapi_msgs/include/rosapi_msgs/srv/topics_and_raw_types__rosidl_typesupport_introspection_cpp.hpp
[1.613s] -- Up-to-date: /workspace/ros2_ws/install/rosapi_msgs/include/rosapi_msgs/srv/service_providers__type_support.cpp
[1.613s] -- Up-to-date: /workspace/ros2_ws/install/rosapi_msgs/include/rosapi_msgs/srv/get_action_servers__rosidl_typesupport_introspection_cpp.hpp
[1.613s] -- Up-to-date: /workspace/ros2_ws/install/rosapi_msgs/include/rosapi_msgs/srv/delete_param__type_support.cpp
[1.613s] -- Up-to-date: /workspace/ros2_ws/install/rosapi_msgs/include/rosapi_msgs/srv/service_node__type_support.cpp
[1.614s] -- Up-to-date: /workspace/ros2_ws/install/rosapi_msgs/include/rosapi_msgs/srv/get_param__rosidl_typesupport_introspection_cpp.hpp
[1.614s] -- Up-to-date: /workspace/ros2_ws/install/rosapi_msgs/include/rosapi_msgs/srv/has_param__type_support.cpp
[1.614s] -- Up-to-date: /workspace/ros2_ws/install/rosapi_msgs/include/rosapi_msgs/msg
[1.614s] -- Up-to-date: /workspace/ros2_ws/install/rosapi_msgs/include/rosapi_msgs/msg/type_def__type_support.cpp
[1.614s] -- Up-to-date: /workspace/ros2_ws/install/rosapi_msgs/include/rosapi_msgs/msg/type_def__rosidl_typesupport_introspection_cpp.hpp
[1.614s] -- Up-to-date: /workspace/ros2_ws/install/rosapi_msgs/lib/librosapi_msgs__rosidl_typesupport_introspection_cpp.so
[1.614s] -- Up-to-date: /workspace/ros2_ws/install/rosapi_msgs/include/rosapi_msgs
[1.614s] -- Up-to-date: /workspace/ros2_ws/install/rosapi_msgs/include/rosapi_msgs/srv
[1.614s] -- Up-to-date: /workspace/ros2_ws/install/rosapi_msgs/include/rosapi_msgs/srv/get_param_names__rosidl_typesupport_fastrtps_c.h
[1.614s] -- Up-to-date: /workspace/ros2_ws/install/rosapi_msgs/include/rosapi_msgs/srv/subscribers__rosidl_typesupport_fastrtps_c.h
[1.614s] -- Up-to-date: /workspace/ros2_ws/install/rosapi_msgs/include/rosapi_msgs/srv/service_type__rosidl_typesupport_fastrtps_c.h
[1.614s] -- Up-to-date: /workspace/ros2_ws/install/rosapi_msgs/include/rosapi_msgs/srv/topics__rosidl_typesupport_fastrtps_c.h
[1.614s] -- Up-to-date: /workspace/ros2_ws/install/rosapi_msgs/include/rosapi_msgs/srv/get_param__rosidl_typesupport_fastrtps_c.h
[1.615s] -- Up-to-date: /workspace/ros2_ws/install/rosapi_msgs/include/rosapi_msgs/srv/topic_type__rosidl_typesupport_fastrtps_c.h
[1.615s] -- Up-to-date: /workspace/ros2_ws/install/rosapi_msgs/include/rosapi_msgs/srv/service_request_details__rosidl_typesupport_fastrtps_c.h
[1.615s] -- Up-to-date: /workspace/ros2_ws/install/rosapi_msgs/include/rosapi_msgs/srv/nodes__rosidl_typesupport_fastrtps_c.h
[1.615s] -- Up-to-date: /workspace/ros2_ws/install/rosapi_msgs/include/rosapi_msgs/srv/node_details__rosidl_typesupport_fastrtps_c.h
[1.615s] -- Up-to-date: /workspace/ros2_ws/install/rosapi_msgs/include/rosapi_msgs/srv/service_response_details__rosidl_typesupport_fastrtps_c.h
[1.615s] -- Up-to-date: /workspace/ros2_ws/install/rosapi_msgs/include/rosapi_msgs/srv/topics_for_type__rosidl_typesupport_fastrtps_c.h
[1.615s] -- Up-to-date: /workspace/ros2_ws/install/rosapi_msgs/include/rosapi_msgs/srv/has_param__rosidl_typesupport_fastrtps_c.h
[1.615s] -- Up-to-date: /workspace/ros2_ws/install/rosapi_msgs/include/rosapi_msgs/srv/get_ros_version__rosidl_typesupport_fastrtps_c.h
[1.615s] -- Up-to-date: /workspace/ros2_ws/install/rosapi_msgs/include/rosapi_msgs/srv/topics_and_raw_types__rosidl_typesupport_fastrtps_c.h
[1.616s] -- Up-to-date: /workspace/ros2_ws/install/rosapi_msgs/include/rosapi_msgs/srv/set_param__rosidl_typesupport_fastrtps_c.h
[1.616s] -- Up-to-date: /workspace/ros2_ws/install/rosapi_msgs/include/rosapi_msgs/srv/services__rosidl_typesupport_fastrtps_c.h
[1.616s] -- Up-to-date: /workspace/ros2_ws/install/rosapi_msgs/include/rosapi_msgs/srv/get_time__rosidl_typesupport_fastrtps_c.h
[1.616s] -- Up-to-date: /workspace/ros2_ws/install/rosapi_msgs/include/rosapi_msgs/srv/services_for_type__rosidl_typesupport_fastrtps_c.h
[1.616s] -- Up-to-date: /workspace/ros2_ws/install/rosapi_msgs/include/rosapi_msgs/srv/service_node__rosidl_typesupport_fastrtps_c.h
[1.616s] -- Up-to-date: /workspace/ros2_ws/install/rosapi_msgs/include/rosapi_msgs/srv/get_action_servers__rosidl_typesupport_fastrtps_c.h
[1.616s] -- Up-to-date: /workspace/ros2_ws/install/rosapi_msgs/include/rosapi_msgs/srv/message_details__rosidl_typesupport_fastrtps_c.h
[1.616s] -- Up-to-date: /workspace/ros2_ws/install/rosapi_msgs/include/rosapi_msgs/srv/delete_param__rosidl_typesupport_fastrtps_c.h
[1.616s] -- Up-to-date: /workspace/ros2_ws/install/rosapi_msgs/include/rosapi_msgs/srv/publishers__rosidl_typesupport_fastrtps_c.h
[1.616s] -- Up-to-date: /workspace/ros2_ws/install/rosapi_msgs/include/rosapi_msgs/srv/service_providers__rosidl_typesupport_fastrtps_c.h
[1.616s] -- Up-to-date: /workspace/ros2_ws/install/rosapi_msgs/include/rosapi_msgs/msg
[1.617s] -- Up-to-date: /workspace/ros2_ws/install/rosapi_msgs/include/rosapi_msgs/msg/rosidl_typesupport_fastrtps_c__visibility_control.h
[1.617s] -- Up-to-date: /workspace/ros2_ws/install/rosapi_msgs/include/rosapi_msgs/msg/type_def__rosidl_typesupport_fastrtps_c.h
[1.617s] -- Up-to-date: /workspace/ros2_ws/install/rosapi_msgs/lib/librosapi_msgs__rosidl_typesupport_fastrtps_c.so
[1.617s] -- Up-to-date: /workspace/ros2_ws/install/rosapi_msgs/include/rosapi_msgs
[1.617s] -- Up-to-date: /workspace/ros2_ws/install/rosapi_msgs/include/rosapi_msgs/srv
[1.617s] -- Up-to-date: /workspace/ros2_ws/install/rosapi_msgs/include/rosapi_msgs/srv/get_ros_version__rosidl_typesupport_fastrtps_cpp.hpp
[1.617s] -- Up-to-date: /workspace/ros2_ws/install/rosapi_msgs/include/rosapi_msgs/srv/nodes__rosidl_typesupport_fastrtps_cpp.hpp
[1.617s] -- Up-to-date: /workspace/ros2_ws/install/rosapi_msgs/include/rosapi_msgs/srv/dds_fastrtps
[1.617s] -- Up-to-date: /workspace/ros2_ws/install/rosapi_msgs/include/rosapi_msgs/srv/message_details__rosidl_typesupport_fastrtps_cpp.hpp
[1.617s] -- Up-to-date: /workspace/ros2_ws/install/rosapi_msgs/include/rosapi_msgs/srv/get_param_names__rosidl_typesupport_fastrtps_cpp.hpp
[1.617s] -- Up-to-date: /workspace/ros2_ws/install/rosapi_msgs/include/rosapi_msgs/srv/node_details__rosidl_typesupport_fastrtps_cpp.hpp
[1.617s] -- Up-to-date: /workspace/ros2_ws/install/rosapi_msgs/include/rosapi_msgs/srv/publishers__rosidl_typesupport_fastrtps_cpp.hpp
[1.618s] -- Up-to-date: /workspace/ros2_ws/install/rosapi_msgs/include/rosapi_msgs/srv/service_type__rosidl_typesupport_fastrtps_cpp.hpp
[1.618s] -- Up-to-date: /workspace/ros2_ws/install/rosapi_msgs/include/rosapi_msgs/srv/service_request_details__rosidl_typesupport_fastrtps_cpp.hpp
[1.618s] -- Up-to-date: /workspace/ros2_ws/install/rosapi_msgs/include/rosapi_msgs/srv/get_param__rosidl_typesupport_fastrtps_cpp.hpp
[1.618s] -- Up-to-date: /workspace/ros2_ws/install/rosapi_msgs/include/rosapi_msgs/srv/topics_for_type__rosidl_typesupport_fastrtps_cpp.hpp
[1.618s] -- Up-to-date: /workspace/ros2_ws/install/rosapi_msgs/include/rosapi_msgs/srv/service_response_details__rosidl_typesupport_fastrtps_cpp.hpp
[1.618s] -- Up-to-date: /workspace/ros2_ws/install/rosapi_msgs/include/rosapi_msgs/srv/services_for_type__rosidl_typesupport_fastrtps_cpp.hpp
[1.618s] -- Up-to-date: /workspace/ros2_ws/install/rosapi_msgs/include/rosapi_msgs/srv/topics__rosidl_typesupport_fastrtps_cpp.hpp
[1.618s] -- Up-to-date: /workspace/ros2_ws/install/rosapi_msgs/include/rosapi_msgs/srv/get_time__rosidl_typesupport_fastrtps_cpp.hpp
[1.618s] -- Up-to-date: /workspace/ros2_ws/install/rosapi_msgs/include/rosapi_msgs/srv/delete_param__rosidl_typesupport_fastrtps_cpp.hpp
[1.618s] -- Up-to-date: /workspace/ros2_ws/install/rosapi_msgs/include/rosapi_msgs/srv/has_param__rosidl_typesupport_fastrtps_cpp.hpp
[1.618s] -- Up-to-date: /workspace/ros2_ws/install/rosapi_msgs/include/rosapi_msgs/srv/set_param__rosidl_typesupport_fastrtps_cpp.hpp
[1.618s] -- Up-to-date: /workspace/ros2_ws/install/rosapi_msgs/include/rosapi_msgs/srv/services__rosidl_typesupport_fastrtps_cpp.hpp
[1.618s] -- Up-to-date: /workspace/ros2_ws/install/rosapi_msgs/include/rosapi_msgs/srv/topics_and_raw_types__rosidl_typesupport_fastrtps_cpp.hpp
[1.618s] -- Up-to-date: /workspace/ros2_ws/install/rosapi_msgs/include/rosapi_msgs/srv/service_providers__rosidl_typesupport_fastrtps_cpp.hpp
[1.619s] -- Up-to-date: /workspace/ros2_ws/install/rosapi_msgs/include/rosapi_msgs/srv/service_node__rosidl_typesupport_fastrtps_cpp.hpp
[1.619s] -- Up-to-date: /workspace/ros2_ws/install/rosapi_msgs/include/rosapi_msgs/srv/get_action_servers__rosidl_typesupport_fastrtps_cpp.hpp
[1.619s] -- Up-to-date: /workspace/ros2_ws/install/rosapi_msgs/include/rosapi_msgs/srv/subscribers__rosidl_typesupport_fastrtps_cpp.hpp
[1.619s] -- Up-to-date: /workspace/ros2_ws/install/rosapi_msgs/include/rosapi_msgs/srv/topic_type__rosidl_typesupport_fastrtps_cpp.hpp
[1.619s] -- Up-to-date: /workspace/ros2_ws/install/rosapi_msgs/include/rosapi_msgs/msg
[1.619s] -- Up-to-date: /workspace/ros2_ws/install/rosapi_msgs/include/rosapi_msgs/msg/dds_fastrtps
[1.619s] -- Up-to-date: /workspace/ros2_ws/install/rosapi_msgs/include/rosapi_msgs/msg/type_def__rosidl_typesupport_fastrtps_cpp.hpp
[1.619s] -- Up-to-date: /workspace/ros2_ws/install/rosapi_msgs/include/rosapi_msgs/msg/rosidl_typesupport_fastrtps_cpp__visibility_control.h
[1.619s] -- Up-to-date: /workspace/ros2_ws/install/rosapi_msgs/lib/librosapi_msgs__rosidl_typesupport_fastrtps_cpp.so
[1.619s] -- Up-to-date: /workspace/ros2_ws/install/rosapi_msgs/share/rosapi_msgs/environment/pythonpath.sh
[1.619s] -- Up-to-date: /workspace/ros2_ws/install/rosapi_msgs/share/rosapi_msgs/environment/pythonpath.dsv
[1.619s] -- Up-to-date: /workspace/ros2_ws/install/rosapi_msgs/lib/python3.6/site-packages/rosapi_msgs/__init__.py
[1.623s] -- Up-to-date: /workspace/ros2_ws/install/rosapi_msgs/lib/python3.6/site-packages/rosapi_msgs/msg
[1.623s] -- Up-to-date: /workspace/ros2_ws/install/rosapi_msgs/lib/python3.6/site-packages/rosapi_msgs/msg/_type_def_s.c
[1.623s] -- Up-to-date: /workspace/ros2_ws/install/rosapi_msgs/lib/python3.6/site-packages/rosapi_msgs/msg/_type_def.py
[1.624s] -- Up-to-date: /workspace/ros2_ws/install/rosapi_msgs/lib/python3.6/site-packages/rosapi_msgs/msg/__init__.py
[1.624s] -- Up-to-date: /workspace/ros2_ws/install/rosapi_msgs/lib/python3.6/site-packages/rosapi_msgs/srv
[1.624s] -- Up-to-date: /workspace/ros2_ws/install/rosapi_msgs/lib/python3.6/site-packages/rosapi_msgs/srv/_service_response_details.py
[1.624s] -- Up-to-date: /workspace/ros2_ws/install/rosapi_msgs/lib/python3.6/site-packages/rosapi_msgs/srv/_set_param_s.c
[1.624s] -- Up-to-date: /workspace/ros2_ws/install/rosapi_msgs/lib/python3.6/site-packages/rosapi_msgs/srv/_get_ros_version_s.c
[1.624s] -- Up-to-date: /workspace/ros2_ws/install/rosapi_msgs/lib/python3.6/site-packages/rosapi_msgs/srv/_get_param.py
[1.624s] -- Up-to-date: /workspace/ros2_ws/install/rosapi_msgs/lib/python3.6/site-packages/rosapi_msgs/srv/_service_node.py
[1.624s] -- Up-to-date: /workspace/ros2_ws/install/rosapi_msgs/lib/python3.6/site-packages/rosapi_msgs/srv/_topics_and_raw_types.py
[1.624s] -- Up-to-date: /workspace/ros2_ws/install/rosapi_msgs/lib/python3.6/site-packages/rosapi_msgs/srv/_service_type.py
[1.625s] -- Up-to-date: /workspace/ros2_ws/install/rosapi_msgs/lib/python3.6/site-packages/rosapi_msgs/srv/_topic_type.py
[1.625s] -- Up-to-date: /workspace/ros2_ws/install/rosapi_msgs/lib/python3.6/site-packages/rosapi_msgs/srv/_delete_param.py
[1.625s] -- Up-to-date: /workspace/ros2_ws/install/rosapi_msgs/lib/python3.6/site-packages/rosapi_msgs/srv/_subscribers_s.c
[1.625s] -- Up-to-date: /workspace/ros2_ws/install/rosapi_msgs/lib/python3.6/site-packages/rosapi_msgs/srv/_node_details_s.c
[1.625s] -- Up-to-date: /workspace/ros2_ws/install/rosapi_msgs/lib/python3.6/site-packages/rosapi_msgs/srv/_topics_and_raw_types_s.c
[1.626s] -- Up-to-date: /workspace/ros2_ws/install/rosapi_msgs/lib/python3.6/site-packages/rosapi_msgs/srv/_set_param.py
[1.626s] -- Up-to-date: /workspace/ros2_ws/install/rosapi_msgs/lib/python3.6/site-packages/rosapi_msgs/srv/_get_action_servers.py
[1.626s] -- Up-to-date: /workspace/ros2_ws/install/rosapi_msgs/lib/python3.6/site-packages/rosapi_msgs/srv/_service_response_details_s.c
[1.626s] -- Up-to-date: /workspace/ros2_ws/install/rosapi_msgs/lib/python3.6/site-packages/rosapi_msgs/srv/_publishers_s.c
[1.626s] -- Up-to-date: /workspace/ros2_ws/install/rosapi_msgs/lib/python3.6/site-packages/rosapi_msgs/srv/_topic_type_s.c
[1.626s] -- Up-to-date: /workspace/ros2_ws/install/rosapi_msgs/lib/python3.6/site-packages/rosapi_msgs/srv/_get_param_names.py
[1.626s] -- Up-to-date: /workspace/ros2_ws/install/rosapi_msgs/lib/python3.6/site-packages/rosapi_msgs/srv/_get_time.py
[1.627s] -- Up-to-date: /workspace/ros2_ws/install/rosapi_msgs/lib/python3.6/site-packages/rosapi_msgs/srv/_nodes_s.c
[1.627s] -- Up-to-date: /workspace/ros2_ws/install/rosapi_msgs/lib/python3.6/site-packages/rosapi_msgs/srv/_services_for_type.py
[1.627s] -- Up-to-date: /workspace/ros2_ws/install/rosapi_msgs/lib/python3.6/site-packages/rosapi_msgs/srv/_publishers.py
[1.627s] -- Up-to-date: /workspace/ros2_ws/install/rosapi_msgs/lib/python3.6/site-packages/rosapi_msgs/srv/_message_details.py
[1.627s] -- Up-to-date: /workspace/ros2_ws/install/rosapi_msgs/lib/python3.6/site-packages/rosapi_msgs/srv/_node_details.py
[1.627s] -- Up-to-date: /workspace/ros2_ws/install/rosapi_msgs/lib/python3.6/site-packages/rosapi_msgs/srv/_topics_for_type.py
[1.627s] -- Up-to-date: /workspace/ros2_ws/install/rosapi_msgs/lib/python3.6/site-packages/rosapi_msgs/srv/_services.py
[1.628s] -- Up-to-date: /workspace/ros2_ws/install/rosapi_msgs/lib/python3.6/site-packages/rosapi_msgs/srv/_topics_for_type_s.c
[1.628s] -- Up-to-date: /workspace/ros2_ws/install/rosapi_msgs/lib/python3.6/site-packages/rosapi_msgs/srv/_service_node_s.c
[1.628s] -- Up-to-date: /workspace/ros2_ws/install/rosapi_msgs/lib/python3.6/site-packages/rosapi_msgs/srv/_has_param_s.c
[1.628s] -- Up-to-date: /workspace/ros2_ws/install/rosapi_msgs/lib/python3.6/site-packages/rosapi_msgs/srv/_service_request_details_s.c
[1.628s] -- Up-to-date: /workspace/ros2_ws/install/rosapi_msgs/lib/python3.6/site-packages/rosapi_msgs/srv/_service_request_details.py
[1.628s] -- Up-to-date: /workspace/ros2_ws/install/rosapi_msgs/lib/python3.6/site-packages/rosapi_msgs/srv/_service_providers_s.c
[1.629s] -- Up-to-date: /workspace/ros2_ws/install/rosapi_msgs/lib/python3.6/site-packages/rosapi_msgs/srv/_has_param.py
[1.629s] -- Up-to-date: /workspace/ros2_ws/install/rosapi_msgs/lib/python3.6/site-packages/rosapi_msgs/srv/_delete_param_s.c
[1.629s] -- Up-to-date: /workspace/ros2_ws/install/rosapi_msgs/lib/python3.6/site-packages/rosapi_msgs/srv/_topics.py
[1.629s] -- Up-to-date: /workspace/ros2_ws/install/rosapi_msgs/lib/python3.6/site-packages/rosapi_msgs/srv/_topics_s.c
[1.629s] -- Up-to-date: /workspace/ros2_ws/install/rosapi_msgs/lib/python3.6/site-packages/rosapi_msgs/srv/_get_time_s.c
[1.629s] -- Up-to-date: /workspace/ros2_ws/install/rosapi_msgs/lib/python3.6/site-packages/rosapi_msgs/srv/_subscribers.py
[1.629s] -- Up-to-date: /workspace/ros2_ws/install/rosapi_msgs/lib/python3.6/site-packages/rosapi_msgs/srv/_nodes.py
[1.630s] -- Up-to-date: /workspace/ros2_ws/install/rosapi_msgs/lib/python3.6/site-packages/rosapi_msgs/srv/_services_s.c
[1.630s] -- Up-to-date: /workspace/ros2_ws/install/rosapi_msgs/lib/python3.6/site-packages/rosapi_msgs/srv/_services_for_type_s.c
[1.630s] -- Up-to-date: /workspace/ros2_ws/install/rosapi_msgs/lib/python3.6/site-packages/rosapi_msgs/srv/_message_details_s.c
[1.630s] -- Up-to-date: /workspace/ros2_ws/install/rosapi_msgs/lib/python3.6/site-packages/rosapi_msgs/srv/_get_param_names_s.c
[1.630s] -- Up-to-date: /workspace/ros2_ws/install/rosapi_msgs/lib/python3.6/site-packages/rosapi_msgs/srv/_service_type_s.c
[1.630s] -- Up-to-date: /workspace/ros2_ws/install/rosapi_msgs/lib/python3.6/site-packages/rosapi_msgs/srv/__init__.py
[1.630s] -- Up-to-date: /workspace/ros2_ws/install/rosapi_msgs/lib/python3.6/site-packages/rosapi_msgs/srv/_service_providers.py
[1.630s] -- Up-to-date: /workspace/ros2_ws/install/rosapi_msgs/lib/python3.6/site-packages/rosapi_msgs/srv/_get_action_servers_s.c
[1.631s] -- Up-to-date: /workspace/ros2_ws/install/rosapi_msgs/lib/python3.6/site-packages/rosapi_msgs/srv/_get_ros_version.py
[1.631s] -- Up-to-date: /workspace/ros2_ws/install/rosapi_msgs/lib/python3.6/site-packages/rosapi_msgs/srv/_get_param_s.c
[1.631s] -- Up-to-date: /workspace/ros2_ws/install/rosapi_msgs/lib/python3.6/site-packages/rosapi_msgs/rosapi_msgs_s__rosidl_typesupport_c.cpython-36m-x86_64-linux-gnu.so
[1.631s] -- Up-to-date: /workspace/ros2_ws/install/rosapi_msgs/lib/python3.6/site-packages/rosapi_msgs/rosapi_msgs_s__rosidl_typesupport_fastrtps_c.cpython-36m-x86_64-linux-gnu.so
[1.631s] -- Up-to-date: /workspace/ros2_ws/install/rosapi_msgs/lib/librosapi_msgs__python.so
[1.631s] -- Up-to-date: /workspace/ros2_ws/install/rosapi_msgs/share/rosapi_msgs/msg/TypeDef.idl
[1.631s] -- Up-to-date: /workspace/ros2_ws/install/rosapi_msgs/share/rosapi_msgs/srv/DeleteParam.idl
[1.631s] -- Up-to-date: /workspace/ros2_ws/install/rosapi_msgs/share/rosapi_msgs/srv/GetActionServers.idl
[1.631s] -- Up-to-date: /workspace/ros2_ws/install/rosapi_msgs/share/rosapi_msgs/srv/GetParam.idl
[1.631s] -- Up-to-date: /workspace/ros2_ws/install/rosapi_msgs/share/rosapi_msgs/srv/GetParamNames.idl
[1.632s] -- Up-to-date: /workspace/ros2_ws/install/rosapi_msgs/share/rosapi_msgs/srv/GetROSVersion.idl
[1.632s] -- Up-to-date: /workspace/ros2_ws/install/rosapi_msgs/share/rosapi_msgs/srv/GetTime.idl
[1.632s] -- Up-to-date: /workspace/ros2_ws/install/rosapi_msgs/share/rosapi_msgs/srv/HasParam.idl
[1.632s] -- Up-to-date: /workspace/ros2_ws/install/rosapi_msgs/share/rosapi_msgs/srv/MessageDetails.idl
[1.632s] -- Up-to-date: /workspace/ros2_ws/install/rosapi_msgs/share/rosapi_msgs/srv/Nodes.idl
[1.632s] -- Up-to-date: /workspace/ros2_ws/install/rosapi_msgs/share/rosapi_msgs/srv/NodeDetails.idl
[1.632s] -- Up-to-date: /workspace/ros2_ws/install/rosapi_msgs/share/rosapi_msgs/srv/Publishers.idl
[1.632s] -- Up-to-date: /workspace/ros2_ws/install/rosapi_msgs/share/rosapi_msgs/srv/ServiceNode.idl
[1.632s] -- Up-to-date: /workspace/ros2_ws/install/rosapi_msgs/share/rosapi_msgs/srv/ServiceProviders.idl
[1.632s] -- Up-to-date: /workspace/ros2_ws/install/rosapi_msgs/share/rosapi_msgs/srv/ServiceRequestDetails.idl
[1.632s] -- Up-to-date: /workspace/ros2_ws/install/rosapi_msgs/share/rosapi_msgs/srv/ServiceResponseDetails.idl
[1.633s] -- Up-to-date: /workspace/ros2_ws/install/rosapi_msgs/share/rosapi_msgs/srv/Services.idl
[1.633s] -- Up-to-date: /workspace/ros2_ws/install/rosapi_msgs/share/rosapi_msgs/srv/ServicesForType.idl
[1.633s] -- Up-to-date: /workspace/ros2_ws/install/rosapi_msgs/share/rosapi_msgs/srv/ServiceType.idl
[1.633s] -- Up-to-date: /workspace/ros2_ws/install/rosapi_msgs/share/rosapi_msgs/srv/SetParam.idl
[1.633s] -- Up-to-date: /workspace/ros2_ws/install/rosapi_msgs/share/rosapi_msgs/srv/Subscribers.idl
[1.633s] -- Up-to-date: /workspace/ros2_ws/install/rosapi_msgs/share/rosapi_msgs/srv/Topics.idl
[1.633s] -- Up-to-date: /workspace/ros2_ws/install/rosapi_msgs/share/rosapi_msgs/srv/TopicsAndRawTypes.idl
[1.633s] -- Up-to-date: /workspace/ros2_ws/install/rosapi_msgs/share/rosapi_msgs/srv/TopicsForType.idl
[1.634s] -- Up-to-date: /workspace/ros2_ws/install/rosapi_msgs/share/rosapi_msgs/srv/TopicType.idl
[1.634s] -- Up-to-date: /workspace/ros2_ws/install/rosapi_msgs/share/rosapi_msgs/msg/TypeDef.msg
[1.634s] -- Up-to-date: /workspace/ros2_ws/install/rosapi_msgs/share/rosapi_msgs/srv/DeleteParam.srv
[1.634s] -- Up-to-date: /workspace/ros2_ws/install/rosapi_msgs/share/rosapi_msgs/srv/DeleteParam_Request.msg
[1.634s] -- Up-to-date: /workspace/ros2_ws/install/rosapi_msgs/share/rosapi_msgs/srv/DeleteParam_Response.msg
[1.634s] -- Up-to-date: /workspace/ros2_ws/install/rosapi_msgs/share/rosapi_msgs/srv/GetActionServers.srv
[1.634s] -- Up-to-date: /workspace/ros2_ws/install/rosapi_msgs/share/rosapi_msgs/srv/GetActionServers_Request.msg
[1.634s] -- Up-to-date: /workspace/ros2_ws/install/rosapi_msgs/share/rosapi_msgs/srv/GetActionServers_Response.msg
[1.635s] -- Up-to-date: /workspace/ros2_ws/install/rosapi_msgs/share/rosapi_msgs/srv/GetParam.srv
[1.635s] -- Up-to-date: /workspace/ros2_ws/install/rosapi_msgs/share/rosapi_msgs/srv/GetParam_Request.msg
[1.635s] -- Up-to-date: /workspace/ros2_ws/install/rosapi_msgs/share/rosapi_msgs/srv/GetParam_Response.msg
[1.635s] -- Up-to-date: /workspace/ros2_ws/install/rosapi_msgs/share/rosapi_msgs/srv/GetParamNames.srv
[1.635s] -- Up-to-date: /workspace/ros2_ws/install/rosapi_msgs/share/rosapi_msgs/srv/GetParamNames_Request.msg
[1.635s] -- Up-to-date: /workspace/ros2_ws/install/rosapi_msgs/share/rosapi_msgs/srv/GetParamNames_Response.msg
[1.635s] -- Up-to-date: /workspace/ros2_ws/install/rosapi_msgs/share/rosapi_msgs/srv/GetROSVersion.srv
[1.635s] -- Up-to-date: /workspace/ros2_ws/install/rosapi_msgs/share/rosapi_msgs/srv/GetROSVersion_Request.msg
[1.635s] -- Up-to-date: /workspace/ros2_ws/install/rosapi_msgs/share/rosapi_msgs/srv/GetROSVersion_Response.msg
[1.635s] -- Up-to-date: /workspace/ros2_ws/install/rosapi_msgs/share/rosapi_msgs/srv/GetTime.srv
[1.635s] -- Up-to-date: /workspace/ros2_ws/install/rosapi_msgs/share/rosapi_msgs/srv/GetTime_Request.msg
[1.635s] -- Up-to-date: /workspace/ros2_ws/install/rosapi_msgs/share/rosapi_msgs/srv/GetTime_Response.msg
[1.635s] -- Up-to-date: /workspace/ros2_ws/install/rosapi_msgs/share/rosapi_msgs/srv/HasParam.srv
[1.635s] -- Up-to-date: /workspace/ros2_ws/install/rosapi_msgs/share/rosapi_msgs/srv/HasParam_Request.msg
[1.635s] -- Up-to-date: /workspace/ros2_ws/install/rosapi_msgs/share/rosapi_msgs/srv/HasParam_Response.msg
[1.635s] -- Up-to-date: /workspace/ros2_ws/install/rosapi_msgs/share/rosapi_msgs/srv/MessageDetails.srv
[1.635s] -- Up-to-date: /workspace/ros2_ws/install/rosapi_msgs/share/rosapi_msgs/srv/MessageDetails_Request.msg
[1.636s] -- Up-to-date: /workspace/ros2_ws/install/rosapi_msgs/share/rosapi_msgs/srv/MessageDetails_Response.msg
[1.636s] -- Up-to-date: /workspace/ros2_ws/install/rosapi_msgs/share/rosapi_msgs/srv/Nodes.srv
[1.636s] -- Up-to-date: /workspace/ros2_ws/install/rosapi_msgs/share/rosapi_msgs/srv/Nodes_Request.msg
[1.636s] -- Up-to-date: /workspace/ros2_ws/install/rosapi_msgs/share/rosapi_msgs/srv/Nodes_Response.msg
[1.636s] -- Up-to-date: /workspace/ros2_ws/install/rosapi_msgs/share/rosapi_msgs/srv/NodeDetails.srv
[1.636s] -- Up-to-date: /workspace/ros2_ws/install/rosapi_msgs/share/rosapi_msgs/srv/NodeDetails_Request.msg
[1.636s] -- Up-to-date: /workspace/ros2_ws/install/rosapi_msgs/share/rosapi_msgs/srv/NodeDetails_Response.msg
[1.636s] -- Up-to-date: /workspace/ros2_ws/install/rosapi_msgs/share/rosapi_msgs/srv/Publishers.srv
[1.636s] -- Up-to-date: /workspace/ros2_ws/install/rosapi_msgs/share/rosapi_msgs/srv/Publishers_Request.msg
[1.636s] -- Up-to-date: /workspace/ros2_ws/install/rosapi_msgs/share/rosapi_msgs/srv/Publishers_Response.msg
[1.636s] -- Up-to-date: /workspace/ros2_ws/install/rosapi_msgs/share/rosapi_msgs/srv/ServiceNode.srv
[1.636s] -- Up-to-date: /workspace/ros2_ws/install/rosapi_msgs/share/rosapi_msgs/srv/ServiceNode_Request.msg
[1.636s] -- Up-to-date: /workspace/ros2_ws/install/rosapi_msgs/share/rosapi_msgs/srv/ServiceNode_Response.msg
[1.637s] -- Up-to-date: /workspace/ros2_ws/install/rosapi_msgs/share/rosapi_msgs/srv/ServiceProviders.srv
[1.637s] -- Up-to-date: /workspace/ros2_ws/install/rosapi_msgs/share/rosapi_msgs/srv/ServiceProviders_Request.msg
[1.638s] -- Up-to-date: /workspace/ros2_ws/install/rosapi_msgs/share/rosapi_msgs/srv/ServiceProviders_Response.msg
[1.638s] -- Up-to-date: /workspace/ros2_ws/install/rosapi_msgs/share/rosapi_msgs/srv/ServiceRequestDetails.srv
[1.638s] -- Up-to-date: /workspace/ros2_ws/install/rosapi_msgs/share/rosapi_msgs/srv/ServiceRequestDetails_Request.msg
[1.638s] -- Up-to-date: /workspace/ros2_ws/install/rosapi_msgs/share/rosapi_msgs/srv/ServiceRequestDetails_Response.msg
[1.638s] -- Up-to-date: /workspace/ros2_ws/install/rosapi_msgs/share/rosapi_msgs/srv/ServiceResponseDetails.srv
[1.638s] -- Up-to-date: /workspace/ros2_ws/install/rosapi_msgs/share/rosapi_msgs/srv/ServiceResponseDetails_Request.msg
[1.638s] -- Up-to-date: /workspace/ros2_ws/install/rosapi_msgs/share/rosapi_msgs/srv/ServiceResponseDetails_Response.msg
[1.638s] -- Up-to-date: /workspace/ros2_ws/install/rosapi_msgs/share/rosapi_msgs/srv/Services.srv
[1.638s] -- Up-to-date: /workspace/ros2_ws/install/rosapi_msgs/share/rosapi_msgs/srv/Services_Request.msg
[1.638s] -- Up-to-date: /workspace/ros2_ws/install/rosapi_msgs/share/rosapi_msgs/srv/Services_Response.msg
[1.638s] -- Up-to-date: /workspace/ros2_ws/install/rosapi_msgs/share/rosapi_msgs/srv/ServicesForType.srv
[1.638s] -- Up-to-date: /workspace/ros2_ws/install/rosapi_msgs/share/rosapi_msgs/srv/ServicesForType_Request.msg
[1.638s] -- Up-to-date: /workspace/ros2_ws/install/rosapi_msgs/share/rosapi_msgs/srv/ServicesForType_Response.msg
[1.639s] -- Up-to-date: /workspace/ros2_ws/install/rosapi_msgs/share/rosapi_msgs/srv/ServiceType.srv
[1.639s] -- Up-to-date: /workspace/ros2_ws/install/rosapi_msgs/share/rosapi_msgs/srv/ServiceType_Request.msg
[1.639s] -- Up-to-date: /workspace/ros2_ws/install/rosapi_msgs/share/rosapi_msgs/srv/ServiceType_Response.msg
[1.639s] -- Up-to-date: /workspace/ros2_ws/install/rosapi_msgs/share/rosapi_msgs/srv/SetParam.srv
[1.639s] -- Up-to-date: /workspace/ros2_ws/install/rosapi_msgs/share/rosapi_msgs/srv/SetParam_Request.msg
[1.639s] -- Up-to-date: /workspace/ros2_ws/install/rosapi_msgs/share/rosapi_msgs/srv/SetParam_Response.msg
[1.639s] -- Up-to-date: /workspace/ros2_ws/install/rosapi_msgs/share/rosapi_msgs/srv/Subscribers.srv
[1.639s] -- Up-to-date: /workspace/ros2_ws/install/rosapi_msgs/share/rosapi_msgs/srv/Subscribers_Request.msg
[1.639s] -- Up-to-date: /workspace/ros2_ws/install/rosapi_msgs/share/rosapi_msgs/srv/Subscribers_Response.msg
[1.639s] -- Up-to-date: /workspace/ros2_ws/install/rosapi_msgs/share/rosapi_msgs/srv/Topics.srv
[1.639s] -- Up-to-date: /workspace/ros2_ws/install/rosapi_msgs/share/rosapi_msgs/srv/Topics_Request.msg
[1.639s] -- Up-to-date: /workspace/ros2_ws/install/rosapi_msgs/share/rosapi_msgs/srv/Topics_Response.msg
[1.639s] -- Up-to-date: /workspace/ros2_ws/install/rosapi_msgs/share/rosapi_msgs/srv/TopicsAndRawTypes.srv
[1.639s] -- Up-to-date: /workspace/ros2_ws/install/rosapi_msgs/share/rosapi_msgs/srv/TopicsAndRawTypes_Request.msg
[1.639s] -- Up-to-date: /workspace/ros2_ws/install/rosapi_msgs/share/rosapi_msgs/srv/TopicsAndRawTypes_Response.msg
[1.639s] -- Up-to-date: /workspace/ros2_ws/install/rosapi_msgs/share/rosapi_msgs/srv/TopicsForType.srv
[1.639s] -- Up-to-date: /workspace/ros2_ws/install/rosapi_msgs/share/rosapi_msgs/srv/TopicsForType_Request.msg
[1.639s] -- Up-to-date: /workspace/ros2_ws/install/rosapi_msgs/share/rosapi_msgs/srv/TopicsForType_Response.msg
[1.639s] -- Up-to-date: /workspace/ros2_ws/install/rosapi_msgs/share/rosapi_msgs/srv/TopicType.srv
[1.640s] -- Up-to-date: /workspace/ros2_ws/install/rosapi_msgs/share/rosapi_msgs/srv/TopicType_Request.msg
[1.640s] -- Up-to-date: /workspace/ros2_ws/install/rosapi_msgs/share/rosapi_msgs/srv/TopicType_Response.msg
[1.640s] -- Up-to-date: /workspace/ros2_ws/install/rosapi_msgs/share/ament_index/resource_index/package_run_dependencies/rosapi_msgs
[1.640s] -- Up-to-date: /workspace/ros2_ws/install/rosapi_msgs/share/ament_index/resource_index/parent_prefix_path/rosapi_msgs
[1.640s] -- Up-to-date: /workspace/ros2_ws/install/rosapi_msgs/share/rosapi_msgs/environment/ament_prefix_path.sh
[1.640s] -- Up-to-date: /workspace/ros2_ws/install/rosapi_msgs/share/rosapi_msgs/environment/ament_prefix_path.dsv
[1.640s] -- Up-to-date: /workspace/ros2_ws/install/rosapi_msgs/share/rosapi_msgs/environment/path.sh
[1.640s] -- Up-to-date: /workspace/ros2_ws/install/rosapi_msgs/share/rosapi_msgs/environment/path.dsv
[1.640s] -- Up-to-date: /workspace/ros2_ws/install/rosapi_msgs/share/rosapi_msgs/local_setup.bash
[1.640s] -- Up-to-date: /workspace/ros2_ws/install/rosapi_msgs/share/rosapi_msgs/local_setup.sh
[1.640s] -- Up-to-date: /workspace/ros2_ws/install/rosapi_msgs/share/rosapi_msgs/local_setup.zsh
[1.640s] -- Up-to-date: /workspace/ros2_ws/install/rosapi_msgs/share/rosapi_msgs/local_setup.dsv
[1.640s] -- Installing: /workspace/ros2_ws/install/rosapi_msgs/share/rosapi_msgs/package.dsv
[1.640s] -- Up-to-date: /workspace/ros2_ws/install/rosapi_msgs/share/ament_index/resource_index/packages/rosapi_msgs
[1.640s] -- Up-to-date: /workspace/ros2_ws/install/rosapi_msgs/share/rosapi_msgs/cmake/rosidl_cmake-extras.cmake
[1.640s] -- Up-to-date: /workspace/ros2_ws/install/rosapi_msgs/share/rosapi_msgs/cmake/ament_cmake_export_dependencies-extras.cmake
[1.640s] -- Up-to-date: /workspace/ros2_ws/install/rosapi_msgs/share/rosapi_msgs/cmake/ament_cmake_export_include_directories-extras.cmake
[1.641s] -- Up-to-date: /workspace/ros2_ws/install/rosapi_msgs/share/rosapi_msgs/cmake/ament_cmake_export_libraries-extras.cmake
[1.641s] -- Up-to-date: /workspace/ros2_ws/install/rosapi_msgs/share/rosapi_msgs/cmake/rosapi_msgsConfig.cmake
[1.641s] -- Up-to-date: /workspace/ros2_ws/install/rosapi_msgs/share/rosapi_msgs/cmake/rosapi_msgsConfig-version.cmake
[1.641s] -- Up-to-date: /workspace/ros2_ws/install/rosapi_msgs/share/rosapi_msgs/package.xml
[1.641s] Invoked command in '/workspace/ros2_ws/build/rosapi_msgs' returned '0': CMAKE_PREFIX_PATH=${CMAKE_PREFIX_PATH}:/opt/ros/eloquent /usr/bin/cmake --build /workspace/ros2_ws/build/rosapi_msgs --target install -- -j32 -l32
