[0.157s] DEBUG:colcon:Command line arguments: ['/usr/local/bin/colcon', 'build']
[0.157s] DEBUG:colcon:Parsed command line arguments: Namespace(ament_cmake_args=None, base_paths=['.'], build_base='build', catkin_cmake_args=None, catkin_skip_building_tests=False, cmake_args=None, cmake_clean_cache=False, cmake_clean_first=False, cmake_force_configure=False, cmake_target=None, cmake_target_skip_unavailable=False, continue_on_error=False, event_handlers=None, executor='parallel', ignore_user_meta=False, install_base='install', log_base=None, log_level=None, main=<bound method BuildVerb.main of <colcon_core.verb.build.BuildVerb object at 0x732018439358>>, merge_install=False, metas=['./colcon.meta'], packages_above=None, packages_above_and_dependencies=None, packages_above_depth=None, packages_end=None, packages_ignore=None, packages_ignore_regex=None, packages_select=None, packages_select_build_failed=False, packages_select_by_dep=None, packages_select_regex=None, packages_select_test_failures=False, packages_skip=None, packages_skip_build_finished=False, packages_skip_by_dep=None, packages_skip_regex=None, packages_skip_test_passed=False, packages_skip_up_to=None, packages_start=None, packages_up_to=None, packages_up_to_regex=None, parallel_workers=32, paths=None, symlink_install=False, test_result_base=None, verb_extension=<colcon_core.verb.build.BuildVerb object at 0x732018439358>, verb_name='build', verb_parser=<colcon_defaults.argument_parser.defaults.DefaultArgumentsDecorator object at 0x732017d1bb38>)
[0.241s] Level 1:colcon.colcon_core.package_discovery:discover_packages(colcon_meta) check parameters
[0.241s] Level 1:colcon.colcon_core.package_discovery:discover_packages(recursive) check parameters
[0.241s] Level 1:colcon.colcon_core.package_discovery:discover_packages(ignore) check parameters
[0.241s] Level 1:colcon.colcon_core.package_discovery:discover_packages(path) check parameters
[0.241s] Level 1:colcon.colcon_core.package_discovery:discover_packages(colcon_meta) discover
[0.241s] Level 1:colcon.colcon_core.package_discovery:discover_packages(recursive) discover
[0.241s] INFO:colcon.colcon_core.package_discovery:Crawling recursively for packages in '/workspace/ros2_ws'
[0.241s] Level 1:colcon.colcon_core.package_identification:_identify(.) by extensions ['ignore', 'ignore_ament_install']
[0.241s] Level 1:colcon.colcon_core.package_identification:_identify(.) by extension 'ignore'
[0.241s] Level 1:colcon.colcon_core.package_identification:_identify(.) by extension 'ignore_ament_install'
[0.241s] Level 1:colcon.colcon_core.package_identification:_identify(.) by extensions ['colcon_pkg']
[0.241s] Level 1:colcon.colcon_core.package_identification:_identify(.) by extension 'colcon_pkg'
[0.241s] Level 1:colcon.colcon_core.package_identification:_identify(.) by extensions ['colcon_meta']
[0.242s] Level 1:colcon.colcon_core.package_identification:_identify(.) by extension 'colcon_meta'
[0.242s] Level 1:colcon.colcon_core.package_identification:_identify(.) by extensions ['ros']
[0.242s] Level 1:colcon.colcon_core.package_identification:_identify(.) by extension 'ros'
[0.249s] Level 1:colcon.colcon_core.package_identification:_identify(.) by extensions ['cmake', 'python']
[0.249s] Level 1:colcon.colcon_core.package_identification:_identify(.) by extension 'cmake'
[0.249s] Level 1:colcon.colcon_core.package_identification:_identify(.) by extension 'python'
[0.249s] Level 1:colcon.colcon_core.package_identification:_identify(.) by extensions ['python_setup_py']
[0.249s] Level 1:colcon.colcon_core.package_identification:_identify(.) by extension 'python_setup_py'
[0.250s] Level 1:colcon.colcon_core.package_identification:_identify(build) by extensions ['ignore', 'ignore_ament_install']
[0.250s] Level 1:colcon.colcon_core.package_identification:_identify(build) by extension 'ignore'
[0.250s] Level 1:colcon.colcon_core.package_identification:_identify(build) ignored
[0.250s] Level 1:colcon.colcon_core.package_identification:_identify(install) by extensions ['ignore', 'ignore_ament_install']
[0.250s] Level 1:colcon.colcon_core.package_identification:_identify(install) by extension 'ignore'
[0.250s] Level 1:colcon.colcon_core.package_identification:_identify(install) ignored
[0.250s] Level 1:colcon.colcon_core.package_identification:_identify(log) by extensions ['ignore', 'ignore_ament_install']
[0.250s] Level 1:colcon.colcon_core.package_identification:_identify(log) by extension 'ignore'
[0.250s] Level 1:colcon.colcon_core.package_identification:_identify(log) ignored
[0.250s] Level 1:colcon.colcon_core.package_identification:_identify(src) by extensions ['ignore', 'ignore_ament_install']
[0.250s] Level 1:colcon.colcon_core.package_identification:_identify(src) by extension 'ignore'
[0.250s] Level 1:colcon.colcon_core.package_identification:_identify(src) by extension 'ignore_ament_install'
[0.250s] Level 1:colcon.colcon_core.package_identification:_identify(src) by extensions ['colcon_pkg']
[0.250s] Level 1:colcon.colcon_core.package_identification:_identify(src) by extension 'colcon_pkg'
[0.250s] Level 1:colcon.colcon_core.package_identification:_identify(src) by extensions ['colcon_meta']
[0.250s] Level 1:colcon.colcon_core.package_identification:_identify(src) by extension 'colcon_meta'
[0.250s] Level 1:colcon.colcon_core.package_identification:_identify(src) by extensions ['ros']
[0.250s] Level 1:colcon.colcon_core.package_identification:_identify(src) by extension 'ros'
[0.250s] Level 1:colcon.colcon_core.package_identification:_identify(src) by extensions ['cmake', 'python']
[0.250s] Level 1:colcon.colcon_core.package_identification:_identify(src) by extension 'cmake'
[0.250s] Level 1:colcon.colcon_core.package_identification:_identify(src) by extension 'python'
[0.251s] Level 1:colcon.colcon_core.package_identification:_identify(src) by extensions ['python_setup_py']
[0.251s] Level 1:colcon.colcon_core.package_identification:_identify(src) by extension 'python_setup_py'
[0.251s] Level 1:colcon.colcon_core.package_identification:_identify(src/camera_reader) by extensions ['ignore', 'ignore_ament_install']
[0.251s] Level 1:colcon.colcon_core.package_identification:_identify(src/camera_reader) by extension 'ignore'
[0.251s] Level 1:colcon.colcon_core.package_identification:_identify(src/camera_reader) by extension 'ignore_ament_install'
[0.251s] Level 1:colcon.colcon_core.package_identification:_identify(src/camera_reader) by extensions ['colcon_pkg']
[0.251s] Level 1:colcon.colcon_core.package_identification:_identify(src/camera_reader) by extension 'colcon_pkg'
[0.251s] Level 1:colcon.colcon_core.package_identification:_identify(src/camera_reader) by extensions ['colcon_meta']
[0.251s] Level 1:colcon.colcon_core.package_identification:_identify(src/camera_reader) by extension 'colcon_meta'
[0.251s] Level 1:colcon.colcon_core.package_identification:_identify(src/camera_reader) by extensions ['ros']
[0.251s] Level 1:colcon.colcon_core.package_identification:_identify(src/camera_reader) by extension 'ros'
[0.253s] DEBUG:colcon.colcon_core.package_identification:Package 'src/camera_reader' with type 'ros.ament_cmake' and name 'camera_reader'
[0.253s] Level 1:colcon.colcon_core.package_identification:_identify(src/inference_webcam) by extensions ['ignore', 'ignore_ament_install']
[0.253s] Level 1:colcon.colcon_core.package_identification:_identify(src/inference_webcam) by extension 'ignore'
[0.253s] Level 1:colcon.colcon_core.package_identification:_identify(src/inference_webcam) by extension 'ignore_ament_install'
[0.253s] Level 1:colcon.colcon_core.package_identification:_identify(src/inference_webcam) by extensions ['colcon_pkg']
[0.253s] Level 1:colcon.colcon_core.package_identification:_identify(src/inference_webcam) by extension 'colcon_pkg'
[0.253s] Level 1:colcon.colcon_core.package_identification:_identify(src/inference_webcam) by extensions ['colcon_meta']
[0.253s] Level 1:colcon.colcon_core.package_identification:_identify(src/inference_webcam) by extension 'colcon_meta'
[0.253s] Level 1:colcon.colcon_core.package_identification:_identify(src/inference_webcam) by extensions ['ros']
[0.253s] Level 1:colcon.colcon_core.package_identification:_identify(src/inference_webcam) by extension 'ros'
[0.254s] DEBUG:colcon.colcon_core.package_identification:Package 'src/inference_webcam' with type 'ros.ament_cmake' and name 'inference_webcam'
[0.254s] Level 1:colcon.colcon_core.package_identification:_identify(src/mesh_description) by extensions ['ignore', 'ignore_ament_install']
[0.254s] Level 1:colcon.colcon_core.package_identification:_identify(src/mesh_description) by extension 'ignore'
[0.254s] Level 1:colcon.colcon_core.package_identification:_identify(src/mesh_description) by extension 'ignore_ament_install'
[0.254s] Level 1:colcon.colcon_core.package_identification:_identify(src/mesh_description) by extensions ['colcon_pkg']
[0.254s] Level 1:colcon.colcon_core.package_identification:_identify(src/mesh_description) by extension 'colcon_pkg'
[0.254s] Level 1:colcon.colcon_core.package_identification:_identify(src/mesh_description) by extensions ['colcon_meta']
[0.254s] Level 1:colcon.colcon_core.package_identification:_identify(src/mesh_description) by extension 'colcon_meta'
[0.254s] Level 1:colcon.colcon_core.package_identification:_identify(src/mesh_description) by extensions ['ros']
[0.254s] Level 1:colcon.colcon_core.package_identification:_identify(src/mesh_description) by extension 'ros'
[0.255s] DEBUG:colcon.colcon_core.package_identification:Package 'src/mesh_description' with type 'ros.ament_cmake' and name 'mesh_description'
[0.255s] Level 1:colcon.colcon_core.package_discovery:discover_packages(recursive) using defaults
[0.255s] Level 1:colcon.colcon_core.package_discovery:discover_packages(ignore) discover
[0.255s] Level 1:colcon.colcon_core.package_discovery:discover_packages(ignore) using defaults
[0.255s] Level 1:colcon.colcon_core.package_discovery:discover_packages(path) discover
[0.255s] Level 1:colcon.colcon_core.package_discovery:discover_packages(path) using defaults
[0.273s] Level 5:colcon.colcon_core.verb:set package 'camera_reader' build argument 'cmake_args' from command line to 'None'
[0.273s] Level 5:colcon.colcon_core.verb:set package 'camera_reader' build argument 'cmake_target' from command line to 'None'
[0.273s] Level 5:colcon.colcon_core.verb:set package 'camera_reader' build argument 'cmake_target_skip_unavailable' from command line to 'False'
[0.273s] Level 5:colcon.colcon_core.verb:set package 'camera_reader' build argument 'cmake_clean_cache' from command line to 'False'
[0.273s] Level 5:colcon.colcon_core.verb:set package 'camera_reader' build argument 'cmake_clean_first' from command line to 'False'
[0.274s] Level 5:colcon.colcon_core.verb:set package 'camera_reader' build argument 'cmake_force_configure' from command line to 'False'
[0.274s] Level 5:colcon.colcon_core.verb:set package 'camera_reader' build argument 'ament_cmake_args' from command line to 'None'
[0.274s] Level 5:colcon.colcon_core.verb:set package 'camera_reader' build argument 'catkin_cmake_args' from command line to 'None'
[0.274s] Level 5:colcon.colcon_core.verb:set package 'camera_reader' build argument 'catkin_skip_building_tests' from command line to 'False'
[0.274s] DEBUG:colcon.colcon_core.verb:Building package 'camera_reader' with the following arguments: {'ament_cmake_args': None, 'build_base': '/workspace/ros2_ws/build/camera_reader', 'catkin_cmake_args': None, 'catkin_skip_building_tests': False, 'cmake_args': None, 'cmake_clean_cache': False, 'cmake_clean_first': False, 'cmake_force_configure': False, 'cmake_target': None, 'cmake_target_skip_unavailable': False, 'install_base': '/workspace/ros2_ws/install/camera_reader', 'merge_install': False, 'path': '/workspace/ros2_ws/src/camera_reader', 'symlink_install': False, 'test_result_base': None}
[0.274s] Level 5:colcon.colcon_core.verb:set package 'inference_webcam' build argument 'cmake_args' from command line to 'None'
[0.274s] Level 5:colcon.colcon_core.verb:set package 'inference_webcam' build argument 'cmake_target' from command line to 'None'
[0.274s] Level 5:colcon.colcon_core.verb:set package 'inference_webcam' build argument 'cmake_target_skip_unavailable' from command line to 'False'
[0.274s] Level 5:colcon.colcon_core.verb:set package 'inference_webcam' build argument 'cmake_clean_cache' from command line to 'False'
[0.274s] Level 5:colcon.colcon_core.verb:set package 'inference_webcam' build argument 'cmake_clean_first' from command line to 'False'
[0.274s] Level 5:colcon.colcon_core.verb:set package 'inference_webcam' build argument 'cmake_force_configure' from command line to 'False'
[0.274s] Level 5:colcon.colcon_core.verb:set package 'inference_webcam' build argument 'ament_cmake_args' from command line to 'None'
[0.274s] Level 5:colcon.colcon_core.verb:set package 'inference_webcam' build argument 'catkin_cmake_args' from command line to 'None'
[0.274s] Level 5:colcon.colcon_core.verb:set package 'inference_webcam' build argument 'catkin_skip_building_tests' from command line to 'False'
[0.274s] DEBUG:colcon.colcon_core.verb:Building package 'inference_webcam' with the following arguments: {'ament_cmake_args': None, 'build_base': '/workspace/ros2_ws/build/inference_webcam', 'catkin_cmake_args': None, 'catkin_skip_building_tests': False, 'cmake_args': None, 'cmake_clean_cache': False, 'cmake_clean_first': False, 'cmake_force_configure': False, 'cmake_target': None, 'cmake_target_skip_unavailable': False, 'install_base': '/workspace/ros2_ws/install/inference_webcam', 'merge_install': False, 'path': '/workspace/ros2_ws/src/inference_webcam', 'symlink_install': False, 'test_result_base': None}
[0.274s] Level 5:colcon.colcon_core.verb:set package 'mesh_description' build argument 'cmake_args' from command line to 'None'
[0.274s] Level 5:colcon.colcon_core.verb:set package 'mesh_description' build argument 'cmake_target' from command line to 'None'
[0.274s] Level 5:colcon.colcon_core.verb:set package 'mesh_description' build argument 'cmake_target_skip_unavailable' from command line to 'False'
[0.274s] Level 5:colcon.colcon_core.verb:set package 'mesh_description' build argument 'cmake_clean_cache' from command line to 'False'
[0.274s] Level 5:colcon.colcon_core.verb:set package 'mesh_description' build argument 'cmake_clean_first' from command line to 'False'
[0.274s] Level 5:colcon.colcon_core.verb:set package 'mesh_description' build argument 'cmake_force_configure' from command line to 'False'
[0.274s] Level 5:colcon.colcon_core.verb:set package 'mesh_description' build argument 'ament_cmake_args' from command line to 'None'
[0.274s] Level 5:colcon.colcon_core.verb:set package 'mesh_description' build argument 'catkin_cmake_args' from command line to 'None'
[0.274s] Level 5:colcon.colcon_core.verb:set package 'mesh_description' build argument 'catkin_skip_building_tests' from command line to 'False'
[0.275s] DEBUG:colcon.colcon_core.verb:Building package 'mesh_description' with the following arguments: {'ament_cmake_args': None, 'build_base': '/workspace/ros2_ws/build/mesh_description', 'catkin_cmake_args': None, 'catkin_skip_building_tests': False, 'cmake_args': None, 'cmake_clean_cache': False, 'cmake_clean_first': False, 'cmake_force_configure': False, 'cmake_target': None, 'cmake_target_skip_unavailable': False, 'install_base': '/workspace/ros2_ws/install/mesh_description', 'merge_install': False, 'path': '/workspace/ros2_ws/src/mesh_description', 'symlink_install': False, 'test_result_base': None}
[0.275s] INFO:colcon.colcon_core.executor:Executing jobs using 'parallel' executor
[0.276s] DEBUG:colcon.colcon_parallel_executor.executor.parallel:run_until_complete
[0.276s] INFO:colcon.colcon_ros.task.ament_cmake.build:Building ROS package in '/workspace/ros2_ws/src/camera_reader' with build type 'ament_cmake'
[0.276s] INFO:colcon.colcon_cmake.task.cmake.build:Building CMake package in '/workspace/ros2_ws/src/camera_reader'
[0.278s] INFO:colcon.colcon_core.plugin_system:Skipping extension 'colcon_core.shell.bat': Not used on non-Windows systems
[0.278s] INFO:colcon.colcon_core.shell:Skip shell extension 'powershell' for command environment: Not usable outside of PowerShell
[0.278s] DEBUG:colcon.colcon_core.shell:Skip shell extension 'dsv' for command environment
[0.283s] INFO:colcon.colcon_ros.task.ament_cmake.build:Building ROS package in '/workspace/ros2_ws/src/inference_webcam' with build type 'ament_cmake'
[0.283s] INFO:colcon.colcon_cmake.task.cmake.build:Building CMake package in '/workspace/ros2_ws/src/inference_webcam'
[0.283s] INFO:colcon.colcon_core.shell:Skip shell extension 'powershell' for command environment: Not usable outside of PowerShell
[0.283s] DEBUG:colcon.colcon_core.shell:Skip shell extension 'dsv' for command environment
[0.286s] INFO:colcon.colcon_ros.task.ament_cmake.build:Building ROS package in '/workspace/ros2_ws/src/mesh_description' with build type 'ament_cmake'
[0.286s] INFO:colcon.colcon_cmake.task.cmake.build:Building CMake package in '/workspace/ros2_ws/src/mesh_description'
[0.287s] INFO:colcon.colcon_core.shell:Skip shell extension 'powershell' for command environment: Not usable outside of PowerShell
[0.287s] DEBUG:colcon.colcon_core.shell:Skip shell extension 'dsv' for command environment
[0.296s] DEBUG:colcon.colcon_core.event_handler.log_command:Invoking command in '/workspace/ros2_ws/build/camera_reader': CMAKE_PREFIX_PATH=${CMAKE_PREFIX_PATH}:/opt/ros/eloquent /usr/bin/cmake --build /workspace/ros2_ws/build/camera_reader -- -j32 -l32
[0.299s] DEBUG:colcon.colcon_core.event_handler.log_command:Invoking command in '/workspace/ros2_ws/build/inference_webcam': CMAKE_PREFIX_PATH=${CMAKE_PREFIX_PATH}:/opt/ros/eloquent /usr/bin/cmake --build /workspace/ros2_ws/build/inference_webcam -- -j32 -l32
[0.304s] DEBUG:colcon.colcon_core.event_handler.log_command:Invoking command in '/workspace/ros2_ws/build/mesh_description': CMAKE_PREFIX_PATH=${CMAKE_PREFIX_PATH}:/opt/ros/eloquent /usr/bin/cmake --build /workspace/ros2_ws/build/mesh_description -- -j32 -l32
[0.338s] DEBUG:colcon.colcon_core.event_handler.log_command:Invoked command in '/workspace/ros2_ws/build/mesh_description' returned '0': CMAKE_PREFIX_PATH=${CMAKE_PREFIX_PATH}:/opt/ros/eloquent /usr/bin/cmake --build /workspace/ros2_ws/build/mesh_description -- -j32 -l32
[0.341s] DEBUG:colcon.colcon_core.event_handler.log_command:Invoked command in '/workspace/ros2_ws/build/inference_webcam' returned '0': CMAKE_PREFIX_PATH=${CMAKE_PREFIX_PATH}:/opt/ros/eloquent /usr/bin/cmake --build /workspace/ros2_ws/build/inference_webcam -- -j32 -l32
[0.357s] DEBUG:colcon.colcon_core.event_handler.log_command:Invoked command in '/workspace/ros2_ws/build/camera_reader' returned '0': CMAKE_PREFIX_PATH=${CMAKE_PREFIX_PATH}:/opt/ros/eloquent /usr/bin/cmake --build /workspace/ros2_ws/build/camera_reader -- -j32 -l32
[0.369s] DEBUG:colcon.colcon_core.event_handler.log_command:Invoking command in '/workspace/ros2_ws/build/mesh_description': CMAKE_PREFIX_PATH=${CMAKE_PREFIX_PATH}:/opt/ros/eloquent /usr/bin/cmake --build /workspace/ros2_ws/build/mesh_description --target install -- -j32 -l32
[0.371s] DEBUG:colcon.colcon_core.event_handler.log_command:Invoking command in '/workspace/ros2_ws/build/inference_webcam': CMAKE_PREFIX_PATH=${CMAKE_PREFIX_PATH}:/opt/ros/eloquent /usr/bin/cmake --build /workspace/ros2_ws/build/inference_webcam --target install -- -j32 -l32
[0.382s] DEBUG:colcon.colcon_core.event_handler.log_command:Invoking command in '/workspace/ros2_ws/build/camera_reader': CMAKE_PREFIX_PATH=${CMAKE_PREFIX_PATH}:/opt/ros/eloquent /usr/bin/cmake --build /workspace/ros2_ws/build/camera_reader --target install -- -j32 -l32
[0.423s] Level 1:colcon.colcon_core.environment:create_environment_scripts_only(mesh_description)
[0.431s] DEBUG:colcon.colcon_core.event_handler.log_command:Invoked command in '/workspace/ros2_ws/build/mesh_description' returned '0': CMAKE_PREFIX_PATH=${CMAKE_PREFIX_PATH}:/opt/ros/eloquent /usr/bin/cmake --build /workspace/ros2_ws/build/mesh_description --target install -- -j32 -l32
[0.432s] Level 1:colcon.colcon_core.environment:checking '/workspace/ros2_ws/install/mesh_description' for CMake module files
[0.432s] Level 1:colcon.colcon_core.environment:checking '/workspace/ros2_ws/install/mesh_description' for CMake config files
[0.432s] Level 1:colcon.colcon_core.shell:create_environment_hook('mesh_description', 'cmake_prefix_path')
[0.432s] INFO:colcon.colcon_core.shell:Creating environment hook '/workspace/ros2_ws/install/mesh_description/share/mesh_description/hook/cmake_prefix_path.ps1'
[0.433s] INFO:colcon.colcon_core.shell:Creating environment descriptor '/workspace/ros2_ws/install/mesh_description/share/mesh_description/hook/cmake_prefix_path.dsv'
[0.433s] INFO:colcon.colcon_core.shell:Creating environment hook '/workspace/ros2_ws/install/mesh_description/share/mesh_description/hook/cmake_prefix_path.sh'
[0.434s] Level 1:colcon.colcon_core.environment:checking '/workspace/ros2_ws/install/mesh_description/bin'
[0.434s] Level 1:colcon.colcon_core.environment:checking '/workspace/ros2_ws/install/mesh_description/lib/pkgconfig/mesh_description.pc'
[0.435s] Level 1:colcon.colcon_core.environment:checking '/workspace/ros2_ws/install/mesh_description/lib/python3.6/site-packages'
[0.435s] Level 1:colcon.colcon_core.environment:checking '/workspace/ros2_ws/install/mesh_description/bin'
[0.435s] INFO:colcon.colcon_core.shell:Creating package script '/workspace/ros2_ws/install/mesh_description/share/mesh_description/package.ps1'
[0.435s] INFO:colcon.colcon_core.shell:Creating package descriptor '/workspace/ros2_ws/install/mesh_description/share/mesh_description/package.dsv'
[0.437s] INFO:colcon.colcon_core.shell:Creating package script '/workspace/ros2_ws/install/mesh_description/share/mesh_description/package.sh'
[0.437s] INFO:colcon.colcon_core.shell:Creating package script '/workspace/ros2_ws/install/mesh_description/share/mesh_description/package.bash'
[0.438s] INFO:colcon.colcon_core.shell:Creating package script '/workspace/ros2_ws/install/mesh_description/share/mesh_description/package.zsh'
[0.438s] Level 1:colcon.colcon_core.environment:create_file_with_runtime_dependencies(/workspace/ros2_ws/install/mesh_description/share/colcon-core/packages/mesh_description)
[0.441s] Level 1:colcon.colcon_core.environment:create_environment_scripts_only(inference_webcam)
[0.441s] Level 1:colcon.colcon_core.environment:checking '/workspace/ros2_ws/install/inference_webcam' for CMake module files
[0.441s] DEBUG:colcon.colcon_core.event_handler.log_command:Invoked command in '/workspace/ros2_ws/build/inference_webcam' returned '0': CMAKE_PREFIX_PATH=${CMAKE_PREFIX_PATH}:/opt/ros/eloquent /usr/bin/cmake --build /workspace/ros2_ws/build/inference_webcam --target install -- -j32 -l32
[0.442s] Level 1:colcon.colcon_core.environment:checking '/workspace/ros2_ws/install/inference_webcam' for CMake config files
[0.442s] Level 1:colcon.colcon_core.shell:create_environment_hook('inference_webcam', 'cmake_prefix_path')
[0.443s] INFO:colcon.colcon_core.shell:Creating environment hook '/workspace/ros2_ws/install/inference_webcam/share/inference_webcam/hook/cmake_prefix_path.ps1'
[0.443s] INFO:colcon.colcon_core.shell:Creating environment descriptor '/workspace/ros2_ws/install/inference_webcam/share/inference_webcam/hook/cmake_prefix_path.dsv'
[0.443s] INFO:colcon.colcon_core.shell:Creating environment hook '/workspace/ros2_ws/install/inference_webcam/share/inference_webcam/hook/cmake_prefix_path.sh'
[0.444s] Level 1:colcon.colcon_core.environment:checking '/workspace/ros2_ws/install/inference_webcam/lib'
[0.444s] Level 1:colcon.colcon_core.environment:checking '/workspace/ros2_ws/install/inference_webcam/bin'
[0.444s] Level 1:colcon.colcon_core.environment:checking '/workspace/ros2_ws/install/inference_webcam/lib/pkgconfig/inference_webcam.pc'
[0.444s] Level 1:colcon.colcon_core.environment:checking '/workspace/ros2_ws/install/inference_webcam/lib/python3.6/site-packages'
[0.444s] Level 1:colcon.colcon_core.environment:checking '/workspace/ros2_ws/install/inference_webcam/bin'
[0.444s] INFO:colcon.colcon_core.shell:Creating package script '/workspace/ros2_ws/install/inference_webcam/share/inference_webcam/package.ps1'
[0.445s] INFO:colcon.colcon_core.shell:Creating package descriptor '/workspace/ros2_ws/install/inference_webcam/share/inference_webcam/package.dsv'
[0.445s] INFO:colcon.colcon_core.shell:Creating package script '/workspace/ros2_ws/install/inference_webcam/share/inference_webcam/package.sh'
[0.445s] INFO:colcon.colcon_core.shell:Creating package script '/workspace/ros2_ws/install/inference_webcam/share/inference_webcam/package.bash'
[0.445s] INFO:colcon.colcon_core.shell:Creating package script '/workspace/ros2_ws/install/inference_webcam/share/inference_webcam/package.zsh'
[0.445s] Level 1:colcon.colcon_core.environment:create_file_with_runtime_dependencies(/workspace/ros2_ws/install/inference_webcam/share/colcon-core/packages/inference_webcam)
[0.456s] Level 1:colcon.colcon_core.environment:create_environment_scripts_only(camera_reader)
[0.456s] Level 1:colcon.colcon_core.environment:checking '/workspace/ros2_ws/install/camera_reader' for CMake module files
[0.456s] DEBUG:colcon.colcon_core.event_handler.log_command:Invoked command in '/workspace/ros2_ws/build/camera_reader' returned '0': CMAKE_PREFIX_PATH=${CMAKE_PREFIX_PATH}:/opt/ros/eloquent /usr/bin/cmake --build /workspace/ros2_ws/build/camera_reader --target install -- -j32 -l32
[0.457s] Level 1:colcon.colcon_core.environment:checking '/workspace/ros2_ws/install/camera_reader' for CMake config files
[0.457s] Level 1:colcon.colcon_core.shell:create_environment_hook('camera_reader', 'cmake_prefix_path')
[0.457s] INFO:colcon.colcon_core.shell:Creating environment hook '/workspace/ros2_ws/install/camera_reader/share/camera_reader/hook/cmake_prefix_path.ps1'
[0.457s] INFO:colcon.colcon_core.shell:Creating environment descriptor '/workspace/ros2_ws/install/camera_reader/share/camera_reader/hook/cmake_prefix_path.dsv'
[0.458s] INFO:colcon.colcon_core.shell:Creating environment hook '/workspace/ros2_ws/install/camera_reader/share/camera_reader/hook/cmake_prefix_path.sh'
[0.458s] Level 1:colcon.colcon_core.environment:checking '/workspace/ros2_ws/install/camera_reader/lib'
[0.458s] Level 1:colcon.colcon_core.environment:checking '/workspace/ros2_ws/install/camera_reader/bin'
[0.458s] Level 1:colcon.colcon_core.environment:checking '/workspace/ros2_ws/install/camera_reader/lib/pkgconfig/camera_reader.pc'
[0.459s] Level 1:colcon.colcon_core.environment:checking '/workspace/ros2_ws/install/camera_reader/lib/python3.6/site-packages'
[0.459s] Level 1:colcon.colcon_core.environment:checking '/workspace/ros2_ws/install/camera_reader/bin'
[0.459s] INFO:colcon.colcon_core.shell:Creating package script '/workspace/ros2_ws/install/camera_reader/share/camera_reader/package.ps1'
[0.459s] INFO:colcon.colcon_core.shell:Creating package descriptor '/workspace/ros2_ws/install/camera_reader/share/camera_reader/package.dsv'
[0.459s] INFO:colcon.colcon_core.shell:Creating package script '/workspace/ros2_ws/install/camera_reader/share/camera_reader/package.sh'
[0.460s] INFO:colcon.colcon_core.shell:Creating package script '/workspace/ros2_ws/install/camera_reader/share/camera_reader/package.bash'
[0.460s] INFO:colcon.colcon_core.shell:Creating package script '/workspace/ros2_ws/install/camera_reader/share/camera_reader/package.zsh'
[0.460s] Level 1:colcon.colcon_core.environment:create_file_with_runtime_dependencies(/workspace/ros2_ws/install/camera_reader/share/colcon-core/packages/camera_reader)
[0.463s] Level 1:colcon.colcon_core.environment:create_environment_scripts_only(mesh_description)
[0.463s] Level 1:colcon.colcon_core.environment:checking '/workspace/ros2_ws/install/mesh_description' for CMake module files
[0.463s] Level 1:colcon.colcon_core.environment:checking '/workspace/ros2_ws/install/mesh_description' for CMake config files
[0.463s] Level 1:colcon.colcon_core.shell:create_environment_hook('mesh_description', 'cmake_prefix_path')
[0.464s] INFO:colcon.colcon_core.shell:Creating environment hook '/workspace/ros2_ws/install/mesh_description/share/mesh_description/hook/cmake_prefix_path.ps1'
[0.464s] INFO:colcon.colcon_core.shell:Creating environment descriptor '/workspace/ros2_ws/install/mesh_description/share/mesh_description/hook/cmake_prefix_path.dsv'
[0.464s] INFO:colcon.colcon_core.shell:Creating environment hook '/workspace/ros2_ws/install/mesh_description/share/mesh_description/hook/cmake_prefix_path.sh'
[0.465s] Level 1:colcon.colcon_core.environment:checking '/workspace/ros2_ws/install/mesh_description/bin'
[0.465s] Level 1:colcon.colcon_core.environment:checking '/workspace/ros2_ws/install/mesh_description/lib/pkgconfig/mesh_description.pc'
[0.465s] Level 1:colcon.colcon_core.environment:checking '/workspace/ros2_ws/install/mesh_description/lib/python3.6/site-packages'
[0.465s] Level 1:colcon.colcon_core.environment:checking '/workspace/ros2_ws/install/mesh_description/bin'
[0.465s] INFO:colcon.colcon_core.shell:Creating package script '/workspace/ros2_ws/install/mesh_description/share/mesh_description/package.ps1'
[0.465s] INFO:colcon.colcon_core.shell:Creating package descriptor '/workspace/ros2_ws/install/mesh_description/share/mesh_description/package.dsv'
[0.466s] INFO:colcon.colcon_core.shell:Creating package script '/workspace/ros2_ws/install/mesh_description/share/mesh_description/package.sh'
[0.466s] INFO:colcon.colcon_core.shell:Creating package script '/workspace/ros2_ws/install/mesh_description/share/mesh_description/package.bash'
[0.466s] INFO:colcon.colcon_core.shell:Creating package script '/workspace/ros2_ws/install/mesh_description/share/mesh_description/package.zsh'
[0.466s] Level 1:colcon.colcon_core.environment:create_file_with_runtime_dependencies(/workspace/ros2_ws/install/mesh_description/share/colcon-core/packages/mesh_description)
[0.468s] Level 1:colcon.colcon_core.environment:create_environment_scripts_only(inference_webcam)
[0.468s] Level 1:colcon.colcon_core.environment:checking '/workspace/ros2_ws/install/inference_webcam' for CMake module files
[0.469s] Level 1:colcon.colcon_core.environment:checking '/workspace/ros2_ws/install/inference_webcam' for CMake config files
[0.470s] Level 1:colcon.colcon_core.shell:create_environment_hook('inference_webcam', 'cmake_prefix_path')
[0.470s] INFO:colcon.colcon_core.shell:Creating environment hook '/workspace/ros2_ws/install/inference_webcam/share/inference_webcam/hook/cmake_prefix_path.ps1'
[0.470s] INFO:colcon.colcon_core.shell:Creating environment descriptor '/workspace/ros2_ws/install/inference_webcam/share/inference_webcam/hook/cmake_prefix_path.dsv'
[0.470s] INFO:colcon.colcon_core.shell:Creating environment hook '/workspace/ros2_ws/install/inference_webcam/share/inference_webcam/hook/cmake_prefix_path.sh'
[0.471s] Level 1:colcon.colcon_core.environment:checking '/workspace/ros2_ws/install/inference_webcam/lib'
[0.471s] Level 1:colcon.colcon_core.environment:checking '/workspace/ros2_ws/install/inference_webcam/bin'
[0.471s] Level 1:colcon.colcon_core.environment:checking '/workspace/ros2_ws/install/inference_webcam/lib/pkgconfig/inference_webcam.pc'
[0.471s] Level 1:colcon.colcon_core.environment:checking '/workspace/ros2_ws/install/inference_webcam/lib/python3.6/site-packages'
[0.471s] Level 1:colcon.colcon_core.environment:checking '/workspace/ros2_ws/install/inference_webcam/bin'
[0.471s] INFO:colcon.colcon_core.shell:Creating package script '/workspace/ros2_ws/install/inference_webcam/share/inference_webcam/package.ps1'
[0.472s] INFO:colcon.colcon_core.shell:Creating package descriptor '/workspace/ros2_ws/install/inference_webcam/share/inference_webcam/package.dsv'
[0.472s] INFO:colcon.colcon_core.shell:Creating package script '/workspace/ros2_ws/install/inference_webcam/share/inference_webcam/package.sh'
[0.472s] INFO:colcon.colcon_core.shell:Creating package script '/workspace/ros2_ws/install/inference_webcam/share/inference_webcam/package.bash'
[0.472s] INFO:colcon.colcon_core.shell:Creating package script '/workspace/ros2_ws/install/inference_webcam/share/inference_webcam/package.zsh'
[0.479s] Level 1:colcon.colcon_core.environment:create_file_with_runtime_dependencies(/workspace/ros2_ws/install/inference_webcam/share/colcon-core/packages/inference_webcam)
[0.487s] Level 1:colcon.colcon_core.environment:create_environment_scripts_only(camera_reader)
[0.487s] Level 1:colcon.colcon_core.environment:checking '/workspace/ros2_ws/install/camera_reader' for CMake module files
[0.487s] Level 1:colcon.colcon_core.environment:checking '/workspace/ros2_ws/install/camera_reader' for CMake config files
[0.487s] Level 1:colcon.colcon_core.shell:create_environment_hook('camera_reader', 'cmake_prefix_path')
[0.487s] INFO:colcon.colcon_core.shell:Creating environment hook '/workspace/ros2_ws/install/camera_reader/share/camera_reader/hook/cmake_prefix_path.ps1'
[0.487s] INFO:colcon.colcon_core.shell:Creating environment descriptor '/workspace/ros2_ws/install/camera_reader/share/camera_reader/hook/cmake_prefix_path.dsv'
[0.488s] INFO:colcon.colcon_core.shell:Creating environment hook '/workspace/ros2_ws/install/camera_reader/share/camera_reader/hook/cmake_prefix_path.sh'
[0.488s] Level 1:colcon.colcon_core.environment:checking '/workspace/ros2_ws/install/camera_reader/lib'
[0.488s] Level 1:colcon.colcon_core.environment:checking '/workspace/ros2_ws/install/camera_reader/bin'
[0.488s] Level 1:colcon.colcon_core.environment:checking '/workspace/ros2_ws/install/camera_reader/lib/pkgconfig/camera_reader.pc'
[0.488s] Level 1:colcon.colcon_core.environment:checking '/workspace/ros2_ws/install/camera_reader/lib/python3.6/site-packages'
[0.488s] Level 1:colcon.colcon_core.environment:checking '/workspace/ros2_ws/install/camera_reader/bin'
[0.489s] INFO:colcon.colcon_core.shell:Creating package script '/workspace/ros2_ws/install/camera_reader/share/camera_reader/package.ps1'
[0.489s] INFO:colcon.colcon_core.shell:Creating package descriptor '/workspace/ros2_ws/install/camera_reader/share/camera_reader/package.dsv'
[0.489s] INFO:colcon.colcon_core.shell:Creating package script '/workspace/ros2_ws/install/camera_reader/share/camera_reader/package.sh'
[0.489s] INFO:colcon.colcon_core.shell:Creating package script '/workspace/ros2_ws/install/camera_reader/share/camera_reader/package.bash'
[0.490s] INFO:colcon.colcon_core.shell:Creating package script '/workspace/ros2_ws/install/camera_reader/share/camera_reader/package.zsh'
[0.490s] Level 1:colcon.colcon_core.environment:create_file_with_runtime_dependencies(/workspace/ros2_ws/install/camera_reader/share/colcon-core/packages/camera_reader)
[0.490s] DEBUG:colcon.colcon_parallel_executor.executor.parallel:closing loop
[0.490s] DEBUG:colcon.colcon_parallel_executor.executor.parallel:loop closed
[0.491s] DEBUG:colcon.colcon_parallel_executor.executor.parallel:run_until_complete finished with '0'
[0.491s] DEBUG:colcon.colcon_core.event_reactor:joining thread
[0.494s] INFO:colcon.colcon_core.plugin_system:Skipping extension 'colcon_notification.desktop_notification.notify_send': Could not find 'notify-send'
[0.494s] INFO:colcon.colcon_core.plugin_system:Skipping extension 'colcon_notification.desktop_notification.terminal_notifier': Not used on non-Darwin systems
[0.494s] INFO:colcon.colcon_core.plugin_system:Skipping extension 'colcon_notification.desktop_notification.win32': Not used on non-Windows systems
[0.494s] INFO:colcon.colcon_notification.desktop_notification:Sending desktop notification using 'notify2'
[0.496s] DEBUG:colcon.colcon_notification.desktop_notification.notify2:Failed to initialize notify2: org.freedesktop.DBus.Error.Spawn.ExecFailed: /usr/bin/dbus-launch terminated abnormally without any error message
[0.496s] DEBUG:colcon.colcon_core.event_reactor:joined thread
[0.496s] INFO:colcon.colcon_core.shell:Creating prefix script '/workspace/ros2_ws/install/local_setup.ps1'
[0.497s] INFO:colcon.colcon_core.shell:Creating prefix util module '/workspace/ros2_ws/install/_local_setup_util_ps1.py'
[0.498s] INFO:colcon.colcon_core.shell:Creating prefix chain script '/workspace/ros2_ws/install/setup.ps1'
[0.499s] INFO:colcon.colcon_core.shell:Creating prefix script '/workspace/ros2_ws/install/local_setup.sh'
[0.499s] INFO:colcon.colcon_core.shell:Creating prefix util module '/workspace/ros2_ws/install/_local_setup_util_sh.py'
[0.499s] INFO:colcon.colcon_core.shell:Creating prefix chain script '/workspace/ros2_ws/install/setup.sh'
[0.500s] INFO:colcon.colcon_core.shell:Creating prefix script '/workspace/ros2_ws/install/local_setup.bash'
[0.501s] INFO:colcon.colcon_core.shell:Creating prefix chain script '/workspace/ros2_ws/install/setup.bash'
[0.501s] INFO:colcon.colcon_core.shell:Creating prefix script '/workspace/ros2_ws/install/local_setup.zsh'
[0.501s] INFO:colcon.colcon_core.shell:Creating prefix chain script '/workspace/ros2_ws/install/setup.zsh'
