[0.026s] Invoking command in '/workspace/ros2_ws/build/rosbridge_server': AMENT_PREFIX_PATH=/workspace/ros2_ws/install/rosapi:/workspace/ros2_ws/install/rosbridge_library:/workspace/ros2_ws/install/rosbridge_test_msgs:/workspace/ros2_ws/install/rosbridge_msgs:/workspace/ros2_ws/install/rosapi_msgs:${AMENT_PREFIX_PATH} CMAKE_PREFIX_PATH=/workspace/ros2_ws/install/rosapi:/workspace/ros2_ws/install/rosbridge_library:/workspace/ros2_ws/install/rosbridge_test_msgs:/workspace/ros2_ws/install/rosbridge_msgs:/workspace/ros2_ws/install/rosapi_msgs:/opt/ros/eloquent LD_LIBRARY_PATH=/workspace/ros2_ws/install/rosbridge_test_msgs/lib:/workspace/ros2_ws/install/rosbridge_msgs/lib:/workspace/ros2_ws/install/rosapi_msgs/lib:${LD_LIBRARY_PATH} PYTHONPATH=/workspace/ros2_ws/install/rosapi/lib/python3.6/site-packages:/workspace/ros2_ws/install/rosbridge_library/lib/python3.6/site-packages:/workspace/ros2_ws/install/rosbridge_test_msgs/lib/python3.6/site-packages:/workspace/ros2_ws/install/rosbridge_msgs/lib/python3.6/site-packages:/workspace/ros2_ws/install/rosapi_msgs/lib/python3.6/site-packages:${PYTHONPATH} /usr/bin/cmake /workspace/ros2_ws/src/rosbridge_suite/rosbridge_server -DCMAKE_INSTALL_PREFIX=/workspace/ros2_ws/install/rosbridge_server
[0.042s] -- Found ament_cmake_ros: 0.8.0 (/opt/ros/eloquent/share/ament_cmake_ros/cmake)
[0.067s] -- Using PYTHON_EXECUTABLE: /usr/bin/python3
[0.229s] -- Found launch_testing_ament_cmake: 0.9.7 (/opt/ros/eloquent/share/launch_testing_ament_cmake/cmake)
[0.230s] -- Found python_cmake_module: 0.8.0 (/opt/ros/eloquent/share/python_cmake_module/cmake)
[0.249s] -- Found PythonInterp: /usr/bin/python3 (found suitable version "3.6.9", minimum required is "3.5") 
[0.255s] -- Found PythonLibs: /usr/lib/x86_64-linux-gnu/libpython3.6m.so (found suitable version "3.6.9", minimum required is "3.5") 
[0.255s] -- Using PYTHON_EXECUTABLE: /usr/bin/python3
[0.255s] -- Using PYTHON_INCLUDE_DIRS: /usr/include/python3.6m
[0.255s] -- Using PYTHON_LIBRARIES: /usr/lib/x86_64-linux-gnu/libpython3.6m.so
[0.272s] -- Found PythonExtra: .so  
[0.274s] -- Configuring done
[0.276s] -- Generating done
[0.276s] -- Build files have been written to: /workspace/ros2_ws/build/rosbridge_server
[0.278s] Invoked command in '/workspace/ros2_ws/build/rosbridge_server' returned '0': AMENT_PREFIX_PATH=/workspace/ros2_ws/install/rosapi:/workspace/ros2_ws/install/rosbridge_library:/workspace/ros2_ws/install/rosbridge_test_msgs:/workspace/ros2_ws/install/rosbridge_msgs:/workspace/ros2_ws/install/rosapi_msgs:${AMENT_PREFIX_PATH} CMAKE_PREFIX_PATH=/workspace/ros2_ws/install/rosapi:/workspace/ros2_ws/install/rosbridge_library:/workspace/ros2_ws/install/rosbridge_test_msgs:/workspace/ros2_ws/install/rosbridge_msgs:/workspace/ros2_ws/install/rosapi_msgs:/opt/ros/eloquent LD_LIBRARY_PATH=/workspace/ros2_ws/install/rosbridge_test_msgs/lib:/workspace/ros2_ws/install/rosbridge_msgs/lib:/workspace/ros2_ws/install/rosapi_msgs/lib:${LD_LIBRARY_PATH} PYTHONPATH=/workspace/ros2_ws/install/rosapi/lib/python3.6/site-packages:/workspace/ros2_ws/install/rosbridge_library/lib/python3.6/site-packages:/workspace/ros2_ws/install/rosbridge_test_msgs/lib/python3.6/site-packages:/workspace/ros2_ws/install/rosbridge_msgs/lib/python3.6/site-packages:/workspace/ros2_ws/install/rosapi_msgs/lib/python3.6/site-packages:${PYTHONPATH} /usr/bin/cmake /workspace/ros2_ws/src/rosbridge_suite/rosbridge_server -DCMAKE_INSTALL_PREFIX=/workspace/ros2_ws/install/rosbridge_server
[0.280s] Invoking command in '/workspace/ros2_ws/build/rosbridge_server': AMENT_PREFIX_PATH=/workspace/ros2_ws/install/rosapi:/workspace/ros2_ws/install/rosbridge_library:/workspace/ros2_ws/install/rosbridge_test_msgs:/workspace/ros2_ws/install/rosbridge_msgs:/workspace/ros2_ws/install/rosapi_msgs:${AMENT_PREFIX_PATH} CMAKE_PREFIX_PATH=/workspace/ros2_ws/install/rosapi:/workspace/ros2_ws/install/rosbridge_library:/workspace/ros2_ws/install/rosbridge_test_msgs:/workspace/ros2_ws/install/rosbridge_msgs:/workspace/ros2_ws/install/rosapi_msgs:/opt/ros/eloquent LD_LIBRARY_PATH=/workspace/ros2_ws/install/rosbridge_test_msgs/lib:/workspace/ros2_ws/install/rosbridge_msgs/lib:/workspace/ros2_ws/install/rosapi_msgs/lib:${LD_LIBRARY_PATH} PYTHONPATH=/workspace/ros2_ws/install/rosapi/lib/python3.6/site-packages:/workspace/ros2_ws/install/rosbridge_library/lib/python3.6/site-packages:/workspace/ros2_ws/install/rosbridge_test_msgs/lib/python3.6/site-packages:/workspace/ros2_ws/install/rosbridge_msgs/lib/python3.6/site-packages:/workspace/ros2_ws/install/rosapi_msgs/lib/python3.6/site-packages:${PYTHONPATH} /usr/bin/cmake --build /workspace/ros2_ws/build/rosbridge_server -- -j32 -l32
[0.327s] Invoked command in '/workspace/ros2_ws/build/rosbridge_server' returned '0': AMENT_PREFIX_PATH=/workspace/ros2_ws/install/rosapi:/workspace/ros2_ws/install/rosbridge_library:/workspace/ros2_ws/install/rosbridge_test_msgs:/workspace/ros2_ws/install/rosbridge_msgs:/workspace/ros2_ws/install/rosapi_msgs:${AMENT_PREFIX_PATH} CMAKE_PREFIX_PATH=/workspace/ros2_ws/install/rosapi:/workspace/ros2_ws/install/rosbridge_library:/workspace/ros2_ws/install/rosbridge_test_msgs:/workspace/ros2_ws/install/rosbridge_msgs:/workspace/ros2_ws/install/rosapi_msgs:/opt/ros/eloquent LD_LIBRARY_PATH=/workspace/ros2_ws/install/rosbridge_test_msgs/lib:/workspace/ros2_ws/install/rosbridge_msgs/lib:/workspace/ros2_ws/install/rosapi_msgs/lib:${LD_LIBRARY_PATH} PYTHONPATH=/workspace/ros2_ws/install/rosapi/lib/python3.6/site-packages:/workspace/ros2_ws/install/rosbridge_library/lib/python3.6/site-packages:/workspace/ros2_ws/install/rosbridge_test_msgs/lib/python3.6/site-packages:/workspace/ros2_ws/install/rosbridge_msgs/lib/python3.6/site-packages:/workspace/ros2_ws/install/rosapi_msgs/lib/python3.6/site-packages:${PYTHONPATH} /usr/bin/cmake --build /workspace/ros2_ws/build/rosbridge_server -- -j32 -l32
[0.364s] Invoking command in '/workspace/ros2_ws/build/rosbridge_server': AMENT_PREFIX_PATH=/workspace/ros2_ws/install/rosapi:/workspace/ros2_ws/install/rosbridge_library:/workspace/ros2_ws/install/rosbridge_test_msgs:/workspace/ros2_ws/install/rosbridge_msgs:/workspace/ros2_ws/install/rosapi_msgs:${AMENT_PREFIX_PATH} CMAKE_PREFIX_PATH=/workspace/ros2_ws/install/rosapi:/workspace/ros2_ws/install/rosbridge_library:/workspace/ros2_ws/install/rosbridge_test_msgs:/workspace/ros2_ws/install/rosbridge_msgs:/workspace/ros2_ws/install/rosapi_msgs:/opt/ros/eloquent LD_LIBRARY_PATH=/workspace/ros2_ws/install/rosbridge_test_msgs/lib:/workspace/ros2_ws/install/rosbridge_msgs/lib:/workspace/ros2_ws/install/rosapi_msgs/lib:${LD_LIBRARY_PATH} PYTHONPATH=/workspace/ros2_ws/install/rosapi/lib/python3.6/site-packages:/workspace/ros2_ws/install/rosbridge_library/lib/python3.6/site-packages:/workspace/ros2_ws/install/rosbridge_test_msgs/lib/python3.6/site-packages:/workspace/ros2_ws/install/rosbridge_msgs/lib/python3.6/site-packages:/workspace/ros2_ws/install/rosapi_msgs/lib/python3.6/site-packages:${PYTHONPATH} /usr/bin/cmake --build /workspace/ros2_ws/build/rosbridge_server --target install -- -j32 -l32
[0.437s] [36mInstall the project...[0m
[0.444s] -- Install configuration: ""
[0.444s] -- Installing: /workspace/ros2_ws/install/rosbridge_server/share/rosbridge_server/environment/pythonpath.sh
[0.444s] -- Installing: /workspace/ros2_ws/install/rosbridge_server/share/rosbridge_server/environment/pythonpath.dsv
[0.445s] -- Installing: /workspace/ros2_ws/install/rosbridge_server/lib/python3.6/site-packages/rosbridge_server
[0.445s] -- Installing: /workspace/ros2_ws/install/rosbridge_server/lib/python3.6/site-packages/rosbridge_server/client_manager.py
[0.445s] -- Installing: /workspace/ros2_ws/install/rosbridge_server/lib/python3.6/site-packages/rosbridge_server/websocket_handler.py
[0.445s] -- Installing: /workspace/ros2_ws/install/rosbridge_server/lib/python3.6/site-packages/rosbridge_server/__init__.py
[0.469s] Listing '/workspace/ros2_ws/install/rosbridge_server/lib/python3.6/site-packages/rosbridge_server'...
[0.469s] Compiling '/workspace/ros2_ws/install/rosbridge_server/lib/python3.6/site-packages/rosbridge_server/__init__.py'...
[0.470s] Compiling '/workspace/ros2_ws/install/rosbridge_server/lib/python3.6/site-packages/rosbridge_server/client_manager.py'...
[0.470s] Compiling '/workspace/ros2_ws/install/rosbridge_server/lib/python3.6/site-packages/rosbridge_server/websocket_handler.py'...
[0.472s] -- Installing: /workspace/ros2_ws/install/rosbridge_server/share/ament_index/resource_index/package_run_dependencies/rosbridge_server
[0.472s] -- Installing: /workspace/ros2_ws/install/rosbridge_server/share/ament_index/resource_index/parent_prefix_path/rosbridge_server
[0.472s] -- Installing: /workspace/ros2_ws/install/rosbridge_server/share/rosbridge_server/environment/ament_prefix_path.sh
[0.472s] -- Installing: /workspace/ros2_ws/install/rosbridge_server/share/rosbridge_server/environment/ament_prefix_path.dsv
[0.472s] -- Installing: /workspace/ros2_ws/install/rosbridge_server/share/rosbridge_server/environment/path.sh
[0.473s] -- Installing: /workspace/ros2_ws/install/rosbridge_server/share/rosbridge_server/environment/path.dsv
[0.473s] -- Installing: /workspace/ros2_ws/install/rosbridge_server/share/rosbridge_server/local_setup.bash
[0.473s] -- Installing: /workspace/ros2_ws/install/rosbridge_server/share/rosbridge_server/local_setup.sh
[0.473s] -- Installing: /workspace/ros2_ws/install/rosbridge_server/share/rosbridge_server/local_setup.zsh
[0.473s] -- Installing: /workspace/ros2_ws/install/rosbridge_server/share/rosbridge_server/local_setup.dsv
[0.473s] -- Installing: /workspace/ros2_ws/install/rosbridge_server/share/rosbridge_server/package.dsv
[0.473s] -- Installing: /workspace/ros2_ws/install/rosbridge_server/share/ament_index/resource_index/packages/rosbridge_server
[0.473s] -- Installing: /workspace/ros2_ws/install/rosbridge_server/share/rosbridge_server/cmake/rosbridge_serverConfig.cmake
[0.473s] -- Installing: /workspace/ros2_ws/install/rosbridge_server/share/rosbridge_server/cmake/rosbridge_serverConfig-version.cmake
[0.473s] -- Installing: /workspace/ros2_ws/install/rosbridge_server/share/rosbridge_server/package.xml
[0.473s] -- Installing: /workspace/ros2_ws/install/rosbridge_server/lib/rosbridge_server/rosbridge_websocket.py
[0.473s] -- Installing: /workspace/ros2_ws/install/rosbridge_server/lib/rosbridge_server/rosbridge_websocket
[0.474s] -- Installing: /workspace/ros2_ws/install/rosbridge_server/share/rosbridge_server/launch/rosbridge_websocket_launch.xml
[0.477s] Invoked command in '/workspace/ros2_ws/build/rosbridge_server' returned '0': AMENT_PREFIX_PATH=/workspace/ros2_ws/install/rosapi:/workspace/ros2_ws/install/rosbridge_library:/workspace/ros2_ws/install/rosbridge_test_msgs:/workspace/ros2_ws/install/rosbridge_msgs:/workspace/ros2_ws/install/rosapi_msgs:${AMENT_PREFIX_PATH} CMAKE_PREFIX_PATH=/workspace/ros2_ws/install/rosapi:/workspace/ros2_ws/install/rosbridge_library:/workspace/ros2_ws/install/rosbridge_test_msgs:/workspace/ros2_ws/install/rosbridge_msgs:/workspace/ros2_ws/install/rosapi_msgs:/opt/ros/eloquent LD_LIBRARY_PATH=/workspace/ros2_ws/install/rosbridge_test_msgs/lib:/workspace/ros2_ws/install/rosbridge_msgs/lib:/workspace/ros2_ws/install/rosapi_msgs/lib:${LD_LIBRARY_PATH} PYTHONPATH=/workspace/ros2_ws/install/rosapi/lib/python3.6/site-packages:/workspace/ros2_ws/install/rosbridge_library/lib/python3.6/site-packages:/workspace/ros2_ws/install/rosbridge_test_msgs/lib/python3.6/site-packages:/workspace/ros2_ws/install/rosbridge_msgs/lib/python3.6/site-packages:/workspace/ros2_ws/install/rosapi_msgs/lib/python3.6/site-packages:${PYTHONPATH} /usr/bin/cmake --build /workspace/ros2_ws/build/rosbridge_server --target install -- -j32 -l32
