[0.015s] Invoking command in '/workspace/ros2_ws/build/rosbridge_library': AMENT_PREFIX_PATH=/workspace/ros2_ws/install/rosbridge_test_msgs:${AMENT_PREFIX_PATH} CMAKE_PREFIX_PATH=/workspace/ros2_ws/install/rosbridge_test_msgs:/opt/ros/eloquent LD_LIBRARY_PATH=/workspace/ros2_ws/install/rosbridge_test_msgs/lib:${LD_LIBRARY_PATH} PYTHONPATH=/workspace/ros2_ws/install/rosbridge_test_msgs/lib/python3.6/site-packages:${PYTHONPATH} /usr/bin/cmake /workspace/ros2_ws/src/rosbridge_suite/rosbridge_library -DCMAKE_INSTALL_PREFIX=/workspace/ros2_ws/install/rosbridge_library
[0.071s] -- The C compiler identification is GNU 7.5.0
[0.114s] -- The CXX compiler identification is GNU 7.5.0
[0.116s] -- Check for working C compiler: /usr/bin/cc
[0.199s] -- Check for working C compiler: /usr/bin/cc -- works
[0.200s] -- Detecting C compiler ABI info
[0.265s] -- Detecting C compiler ABI info - done
[0.268s] -- Detecting C compile features
[0.496s] -- Detecting C compile features - done
[0.497s] -- Check for working CXX compiler: /usr/bin/c++
[0.581s] -- Check for working CXX compiler: /usr/bin/c++ -- works
[0.582s] -- Detecting CXX compiler ABI info
[0.669s] -- Detecting CXX compiler ABI info - done
[0.673s] -- Detecting CXX compile features
[0.998s] -- Detecting CXX compile features - done
[0.999s] -- Found ament_cmake_ros: 0.8.0 (/opt/ros/eloquent/share/ament_cmake_ros/cmake)
[1.031s] -- Found PythonInterp: /usr/bin/python3 (found suitable version "3.6.9", minimum required is "3") 
[1.031s] -- Using PYTHON_EXECUTABLE: /usr/bin/python3
[1.863s] -- Configuring done
[1.865s] -- Generating done
[1.865s] -- Build files have been written to: /workspace/ros2_ws/build/rosbridge_library
[1.869s] Invoked command in '/workspace/ros2_ws/build/rosbridge_library' returned '0': AMENT_PREFIX_PATH=/workspace/ros2_ws/install/rosbridge_test_msgs:${AMENT_PREFIX_PATH} CMAKE_PREFIX_PATH=/workspace/ros2_ws/install/rosbridge_test_msgs:/opt/ros/eloquent LD_LIBRARY_PATH=/workspace/ros2_ws/install/rosbridge_test_msgs/lib:${LD_LIBRARY_PATH} PYTHONPATH=/workspace/ros2_ws/install/rosbridge_test_msgs/lib/python3.6/site-packages:${PYTHONPATH} /usr/bin/cmake /workspace/ros2_ws/src/rosbridge_suite/rosbridge_library -DCMAKE_INSTALL_PREFIX=/workspace/ros2_ws/install/rosbridge_library
[1.870s] Invoking command in '/workspace/ros2_ws/build/rosbridge_library': AMENT_PREFIX_PATH=/workspace/ros2_ws/install/rosbridge_test_msgs:${AMENT_PREFIX_PATH} CMAKE_PREFIX_PATH=/workspace/ros2_ws/install/rosbridge_test_msgs:/opt/ros/eloquent LD_LIBRARY_PATH=/workspace/ros2_ws/install/rosbridge_test_msgs/lib:${LD_LIBRARY_PATH} PYTHONPATH=/workspace/ros2_ws/install/rosbridge_test_msgs/lib/python3.6/site-packages:${PYTHONPATH} /usr/bin/cmake --build /workspace/ros2_ws/build/rosbridge_library -- -j32 -l32
[1.915s] Invoked command in '/workspace/ros2_ws/build/rosbridge_library' returned '0': AMENT_PREFIX_PATH=/workspace/ros2_ws/install/rosbridge_test_msgs:${AMENT_PREFIX_PATH} CMAKE_PREFIX_PATH=/workspace/ros2_ws/install/rosbridge_test_msgs:/opt/ros/eloquent LD_LIBRARY_PATH=/workspace/ros2_ws/install/rosbridge_test_msgs/lib:${LD_LIBRARY_PATH} PYTHONPATH=/workspace/ros2_ws/install/rosbridge_test_msgs/lib/python3.6/site-packages:${PYTHONPATH} /usr/bin/cmake --build /workspace/ros2_ws/build/rosbridge_library -- -j32 -l32
[1.956s] Invoking command in '/workspace/ros2_ws/build/rosbridge_library': AMENT_PREFIX_PATH=/workspace/ros2_ws/install/rosbridge_test_msgs:${AMENT_PREFIX_PATH} CMAKE_PREFIX_PATH=/workspace/ros2_ws/install/rosbridge_test_msgs:/opt/ros/eloquent LD_LIBRARY_PATH=/workspace/ros2_ws/install/rosbridge_test_msgs/lib:${LD_LIBRARY_PATH} PYTHONPATH=/workspace/ros2_ws/install/rosbridge_test_msgs/lib/python3.6/site-packages:${PYTHONPATH} /usr/bin/cmake --build /workspace/ros2_ws/build/rosbridge_library --target install -- -j32 -l32
[2.013s] [36mInstall the project...[0m
[2.019s] -- Install configuration: ""
[2.019s] -- Installing: /workspace/ros2_ws/install/rosbridge_library/share/rosbridge_library/environment/pythonpath.sh
[2.019s] -- Installing: /workspace/ros2_ws/install/rosbridge_library/share/rosbridge_library/environment/pythonpath.dsv
[2.020s] -- Installing: /workspace/ros2_ws/install/rosbridge_library/lib/python3.6/site-packages/rosbridge_library
[2.020s] -- Installing: /workspace/ros2_ws/install/rosbridge_library/lib/python3.6/site-packages/rosbridge_library/capabilities
[2.020s] -- Installing: /workspace/ros2_ws/install/rosbridge_library/lib/python3.6/site-packages/rosbridge_library/capabilities/advertise_action.py
[2.020s] -- Installing: /workspace/ros2_ws/install/rosbridge_library/lib/python3.6/site-packages/rosbridge_library/capabilities/subscribe.py
[2.020s] -- Installing: /workspace/ros2_ws/install/rosbridge_library/lib/python3.6/site-packages/rosbridge_library/capabilities/advertise_service.py
[2.020s] -- Installing: /workspace/ros2_ws/install/rosbridge_library/lib/python3.6/site-packages/rosbridge_library/capabilities/action_result.py
[2.020s] -- Installing: /workspace/ros2_ws/install/rosbridge_library/lib/python3.6/site-packages/rosbridge_library/capabilities/unadvertise_action.py
[2.020s] -- Installing: /workspace/ros2_ws/install/rosbridge_library/lib/python3.6/site-packages/rosbridge_library/capabilities/fragmentation.py
[2.020s] -- Installing: /workspace/ros2_ws/install/rosbridge_library/lib/python3.6/site-packages/rosbridge_library/capabilities/publish.py
[2.020s] -- Installing: /workspace/ros2_ws/install/rosbridge_library/lib/python3.6/site-packages/rosbridge_library/capabilities/action_feedback.py
[2.020s] -- Installing: /workspace/ros2_ws/install/rosbridge_library/lib/python3.6/site-packages/rosbridge_library/capabilities/unadvertise_service.py
[2.020s] -- Installing: /workspace/ros2_ws/install/rosbridge_library/lib/python3.6/site-packages/rosbridge_library/capabilities/service_response.py
[2.020s] -- Installing: /workspace/ros2_ws/install/rosbridge_library/lib/python3.6/site-packages/rosbridge_library/capabilities/advertise.py
[2.020s] -- Installing: /workspace/ros2_ws/install/rosbridge_library/lib/python3.6/site-packages/rosbridge_library/capabilities/defragmentation.py
[2.021s] -- Installing: /workspace/ros2_ws/install/rosbridge_library/lib/python3.6/site-packages/rosbridge_library/capabilities/send_action_goal.py
[2.021s] -- Installing: /workspace/ros2_ws/install/rosbridge_library/lib/python3.6/site-packages/rosbridge_library/capabilities/__init__.py
[2.021s] -- Installing: /workspace/ros2_ws/install/rosbridge_library/lib/python3.6/site-packages/rosbridge_library/capabilities/call_service.py
[2.021s] -- Installing: /workspace/ros2_ws/install/rosbridge_library/lib/python3.6/site-packages/rosbridge_library/internal
[2.021s] -- Installing: /workspace/ros2_ws/install/rosbridge_library/lib/python3.6/site-packages/rosbridge_library/internal/actions.py
[2.021s] -- Installing: /workspace/ros2_ws/install/rosbridge_library/lib/python3.6/site-packages/rosbridge_library/internal/services.py
[2.021s] -- Installing: /workspace/ros2_ws/install/rosbridge_library/lib/python3.6/site-packages/rosbridge_library/internal/outgoing_message.py
[2.021s] -- Installing: /workspace/ros2_ws/install/rosbridge_library/lib/python3.6/site-packages/rosbridge_library/internal/message_conversion.py
[2.021s] -- Installing: /workspace/ros2_ws/install/rosbridge_library/lib/python3.6/site-packages/rosbridge_library/internal/publishers.py
[2.021s] -- Installing: /workspace/ros2_ws/install/rosbridge_library/lib/python3.6/site-packages/rosbridge_library/internal/exceptions.py
[2.021s] -- Installing: /workspace/ros2_ws/install/rosbridge_library/lib/python3.6/site-packages/rosbridge_library/internal/subscribers.py
[2.021s] -- Installing: /workspace/ros2_ws/install/rosbridge_library/lib/python3.6/site-packages/rosbridge_library/internal/ros_loader.py
[2.021s] -- Installing: /workspace/ros2_ws/install/rosbridge_library/lib/python3.6/site-packages/rosbridge_library/internal/topics.py
[2.021s] -- Installing: /workspace/ros2_ws/install/rosbridge_library/lib/python3.6/site-packages/rosbridge_library/internal/pngcompression.py
[2.021s] -- Installing: /workspace/ros2_ws/install/rosbridge_library/lib/python3.6/site-packages/rosbridge_library/internal/__init__.py
[2.021s] -- Installing: /workspace/ros2_ws/install/rosbridge_library/lib/python3.6/site-packages/rosbridge_library/internal/cbor_conversion.py
[2.021s] -- Installing: /workspace/ros2_ws/install/rosbridge_library/lib/python3.6/site-packages/rosbridge_library/internal/subscription_modifiers.py
[2.021s] -- Installing: /workspace/ros2_ws/install/rosbridge_library/lib/python3.6/site-packages/rosbridge_library/util
[2.021s] -- Installing: /workspace/ros2_ws/install/rosbridge_library/lib/python3.6/site-packages/rosbridge_library/util/cbor.py
[2.021s] -- Installing: /workspace/ros2_ws/install/rosbridge_library/lib/python3.6/site-packages/rosbridge_library/util/ros.py
[2.021s] -- Installing: /workspace/ros2_ws/install/rosbridge_library/lib/python3.6/site-packages/rosbridge_library/util/__init__.py
[2.021s] -- Installing: /workspace/ros2_ws/install/rosbridge_library/lib/python3.6/site-packages/rosbridge_library/protocol.py
[2.021s] -- Installing: /workspace/ros2_ws/install/rosbridge_library/lib/python3.6/site-packages/rosbridge_library/rosbridge_protocol.py
[2.022s] -- Installing: /workspace/ros2_ws/install/rosbridge_library/lib/python3.6/site-packages/rosbridge_library/capability.py
[2.022s] -- Installing: /workspace/ros2_ws/install/rosbridge_library/lib/python3.6/site-packages/rosbridge_library/__init__.py
[2.068s] Listing '/workspace/ros2_ws/install/rosbridge_library/lib/python3.6/site-packages/rosbridge_library'...
[2.068s] Compiling '/workspace/ros2_ws/install/rosbridge_library/lib/python3.6/site-packages/rosbridge_library/__init__.py'...
[2.068s] Listing '/workspace/ros2_ws/install/rosbridge_library/lib/python3.6/site-packages/rosbridge_library/capabilities'...
[2.068s] Compiling '/workspace/ros2_ws/install/rosbridge_library/lib/python3.6/site-packages/rosbridge_library/capabilities/__init__.py'...
[2.068s] Compiling '/workspace/ros2_ws/install/rosbridge_library/lib/python3.6/site-packages/rosbridge_library/capabilities/action_feedback.py'...
[2.068s] Compiling '/workspace/ros2_ws/install/rosbridge_library/lib/python3.6/site-packages/rosbridge_library/capabilities/action_result.py'...
[2.068s] Compiling '/workspace/ros2_ws/install/rosbridge_library/lib/python3.6/site-packages/rosbridge_library/capabilities/advertise.py'...
[2.068s] Compiling '/workspace/ros2_ws/install/rosbridge_library/lib/python3.6/site-packages/rosbridge_library/capabilities/advertise_action.py'...
[2.068s] Compiling '/workspace/ros2_ws/install/rosbridge_library/lib/python3.6/site-packages/rosbridge_library/capabilities/advertise_service.py'...
[2.068s] Compiling '/workspace/ros2_ws/install/rosbridge_library/lib/python3.6/site-packages/rosbridge_library/capabilities/call_service.py'...
[2.068s] Compiling '/workspace/ros2_ws/install/rosbridge_library/lib/python3.6/site-packages/rosbridge_library/capabilities/defragmentation.py'...
[2.068s] Compiling '/workspace/ros2_ws/install/rosbridge_library/lib/python3.6/site-packages/rosbridge_library/capabilities/fragmentation.py'...
[2.068s] Compiling '/workspace/ros2_ws/install/rosbridge_library/lib/python3.6/site-packages/rosbridge_library/capabilities/publish.py'...
[2.068s] Compiling '/workspace/ros2_ws/install/rosbridge_library/lib/python3.6/site-packages/rosbridge_library/capabilities/send_action_goal.py'...
[2.068s] Compiling '/workspace/ros2_ws/install/rosbridge_library/lib/python3.6/site-packages/rosbridge_library/capabilities/service_response.py'...
[2.068s] Compiling '/workspace/ros2_ws/install/rosbridge_library/lib/python3.6/site-packages/rosbridge_library/capabilities/subscribe.py'...
[2.068s] Compiling '/workspace/ros2_ws/install/rosbridge_library/lib/python3.6/site-packages/rosbridge_library/capabilities/unadvertise_action.py'...
[2.068s] Compiling '/workspace/ros2_ws/install/rosbridge_library/lib/python3.6/site-packages/rosbridge_library/capabilities/unadvertise_service.py'...
[2.069s] Compiling '/workspace/ros2_ws/install/rosbridge_library/lib/python3.6/site-packages/rosbridge_library/capability.py'...
[2.069s] Listing '/workspace/ros2_ws/install/rosbridge_library/lib/python3.6/site-packages/rosbridge_library/internal'...
[2.069s] Compiling '/workspace/ros2_ws/install/rosbridge_library/lib/python3.6/site-packages/rosbridge_library/internal/__init__.py'...
[2.069s] Compiling '/workspace/ros2_ws/install/rosbridge_library/lib/python3.6/site-packages/rosbridge_library/internal/actions.py'...
[2.069s] Compiling '/workspace/ros2_ws/install/rosbridge_library/lib/python3.6/site-packages/rosbridge_library/internal/cbor_conversion.py'...
[2.069s] Compiling '/workspace/ros2_ws/install/rosbridge_library/lib/python3.6/site-packages/rosbridge_library/internal/exceptions.py'...
[2.069s] Compiling '/workspace/ros2_ws/install/rosbridge_library/lib/python3.6/site-packages/rosbridge_library/internal/message_conversion.py'...
[2.069s] Compiling '/workspace/ros2_ws/install/rosbridge_library/lib/python3.6/site-packages/rosbridge_library/internal/outgoing_message.py'...
[2.069s] Compiling '/workspace/ros2_ws/install/rosbridge_library/lib/python3.6/site-packages/rosbridge_library/internal/pngcompression.py'...
[2.069s] Compiling '/workspace/ros2_ws/install/rosbridge_library/lib/python3.6/site-packages/rosbridge_library/internal/publishers.py'...
[2.069s] Compiling '/workspace/ros2_ws/install/rosbridge_library/lib/python3.6/site-packages/rosbridge_library/internal/ros_loader.py'...
[2.069s] Compiling '/workspace/ros2_ws/install/rosbridge_library/lib/python3.6/site-packages/rosbridge_library/internal/services.py'...
[2.069s] Compiling '/workspace/ros2_ws/install/rosbridge_library/lib/python3.6/site-packages/rosbridge_library/internal/subscribers.py'...
[2.069s] Compiling '/workspace/ros2_ws/install/rosbridge_library/lib/python3.6/site-packages/rosbridge_library/internal/subscription_modifiers.py'...
[2.069s] Compiling '/workspace/ros2_ws/install/rosbridge_library/lib/python3.6/site-packages/rosbridge_library/internal/topics.py'...
[2.069s] Compiling '/workspace/ros2_ws/install/rosbridge_library/lib/python3.6/site-packages/rosbridge_library/protocol.py'...
[2.069s] Compiling '/workspace/ros2_ws/install/rosbridge_library/lib/python3.6/site-packages/rosbridge_library/rosbridge_protocol.py'...
[2.069s] Listing '/workspace/ros2_ws/install/rosbridge_library/lib/python3.6/site-packages/rosbridge_library/util'...
[2.069s] Compiling '/workspace/ros2_ws/install/rosbridge_library/lib/python3.6/site-packages/rosbridge_library/util/__init__.py'...
[2.069s] Compiling '/workspace/ros2_ws/install/rosbridge_library/lib/python3.6/site-packages/rosbridge_library/util/cbor.py'...
[2.069s] Compiling '/workspace/ros2_ws/install/rosbridge_library/lib/python3.6/site-packages/rosbridge_library/util/ros.py'...
[2.071s] -- Installing: /workspace/ros2_ws/install/rosbridge_library/share/ament_index/resource_index/package_run_dependencies/rosbridge_library
[2.071s] -- Installing: /workspace/ros2_ws/install/rosbridge_library/share/ament_index/resource_index/parent_prefix_path/rosbridge_library
[2.071s] -- Installing: /workspace/ros2_ws/install/rosbridge_library/share/rosbridge_library/environment/ament_prefix_path.sh
[2.071s] -- Installing: /workspace/ros2_ws/install/rosbridge_library/share/rosbridge_library/environment/ament_prefix_path.dsv
[2.071s] -- Installing: /workspace/ros2_ws/install/rosbridge_library/share/rosbridge_library/environment/path.sh
[2.071s] -- Installing: /workspace/ros2_ws/install/rosbridge_library/share/rosbridge_library/environment/path.dsv
[2.071s] -- Installing: /workspace/ros2_ws/install/rosbridge_library/share/rosbridge_library/local_setup.bash
[2.071s] -- Installing: /workspace/ros2_ws/install/rosbridge_library/share/rosbridge_library/local_setup.sh
[2.071s] -- Installing: /workspace/ros2_ws/install/rosbridge_library/share/rosbridge_library/local_setup.zsh
[2.071s] -- Installing: /workspace/ros2_ws/install/rosbridge_library/share/rosbridge_library/local_setup.dsv
[2.071s] -- Installing: /workspace/ros2_ws/install/rosbridge_library/share/rosbridge_library/package.dsv
[2.071s] -- Installing: /workspace/ros2_ws/install/rosbridge_library/share/ament_index/resource_index/packages/rosbridge_library
[2.071s] -- Installing: /workspace/ros2_ws/install/rosbridge_library/share/rosbridge_library/cmake/rosbridge_libraryConfig.cmake
[2.071s] -- Installing: /workspace/ros2_ws/install/rosbridge_library/share/rosbridge_library/cmake/rosbridge_libraryConfig-version.cmake
[2.071s] -- Installing: /workspace/ros2_ws/install/rosbridge_library/share/rosbridge_library/package.xml
[2.074s] Invoked command in '/workspace/ros2_ws/build/rosbridge_library' returned '0': AMENT_PREFIX_PATH=/workspace/ros2_ws/install/rosbridge_test_msgs:${AMENT_PREFIX_PATH} CMAKE_PREFIX_PATH=/workspace/ros2_ws/install/rosbridge_test_msgs:/opt/ros/eloquent LD_LIBRARY_PATH=/workspace/ros2_ws/install/rosbridge_test_msgs/lib:${LD_LIBRARY_PATH} PYTHONPATH=/workspace/ros2_ws/install/rosbridge_test_msgs/lib/python3.6/site-packages:${PYTHONPATH} /usr/bin/cmake --build /workspace/ros2_ws/build/rosbridge_library --target install -- -j32 -l32
