-- The C compiler identification is GNU 7.5.0
-- The CXX compiler identification is GNU 7.5.0
-- Check for working C compiler: /usr/bin/cc
-- Check for working C compiler: /usr/bin/cc -- works
-- Detecting C compiler ABI info
-- Detecting C compiler ABI info - done
-- Detecting C compile features
-- Detecting C compile features - done
-- Check for working CXX compiler: /usr/bin/c++
-- Check for working CXX compiler: /usr/bin/c++ -- works
-- Detecting CXX compiler ABI info
-- Detecting CXX compiler ABI info - done
-- Detecting CXX compile features
-- Detecting CXX compile features - done
-- Found ament_cmake: 0.8.3 (/opt/ros/eloquent/share/ament_cmake/cmake)
-- Found PythonInterp: /usr/bin/python3 (found suitable version "3.6.9", minimum required is "3") 
-- Using PYTHON_EXECUTABLE: /usr/bin/python3
-- Found rclcpp: 0.8.5 (/opt/ros/eloquent/share/rclcpp/cmake)
-- Found rosidl_adapter: 0.8.3 (/opt/ros/eloquent/share/rosidl_adapter/cmake)
-- Found rmw_implementation_cmake: 0.8.1 (/opt/ros/eloquent/share/rmw_implementation_cmake/cmake)
-- Using RMW implementation 'rmw_fastrtps_cpp' as default
-- Looking for pthread.h
-- Looking for pthread.h - found
-- Looking for pthread_create
-- Looking for pthread_create - not found
-- Looking for pthread_create in pthreads
-- Looking for pthread_create in pthreads - not found
-- Looking for pthread_create in pthread
-- Looking for pthread_create in pthread - found
-- Found Threads: TRUE  
-- Found sensor_msgs: 0.8.1 (/opt/ros/eloquent/share/sensor_msgs/cmake)
-- Found cv_bridge: 2.1.4 (/opt/ros/eloquent/share/cv_bridge/cmake)
-- Found OpenCV: /usr (found version "3.2.0") 
-- Found ament_lint_auto: 0.8.2 (/opt/ros/eloquent/share/ament_lint_auto/cmake)
-- Added test 'copyright' to check for copyright in CMake / C / C++ / Python code
-- Added test 'cppcheck' to perform static code analysis on C / C++ code
-- Configured cppcheck include dirs: 
-- Added test 'cpplint' to check C / C++ code against the Google style
-- Added test 'flake8' to check Python code syntax and style conventions
-- Added test 'lint_cmake' to check CMake code style
-- Added test 'pep257' to check Python code against some of the style conventions in PEP 257
-- Added test 'uncrustify' to check C / C++ code style
-- Added test 'xmllint' to check XML markup files
-- Configuring done
-- Generating done
-- Build files have been written to: /workspace/ros2_ws/build/inference_webcam
[36mInstall the project...[0m
-- Install configuration: ""
-- Installing: /workspace/ros2_ws/install/inference_webcam/share/inference_webcam/launch
-- Installing: /workspace/ros2_ws/install/inference_webcam/share/inference_webcam/launch/inference.launch.py
-- Installing: /workspace/ros2_ws/install/inference_webcam/share/inference_webcam/scripts
-- Installing: /workspace/ros2_ws/install/inference_webcam/share/inference_webcam/scripts/EfficientPose
-- Installing: /workspace/ros2_ws/install/inference_webcam/share/inference_webcam/scripts/EfficientPose/tfkeras.py
-- Installing: /workspace/ros2_ws/install/inference_webcam/share/inference_webcam/scripts/EfficientPose/layers_vanilla_effdet.py
-- Installing: /workspace/ros2_ws/install/inference_webcam/share/inference_webcam/scripts/EfficientPose/custom_load_weights.py
-- Installing: /workspace/ros2_ws/install/inference_webcam/share/inference_webcam/scripts/EfficientPose/figures
-- Installing: /workspace/ros2_ws/install/inference_webcam/share/inference_webcam/scripts/EfficientPose/figures/title_figure_repo.png
-- Installing: /workspace/ros2_ws/install/inference_webcam/share/inference_webcam/scripts/EfficientPose/efficientnet.py
-- Installing: /workspace/ros2_ws/install/inference_webcam/share/inference_webcam/scripts/EfficientPose/evaluate.py
-- Installing: /workspace/ros2_ws/install/inference_webcam/share/inference_webcam/scripts/EfficientPose/generate_masks.py
-- Installing: /workspace/ros2_ws/install/inference_webcam/share/inference_webcam/scripts/EfficientPose/utils
-- Installing: /workspace/ros2_ws/install/inference_webcam/share/inference_webcam/scripts/EfficientPose/utils/calc_min_distances.h
-- Installing: /workspace/ros2_ws/install/inference_webcam/share/inference_webcam/scripts/EfficientPose/utils/colors.py
-- Installing: /workspace/ros2_ws/install/inference_webcam/share/inference_webcam/scripts/EfficientPose/utils/image.py
-- Installing: /workspace/ros2_ws/install/inference_webcam/share/inference_webcam/scripts/EfficientPose/utils/compute_overlap.pyx
-- Installing: /workspace/ros2_ws/install/inference_webcam/share/inference_webcam/scripts/EfficientPose/utils/anchors.py
-- Installing: /workspace/ros2_ws/install/inference_webcam/share/inference_webcam/scripts/EfficientPose/utils/visualization.py
-- Installing: /workspace/ros2_ws/install/inference_webcam/share/inference_webcam/scripts/EfficientPose/utils/__init__.py
-- Installing: /workspace/ros2_ws/install/inference_webcam/share/inference_webcam/scripts/EfficientPose/benchmark_runtime.py
-- Installing: /workspace/ros2_ws/install/inference_webcam/share/inference_webcam/scripts/EfficientPose/inference.py
-- Installing: /workspace/ros2_ws/install/inference_webcam/share/inference_webcam/scripts/EfficientPose/losses.py
-- Installing: /workspace/ros2_ws/install/inference_webcam/share/inference_webcam/scripts/EfficientPose/LICENSE
-- Installing: /workspace/ros2_ws/install/inference_webcam/share/inference_webcam/scripts/EfficientPose/.git
-- Installing: /workspace/ros2_ws/install/inference_webcam/share/inference_webcam/scripts/EfficientPose/.git/info
-- Installing: /workspace/ros2_ws/install/inference_webcam/share/inference_webcam/scripts/EfficientPose/.git/info/exclude
-- Installing: /workspace/ros2_ws/install/inference_webcam/share/inference_webcam/scripts/EfficientPose/.git/HEAD
-- Installing: /workspace/ros2_ws/install/inference_webcam/share/inference_webcam/scripts/EfficientPose/.git/refs
-- Installing: /workspace/ros2_ws/install/inference_webcam/share/inference_webcam/scripts/EfficientPose/.git/refs/tags
-- Installing: /workspace/ros2_ws/install/inference_webcam/share/inference_webcam/scripts/EfficientPose/.git/refs/heads
-- Installing: /workspace/ros2_ws/install/inference_webcam/share/inference_webcam/scripts/EfficientPose/.git/refs/heads/main
-- Installing: /workspace/ros2_ws/install/inference_webcam/share/inference_webcam/scripts/EfficientPose/.git/refs/remotes
-- Installing: /workspace/ros2_ws/install/inference_webcam/share/inference_webcam/scripts/EfficientPose/.git/refs/remotes/origin
-- Installing: /workspace/ros2_ws/install/inference_webcam/share/inference_webcam/scripts/EfficientPose/.git/refs/remotes/origin/HEAD
-- Installing: /workspace/ros2_ws/install/inference_webcam/share/inference_webcam/scripts/EfficientPose/.git/logs
-- Installing: /workspace/ros2_ws/install/inference_webcam/share/inference_webcam/scripts/EfficientPose/.git/logs/HEAD
-- Installing: /workspace/ros2_ws/install/inference_webcam/share/inference_webcam/scripts/EfficientPose/.git/logs/refs
-- Installing: /workspace/ros2_ws/install/inference_webcam/share/inference_webcam/scripts/EfficientPose/.git/logs/refs/heads
-- Installing: /workspace/ros2_ws/install/inference_webcam/share/inference_webcam/scripts/EfficientPose/.git/logs/refs/heads/main
-- Installing: /workspace/ros2_ws/install/inference_webcam/share/inference_webcam/scripts/EfficientPose/.git/logs/refs/remotes
-- Installing: /workspace/ros2_ws/install/inference_webcam/share/inference_webcam/scripts/EfficientPose/.git/logs/refs/remotes/origin
-- Installing: /workspace/ros2_ws/install/inference_webcam/share/inference_webcam/scripts/EfficientPose/.git/logs/refs/remotes/origin/HEAD
-- Installing: /workspace/ros2_ws/install/inference_webcam/share/inference_webcam/scripts/EfficientPose/.git/branches
-- Installing: /workspace/ros2_ws/install/inference_webcam/share/inference_webcam/scripts/EfficientPose/.git/packed-refs
-- Installing: /workspace/ros2_ws/install/inference_webcam/share/inference_webcam/scripts/EfficientPose/.git/description
-- Installing: /workspace/ros2_ws/install/inference_webcam/share/inference_webcam/scripts/EfficientPose/.git/config
-- Installing: /workspace/ros2_ws/install/inference_webcam/share/inference_webcam/scripts/EfficientPose/.git/index
-- Installing: /workspace/ros2_ws/install/inference_webcam/share/inference_webcam/scripts/EfficientPose/.git/hooks
-- Installing: /workspace/ros2_ws/install/inference_webcam/share/inference_webcam/scripts/EfficientPose/.git/hooks/fsmonitor-watchman.sample
-- Installing: /workspace/ros2_ws/install/inference_webcam/share/inference_webcam/scripts/EfficientPose/.git/hooks/pre-applypatch.sample
-- Installing: /workspace/ros2_ws/install/inference_webcam/share/inference_webcam/scripts/EfficientPose/.git/hooks/commit-msg.sample
-- Installing: /workspace/ros2_ws/install/inference_webcam/share/inference_webcam/scripts/EfficientPose/.git/hooks/pre-rebase.sample
-- Installing: /workspace/ros2_ws/install/inference_webcam/share/inference_webcam/scripts/EfficientPose/.git/hooks/applypatch-msg.sample
-- Installing: /workspace/ros2_ws/install/inference_webcam/share/inference_webcam/scripts/EfficientPose/.git/hooks/post-update.sample
-- Installing: /workspace/ros2_ws/install/inference_webcam/share/inference_webcam/scripts/EfficientPose/.git/hooks/update.sample
-- Installing: /workspace/ros2_ws/install/inference_webcam/share/inference_webcam/scripts/EfficientPose/.git/hooks/pre-push.sample
-- Installing: /workspace/ros2_ws/install/inference_webcam/share/inference_webcam/scripts/EfficientPose/.git/hooks/pre-commit.sample
-- Installing: /workspace/ros2_ws/install/inference_webcam/share/inference_webcam/scripts/EfficientPose/.git/hooks/pre-receive.sample
-- Installing: /workspace/ros2_ws/install/inference_webcam/share/inference_webcam/scripts/EfficientPose/.git/hooks/prepare-commit-msg.sample
-- Installing: /workspace/ros2_ws/install/inference_webcam/share/inference_webcam/scripts/EfficientPose/.git/objects
-- Installing: /workspace/ros2_ws/install/inference_webcam/share/inference_webcam/scripts/EfficientPose/.git/objects/46
-- Installing: /workspace/ros2_ws/install/inference_webcam/share/inference_webcam/scripts/EfficientPose/.git/objects/46/0272ece9fc8e73881f83ce42ddd05be863a68d
-- Installing: /workspace/ros2_ws/install/inference_webcam/share/inference_webcam/scripts/EfficientPose/.git/objects/d7
-- Installing: /workspace/ros2_ws/install/inference_webcam/share/inference_webcam/scripts/EfficientPose/.git/objects/d7/8dec0891559863929990a9c5f06833d2fc5b0b
-- Installing: /workspace/ros2_ws/install/inference_webcam/share/inference_webcam/scripts/EfficientPose/.git/objects/09
-- Installing: /workspace/ros2_ws/install/inference_webcam/share/inference_webcam/scripts/EfficientPose/.git/objects/09/c8b52a51511ac9c871d3bbf8d8db850f91ec3f
-- Installing: /workspace/ros2_ws/install/inference_webcam/share/inference_webcam/scripts/EfficientPose/.git/objects/92
-- Installing: /workspace/ros2_ws/install/inference_webcam/share/inference_webcam/scripts/EfficientPose/.git/objects/92/21f126278da1ea3fb86f70cd7a1e27f0e6f7a3
-- Installing: /workspace/ros2_ws/install/inference_webcam/share/inference_webcam/scripts/EfficientPose/.git/objects/0a
-- Installing: /workspace/ros2_ws/install/inference_webcam/share/inference_webcam/scripts/EfficientPose/.git/objects/0a/aa364e536797ce294571b6fb11755fd3f239b1
-- Installing: /workspace/ros2_ws/install/inference_webcam/share/inference_webcam/scripts/EfficientPose/.git/objects/0a/fa5c369bb7c530195e24caa234304b510c1f2b
-- Installing: /workspace/ros2_ws/install/inference_webcam/share/inference_webcam/scripts/EfficientPose/.git/objects/4f
-- Installing: /workspace/ros2_ws/install/inference_webcam/share/inference_webcam/scripts/EfficientPose/.git/objects/4f/cc6f9cc93771c8a786205914a9a970ad0fcf38
-- Installing: /workspace/ros2_ws/install/inference_webcam/share/inference_webcam/scripts/EfficientPose/.git/objects/23
-- Installing: /workspace/ros2_ws/install/inference_webcam/share/inference_webcam/scripts/EfficientPose/.git/objects/23/ff36a4a7dc3bb07ec1f3b7ee21eb0654efe582
-- Installing: /workspace/ros2_ws/install/inference_webcam/share/inference_webcam/scripts/EfficientPose/.git/objects/pack
-- Installing: /workspace/ros2_ws/install/inference_webcam/share/inference_webcam/scripts/EfficientPose/.git/objects/b7
-- Installing: /workspace/ros2_ws/install/inference_webcam/share/inference_webcam/scripts/EfficientPose/.git/objects/b7/55e8b7e691b3a7b756d0b300cc705de266bd38
-- Installing: /workspace/ros2_ws/install/inference_webcam/share/inference_webcam/scripts/EfficientPose/.git/objects/b7/1840d319e7a57523a6fc90eaff89e3772733ce
-- Installing: /workspace/ros2_ws/install/inference_webcam/share/inference_webcam/scripts/EfficientPose/.git/objects/9d
-- Installing: /workspace/ros2_ws/install/inference_webcam/share/inference_webcam/scripts/EfficientPose/.git/objects/9d/2c03fec443bb39aa6b1f02449b5cc3fc60dfae
-- Installing: /workspace/ros2_ws/install/inference_webcam/share/inference_webcam/scripts/EfficientPose/.git/objects/89
-- Installing: /workspace/ros2_ws/install/inference_webcam/share/inference_webcam/scripts/EfficientPose/.git/objects/89/6d2175c57a37fd81fb7c36dd71f35ccf971f73
-- Installing: /workspace/ros2_ws/install/inference_webcam/share/inference_webcam/scripts/EfficientPose/.git/objects/info
-- Installing: /workspace/ros2_ws/install/inference_webcam/share/inference_webcam/scripts/EfficientPose/.git/objects/ad
-- Installing: /workspace/ros2_ws/install/inference_webcam/share/inference_webcam/scripts/EfficientPose/.git/objects/ad/5621ac3da2c3a0924fa21772f4f980daecb873
-- Installing: /workspace/ros2_ws/install/inference_webcam/share/inference_webcam/scripts/EfficientPose/.git/objects/a3
-- Installing: /workspace/ros2_ws/install/inference_webcam/share/inference_webcam/scripts/EfficientPose/.git/objects/a3/e9902dcfe25a3631318d0d00c005842d2f75d2
-- Installing: /workspace/ros2_ws/install/inference_webcam/share/inference_webcam/scripts/EfficientPose/.git/objects/27
-- Installing: /workspace/ros2_ws/install/inference_webcam/share/inference_webcam/scripts/EfficientPose/.git/objects/27/3050b553b883e91812d1994aa7b56cfe53e977
-- Installing: /workspace/ros2_ws/install/inference_webcam/share/inference_webcam/scripts/EfficientPose/.git/objects/a4
-- Installing: /workspace/ros2_ws/install/inference_webcam/share/inference_webcam/scripts/EfficientPose/.git/objects/a4/6a59f356943b3ce210130d086d7db2a703449e
-- Installing: /workspace/ros2_ws/install/inference_webcam/share/inference_webcam/scripts/EfficientPose/.git/objects/43
-- Installing: /workspace/ros2_ws/install/inference_webcam/share/inference_webcam/scripts/EfficientPose/.git/objects/43/b243c0cf0e007f0e414602c0ec6fa2cd55bd56
-- Installing: /workspace/ros2_ws/install/inference_webcam/share/inference_webcam/scripts/EfficientPose/.git/objects/d1
-- Installing: /workspace/ros2_ws/install/inference_webcam/share/inference_webcam/scripts/EfficientPose/.git/objects/d1/8a468e53c9a80a42111b651b676a13aafcc14d
-- Installing: /workspace/ros2_ws/install/inference_webcam/share/inference_webcam/scripts/EfficientPose/.git/objects/86
-- Installing: /workspace/ros2_ws/install/inference_webcam/share/inference_webcam/scripts/EfficientPose/.git/objects/86/19f02c678e56a17bafe94f9e0e2e816fe3b1e1
-- Installing: /workspace/ros2_ws/install/inference_webcam/share/inference_webcam/scripts/EfficientPose/.git/objects/67
-- Installing: /workspace/ros2_ws/install/inference_webcam/share/inference_webcam/scripts/EfficientPose/.git/objects/67/9a922286740437be8430c304ebd9105b58f388
-- Installing: /workspace/ros2_ws/install/inference_webcam/share/inference_webcam/scripts/EfficientPose/.git/objects/b9
-- Installing: /workspace/ros2_ws/install/inference_webcam/share/inference_webcam/scripts/EfficientPose/.git/objects/b9/5cf43de02c75f41e8ee3ba20b926967402b3db
-- Installing: /workspace/ros2_ws/install/inference_webcam/share/inference_webcam/scripts/EfficientPose/.git/objects/c6
-- Installing: /workspace/ros2_ws/install/inference_webcam/share/inference_webcam/scripts/EfficientPose/.git/objects/c6/57cab45c850057a63b3605897f5195f3c4ac02
-- Installing: /workspace/ros2_ws/install/inference_webcam/share/inference_webcam/scripts/EfficientPose/.git/objects/ee
-- Installing: /workspace/ros2_ws/install/inference_webcam/share/inference_webcam/scripts/EfficientPose/.git/objects/ee/57f0230ecbfc06fe29446550c6ab5a07932b5b
-- Installing: /workspace/ros2_ws/install/inference_webcam/share/inference_webcam/scripts/EfficientPose/.git/objects/d3
-- Installing: /workspace/ros2_ws/install/inference_webcam/share/inference_webcam/scripts/EfficientPose/.git/objects/d3/16aaa775fd952e4ff714486a0a40a5bb5679ae
-- Installing: /workspace/ros2_ws/install/inference_webcam/share/inference_webcam/scripts/EfficientPose/.git/objects/5b
-- Installing: /workspace/ros2_ws/install/inference_webcam/share/inference_webcam/scripts/EfficientPose/.git/objects/5b/e8a1a5bf5b1b2cca667364ec8012a7ca961dd6
-- Installing: /workspace/ros2_ws/install/inference_webcam/share/inference_webcam/scripts/EfficientPose/.git/objects/22
-- Installing: /workspace/ros2_ws/install/inference_webcam/share/inference_webcam/scripts/EfficientPose/.git/objects/22/a8d097d791861f7e2e2c9531d504890d946c47
-- Installing: /workspace/ros2_ws/install/inference_webcam/share/inference_webcam/scripts/EfficientPose/.git/objects/22/0d35a405c0622b6bd95b25d974ba0e22bc78cd
-- Installing: /workspace/ros2_ws/install/inference_webcam/share/inference_webcam/scripts/EfficientPose/.git/objects/de
-- Installing: /workspace/ros2_ws/install/inference_webcam/share/inference_webcam/scripts/EfficientPose/.git/objects/de/8b5264aead7cd7a66f41e3f9f5c3728f7a6b62
-- Installing: /workspace/ros2_ws/install/inference_webcam/share/inference_webcam/scripts/EfficientPose/.git/objects/70
-- Installing: /workspace/ros2_ws/install/inference_webcam/share/inference_webcam/scripts/EfficientPose/.git/objects/70/7134dc8f238bfc12a1fcb77400abee9990d0b0
-- Installing: /workspace/ros2_ws/install/inference_webcam/share/inference_webcam/scripts/EfficientPose/.git/objects/91
-- Installing: /workspace/ros2_ws/install/inference_webcam/share/inference_webcam/scripts/EfficientPose/.git/objects/91/7ca4db0085bb917063d76f10842bccc5acdeef
-- Installing: /workspace/ros2_ws/install/inference_webcam/share/inference_webcam/scripts/EfficientPose/.git/objects/cb
-- Installing: /workspace/ros2_ws/install/inference_webcam/share/inference_webcam/scripts/EfficientPose/.git/objects/cb/27db7eec91e52cc385e29097e5f0254f3f2283
-- Installing: /workspace/ros2_ws/install/inference_webcam/share/inference_webcam/scripts/EfficientPose/.git/objects/98
-- Installing: /workspace/ros2_ws/install/inference_webcam/share/inference_webcam/scripts/EfficientPose/.git/objects/98/01b757f1908926b82874b0a98a00366e97ed42
-- Installing: /workspace/ros2_ws/install/inference_webcam/share/inference_webcam/scripts/EfficientPose/.git/objects/95
-- Installing: /workspace/ros2_ws/install/inference_webcam/share/inference_webcam/scripts/EfficientPose/.git/objects/95/aad18082c9dd86660703852d3a44d7c6638a71
-- Installing: /workspace/ros2_ws/install/inference_webcam/share/inference_webcam/scripts/EfficientPose/.git/objects/eb
-- Installing: /workspace/ros2_ws/install/inference_webcam/share/inference_webcam/scripts/EfficientPose/.git/objects/eb/6b33deb26cc91d937a6f54c958bd5f5df89456
-- Installing: /workspace/ros2_ws/install/inference_webcam/share/inference_webcam/scripts/EfficientPose/.git/objects/5f
-- Installing: /workspace/ros2_ws/install/inference_webcam/share/inference_webcam/scripts/EfficientPose/.git/objects/5f/c0dd9f3ea8cc4fb126e245e336214a2ed67a17
-- Installing: /workspace/ros2_ws/install/inference_webcam/share/inference_webcam/scripts/EfficientPose/.git/objects/41
-- Installing: /workspace/ros2_ws/install/inference_webcam/share/inference_webcam/scripts/EfficientPose/.git/objects/41/8a49f560981f949b8cbdb4da7c48fd772444a3
-- Installing: /workspace/ros2_ws/install/inference_webcam/share/inference_webcam/scripts/EfficientPose/.git/objects/8c
-- Installing: /workspace/ros2_ws/install/inference_webcam/share/inference_webcam/scripts/EfficientPose/.git/objects/8c/78dcacc25be7754cf3fb467ea195ff92743b26
-- Installing: /workspace/ros2_ws/install/inference_webcam/share/inference_webcam/scripts/EfficientPose/.git/objects/da
-- Installing: /workspace/ros2_ws/install/inference_webcam/share/inference_webcam/scripts/EfficientPose/.git/objects/da/1913ee9fb7177da13f3b185bbae034f821d13e
-- Installing: /workspace/ros2_ws/install/inference_webcam/share/inference_webcam/scripts/EfficientPose/.git/objects/8e
-- Installing: /workspace/ros2_ws/install/inference_webcam/share/inference_webcam/scripts/EfficientPose/.git/objects/8e/f8410aae940e16d258d5a532a2c90a8fde1d2c
-- Installing: /workspace/ros2_ws/install/inference_webcam/share/inference_webcam/scripts/EfficientPose/.git/objects/50
-- Installing: /workspace/ros2_ws/install/inference_webcam/share/inference_webcam/scripts/EfficientPose/.git/objects/50/b058eae4ca202cd324dcbb0e2beea28006e60d
-- Installing: /workspace/ros2_ws/install/inference_webcam/share/inference_webcam/scripts/EfficientPose/.git/objects/50/8acfa4f6ab53f933e06249bc4b0838c1ba5b93
-- Installing: /workspace/ros2_ws/install/inference_webcam/share/inference_webcam/scripts/EfficientPose/.git/objects/0c
-- Installing: /workspace/ros2_ws/install/inference_webcam/share/inference_webcam/scripts/EfficientPose/.git/objects/0c/52a46895538695fee951af9e4e47c914763a98
-- Installing: /workspace/ros2_ws/install/inference_webcam/share/inference_webcam/scripts/EfficientPose/.git/objects/7c
-- Installing: /workspace/ros2_ws/install/inference_webcam/share/inference_webcam/scripts/EfficientPose/.git/objects/7c/29169888c6fd4f449eec16f98cb184cea56371
-- Installing: /workspace/ros2_ws/install/inference_webcam/share/inference_webcam/scripts/EfficientPose/.git/objects/af
-- Installing: /workspace/ros2_ws/install/inference_webcam/share/inference_webcam/scripts/EfficientPose/.git/objects/af/91b9f55b09c437bea135cbd5898726052b6049
-- Installing: /workspace/ros2_ws/install/inference_webcam/share/inference_webcam/scripts/EfficientPose/.git/objects/4e
-- Installing: /workspace/ros2_ws/install/inference_webcam/share/inference_webcam/scripts/EfficientPose/.git/objects/4e/d7547134a5215d3bc3b38caddd0e546471e194
-- Installing: /workspace/ros2_ws/install/inference_webcam/share/inference_webcam/scripts/EfficientPose/.git/objects/f3
-- Installing: /workspace/ros2_ws/install/inference_webcam/share/inference_webcam/scripts/EfficientPose/.git/objects/f3/76c8bfcecfaaa9e911e36d6f4d111a3e0c27e9
-- Installing: /workspace/ros2_ws/install/inference_webcam/share/inference_webcam/scripts/EfficientPose/.git/objects/6b
-- Installing: /workspace/ros2_ws/install/inference_webcam/share/inference_webcam/scripts/EfficientPose/.git/objects/6b/41e44730345f4aac2325c17de01b2ad7e93027
-- Installing: /workspace/ros2_ws/install/inference_webcam/share/inference_webcam/scripts/EfficientPose/.git/objects/f7
-- Installing: /workspace/ros2_ws/install/inference_webcam/share/inference_webcam/scripts/EfficientPose/.git/objects/f7/0de7314d93fc93498e54c71857a89e91863990
-- Installing: /workspace/ros2_ws/install/inference_webcam/share/inference_webcam/scripts/EfficientPose/.git/objects/f7/ee126774c22dc30cc1848bf00bafdf1754f375
-- Installing: /workspace/ros2_ws/install/inference_webcam/share/inference_webcam/scripts/EfficientPose/.git/objects/16
-- Installing: /workspace/ros2_ws/install/inference_webcam/share/inference_webcam/scripts/EfficientPose/.git/objects/16/e4538471a1ee25f1c6b19fe402e680b924e916
-- Installing: /workspace/ros2_ws/install/inference_webcam/share/inference_webcam/scripts/EfficientPose/.git/objects/52
-- Installing: /workspace/ros2_ws/install/inference_webcam/share/inference_webcam/scripts/EfficientPose/.git/objects/52/4db3ac38f89d3a37b8cecf0ced0a129ae5d94f
-- Installing: /workspace/ros2_ws/install/inference_webcam/share/inference_webcam/scripts/EfficientPose/.git/objects/52/d71ad11aee98fc92261bda02d4165b3a734088
-- Installing: /workspace/ros2_ws/install/inference_webcam/share/inference_webcam/scripts/EfficientPose/.git/objects/78
-- Installing: /workspace/ros2_ws/install/inference_webcam/share/inference_webcam/scripts/EfficientPose/.git/objects/78/b3e55d34bd3f4d4533db66bf21fc2a9fda79d7
-- Installing: /workspace/ros2_ws/install/inference_webcam/share/inference_webcam/scripts/EfficientPose/.git/objects/e6
-- Installing: /workspace/ros2_ws/install/inference_webcam/share/inference_webcam/scripts/EfficientPose/.git/objects/e6/9de29bb2d1d6434b8b29ae775ad8c2e48c5391
-- Installing: /workspace/ros2_ws/install/inference_webcam/share/inference_webcam/scripts/EfficientPose/.git/objects/5c
-- Installing: /workspace/ros2_ws/install/inference_webcam/share/inference_webcam/scripts/EfficientPose/.git/objects/5c/517c3665d6bf679c65674c65f2ccbea81003a9
-- Installing: /workspace/ros2_ws/install/inference_webcam/share/inference_webcam/scripts/EfficientPose/.git/objects/03
-- Installing: /workspace/ros2_ws/install/inference_webcam/share/inference_webcam/scripts/EfficientPose/.git/objects/03/fd4cc7b4ef9e986ae7740aea7bbdf341fc033d
-- Installing: /workspace/ros2_ws/install/inference_webcam/share/inference_webcam/scripts/EfficientPose/.git/objects/24
-- Installing: /workspace/ros2_ws/install/inference_webcam/share/inference_webcam/scripts/EfficientPose/.git/objects/24/010367d41d6035e76bfcd2953fea1eb3afb0e4
-- Installing: /workspace/ros2_ws/install/inference_webcam/share/inference_webcam/scripts/EfficientPose/.git/objects/20
-- Installing: /workspace/ros2_ws/install/inference_webcam/share/inference_webcam/scripts/EfficientPose/.git/objects/20/e183831beb2d757400eb776090fe61b66d6ab4
-- Installing: /workspace/ros2_ws/install/inference_webcam/share/inference_webcam/scripts/EfficientPose/.git/objects/f6
-- Installing: /workspace/ros2_ws/install/inference_webcam/share/inference_webcam/scripts/EfficientPose/.git/objects/f6/2310fec011db6d8da9bdadddedaabfda0bdadc
-- Installing: /workspace/ros2_ws/install/inference_webcam/share/inference_webcam/scripts/EfficientPose/.git/objects/6f
-- Installing: /workspace/ros2_ws/install/inference_webcam/share/inference_webcam/scripts/EfficientPose/.git/objects/6f/65cb168a7e5397176aade784c591c3f32273fc
-- Installing: /workspace/ros2_ws/install/inference_webcam/share/inference_webcam/scripts/EfficientPose/.git/objects/a7
-- Installing: /workspace/ros2_ws/install/inference_webcam/share/inference_webcam/scripts/EfficientPose/.git/objects/a7/34e7f9eeba26bf1a5dece2a4498f88a2fe472a
-- Installing: /workspace/ros2_ws/install/inference_webcam/share/inference_webcam/scripts/EfficientPose/.git/objects/64
-- Installing: /workspace/ros2_ws/install/inference_webcam/share/inference_webcam/scripts/EfficientPose/.git/objects/64/b71190df7ecbdfaa8f34a24c1ed6c4c67693ef
-- Installing: /workspace/ros2_ws/install/inference_webcam/share/inference_webcam/scripts/EfficientPose/benchmark_runtime_vanilla_effdet.py
-- Installing: /workspace/ros2_ws/install/inference_webcam/share/inference_webcam/scripts/EfficientPose/setup.py
-- Installing: /workspace/ros2_ws/install/inference_webcam/share/inference_webcam/scripts/EfficientPose/.gitignore
-- Installing: /workspace/ros2_ws/install/inference_webcam/share/inference_webcam/scripts/EfficientPose/initializers.py
-- Installing: /workspace/ros2_ws/install/inference_webcam/share/inference_webcam/scripts/EfficientPose/eval
-- Installing: /workspace/ros2_ws/install/inference_webcam/share/inference_webcam/scripts/EfficientPose/eval/eval_callback.py
-- Installing: /workspace/ros2_ws/install/inference_webcam/share/inference_webcam/scripts/EfficientPose/eval/common.py
-- Installing: /workspace/ros2_ws/install/inference_webcam/share/inference_webcam/scripts/EfficientPose/eval/__init__.py
-- Installing: /workspace/ros2_ws/install/inference_webcam/share/inference_webcam/scripts/EfficientPose/train.py
-- Installing: /workspace/ros2_ws/install/inference_webcam/share/inference_webcam/scripts/EfficientPose/layers.py
-- Installing: /workspace/ros2_ws/install/inference_webcam/share/inference_webcam/scripts/EfficientPose/debug.py
-- Installing: /workspace/ros2_ws/install/inference_webcam/share/inference_webcam/scripts/EfficientPose/requirements.txt
-- Installing: /workspace/ros2_ws/install/inference_webcam/share/inference_webcam/scripts/EfficientPose/inference_webcam.py
-- Installing: /workspace/ros2_ws/install/inference_webcam/share/inference_webcam/scripts/EfficientPose/README.md
-- Installing: /workspace/ros2_ws/install/inference_webcam/share/inference_webcam/scripts/EfficientPose/model_vanilla_effdet.py
-- Installing: /workspace/ros2_ws/install/inference_webcam/share/inference_webcam/scripts/EfficientPose/generators
-- Installing: /workspace/ros2_ws/install/inference_webcam/share/inference_webcam/scripts/EfficientPose/generators/occlusion.py
-- Installing: /workspace/ros2_ws/install/inference_webcam/share/inference_webcam/scripts/EfficientPose/generators/randaug.py
-- Installing: /workspace/ros2_ws/install/inference_webcam/share/inference_webcam/scripts/EfficientPose/generators/linemod.py
-- Installing: /workspace/ros2_ws/install/inference_webcam/share/inference_webcam/scripts/EfficientPose/generators/common.py
-- Installing: /workspace/ros2_ws/install/inference_webcam/share/inference_webcam/scripts/EfficientPose/generators/__init__.py
-- Installing: /workspace/ros2_ws/install/inference_webcam/share/inference_webcam/scripts/EfficientPose/model.py
-- Installing: /workspace/ros2_ws/install/inference_webcam/share/inference_webcam/scripts/EfficientPose/ros2_inference.py
Makefile:73: recipe for target 'install' failed
