[0.011s] Invoking command in '/workspace/ros2_ws/build/camera_reader': CMAKE_PREFIX_PATH=${CMAKE_PREFIX_PATH}:/opt/ros/eloquent /usr/bin/cmake --build /workspace/ros2_ws/build/camera_reader -- -j32 -l32
[0.049s] [35m[1mScanning dependencies of target camera_reader_node[0m
[0.073s] [ 50%] [32mBuilding CXX object CMakeFiles/camera_reader_node.dir/src/camera_reader_node.cpp.o[0m
[1.901s] [100%] [32m[1mLinking CXX executable camera_reader_node[0m
[2.226s] [100%] Built target camera_reader_node
[2.238s] Invoked command in '/workspace/ros2_ws/build/camera_reader' returned '0': CMAKE_PREFIX_PATH=${CMAKE_PREFIX_PATH}:/opt/ros/eloquent /usr/bin/cmake --build /workspace/ros2_ws/build/camera_reader -- -j32 -l32
[2.289s] Invoking command in '/workspace/ros2_ws/build/camera_reader': CMAKE_PREFIX_PATH=${CMAKE_PREFIX_PATH}:/opt/ros/eloquent /usr/bin/cmake --build /workspace/ros2_ws/build/camera_reader --target install -- -j32 -l32
[2.355s] [100%] Built target camera_reader_node
[2.373s] [36mInstall the project...[0m
[2.380s] -- Install configuration: ""
[2.380s] -- Installing: /workspace/ros2_ws/install/camera_reader/lib/camera_reader/camera_reader_node
[2.381s] -- Set runtime path of "/workspace/ros2_ws/install/camera_reader/lib/camera_reader/camera_reader_node" to ""
[2.381s] -- Up-to-date: /workspace/ros2_ws/install/camera_reader/share/camera_reader/launch
[2.381s] -- Up-to-date: /workspace/ros2_ws/install/camera_reader/share/camera_reader/launch/camera_launcher.launch.py
[2.381s] -- Up-to-date: /workspace/ros2_ws/install/camera_reader/share/camera_reader/src
[2.381s] -- Installing: /workspace/ros2_ws/install/camera_reader/share/camera_reader/src/camera_reader_node.cpp
[2.381s] -- Up-to-date: /workspace/ros2_ws/install/camera_reader/share/camera_reader/config
[2.381s] -- Up-to-date: /workspace/ros2_ws/install/camera_reader/share/camera_reader/config/params.yaml
[2.381s] -- Up-to-date: /workspace/ros2_ws/install/camera_reader/share/ament_index/resource_index/package_run_dependencies/camera_reader
[2.381s] -- Up-to-date: /workspace/ros2_ws/install/camera_reader/share/ament_index/resource_index/parent_prefix_path/camera_reader
[2.381s] -- Up-to-date: /workspace/ros2_ws/install/camera_reader/share/camera_reader/environment/ament_prefix_path.sh
[2.381s] -- Up-to-date: /workspace/ros2_ws/install/camera_reader/share/camera_reader/environment/ament_prefix_path.dsv
[2.381s] -- Up-to-date: /workspace/ros2_ws/install/camera_reader/share/camera_reader/environment/path.sh
[2.382s] -- Up-to-date: /workspace/ros2_ws/install/camera_reader/share/camera_reader/environment/path.dsv
[2.382s] -- Up-to-date: /workspace/ros2_ws/install/camera_reader/share/camera_reader/local_setup.bash
[2.382s] -- Up-to-date: /workspace/ros2_ws/install/camera_reader/share/camera_reader/local_setup.sh
[2.382s] -- Up-to-date: /workspace/ros2_ws/install/camera_reader/share/camera_reader/local_setup.zsh
[2.382s] -- Up-to-date: /workspace/ros2_ws/install/camera_reader/share/camera_reader/local_setup.dsv
[2.382s] -- Installing: /workspace/ros2_ws/install/camera_reader/share/camera_reader/package.dsv
[2.382s] -- Up-to-date: /workspace/ros2_ws/install/camera_reader/share/ament_index/resource_index/packages/camera_reader
[2.382s] -- Up-to-date: /workspace/ros2_ws/install/camera_reader/share/camera_reader/cmake/camera_readerConfig.cmake
[2.382s] -- Up-to-date: /workspace/ros2_ws/install/camera_reader/share/camera_reader/cmake/camera_readerConfig-version.cmake
[2.382s] -- Up-to-date: /workspace/ros2_ws/install/camera_reader/share/camera_reader/package.xml
[2.384s] Invoked command in '/workspace/ros2_ws/build/camera_reader' returned '0': CMAKE_PREFIX_PATH=${CMAKE_PREFIX_PATH}:/opt/ros/eloquent /usr/bin/cmake --build /workspace/ros2_ws/build/camera_reader --target install -- -j32 -l32
