[0.125s] DEBUG:colcon:Command line arguments: ['/usr/local/bin/colcon', 'build']
[0.125s] DEBUG:colcon:Parsed command line arguments: Namespace(ament_cmake_args=None, base_paths=['.'], build_base='build', catkin_cmake_args=None, catkin_skip_building_tests=False, cmake_args=None, cmake_clean_cache=False, cmake_clean_first=False, cmake_force_configure=False, cmake_target=None, cmake_target_skip_unavailable=False, continue_on_error=False, event_handlers=None, executor='parallel', ignore_user_meta=False, install_base='install', log_base=None, log_level=None, main=<bound method BuildVerb.main of <colcon_core.verb.build.BuildVerb object at 0x7aa791b2b2b0>>, merge_install=False, metas=['./colcon.meta'], packages_above=None, packages_above_and_dependencies=None, packages_above_depth=None, packages_end=None, packages_ignore=None, packages_ignore_regex=None, packages_select=None, packages_select_build_failed=False, packages_select_by_dep=None, packages_select_regex=None, packages_select_test_failures=False, packages_skip=None, packages_skip_build_finished=False, packages_skip_by_dep=None, packages_skip_regex=None, packages_skip_test_passed=False, packages_skip_up_to=None, packages_start=None, packages_up_to=None, packages_up_to_regex=None, parallel_workers=32, paths=None, symlink_install=False, test_result_base=None, verb_extension=<colcon_core.verb.build.BuildVerb object at 0x7aa791b2b2b0>, verb_name='build', verb_parser=<colcon_defaults.argument_parser.defaults.DefaultArgumentsDecorator object at 0x7aa79140da90>)
[0.191s] Level 1:colcon.colcon_core.package_discovery:discover_packages(colcon_meta) check parameters
[0.191s] Level 1:colcon.colcon_core.package_discovery:discover_packages(recursive) check parameters
[0.191s] Level 1:colcon.colcon_core.package_discovery:discover_packages(ignore) check parameters
[0.191s] Level 1:colcon.colcon_core.package_discovery:discover_packages(path) check parameters
[0.191s] Level 1:colcon.colcon_core.package_discovery:discover_packages(colcon_meta) discover
[0.191s] Level 1:colcon.colcon_core.package_discovery:discover_packages(recursive) discover
[0.192s] INFO:colcon.colcon_core.package_discovery:Crawling recursively for packages in '/workspace/ros2_ws'
[0.192s] Level 1:colcon.colcon_core.package_identification:_identify(.) by extensions ['ignore', 'ignore_ament_install']
[0.192s] Level 1:colcon.colcon_core.package_identification:_identify(.) by extension 'ignore'
[0.192s] Level 1:colcon.colcon_core.package_identification:_identify(.) by extension 'ignore_ament_install'
[0.192s] Level 1:colcon.colcon_core.package_identification:_identify(.) by extensions ['colcon_pkg']
[0.192s] Level 1:colcon.colcon_core.package_identification:_identify(.) by extension 'colcon_pkg'
[0.192s] Level 1:colcon.colcon_core.package_identification:_identify(.) by extensions ['colcon_meta']
[0.192s] Level 1:colcon.colcon_core.package_identification:_identify(.) by extension 'colcon_meta'
[0.192s] Level 1:colcon.colcon_core.package_identification:_identify(.) by extensions ['ros']
[0.192s] Level 1:colcon.colcon_core.package_identification:_identify(.) by extension 'ros'
[0.199s] Level 1:colcon.colcon_core.package_identification:_identify(.) by extensions ['cmake', 'python']
[0.199s] Level 1:colcon.colcon_core.package_identification:_identify(.) by extension 'cmake'
[0.199s] Level 1:colcon.colcon_core.package_identification:_identify(.) by extension 'python'
[0.200s] Level 1:colcon.colcon_core.package_identification:_identify(.) by extensions ['python_setup_py']
[0.200s] Level 1:colcon.colcon_core.package_identification:_identify(.) by extension 'python_setup_py'
[0.200s] Level 1:colcon.colcon_core.package_identification:_identify(build) by extensions ['ignore', 'ignore_ament_install']
[0.200s] Level 1:colcon.colcon_core.package_identification:_identify(build) by extension 'ignore'
[0.200s] Level 1:colcon.colcon_core.package_identification:_identify(build) ignored
[0.200s] Level 1:colcon.colcon_core.package_identification:_identify(install) by extensions ['ignore', 'ignore_ament_install']
[0.200s] Level 1:colcon.colcon_core.package_identification:_identify(install) by extension 'ignore'
[0.200s] Level 1:colcon.colcon_core.package_identification:_identify(install) ignored
[0.200s] Level 1:colcon.colcon_core.package_identification:_identify(log) by extensions ['ignore', 'ignore_ament_install']
[0.200s] Level 1:colcon.colcon_core.package_identification:_identify(log) by extension 'ignore'
[0.200s] Level 1:colcon.colcon_core.package_identification:_identify(log) ignored
[0.200s] Level 1:colcon.colcon_core.package_identification:_identify(src) by extensions ['ignore', 'ignore_ament_install']
[0.200s] Level 1:colcon.colcon_core.package_identification:_identify(src) by extension 'ignore'
[0.200s] Level 1:colcon.colcon_core.package_identification:_identify(src) by extension 'ignore_ament_install'
[0.200s] Level 1:colcon.colcon_core.package_identification:_identify(src) by extensions ['colcon_pkg']
[0.200s] Level 1:colcon.colcon_core.package_identification:_identify(src) by extension 'colcon_pkg'
[0.200s] Level 1:colcon.colcon_core.package_identification:_identify(src) by extensions ['colcon_meta']
[0.200s] Level 1:colcon.colcon_core.package_identification:_identify(src) by extension 'colcon_meta'
[0.200s] Level 1:colcon.colcon_core.package_identification:_identify(src) by extensions ['ros']
[0.200s] Level 1:colcon.colcon_core.package_identification:_identify(src) by extension 'ros'
[0.200s] Level 1:colcon.colcon_core.package_identification:_identify(src) by extensions ['cmake', 'python']
[0.200s] Level 1:colcon.colcon_core.package_identification:_identify(src) by extension 'cmake'
[0.201s] Level 1:colcon.colcon_core.package_identification:_identify(src) by extension 'python'
[0.201s] Level 1:colcon.colcon_core.package_identification:_identify(src) by extensions ['python_setup_py']
[0.201s] Level 1:colcon.colcon_core.package_identification:_identify(src) by extension 'python_setup_py'
[0.201s] Level 1:colcon.colcon_core.package_identification:_identify(src/camera_reader) by extensions ['ignore', 'ignore_ament_install']
[0.201s] Level 1:colcon.colcon_core.package_identification:_identify(src/camera_reader) by extension 'ignore'
[0.201s] Level 1:colcon.colcon_core.package_identification:_identify(src/camera_reader) by extension 'ignore_ament_install'
[0.201s] Level 1:colcon.colcon_core.package_identification:_identify(src/camera_reader) by extensions ['colcon_pkg']
[0.201s] Level 1:colcon.colcon_core.package_identification:_identify(src/camera_reader) by extension 'colcon_pkg'
[0.201s] Level 1:colcon.colcon_core.package_identification:_identify(src/camera_reader) by extensions ['colcon_meta']
[0.201s] Level 1:colcon.colcon_core.package_identification:_identify(src/camera_reader) by extension 'colcon_meta'
[0.201s] Level 1:colcon.colcon_core.package_identification:_identify(src/camera_reader) by extensions ['ros']
[0.201s] Level 1:colcon.colcon_core.package_identification:_identify(src/camera_reader) by extension 'ros'
[0.203s] DEBUG:colcon.colcon_core.package_identification:Package 'src/camera_reader' with type 'ros.ament_cmake' and name 'camera_reader'
[0.203s] Level 1:colcon.colcon_core.package_discovery:discover_packages(recursive) using defaults
[0.203s] Level 1:colcon.colcon_core.package_discovery:discover_packages(ignore) discover
[0.203s] Level 1:colcon.colcon_core.package_discovery:discover_packages(ignore) using defaults
[0.203s] Level 1:colcon.colcon_core.package_discovery:discover_packages(path) discover
[0.203s] Level 1:colcon.colcon_core.package_discovery:discover_packages(path) using defaults
[0.216s] Level 5:colcon.colcon_core.verb:set package 'camera_reader' build argument 'cmake_args' from command line to 'None'
[0.216s] Level 5:colcon.colcon_core.verb:set package 'camera_reader' build argument 'cmake_target' from command line to 'None'
[0.216s] Level 5:colcon.colcon_core.verb:set package 'camera_reader' build argument 'cmake_target_skip_unavailable' from command line to 'False'
[0.216s] Level 5:colcon.colcon_core.verb:set package 'camera_reader' build argument 'cmake_clean_cache' from command line to 'False'
[0.216s] Level 5:colcon.colcon_core.verb:set package 'camera_reader' build argument 'cmake_clean_first' from command line to 'False'
[0.216s] Level 5:colcon.colcon_core.verb:set package 'camera_reader' build argument 'cmake_force_configure' from command line to 'False'
[0.216s] Level 5:colcon.colcon_core.verb:set package 'camera_reader' build argument 'ament_cmake_args' from command line to 'None'
[0.216s] Level 5:colcon.colcon_core.verb:set package 'camera_reader' build argument 'catkin_cmake_args' from command line to 'None'
[0.216s] Level 5:colcon.colcon_core.verb:set package 'camera_reader' build argument 'catkin_skip_building_tests' from command line to 'False'
[0.216s] DEBUG:colcon.colcon_core.verb:Building package 'camera_reader' with the following arguments: {'ament_cmake_args': None, 'build_base': '/workspace/ros2_ws/build/camera_reader', 'catkin_cmake_args': None, 'catkin_skip_building_tests': False, 'cmake_args': None, 'cmake_clean_cache': False, 'cmake_clean_first': False, 'cmake_force_configure': False, 'cmake_target': None, 'cmake_target_skip_unavailable': False, 'install_base': '/workspace/ros2_ws/install/camera_reader', 'merge_install': False, 'path': '/workspace/ros2_ws/src/camera_reader', 'symlink_install': False, 'test_result_base': None}
[0.216s] INFO:colcon.colcon_core.executor:Executing jobs using 'parallel' executor
[0.217s] DEBUG:colcon.colcon_parallel_executor.executor.parallel:run_until_complete
[0.218s] INFO:colcon.colcon_ros.task.ament_cmake.build:Building ROS package in '/workspace/ros2_ws/src/camera_reader' with build type 'ament_cmake'
[0.218s] INFO:colcon.colcon_cmake.task.cmake.build:Building CMake package in '/workspace/ros2_ws/src/camera_reader'
[0.219s] INFO:colcon.colcon_core.plugin_system:Skipping extension 'colcon_core.shell.bat': Not used on non-Windows systems
[0.219s] INFO:colcon.colcon_core.shell:Skip shell extension 'powershell' for command environment: Not usable outside of PowerShell
[0.219s] DEBUG:colcon.colcon_core.shell:Skip shell extension 'dsv' for command environment
[0.228s] DEBUG:colcon.colcon_core.event_handler.log_command:Invoking command in '/workspace/ros2_ws/build/camera_reader': CMAKE_PREFIX_PATH=${CMAKE_PREFIX_PATH}:/opt/ros/eloquent /usr/bin/cmake --build /workspace/ros2_ws/build/camera_reader -- -j32 -l32
[2.410s] DEBUG:colcon.colcon_core.event_handler.log_command:Invoked command in '/workspace/ros2_ws/build/camera_reader' returned '0': CMAKE_PREFIX_PATH=${CMAKE_PREFIX_PATH}:/opt/ros/eloquent /usr/bin/cmake --build /workspace/ros2_ws/build/camera_reader -- -j32 -l32
[2.454s] DEBUG:colcon.colcon_core.event_handler.log_command:Invoking command in '/workspace/ros2_ws/build/camera_reader': CMAKE_PREFIX_PATH=${CMAKE_PREFIX_PATH}:/opt/ros/eloquent /usr/bin/cmake --build /workspace/ros2_ws/build/camera_reader --target install -- -j32 -l32
[2.546s] Level 1:colcon.colcon_core.environment:create_environment_scripts_only(camera_reader)
[2.547s] DEBUG:colcon.colcon_core.event_handler.log_command:Invoked command in '/workspace/ros2_ws/build/camera_reader' returned '0': CMAKE_PREFIX_PATH=${CMAKE_PREFIX_PATH}:/opt/ros/eloquent /usr/bin/cmake --build /workspace/ros2_ws/build/camera_reader --target install -- -j32 -l32
[2.550s] Level 1:colcon.colcon_core.environment:checking '/workspace/ros2_ws/install/camera_reader' for CMake module files
[2.551s] Level 1:colcon.colcon_core.environment:checking '/workspace/ros2_ws/install/camera_reader' for CMake config files
[2.551s] Level 1:colcon.colcon_core.shell:create_environment_hook('camera_reader', 'cmake_prefix_path')
[2.552s] INFO:colcon.colcon_core.shell:Creating environment hook '/workspace/ros2_ws/install/camera_reader/share/camera_reader/hook/cmake_prefix_path.ps1'
[2.553s] INFO:colcon.colcon_core.shell:Creating environment descriptor '/workspace/ros2_ws/install/camera_reader/share/camera_reader/hook/cmake_prefix_path.dsv'
[2.553s] INFO:colcon.colcon_core.shell:Creating environment hook '/workspace/ros2_ws/install/camera_reader/share/camera_reader/hook/cmake_prefix_path.sh'
[2.555s] Level 1:colcon.colcon_core.environment:checking '/workspace/ros2_ws/install/camera_reader/lib'
[2.555s] Level 1:colcon.colcon_core.environment:checking '/workspace/ros2_ws/install/camera_reader/bin'
[2.555s] Level 1:colcon.colcon_core.environment:checking '/workspace/ros2_ws/install/camera_reader/lib/pkgconfig/camera_reader.pc'
[2.555s] Level 1:colcon.colcon_core.environment:checking '/workspace/ros2_ws/install/camera_reader/lib/python3.6/site-packages'
[2.556s] Level 1:colcon.colcon_core.environment:checking '/workspace/ros2_ws/install/camera_reader/bin'
[2.556s] INFO:colcon.colcon_core.shell:Creating package script '/workspace/ros2_ws/install/camera_reader/share/camera_reader/package.ps1'
[2.557s] INFO:colcon.colcon_core.shell:Creating package descriptor '/workspace/ros2_ws/install/camera_reader/share/camera_reader/package.dsv'
[2.558s] INFO:colcon.colcon_core.shell:Creating package script '/workspace/ros2_ws/install/camera_reader/share/camera_reader/package.sh'
[2.559s] INFO:colcon.colcon_core.shell:Creating package script '/workspace/ros2_ws/install/camera_reader/share/camera_reader/package.bash'
[2.560s] INFO:colcon.colcon_core.shell:Creating package script '/workspace/ros2_ws/install/camera_reader/share/camera_reader/package.zsh'
[2.560s] Level 1:colcon.colcon_core.environment:create_file_with_runtime_dependencies(/workspace/ros2_ws/install/camera_reader/share/colcon-core/packages/camera_reader)
[2.589s] Level 1:colcon.colcon_core.environment:create_environment_scripts_only(camera_reader)
[2.589s] Level 1:colcon.colcon_core.environment:checking '/workspace/ros2_ws/install/camera_reader' for CMake module files
[2.590s] Level 1:colcon.colcon_core.environment:checking '/workspace/ros2_ws/install/camera_reader' for CMake config files
[2.590s] Level 1:colcon.colcon_core.shell:create_environment_hook('camera_reader', 'cmake_prefix_path')
[2.590s] INFO:colcon.colcon_core.shell:Creating environment hook '/workspace/ros2_ws/install/camera_reader/share/camera_reader/hook/cmake_prefix_path.ps1'
[2.590s] INFO:colcon.colcon_core.shell:Creating environment descriptor '/workspace/ros2_ws/install/camera_reader/share/camera_reader/hook/cmake_prefix_path.dsv'
[2.590s] INFO:colcon.colcon_core.shell:Creating environment hook '/workspace/ros2_ws/install/camera_reader/share/camera_reader/hook/cmake_prefix_path.sh'
[2.591s] Level 1:colcon.colcon_core.environment:checking '/workspace/ros2_ws/install/camera_reader/lib'
[2.591s] Level 1:colcon.colcon_core.environment:checking '/workspace/ros2_ws/install/camera_reader/bin'
[2.591s] Level 1:colcon.colcon_core.environment:checking '/workspace/ros2_ws/install/camera_reader/lib/pkgconfig/camera_reader.pc'
[2.591s] Level 1:colcon.colcon_core.environment:checking '/workspace/ros2_ws/install/camera_reader/lib/python3.6/site-packages'
[2.591s] Level 1:colcon.colcon_core.environment:checking '/workspace/ros2_ws/install/camera_reader/bin'
[2.592s] INFO:colcon.colcon_core.shell:Creating package script '/workspace/ros2_ws/install/camera_reader/share/camera_reader/package.ps1'
[2.592s] INFO:colcon.colcon_core.shell:Creating package descriptor '/workspace/ros2_ws/install/camera_reader/share/camera_reader/package.dsv'
[2.592s] INFO:colcon.colcon_core.shell:Creating package script '/workspace/ros2_ws/install/camera_reader/share/camera_reader/package.sh'
[2.592s] INFO:colcon.colcon_core.shell:Creating package script '/workspace/ros2_ws/install/camera_reader/share/camera_reader/package.bash'
[2.593s] INFO:colcon.colcon_core.shell:Creating package script '/workspace/ros2_ws/install/camera_reader/share/camera_reader/package.zsh'
[2.593s] Level 1:colcon.colcon_core.environment:create_file_with_runtime_dependencies(/workspace/ros2_ws/install/camera_reader/share/colcon-core/packages/camera_reader)
[2.593s] DEBUG:colcon.colcon_parallel_executor.executor.parallel:closing loop
[2.594s] DEBUG:colcon.colcon_parallel_executor.executor.parallel:loop closed
[2.594s] DEBUG:colcon.colcon_parallel_executor.executor.parallel:run_until_complete finished with '0'
[2.594s] DEBUG:colcon.colcon_core.event_reactor:joining thread
[2.598s] INFO:colcon.colcon_core.plugin_system:Skipping extension 'colcon_notification.desktop_notification.notify_send': Could not find 'notify-send'
[2.598s] INFO:colcon.colcon_core.plugin_system:Skipping extension 'colcon_notification.desktop_notification.terminal_notifier': Not used on non-Darwin systems
[2.598s] INFO:colcon.colcon_core.plugin_system:Skipping extension 'colcon_notification.desktop_notification.win32': Not used on non-Windows systems
[2.598s] INFO:colcon.colcon_notification.desktop_notification:Sending desktop notification using 'notify2'
[2.600s] DEBUG:colcon.colcon_notification.desktop_notification.notify2:Failed to initialize notify2: org.freedesktop.DBus.Error.Spawn.ExecFailed: /usr/bin/dbus-launch terminated abnormally without any error message
[2.601s] DEBUG:colcon.colcon_core.event_reactor:joined thread
[2.601s] INFO:colcon.colcon_core.shell:Creating prefix script '/workspace/ros2_ws/install/local_setup.ps1'
[2.602s] INFO:colcon.colcon_core.shell:Creating prefix util module '/workspace/ros2_ws/install/_local_setup_util_ps1.py'
[2.603s] INFO:colcon.colcon_core.shell:Creating prefix chain script '/workspace/ros2_ws/install/setup.ps1'
[2.604s] INFO:colcon.colcon_core.shell:Creating prefix script '/workspace/ros2_ws/install/local_setup.sh'
[2.604s] INFO:colcon.colcon_core.shell:Creating prefix util module '/workspace/ros2_ws/install/_local_setup_util_sh.py'
[2.604s] INFO:colcon.colcon_core.shell:Creating prefix chain script '/workspace/ros2_ws/install/setup.sh'
[2.605s] INFO:colcon.colcon_core.shell:Creating prefix script '/workspace/ros2_ws/install/local_setup.bash'
[2.612s] INFO:colcon.colcon_core.shell:Creating prefix chain script '/workspace/ros2_ws/install/setup.bash'
[2.612s] INFO:colcon.colcon_core.shell:Creating prefix script '/workspace/ros2_ws/install/local_setup.zsh'
[2.613s] INFO:colcon.colcon_core.shell:Creating prefix chain script '/workspace/ros2_ws/install/setup.zsh'
