[0.030s] Invoking command in '/workspace/ros2_ws/build/rosbridge_msgs': CMAKE_PREFIX_PATH=${CMAKE_PREFIX_PATH}:/opt/ros/eloquent /usr/bin/cmake --build /workspace/ros2_ws/build/rosbridge_msgs -- -j32 -l32
[0.078s] [ 13%] Built target rosbridge_msgs__rosidl_generator_c
[0.078s] [ 13%] Built target rosbridge_msgs__cpp
[0.098s] [ 24%] Built target rosbridge_msgs__rosidl_typesupport_introspection_cpp
[0.100s] [ 35%] Built target rosbridge_msgs__rosidl_typesupport_fastrtps_cpp
[0.102s] [ 45%] Built target rosbridge_msgs__rosidl_typesupport_introspection_c
[0.121s] [ 56%] Built target rosbridge_msgs__rosidl_typesupport_cpp
[0.122s] [ 67%] Built target rosbridge_msgs__rosidl_typesupport_fastrtps_c
[0.148s] [ 78%] Built target rosbridge_msgs__rosidl_typesupport_c
[0.173s] [ 78%] Built target rosbridge_msgs
[0.186s] [ 81%] Built target rosbridge_msgs__py
[0.212s] [ 89%] Built target rosbridge_msgs__python
[0.233s] [ 94%] Built target rosbridge_msgs__rosidl_typesupport_c__pyext
[0.236s] [100%] Built target rosbridge_msgs__rosidl_typesupport_fastrtps_c__pyext
[0.245s] Invoked command in '/workspace/ros2_ws/build/rosbridge_msgs' returned '0': CMAKE_PREFIX_PATH=${CMAKE_PREFIX_PATH}:/opt/ros/eloquent /usr/bin/cmake --build /workspace/ros2_ws/build/rosbridge_msgs -- -j32 -l32
[0.326s] Invoking command in '/workspace/ros2_ws/build/rosbridge_msgs': CMAKE_PREFIX_PATH=${CMAKE_PREFIX_PATH}:/opt/ros/eloquent /usr/bin/cmake --build /workspace/ros2_ws/build/rosbridge_msgs --target install -- -j32 -l32
[0.381s] [  2%] Built target rosbridge_msgs__cpp
[0.381s] [ 13%] Built target rosbridge_msgs__rosidl_generator_c
[0.403s] [ 24%] Built target rosbridge_msgs__rosidl_typesupport_introspection_cpp
[0.404s] [ 35%] Built target rosbridge_msgs__rosidl_typesupport_introspection_c
[0.410s] [ 45%] Built target rosbridge_msgs__rosidl_typesupport_fastrtps_cpp
[0.438s] [ 67%] Built target rosbridge_msgs__rosidl_typesupport_cpp
[0.438s] [ 67%] Built target rosbridge_msgs__rosidl_typesupport_fastrtps_c
[0.462s] [ 78%] Built target rosbridge_msgs__rosidl_typesupport_c
[0.482s] [ 78%] Built target rosbridge_msgs
[0.500s] [ 81%] Built target rosbridge_msgs__py
[0.525s] [ 89%] Built target rosbridge_msgs__python
[0.550s] [ 94%] Built target rosbridge_msgs__rosidl_typesupport_c__pyext
[0.552s] [100%] Built target rosbridge_msgs__rosidl_typesupport_fastrtps_c__pyext
[0.570s] [36mInstall the project...[0m
[0.580s] -- Install configuration: ""
[0.580s] -- Up-to-date: /workspace/ros2_ws/install/rosbridge_msgs/share/ament_index/resource_index/rosidl_interfaces/rosbridge_msgs
[0.580s] -- Up-to-date: /workspace/ros2_ws/install/rosbridge_msgs/include/rosbridge_msgs
[0.580s] -- Up-to-date: /workspace/ros2_ws/install/rosbridge_msgs/include/rosbridge_msgs/msg
[0.580s] -- Up-to-date: /workspace/ros2_ws/install/rosbridge_msgs/include/rosbridge_msgs/msg/connected_clients__traits.hpp
[0.580s] -- Up-to-date: /workspace/ros2_ws/install/rosbridge_msgs/include/rosbridge_msgs/msg/connected_client.hpp
[0.580s] -- Up-to-date: /workspace/ros2_ws/install/rosbridge_msgs/include/rosbridge_msgs/msg/connected_client__struct.hpp
[0.580s] -- Up-to-date: /workspace/ros2_ws/install/rosbridge_msgs/include/rosbridge_msgs/msg/connected_client__traits.hpp
[0.580s] -- Up-to-date: /workspace/ros2_ws/install/rosbridge_msgs/include/rosbridge_msgs/msg/connected_clients.hpp
[0.580s] -- Up-to-date: /workspace/ros2_ws/install/rosbridge_msgs/include/rosbridge_msgs/msg/connected_clients__struct.hpp
[0.580s] -- Up-to-date: /workspace/ros2_ws/install/rosbridge_msgs/include/rosbridge_msgs
[0.580s] -- Up-to-date: /workspace/ros2_ws/install/rosbridge_msgs/include/rosbridge_msgs/msg
[0.580s] -- Up-to-date: /workspace/ros2_ws/install/rosbridge_msgs/include/rosbridge_msgs/msg/connected_clients__functions.c
[0.580s] -- Up-to-date: /workspace/ros2_ws/install/rosbridge_msgs/include/rosbridge_msgs/msg/connected_client__struct.h
[0.580s] -- Up-to-date: /workspace/ros2_ws/install/rosbridge_msgs/include/rosbridge_msgs/msg/rosidl_generator_c__visibility_control.h
[0.581s] -- Up-to-date: /workspace/ros2_ws/install/rosbridge_msgs/include/rosbridge_msgs/msg/connected_client__functions.c
[0.581s] -- Up-to-date: /workspace/ros2_ws/install/rosbridge_msgs/include/rosbridge_msgs/msg/connected_clients__type_support.h
[0.581s] -- Up-to-date: /workspace/ros2_ws/install/rosbridge_msgs/include/rosbridge_msgs/msg/connected_clients.h
[0.581s] -- Up-to-date: /workspace/ros2_ws/install/rosbridge_msgs/include/rosbridge_msgs/msg/connected_client__type_support.h
[0.581s] -- Up-to-date: /workspace/ros2_ws/install/rosbridge_msgs/include/rosbridge_msgs/msg/connected_clients__functions.h
[0.581s] -- Up-to-date: /workspace/ros2_ws/install/rosbridge_msgs/include/rosbridge_msgs/msg/connected_client.h
[0.581s] -- Up-to-date: /workspace/ros2_ws/install/rosbridge_msgs/include/rosbridge_msgs/msg/connected_client__functions.h
[0.581s] -- Up-to-date: /workspace/ros2_ws/install/rosbridge_msgs/include/rosbridge_msgs/msg/connected_clients__struct.h
[0.581s] -- Up-to-date: /workspace/ros2_ws/install/rosbridge_msgs/share/rosbridge_msgs/environment/library_path.sh
[0.581s] -- Up-to-date: /workspace/ros2_ws/install/rosbridge_msgs/share/rosbridge_msgs/environment/library_path.dsv
[0.581s] -- Up-to-date: /workspace/ros2_ws/install/rosbridge_msgs/lib/librosbridge_msgs__rosidl_generator_c.so
[0.581s] -- Up-to-date: /workspace/ros2_ws/install/rosbridge_msgs/lib/librosbridge_msgs__rosidl_typesupport_c.so
[0.581s] -- Up-to-date: /workspace/ros2_ws/install/rosbridge_msgs/lib/librosbridge_msgs__rosidl_typesupport_cpp.so
[0.581s] -- Up-to-date: /workspace/ros2_ws/install/rosbridge_msgs/include/rosbridge_msgs
[0.581s] -- Up-to-date: /workspace/ros2_ws/install/rosbridge_msgs/include/rosbridge_msgs/msg
[0.581s] -- Up-to-date: /workspace/ros2_ws/install/rosbridge_msgs/include/rosbridge_msgs/msg/connected_clients__rosidl_typesupport_introspection_c.h
[0.581s] -- Up-to-date: /workspace/ros2_ws/install/rosbridge_msgs/include/rosbridge_msgs/msg/connected_clients__type_support.c
[0.581s] -- Up-to-date: /workspace/ros2_ws/install/rosbridge_msgs/include/rosbridge_msgs/msg/connected_client__type_support.c
[0.582s] -- Up-to-date: /workspace/ros2_ws/install/rosbridge_msgs/include/rosbridge_msgs/msg/rosidl_typesupport_introspection_c__visibility_control.h
[0.582s] -- Up-to-date: /workspace/ros2_ws/install/rosbridge_msgs/include/rosbridge_msgs/msg/connected_client__rosidl_typesupport_introspection_c.h
[0.582s] -- Up-to-date: /workspace/ros2_ws/install/rosbridge_msgs/lib/librosbridge_msgs__rosidl_typesupport_introspection_c.so
[0.582s] -- Up-to-date: /workspace/ros2_ws/install/rosbridge_msgs/include/rosbridge_msgs
[0.582s] -- Up-to-date: /workspace/ros2_ws/install/rosbridge_msgs/include/rosbridge_msgs/msg
[0.582s] -- Up-to-date: /workspace/ros2_ws/install/rosbridge_msgs/include/rosbridge_msgs/msg/connected_client__type_support.cpp
[0.582s] -- Up-to-date: /workspace/ros2_ws/install/rosbridge_msgs/include/rosbridge_msgs/msg/connected_client__rosidl_typesupport_introspection_cpp.hpp
[0.582s] -- Up-to-date: /workspace/ros2_ws/install/rosbridge_msgs/include/rosbridge_msgs/msg/connected_clients__type_support.cpp
[0.582s] -- Up-to-date: /workspace/ros2_ws/install/rosbridge_msgs/include/rosbridge_msgs/msg/connected_clients__rosidl_typesupport_introspection_cpp.hpp
[0.582s] -- Up-to-date: /workspace/ros2_ws/install/rosbridge_msgs/lib/librosbridge_msgs__rosidl_typesupport_introspection_cpp.so
[0.582s] -- Up-to-date: /workspace/ros2_ws/install/rosbridge_msgs/include/rosbridge_msgs
[0.582s] -- Up-to-date: /workspace/ros2_ws/install/rosbridge_msgs/include/rosbridge_msgs/msg
[0.582s] -- Up-to-date: /workspace/ros2_ws/install/rosbridge_msgs/include/rosbridge_msgs/msg/connected_clients__rosidl_typesupport_fastrtps_c.h
[0.582s] -- Up-to-date: /workspace/ros2_ws/install/rosbridge_msgs/include/rosbridge_msgs/msg/rosidl_typesupport_fastrtps_c__visibility_control.h
[0.582s] -- Up-to-date: /workspace/ros2_ws/install/rosbridge_msgs/include/rosbridge_msgs/msg/connected_client__rosidl_typesupport_fastrtps_c.h
[0.582s] -- Up-to-date: /workspace/ros2_ws/install/rosbridge_msgs/lib/librosbridge_msgs__rosidl_typesupport_fastrtps_c.so
[0.582s] -- Up-to-date: /workspace/ros2_ws/install/rosbridge_msgs/include/rosbridge_msgs
[0.582s] -- Up-to-date: /workspace/ros2_ws/install/rosbridge_msgs/include/rosbridge_msgs/msg
[0.582s] -- Up-to-date: /workspace/ros2_ws/install/rosbridge_msgs/include/rosbridge_msgs/msg/dds_fastrtps
[0.582s] -- Up-to-date: /workspace/ros2_ws/install/rosbridge_msgs/include/rosbridge_msgs/msg/rosidl_typesupport_fastrtps_cpp__visibility_control.h
[0.583s] -- Up-to-date: /workspace/ros2_ws/install/rosbridge_msgs/include/rosbridge_msgs/msg/connected_clients__rosidl_typesupport_fastrtps_cpp.hpp
[0.583s] -- Up-to-date: /workspace/ros2_ws/install/rosbridge_msgs/include/rosbridge_msgs/msg/connected_client__rosidl_typesupport_fastrtps_cpp.hpp
[0.583s] -- Up-to-date: /workspace/ros2_ws/install/rosbridge_msgs/lib/librosbridge_msgs__rosidl_typesupport_fastrtps_cpp.so
[0.583s] -- Up-to-date: /workspace/ros2_ws/install/rosbridge_msgs/share/rosbridge_msgs/environment/pythonpath.sh
[0.583s] -- Up-to-date: /workspace/ros2_ws/install/rosbridge_msgs/share/rosbridge_msgs/environment/pythonpath.dsv
[0.583s] -- Up-to-date: /workspace/ros2_ws/install/rosbridge_msgs/lib/python3.6/site-packages/rosbridge_msgs/__init__.py
[0.608s] -- Up-to-date: /workspace/ros2_ws/install/rosbridge_msgs/lib/python3.6/site-packages/rosbridge_msgs/msg
[0.608s] -- Up-to-date: /workspace/ros2_ws/install/rosbridge_msgs/lib/python3.6/site-packages/rosbridge_msgs/msg/_connected_client_s.c
[0.608s] -- Up-to-date: /workspace/ros2_ws/install/rosbridge_msgs/lib/python3.6/site-packages/rosbridge_msgs/msg/_connected_clients.py
[0.608s] -- Up-to-date: /workspace/ros2_ws/install/rosbridge_msgs/lib/python3.6/site-packages/rosbridge_msgs/msg/_connected_clients_s.c
[0.608s] -- Up-to-date: /workspace/ros2_ws/install/rosbridge_msgs/lib/python3.6/site-packages/rosbridge_msgs/msg/_connected_client.py
[0.608s] -- Up-to-date: /workspace/ros2_ws/install/rosbridge_msgs/lib/python3.6/site-packages/rosbridge_msgs/msg/__init__.py
[0.608s] -- Up-to-date: /workspace/ros2_ws/install/rosbridge_msgs/lib/python3.6/site-packages/rosbridge_msgs/rosbridge_msgs_s__rosidl_typesupport_c.cpython-36m-x86_64-linux-gnu.so
[0.609s] -- Up-to-date: /workspace/ros2_ws/install/rosbridge_msgs/lib/python3.6/site-packages/rosbridge_msgs/rosbridge_msgs_s__rosidl_typesupport_fastrtps_c.cpython-36m-x86_64-linux-gnu.so
[0.609s] -- Up-to-date: /workspace/ros2_ws/install/rosbridge_msgs/lib/librosbridge_msgs__python.so
[0.609s] -- Up-to-date: /workspace/ros2_ws/install/rosbridge_msgs/share/rosbridge_msgs/msg/ConnectedClient.idl
[0.609s] -- Up-to-date: /workspace/ros2_ws/install/rosbridge_msgs/share/rosbridge_msgs/msg/ConnectedClients.idl
[0.609s] -- Up-to-date: /workspace/ros2_ws/install/rosbridge_msgs/share/rosbridge_msgs/msg/ConnectedClient.msg
[0.609s] -- Up-to-date: /workspace/ros2_ws/install/rosbridge_msgs/share/rosbridge_msgs/msg/ConnectedClients.msg
[0.610s] -- Up-to-date: /workspace/ros2_ws/install/rosbridge_msgs/share/ament_index/resource_index/package_run_dependencies/rosbridge_msgs
[0.610s] -- Up-to-date: /workspace/ros2_ws/install/rosbridge_msgs/share/ament_index/resource_index/parent_prefix_path/rosbridge_msgs
[0.610s] -- Up-to-date: /workspace/ros2_ws/install/rosbridge_msgs/share/rosbridge_msgs/environment/ament_prefix_path.sh
[0.610s] -- Up-to-date: /workspace/ros2_ws/install/rosbridge_msgs/share/rosbridge_msgs/environment/ament_prefix_path.dsv
[0.610s] -- Up-to-date: /workspace/ros2_ws/install/rosbridge_msgs/share/rosbridge_msgs/environment/path.sh
[0.610s] -- Up-to-date: /workspace/ros2_ws/install/rosbridge_msgs/share/rosbridge_msgs/environment/path.dsv
[0.610s] -- Up-to-date: /workspace/ros2_ws/install/rosbridge_msgs/share/rosbridge_msgs/local_setup.bash
[0.610s] -- Up-to-date: /workspace/ros2_ws/install/rosbridge_msgs/share/rosbridge_msgs/local_setup.sh
[0.610s] -- Up-to-date: /workspace/ros2_ws/install/rosbridge_msgs/share/rosbridge_msgs/local_setup.zsh
[0.610s] -- Up-to-date: /workspace/ros2_ws/install/rosbridge_msgs/share/rosbridge_msgs/local_setup.dsv
[0.611s] -- Installing: /workspace/ros2_ws/install/rosbridge_msgs/share/rosbridge_msgs/package.dsv
[0.611s] -- Up-to-date: /workspace/ros2_ws/install/rosbridge_msgs/share/ament_index/resource_index/packages/rosbridge_msgs
[0.611s] -- Up-to-date: /workspace/ros2_ws/install/rosbridge_msgs/share/rosbridge_msgs/cmake/rosidl_cmake-extras.cmake
[0.611s] -- Up-to-date: /workspace/ros2_ws/install/rosbridge_msgs/share/rosbridge_msgs/cmake/ament_cmake_export_dependencies-extras.cmake
[0.611s] -- Up-to-date: /workspace/ros2_ws/install/rosbridge_msgs/share/rosbridge_msgs/cmake/ament_cmake_export_include_directories-extras.cmake
[0.611s] -- Up-to-date: /workspace/ros2_ws/install/rosbridge_msgs/share/rosbridge_msgs/cmake/ament_cmake_export_libraries-extras.cmake
[0.611s] -- Up-to-date: /workspace/ros2_ws/install/rosbridge_msgs/share/rosbridge_msgs/cmake/rosbridge_msgsConfig.cmake
[0.611s] -- Up-to-date: /workspace/ros2_ws/install/rosbridge_msgs/share/rosbridge_msgs/cmake/rosbridge_msgsConfig-version.cmake
[0.611s] -- Up-to-date: /workspace/ros2_ws/install/rosbridge_msgs/share/rosbridge_msgs/package.xml
[0.613s] Invoked command in '/workspace/ros2_ws/build/rosbridge_msgs' returned '0': CMAKE_PREFIX_PATH=${CMAKE_PREFIX_PATH}:/opt/ros/eloquent /usr/bin/cmake --build /workspace/ros2_ws/build/rosbridge_msgs --target install -- -j32 -l32
