[0.013s] Invoking command in '/workspace/ros2_ws/build/camera_reader': CMAKE_PREFIX_PATH=${CMAKE_PREFIX_PATH}:/opt/ros/eloquent /usr/bin/cmake --build /workspace/ros2_ws/build/camera_reader -- -j32 -l32
[0.031s] -- Found ament_cmake: 0.8.3 (/opt/ros/eloquent/share/ament_cmake/cmake)
[0.047s] -- Using PYTHON_EXECUTABLE: /usr/bin/python3
[0.159s] -- Found rclcpp: 0.8.5 (/opt/ros/eloquent/share/rclcpp/cmake)
[0.166s] -- Found rosidl_adapter: 0.8.3 (/opt/ros/eloquent/share/rosidl_adapter/cmake)
[0.186s] -- Found rmw_implementation_cmake: 0.8.1 (/opt/ros/eloquent/share/rmw_implementation_cmake/cmake)
[0.186s] -- Using RMW implementation 'rmw_fastrtps_cpp' as default
[0.205s] -- Found sensor_msgs: 0.8.1 (/opt/ros/eloquent/share/sensor_msgs/cmake)
[0.223s] -- Found cv_bridge: 2.1.4 (/opt/ros/eloquent/share/cv_bridge/cmake)
[0.225s] -- Found ament_lint_auto: 0.8.2 (/opt/ros/eloquent/share/ament_lint_auto/cmake)
[0.285s] =============================================================
[0.285s] -- ROS Found. ROS Support is turned ON.
[0.285s] =============================================================
[0.287s] -- Added test 'cppcheck' to perform static code analysis on C / C++ code
[0.287s] -- Configured cppcheck include dirs: $<BUILD_INTERFACE:/workspace/ros2_ws/src/camera_reader/include>
[0.287s] -- Added test 'flake8' to check Python code syntax and style conventions
[0.287s] -- Added test 'lint_cmake' to check CMake code style
[0.287s] -- Added test 'pep257' to check Python code against some of the style conventions in PEP 257
[0.288s] -- Added test 'uncrustify' to check C / C++ code style
[0.288s] -- Added test 'xmllint' to check XML markup files
[0.289s] -- Configuring done
[0.301s] -- Generating done
[0.302s] -- Build files have been written to: /workspace/ros2_ws/build/camera_reader
[0.338s] [100%] Built target camera_reader_node
[0.350s] Invoked command in '/workspace/ros2_ws/build/camera_reader' returned '0': CMAKE_PREFIX_PATH=${CMAKE_PREFIX_PATH}:/opt/ros/eloquent /usr/bin/cmake --build /workspace/ros2_ws/build/camera_reader -- -j32 -l32
[0.384s] Invoking command in '/workspace/ros2_ws/build/camera_reader': CMAKE_PREFIX_PATH=${CMAKE_PREFIX_PATH}:/opt/ros/eloquent /usr/bin/cmake --build /workspace/ros2_ws/build/camera_reader --target install -- -j32 -l32
[0.431s] [100%] Built target camera_reader_node
[0.447s] [36mInstall the project...[0m
[0.454s] -- Install configuration: ""
[0.454s] -- Up-to-date: /workspace/ros2_ws/install/camera_reader/lib/camera_reader/camera_reader_node
[0.454s] -- Up-to-date: /workspace/ros2_ws/install/camera_reader/share/camera_reader/launch
[0.455s] -- Up-to-date: /workspace/ros2_ws/install/camera_reader/share/camera_reader/launch/camera_launcher.launch.py
[0.455s] -- Up-to-date: /workspace/ros2_ws/install/camera_reader/share/camera_reader/src
[0.455s] -- Up-to-date: /workspace/ros2_ws/install/camera_reader/share/camera_reader/src/camera_reader_node.cpp
[0.455s] -- Up-to-date: /workspace/ros2_ws/install/camera_reader/share/camera_reader/config
[0.455s] -- Up-to-date: /workspace/ros2_ws/install/camera_reader/share/camera_reader/config/params.yaml
[0.455s] -- Up-to-date: /workspace/ros2_ws/install/camera_reader/share/ament_index/resource_index/package_run_dependencies/camera_reader
[0.455s] -- Up-to-date: /workspace/ros2_ws/install/camera_reader/share/ament_index/resource_index/parent_prefix_path/camera_reader
[0.455s] -- Up-to-date: /workspace/ros2_ws/install/camera_reader/share/camera_reader/environment/ament_prefix_path.sh
[0.455s] -- Installing: /workspace/ros2_ws/install/camera_reader/share/camera_reader/environment/ament_prefix_path.dsv
[0.455s] -- Up-to-date: /workspace/ros2_ws/install/camera_reader/share/camera_reader/environment/path.sh
[0.455s] -- Installing: /workspace/ros2_ws/install/camera_reader/share/camera_reader/environment/path.dsv
[0.455s] -- Up-to-date: /workspace/ros2_ws/install/camera_reader/share/camera_reader/local_setup.bash
[0.456s] -- Up-to-date: /workspace/ros2_ws/install/camera_reader/share/camera_reader/local_setup.sh
[0.456s] -- Up-to-date: /workspace/ros2_ws/install/camera_reader/share/camera_reader/local_setup.zsh
[0.456s] -- Installing: /workspace/ros2_ws/install/camera_reader/share/camera_reader/local_setup.dsv
[0.456s] -- Installing: /workspace/ros2_ws/install/camera_reader/share/camera_reader/package.dsv
[0.456s] -- Up-to-date: /workspace/ros2_ws/install/camera_reader/share/ament_index/resource_index/packages/camera_reader
[0.456s] -- Up-to-date: /workspace/ros2_ws/install/camera_reader/share/camera_reader/cmake/camera_readerConfig.cmake
[0.456s] -- Up-to-date: /workspace/ros2_ws/install/camera_reader/share/camera_reader/cmake/camera_readerConfig-version.cmake
[0.456s] -- Up-to-date: /workspace/ros2_ws/install/camera_reader/share/camera_reader/package.xml
[0.457s] Invoked command in '/workspace/ros2_ws/build/camera_reader' returned '0': CMAKE_PREFIX_PATH=${CMAKE_PREFIX_PATH}:/opt/ros/eloquent /usr/bin/cmake --build /workspace/ros2_ws/build/camera_reader --target install -- -j32 -l32
