[0.016s] Invoking command in '/workspace/ros2_ws/build/rosapi': AMENT_PREFIX_PATH=/workspace/ros2_ws/install/rosbridge_library:/workspace/ros2_ws/install/rosbridge_test_msgs:/workspace/ros2_ws/install/rosapi_msgs:${AMENT_PREFIX_PATH} CMAKE_PREFIX_PATH=/workspace/ros2_ws/install/rosbridge_library:/workspace/ros2_ws/install/rosbridge_test_msgs:/workspace/ros2_ws/install/rosapi_msgs:/opt/ros/eloquent LD_LIBRARY_PATH=/workspace/ros2_ws/install/rosbridge_test_msgs/lib:/workspace/ros2_ws/install/rosapi_msgs/lib:${LD_LIBRARY_PATH} PYTHONPATH=/workspace/ros2_ws/install/rosbridge_library/lib/python3.6/site-packages:/workspace/ros2_ws/install/rosbridge_test_msgs/lib/python3.6/site-packages:/workspace/ros2_ws/install/rosapi_msgs/lib/python3.6/site-packages:${PYTHONPATH} /usr/bin/cmake --build /workspace/ros2_ws/build/rosapi -- -j32 -l32
[0.059s] Invoked command in '/workspace/ros2_ws/build/rosapi' returned '0': AMENT_PREFIX_PATH=/workspace/ros2_ws/install/rosbridge_library:/workspace/ros2_ws/install/rosbridge_test_msgs:/workspace/ros2_ws/install/rosapi_msgs:${AMENT_PREFIX_PATH} CMAKE_PREFIX_PATH=/workspace/ros2_ws/install/rosbridge_library:/workspace/ros2_ws/install/rosbridge_test_msgs:/workspace/ros2_ws/install/rosapi_msgs:/opt/ros/eloquent LD_LIBRARY_PATH=/workspace/ros2_ws/install/rosbridge_test_msgs/lib:/workspace/ros2_ws/install/rosapi_msgs/lib:${LD_LIBRARY_PATH} PYTHONPATH=/workspace/ros2_ws/install/rosbridge_library/lib/python3.6/site-packages:/workspace/ros2_ws/install/rosbridge_test_msgs/lib/python3.6/site-packages:/workspace/ros2_ws/install/rosapi_msgs/lib/python3.6/site-packages:${PYTHONPATH} /usr/bin/cmake --build /workspace/ros2_ws/build/rosapi -- -j32 -l32
[0.093s] Invoking command in '/workspace/ros2_ws/build/rosapi': AMENT_PREFIX_PATH=/workspace/ros2_ws/install/rosbridge_library:/workspace/ros2_ws/install/rosbridge_test_msgs:/workspace/ros2_ws/install/rosapi_msgs:${AMENT_PREFIX_PATH} CMAKE_PREFIX_PATH=/workspace/ros2_ws/install/rosbridge_library:/workspace/ros2_ws/install/rosbridge_test_msgs:/workspace/ros2_ws/install/rosapi_msgs:/opt/ros/eloquent LD_LIBRARY_PATH=/workspace/ros2_ws/install/rosbridge_test_msgs/lib:/workspace/ros2_ws/install/rosapi_msgs/lib:${LD_LIBRARY_PATH} PYTHONPATH=/workspace/ros2_ws/install/rosbridge_library/lib/python3.6/site-packages:/workspace/ros2_ws/install/rosbridge_test_msgs/lib/python3.6/site-packages:/workspace/ros2_ws/install/rosapi_msgs/lib/python3.6/site-packages:${PYTHONPATH} /usr/bin/cmake --build /workspace/ros2_ws/build/rosapi --target install -- -j32 -l32
[0.139s] [36mInstall the project...[0m
[0.151s] -- Install configuration: ""
[0.151s] -- Up-to-date: /workspace/ros2_ws/install/rosapi/share/rosapi/environment/pythonpath.sh
[0.151s] -- Up-to-date: /workspace/ros2_ws/install/rosapi/share/rosapi/environment/pythonpath.dsv
[0.151s] -- Up-to-date: /workspace/ros2_ws/install/rosapi/lib/python3.6/site-packages/rosapi
[0.151s] -- Up-to-date: /workspace/ros2_ws/install/rosapi/lib/python3.6/site-packages/rosapi/objectutils.py
[0.151s] -- Up-to-date: /workspace/ros2_ws/install/rosapi/lib/python3.6/site-packages/rosapi/glob_helper.py
[0.151s] -- Up-to-date: /workspace/ros2_ws/install/rosapi/lib/python3.6/site-packages/rosapi/stringify_field_types.py
[0.151s] -- Up-to-date: /workspace/ros2_ws/install/rosapi/lib/python3.6/site-packages/rosapi/params.py
[0.151s] -- Up-to-date: /workspace/ros2_ws/install/rosapi/lib/python3.6/site-packages/rosapi/__init__.py
[0.151s] -- Up-to-date: /workspace/ros2_ws/install/rosapi/lib/python3.6/site-packages/rosapi/proxy.py
[0.177s] Listing '/workspace/ros2_ws/install/rosapi/lib/python3.6/site-packages/rosapi'...
[0.177s] Compiling '/workspace/ros2_ws/install/rosapi/lib/python3.6/site-packages/rosapi/objectutils.py'...
[0.177s] ***   File "/workspace/ros2_ws/install/rosapi/lib/python3.6/site-packages/rosapi/objectutils.py", line 76
[0.177s]     if matches := re.findall("sequence<([^<]+)>", type):
[0.177s]                 ^
[0.177s] SyntaxError: invalid syntax
[0.177s] 
[0.179s] -- Up-to-date: /workspace/ros2_ws/install/rosapi/share/ament_index/resource_index/package_run_dependencies/rosapi
[0.179s] -- Up-to-date: /workspace/ros2_ws/install/rosapi/share/ament_index/resource_index/parent_prefix_path/rosapi
[0.180s] -- Up-to-date: /workspace/ros2_ws/install/rosapi/share/rosapi/environment/ament_prefix_path.sh
[0.180s] -- Up-to-date: /workspace/ros2_ws/install/rosapi/share/rosapi/environment/ament_prefix_path.dsv
[0.180s] -- Up-to-date: /workspace/ros2_ws/install/rosapi/share/rosapi/environment/path.sh
[0.180s] -- Up-to-date: /workspace/ros2_ws/install/rosapi/share/rosapi/environment/path.dsv
[0.180s] -- Up-to-date: /workspace/ros2_ws/install/rosapi/share/rosapi/local_setup.bash
[0.180s] -- Up-to-date: /workspace/ros2_ws/install/rosapi/share/rosapi/local_setup.sh
[0.180s] -- Up-to-date: /workspace/ros2_ws/install/rosapi/share/rosapi/local_setup.zsh
[0.180s] -- Up-to-date: /workspace/ros2_ws/install/rosapi/share/rosapi/local_setup.dsv
[0.180s] -- Up-to-date: /workspace/ros2_ws/install/rosapi/share/rosapi/package.dsv
[0.180s] -- Up-to-date: /workspace/ros2_ws/install/rosapi/share/ament_index/resource_index/packages/rosapi
[0.180s] -- Up-to-date: /workspace/ros2_ws/install/rosapi/share/rosapi/cmake/rosapiConfig.cmake
[0.180s] -- Up-to-date: /workspace/ros2_ws/install/rosapi/share/rosapi/cmake/rosapiConfig-version.cmake
[0.180s] -- Up-to-date: /workspace/ros2_ws/install/rosapi/share/rosapi/package.xml
[0.180s] -- Up-to-date: /workspace/ros2_ws/install/rosapi/lib/rosapi/rosapi_node
[0.180s] -- Up-to-date: /workspace/ros2_ws/install/rosapi/share/rosapi/mapping_rules.yaml
[0.183s] Invoked command in '/workspace/ros2_ws/build/rosapi' returned '0': AMENT_PREFIX_PATH=/workspace/ros2_ws/install/rosbridge_library:/workspace/ros2_ws/install/rosbridge_test_msgs:/workspace/ros2_ws/install/rosapi_msgs:${AMENT_PREFIX_PATH} CMAKE_PREFIX_PATH=/workspace/ros2_ws/install/rosbridge_library:/workspace/ros2_ws/install/rosbridge_test_msgs:/workspace/ros2_ws/install/rosapi_msgs:/opt/ros/eloquent LD_LIBRARY_PATH=/workspace/ros2_ws/install/rosbridge_test_msgs/lib:/workspace/ros2_ws/install/rosapi_msgs/lib:${LD_LIBRARY_PATH} PYTHONPATH=/workspace/ros2_ws/install/rosbridge_library/lib/python3.6/site-packages:/workspace/ros2_ws/install/rosbridge_test_msgs/lib/python3.6/site-packages:/workspace/ros2_ws/install/rosapi_msgs/lib/python3.6/site-packages:${PYTHONPATH} /usr/bin/cmake --build /workspace/ros2_ws/build/rosapi --target install -- -j32 -l32
