-- The C compiler identification is GNU 7.5.0
-- The CXX compiler identification is GNU 7.5.0
-- Check for working C compiler: /usr/bin/cc
-- Check for working C compiler: /usr/bin/cc -- works
-- Detecting C compiler ABI info
-- Detecting C compiler ABI info - done
-- Detecting C compile features
-- Detecting C compile features - done
-- Check for working CXX compiler: /usr/bin/c++
-- Check for working CXX compiler: /usr/bin/c++ -- works
-- Detecting CXX compiler ABI info
-- Detecting CXX compiler ABI info - done
-- Detecting CXX compile features
-- Detecting CXX compile features - done
-- Found ament_cmake_ros: 0.8.0 (/opt/ros/eloquent/share/ament_cmake_ros/cmake)
-- Found PythonInterp: /usr/bin/python3 (found suitable version "3.6.9", minimum required is "3") 
-- Using PYTHON_EXECUTABLE: /usr/bin/python3
CMake Error at CMakeLists.txt:25 (find_package):
  By not providing "Findlaunch_testing_ament_cmake.cmake" in
  CMAKE_MODULE_PATH this project has asked CMake to find a package
  configuration file provided by "launch_testing_ament_cmake", but CMake did
  not find one.

  Could not find a package configuration file provided by
  "launch_testing_ament_cmake" with any of the following names:

    launch_testing_ament_cmakeConfig.cmake
    launch_testing_ament_cmake-config.cmake

  Add the installation prefix of "launch_testing_ament_cmake" to
  CMAKE_PREFIX_PATH or set "launch_testing_ament_cmake_DIR" to a directory
  containing one of the above files.  If "launch_testing_ament_cmake"
  provides a separate development package or SDK, be sure it has been
  installed.


-- Configuring incomplete, errors occurred!
See also "/workspace/ros2_ws/build/rosbridge_server/CMakeFiles/CMakeOutput.log".
