[0.017s] Invoking command in '/workspace/ros2_ws/build/rosbridge_server': AMENT_PREFIX_PATH=/workspace/ros2_ws/install/rosapi:/workspace/ros2_ws/install/rosbridge_library:/workspace/ros2_ws/install/rosbridge_test_msgs:/workspace/ros2_ws/install/rosbridge_msgs:/workspace/ros2_ws/install/rosapi_msgs:${AMENT_PREFIX_PATH} CMAKE_PREFIX_PATH=/workspace/ros2_ws/install/rosapi:/workspace/ros2_ws/install/rosbridge_library:/workspace/ros2_ws/install/rosbridge_test_msgs:/workspace/ros2_ws/install/rosbridge_msgs:/workspace/ros2_ws/install/rosapi_msgs:/opt/ros/eloquent LD_LIBRARY_PATH=/workspace/ros2_ws/install/rosbridge_test_msgs/lib:/workspace/ros2_ws/install/rosbridge_msgs/lib:/workspace/ros2_ws/install/rosapi_msgs/lib:${LD_LIBRARY_PATH} PYTHONPATH=/workspace/ros2_ws/install/rosapi/lib/python3.6/site-packages:/workspace/ros2_ws/install/rosbridge_library/lib/python3.6/site-packages:/workspace/ros2_ws/install/rosbridge_test_msgs/lib/python3.6/site-packages:/workspace/ros2_ws/install/rosbridge_msgs/lib/python3.6/site-packages:/workspace/ros2_ws/install/rosapi_msgs/lib/python3.6/site-packages:${PYTHONPATH} /usr/bin/cmake /workspace/ros2_ws/src/rosbridge_suite/rosbridge_server -DCMAKE_INSTALL_PREFIX=/workspace/ros2_ws/install/rosbridge_server
[0.064s] -- The C compiler identification is GNU 7.5.0
[0.101s] -- The CXX compiler identification is GNU 7.5.0
[0.103s] -- Check for working C compiler: /usr/bin/cc
[0.173s] -- Check for working C compiler: /usr/bin/cc -- works
[0.174s] -- Detecting C compiler ABI info
[0.253s] -- Detecting C compiler ABI info - done
[0.258s] -- Detecting C compile features
[0.475s] -- Detecting C compile features - done
[0.477s] -- Check for working CXX compiler: /usr/bin/c++
[0.539s] -- Check for working CXX compiler: /usr/bin/c++ -- works
[0.540s] -- Detecting CXX compiler ABI info
[0.601s] -- Detecting CXX compiler ABI info - done
[0.604s] -- Detecting CXX compile features
[0.920s] -- Detecting CXX compile features - done
[0.922s] -- Found ament_cmake_ros: 0.8.0 (/opt/ros/eloquent/share/ament_cmake_ros/cmake)
[0.958s] -- Found PythonInterp: /usr/bin/python3 (found suitable version "3.6.9", minimum required is "3") 
[0.958s] -- Using PYTHON_EXECUTABLE: /usr/bin/python3
[1.165s] CMake Error at CMakeLists.txt:25 (find_package):
[1.166s]   By not providing "Findlaunch_testing_ament_cmake.cmake" in
[1.166s]   CMAKE_MODULE_PATH this project has asked CMake to find a package
[1.166s]   configuration file provided by "launch_testing_ament_cmake", but CMake did
[1.166s]   not find one.
[1.166s] 
[1.166s]   Could not find a package configuration file provided by
[1.166s]   "launch_testing_ament_cmake" with any of the following names:
[1.166s] 
[1.166s]     launch_testing_ament_cmakeConfig.cmake
[1.166s]     launch_testing_ament_cmake-config.cmake
[1.166s] 
[1.166s]   Add the installation prefix of "launch_testing_ament_cmake" to
[1.166s]   CMAKE_PREFIX_PATH or set "launch_testing_ament_cmake_DIR" to a directory
[1.166s]   containing one of the above files.  If "launch_testing_ament_cmake"
[1.166s]   provides a separate development package or SDK, be sure it has been
[1.166s]   installed.
[1.166s] 
[1.166s] 
[1.167s] -- Configuring incomplete, errors occurred!
[1.167s] See also "/workspace/ros2_ws/build/rosbridge_server/CMakeFiles/CMakeOutput.log".
[1.170s] Invoked command in '/workspace/ros2_ws/build/rosbridge_server' returned '1': AMENT_PREFIX_PATH=/workspace/ros2_ws/install/rosapi:/workspace/ros2_ws/install/rosbridge_library:/workspace/ros2_ws/install/rosbridge_test_msgs:/workspace/ros2_ws/install/rosbridge_msgs:/workspace/ros2_ws/install/rosapi_msgs:${AMENT_PREFIX_PATH} CMAKE_PREFIX_PATH=/workspace/ros2_ws/install/rosapi:/workspace/ros2_ws/install/rosbridge_library:/workspace/ros2_ws/install/rosbridge_test_msgs:/workspace/ros2_ws/install/rosbridge_msgs:/workspace/ros2_ws/install/rosapi_msgs:/opt/ros/eloquent LD_LIBRARY_PATH=/workspace/ros2_ws/install/rosbridge_test_msgs/lib:/workspace/ros2_ws/install/rosbridge_msgs/lib:/workspace/ros2_ws/install/rosapi_msgs/lib:${LD_LIBRARY_PATH} PYTHONPATH=/workspace/ros2_ws/install/rosapi/lib/python3.6/site-packages:/workspace/ros2_ws/install/rosbridge_library/lib/python3.6/site-packages:/workspace/ros2_ws/install/rosbridge_test_msgs/lib/python3.6/site-packages:/workspace/ros2_ws/install/rosbridge_msgs/lib/python3.6/site-packages:/workspace/ros2_ws/install/rosapi_msgs/lib/python3.6/site-packages:${PYTHONPATH} /usr/bin/cmake /workspace/ros2_ws/src/rosbridge_suite/rosbridge_server -DCMAKE_INSTALL_PREFIX=/workspace/ros2_ws/install/rosbridge_server
