[36mInstall the project...[0m
-- Install configuration: ""
-- Up-to-date: /workspace/ros2_ws/install/inference_webcam/share/inference_webcam/launch
-- Up-to-date: /workspace/ros2_ws/install/inference_webcam/share/inference_webcam/launch/inference.launch.py
-- Up-to-date: /workspace/ros2_ws/install/inference_webcam/share/inference_webcam/scripts
-- Up-to-date: /workspace/ros2_ws/install/inference_webcam/share/inference_webcam/scripts/EfficientPose
-- Up-to-date: /workspace/ros2_ws/install/inference_webcam/share/inference_webcam/scripts/EfficientPose/tfkeras.py
-- Up-to-date: /workspace/ros2_ws/install/inference_webcam/share/inference_webcam/scripts/EfficientPose/layers_vanilla_effdet.py
-- Up-to-date: /workspace/ros2_ws/install/inference_webcam/share/inference_webcam/scripts/EfficientPose/custom_load_weights.py
-- Up-to-date: /workspace/ros2_ws/install/inference_webcam/share/inference_webcam/scripts/EfficientPose/figures
-- Up-to-date: /workspace/ros2_ws/install/inference_webcam/share/inference_webcam/scripts/EfficientPose/figures/title_figure_repo.png
-- Up-to-date: /workspace/ros2_ws/install/inference_webcam/share/inference_webcam/scripts/EfficientPose/efficientnet.py
-- Up-to-date: /workspace/ros2_ws/install/inference_webcam/share/inference_webcam/scripts/EfficientPose/evaluate.py
-- Up-to-date: /workspace/ros2_ws/install/inference_webcam/share/inference_webcam/scripts/EfficientPose/generate_masks.py
-- Up-to-date: /workspace/ros2_ws/install/inference_webcam/share/inference_webcam/scripts/EfficientPose/utils
-- Up-to-date: /workspace/ros2_ws/install/inference_webcam/share/inference_webcam/scripts/EfficientPose/utils/calc_min_distances.h
-- Up-to-date: /workspace/ros2_ws/install/inference_webcam/share/inference_webcam/scripts/EfficientPose/utils/colors.py
-- Up-to-date: /workspace/ros2_ws/install/inference_webcam/share/inference_webcam/scripts/EfficientPose/utils/image.py
-- Up-to-date: /workspace/ros2_ws/install/inference_webcam/share/inference_webcam/scripts/EfficientPose/utils/compute_overlap.pyx
-- Up-to-date: /workspace/ros2_ws/install/inference_webcam/share/inference_webcam/scripts/EfficientPose/utils/anchors.py
-- Up-to-date: /workspace/ros2_ws/install/inference_webcam/share/inference_webcam/scripts/EfficientPose/utils/visualization.py
-- Up-to-date: /workspace/ros2_ws/install/inference_webcam/share/inference_webcam/scripts/EfficientPose/utils/__init__.py
-- Up-to-date: /workspace/ros2_ws/install/inference_webcam/share/inference_webcam/scripts/EfficientPose/benchmark_runtime.py
-- Up-to-date: /workspace/ros2_ws/install/inference_webcam/share/inference_webcam/scripts/EfficientPose/inference.py
-- Up-to-date: /workspace/ros2_ws/install/inference_webcam/share/inference_webcam/scripts/EfficientPose/losses.py
-- Up-to-date: /workspace/ros2_ws/install/inference_webcam/share/inference_webcam/scripts/EfficientPose/LICENSE
-- Up-to-date: /workspace/ros2_ws/install/inference_webcam/share/inference_webcam/scripts/EfficientPose/.git
-- Up-to-date: /workspace/ros2_ws/install/inference_webcam/share/inference_webcam/scripts/EfficientPose/.git/info
-- Up-to-date: /workspace/ros2_ws/install/inference_webcam/share/inference_webcam/scripts/EfficientPose/.git/info/exclude
-- Up-to-date: /workspace/ros2_ws/install/inference_webcam/share/inference_webcam/scripts/EfficientPose/.git/HEAD
-- Up-to-date: /workspace/ros2_ws/install/inference_webcam/share/inference_webcam/scripts/EfficientPose/.git/refs
-- Up-to-date: /workspace/ros2_ws/install/inference_webcam/share/inference_webcam/scripts/EfficientPose/.git/refs/tags
-- Up-to-date: /workspace/ros2_ws/install/inference_webcam/share/inference_webcam/scripts/EfficientPose/.git/refs/heads
-- Up-to-date: /workspace/ros2_ws/install/inference_webcam/share/inference_webcam/scripts/EfficientPose/.git/refs/heads/main
-- Up-to-date: /workspace/ros2_ws/install/inference_webcam/share/inference_webcam/scripts/EfficientPose/.git/refs/remotes
-- Up-to-date: /workspace/ros2_ws/install/inference_webcam/share/inference_webcam/scripts/EfficientPose/.git/refs/remotes/origin
-- Up-to-date: /workspace/ros2_ws/install/inference_webcam/share/inference_webcam/scripts/EfficientPose/.git/refs/remotes/origin/HEAD
-- Up-to-date: /workspace/ros2_ws/install/inference_webcam/share/inference_webcam/scripts/EfficientPose/.git/logs
-- Up-to-date: /workspace/ros2_ws/install/inference_webcam/share/inference_webcam/scripts/EfficientPose/.git/logs/HEAD
-- Up-to-date: /workspace/ros2_ws/install/inference_webcam/share/inference_webcam/scripts/EfficientPose/.git/logs/refs
-- Up-to-date: /workspace/ros2_ws/install/inference_webcam/share/inference_webcam/scripts/EfficientPose/.git/logs/refs/heads
-- Up-to-date: /workspace/ros2_ws/install/inference_webcam/share/inference_webcam/scripts/EfficientPose/.git/logs/refs/heads/main
-- Up-to-date: /workspace/ros2_ws/install/inference_webcam/share/inference_webcam/scripts/EfficientPose/.git/logs/refs/remotes
-- Up-to-date: /workspace/ros2_ws/install/inference_webcam/share/inference_webcam/scripts/EfficientPose/.git/logs/refs/remotes/origin
-- Up-to-date: /workspace/ros2_ws/install/inference_webcam/share/inference_webcam/scripts/EfficientPose/.git/logs/refs/remotes/origin/HEAD
-- Up-to-date: /workspace/ros2_ws/install/inference_webcam/share/inference_webcam/scripts/EfficientPose/.git/branches
-- Up-to-date: /workspace/ros2_ws/install/inference_webcam/share/inference_webcam/scripts/EfficientPose/.git/packed-refs
-- Up-to-date: /workspace/ros2_ws/install/inference_webcam/share/inference_webcam/scripts/EfficientPose/.git/description
-- Up-to-date: /workspace/ros2_ws/install/inference_webcam/share/inference_webcam/scripts/EfficientPose/.git/config
-- Up-to-date: /workspace/ros2_ws/install/inference_webcam/share/inference_webcam/scripts/EfficientPose/.git/index
-- Up-to-date: /workspace/ros2_ws/install/inference_webcam/share/inference_webcam/scripts/EfficientPose/.git/hooks
-- Up-to-date: /workspace/ros2_ws/install/inference_webcam/share/inference_webcam/scripts/EfficientPose/.git/hooks/fsmonitor-watchman.sample
-- Up-to-date: /workspace/ros2_ws/install/inference_webcam/share/inference_webcam/scripts/EfficientPose/.git/hooks/pre-applypatch.sample
-- Up-to-date: /workspace/ros2_ws/install/inference_webcam/share/inference_webcam/scripts/EfficientPose/.git/hooks/commit-msg.sample
-- Up-to-date: /workspace/ros2_ws/install/inference_webcam/share/inference_webcam/scripts/EfficientPose/.git/hooks/pre-rebase.sample
-- Up-to-date: /workspace/ros2_ws/install/inference_webcam/share/inference_webcam/scripts/EfficientPose/.git/hooks/applypatch-msg.sample
-- Up-to-date: /workspace/ros2_ws/install/inference_webcam/share/inference_webcam/scripts/EfficientPose/.git/hooks/post-update.sample
-- Up-to-date: /workspace/ros2_ws/install/inference_webcam/share/inference_webcam/scripts/EfficientPose/.git/hooks/update.sample
-- Up-to-date: /workspace/ros2_ws/install/inference_webcam/share/inference_webcam/scripts/EfficientPose/.git/hooks/pre-push.sample
-- Up-to-date: /workspace/ros2_ws/install/inference_webcam/share/inference_webcam/scripts/EfficientPose/.git/hooks/pre-commit.sample
-- Up-to-date: /workspace/ros2_ws/install/inference_webcam/share/inference_webcam/scripts/EfficientPose/.git/hooks/pre-receive.sample
-- Up-to-date: /workspace/ros2_ws/install/inference_webcam/share/inference_webcam/scripts/EfficientPose/.git/hooks/prepare-commit-msg.sample
-- Up-to-date: /workspace/ros2_ws/install/inference_webcam/share/inference_webcam/scripts/EfficientPose/.git/objects
-- Up-to-date: /workspace/ros2_ws/install/inference_webcam/share/inference_webcam/scripts/EfficientPose/.git/objects/46
-- Up-to-date: /workspace/ros2_ws/install/inference_webcam/share/inference_webcam/scripts/EfficientPose/.git/objects/46/0272ece9fc8e73881f83ce42ddd05be863a68d
-- Up-to-date: /workspace/ros2_ws/install/inference_webcam/share/inference_webcam/scripts/EfficientPose/.git/objects/d7
-- Up-to-date: /workspace/ros2_ws/install/inference_webcam/share/inference_webcam/scripts/EfficientPose/.git/objects/d7/8dec0891559863929990a9c5f06833d2fc5b0b
-- Up-to-date: /workspace/ros2_ws/install/inference_webcam/share/inference_webcam/scripts/EfficientPose/.git/objects/09
-- Up-to-date: /workspace/ros2_ws/install/inference_webcam/share/inference_webcam/scripts/EfficientPose/.git/objects/09/c8b52a51511ac9c871d3bbf8d8db850f91ec3f
-- Up-to-date: /workspace/ros2_ws/install/inference_webcam/share/inference_webcam/scripts/EfficientPose/.git/objects/92
-- Up-to-date: /workspace/ros2_ws/install/inference_webcam/share/inference_webcam/scripts/EfficientPose/.git/objects/92/21f126278da1ea3fb86f70cd7a1e27f0e6f7a3
-- Up-to-date: /workspace/ros2_ws/install/inference_webcam/share/inference_webcam/scripts/EfficientPose/.git/objects/0a
-- Up-to-date: /workspace/ros2_ws/install/inference_webcam/share/inference_webcam/scripts/EfficientPose/.git/objects/0a/aa364e536797ce294571b6fb11755fd3f239b1
-- Up-to-date: /workspace/ros2_ws/install/inference_webcam/share/inference_webcam/scripts/EfficientPose/.git/objects/0a/fa5c369bb7c530195e24caa234304b510c1f2b
-- Up-to-date: /workspace/ros2_ws/install/inference_webcam/share/inference_webcam/scripts/EfficientPose/.git/objects/4f
-- Up-to-date: /workspace/ros2_ws/install/inference_webcam/share/inference_webcam/scripts/EfficientPose/.git/objects/4f/cc6f9cc93771c8a786205914a9a970ad0fcf38
-- Up-to-date: /workspace/ros2_ws/install/inference_webcam/share/inference_webcam/scripts/EfficientPose/.git/objects/23
-- Up-to-date: /workspace/ros2_ws/install/inference_webcam/share/inference_webcam/scripts/EfficientPose/.git/objects/23/ff36a4a7dc3bb07ec1f3b7ee21eb0654efe582
-- Up-to-date: /workspace/ros2_ws/install/inference_webcam/share/inference_webcam/scripts/EfficientPose/.git/objects/pack
-- Up-to-date: /workspace/ros2_ws/install/inference_webcam/share/inference_webcam/scripts/EfficientPose/.git/objects/b7
-- Up-to-date: /workspace/ros2_ws/install/inference_webcam/share/inference_webcam/scripts/EfficientPose/.git/objects/b7/55e8b7e691b3a7b756d0b300cc705de266bd38
-- Up-to-date: /workspace/ros2_ws/install/inference_webcam/share/inference_webcam/scripts/EfficientPose/.git/objects/b7/1840d319e7a57523a6fc90eaff89e3772733ce
-- Up-to-date: /workspace/ros2_ws/install/inference_webcam/share/inference_webcam/scripts/EfficientPose/.git/objects/9d
-- Up-to-date: /workspace/ros2_ws/install/inference_webcam/share/inference_webcam/scripts/EfficientPose/.git/objects/9d/2c03fec443bb39aa6b1f02449b5cc3fc60dfae
-- Up-to-date: /workspace/ros2_ws/install/inference_webcam/share/inference_webcam/scripts/EfficientPose/.git/objects/89
-- Up-to-date: /workspace/ros2_ws/install/inference_webcam/share/inference_webcam/scripts/EfficientPose/.git/objects/89/6d2175c57a37fd81fb7c36dd71f35ccf971f73
-- Up-to-date: /workspace/ros2_ws/install/inference_webcam/share/inference_webcam/scripts/EfficientPose/.git/objects/info
-- Up-to-date: /workspace/ros2_ws/install/inference_webcam/share/inference_webcam/scripts/EfficientPose/.git/objects/ad
-- Up-to-date: /workspace/ros2_ws/install/inference_webcam/share/inference_webcam/scripts/EfficientPose/.git/objects/ad/5621ac3da2c3a0924fa21772f4f980daecb873
-- Up-to-date: /workspace/ros2_ws/install/inference_webcam/share/inference_webcam/scripts/EfficientPose/.git/objects/a3
-- Up-to-date: /workspace/ros2_ws/install/inference_webcam/share/inference_webcam/scripts/EfficientPose/.git/objects/a3/e9902dcfe25a3631318d0d00c005842d2f75d2
-- Up-to-date: /workspace/ros2_ws/install/inference_webcam/share/inference_webcam/scripts/EfficientPose/.git/objects/27
-- Up-to-date: /workspace/ros2_ws/install/inference_webcam/share/inference_webcam/scripts/EfficientPose/.git/objects/27/3050b553b883e91812d1994aa7b56cfe53e977
-- Up-to-date: /workspace/ros2_ws/install/inference_webcam/share/inference_webcam/scripts/EfficientPose/.git/objects/a4
-- Up-to-date: /workspace/ros2_ws/install/inference_webcam/share/inference_webcam/scripts/EfficientPose/.git/objects/a4/6a59f356943b3ce210130d086d7db2a703449e
-- Up-to-date: /workspace/ros2_ws/install/inference_webcam/share/inference_webcam/scripts/EfficientPose/.git/objects/43
-- Up-to-date: /workspace/ros2_ws/install/inference_webcam/share/inference_webcam/scripts/EfficientPose/.git/objects/43/b243c0cf0e007f0e414602c0ec6fa2cd55bd56
-- Up-to-date: /workspace/ros2_ws/install/inference_webcam/share/inference_webcam/scripts/EfficientPose/.git/objects/d1
-- Up-to-date: /workspace/ros2_ws/install/inference_webcam/share/inference_webcam/scripts/EfficientPose/.git/objects/d1/8a468e53c9a80a42111b651b676a13aafcc14d
-- Up-to-date: /workspace/ros2_ws/install/inference_webcam/share/inference_webcam/scripts/EfficientPose/.git/objects/86
-- Up-to-date: /workspace/ros2_ws/install/inference_webcam/share/inference_webcam/scripts/EfficientPose/.git/objects/86/19f02c678e56a17bafe94f9e0e2e816fe3b1e1
-- Up-to-date: /workspace/ros2_ws/install/inference_webcam/share/inference_webcam/scripts/EfficientPose/.git/objects/67
-- Up-to-date: /workspace/ros2_ws/install/inference_webcam/share/inference_webcam/scripts/EfficientPose/.git/objects/67/9a922286740437be8430c304ebd9105b58f388
-- Up-to-date: /workspace/ros2_ws/install/inference_webcam/share/inference_webcam/scripts/EfficientPose/.git/objects/b9
-- Up-to-date: /workspace/ros2_ws/install/inference_webcam/share/inference_webcam/scripts/EfficientPose/.git/objects/b9/5cf43de02c75f41e8ee3ba20b926967402b3db
-- Up-to-date: /workspace/ros2_ws/install/inference_webcam/share/inference_webcam/scripts/EfficientPose/.git/objects/c6
-- Up-to-date: /workspace/ros2_ws/install/inference_webcam/share/inference_webcam/scripts/EfficientPose/.git/objects/c6/57cab45c850057a63b3605897f5195f3c4ac02
-- Up-to-date: /workspace/ros2_ws/install/inference_webcam/share/inference_webcam/scripts/EfficientPose/.git/objects/ee
-- Up-to-date: /workspace/ros2_ws/install/inference_webcam/share/inference_webcam/scripts/EfficientPose/.git/objects/ee/57f0230ecbfc06fe29446550c6ab5a07932b5b
-- Up-to-date: /workspace/ros2_ws/install/inference_webcam/share/inference_webcam/scripts/EfficientPose/.git/objects/d3
-- Up-to-date: /workspace/ros2_ws/install/inference_webcam/share/inference_webcam/scripts/EfficientPose/.git/objects/d3/16aaa775fd952e4ff714486a0a40a5bb5679ae
-- Up-to-date: /workspace/ros2_ws/install/inference_webcam/share/inference_webcam/scripts/EfficientPose/.git/objects/5b
-- Up-to-date: /workspace/ros2_ws/install/inference_webcam/share/inference_webcam/scripts/EfficientPose/.git/objects/5b/e8a1a5bf5b1b2cca667364ec8012a7ca961dd6
-- Up-to-date: /workspace/ros2_ws/install/inference_webcam/share/inference_webcam/scripts/EfficientPose/.git/objects/22
-- Up-to-date: /workspace/ros2_ws/install/inference_webcam/share/inference_webcam/scripts/EfficientPose/.git/objects/22/a8d097d791861f7e2e2c9531d504890d946c47
-- Up-to-date: /workspace/ros2_ws/install/inference_webcam/share/inference_webcam/scripts/EfficientPose/.git/objects/22/0d35a405c0622b6bd95b25d974ba0e22bc78cd
-- Up-to-date: /workspace/ros2_ws/install/inference_webcam/share/inference_webcam/scripts/EfficientPose/.git/objects/de
-- Up-to-date: /workspace/ros2_ws/install/inference_webcam/share/inference_webcam/scripts/EfficientPose/.git/objects/de/8b5264aead7cd7a66f41e3f9f5c3728f7a6b62
-- Up-to-date: /workspace/ros2_ws/install/inference_webcam/share/inference_webcam/scripts/EfficientPose/.git/objects/70
-- Up-to-date: /workspace/ros2_ws/install/inference_webcam/share/inference_webcam/scripts/EfficientPose/.git/objects/70/7134dc8f238bfc12a1fcb77400abee9990d0b0
-- Up-to-date: /workspace/ros2_ws/install/inference_webcam/share/inference_webcam/scripts/EfficientPose/.git/objects/91
-- Up-to-date: /workspace/ros2_ws/install/inference_webcam/share/inference_webcam/scripts/EfficientPose/.git/objects/91/7ca4db0085bb917063d76f10842bccc5acdeef
-- Up-to-date: /workspace/ros2_ws/install/inference_webcam/share/inference_webcam/scripts/EfficientPose/.git/objects/cb
-- Up-to-date: /workspace/ros2_ws/install/inference_webcam/share/inference_webcam/scripts/EfficientPose/.git/objects/cb/27db7eec91e52cc385e29097e5f0254f3f2283
-- Up-to-date: /workspace/ros2_ws/install/inference_webcam/share/inference_webcam/scripts/EfficientPose/.git/objects/98
-- Up-to-date: /workspace/ros2_ws/install/inference_webcam/share/inference_webcam/scripts/EfficientPose/.git/objects/98/01b757f1908926b82874b0a98a00366e97ed42
-- Up-to-date: /workspace/ros2_ws/install/inference_webcam/share/inference_webcam/scripts/EfficientPose/.git/objects/95
-- Up-to-date: /workspace/ros2_ws/install/inference_webcam/share/inference_webcam/scripts/EfficientPose/.git/objects/95/aad18082c9dd86660703852d3a44d7c6638a71
-- Up-to-date: /workspace/ros2_ws/install/inference_webcam/share/inference_webcam/scripts/EfficientPose/.git/objects/eb
-- Up-to-date: /workspace/ros2_ws/install/inference_webcam/share/inference_webcam/scripts/EfficientPose/.git/objects/eb/6b33deb26cc91d937a6f54c958bd5f5df89456
-- Up-to-date: /workspace/ros2_ws/install/inference_webcam/share/inference_webcam/scripts/EfficientPose/.git/objects/5f
-- Up-to-date: /workspace/ros2_ws/install/inference_webcam/share/inference_webcam/scripts/EfficientPose/.git/objects/5f/c0dd9f3ea8cc4fb126e245e336214a2ed67a17
-- Up-to-date: /workspace/ros2_ws/install/inference_webcam/share/inference_webcam/scripts/EfficientPose/.git/objects/41
-- Up-to-date: /workspace/ros2_ws/install/inference_webcam/share/inference_webcam/scripts/EfficientPose/.git/objects/41/8a49f560981f949b8cbdb4da7c48fd772444a3
-- Up-to-date: /workspace/ros2_ws/install/inference_webcam/share/inference_webcam/scripts/EfficientPose/.git/objects/8c
-- Up-to-date: /workspace/ros2_ws/install/inference_webcam/share/inference_webcam/scripts/EfficientPose/.git/objects/8c/78dcacc25be7754cf3fb467ea195ff92743b26
-- Up-to-date: /workspace/ros2_ws/install/inference_webcam/share/inference_webcam/scripts/EfficientPose/.git/objects/da
-- Up-to-date: /workspace/ros2_ws/install/inference_webcam/share/inference_webcam/scripts/EfficientPose/.git/objects/da/1913ee9fb7177da13f3b185bbae034f821d13e
-- Up-to-date: /workspace/ros2_ws/install/inference_webcam/share/inference_webcam/scripts/EfficientPose/.git/objects/8e
-- Up-to-date: /workspace/ros2_ws/install/inference_webcam/share/inference_webcam/scripts/EfficientPose/.git/objects/8e/f8410aae940e16d258d5a532a2c90a8fde1d2c
-- Up-to-date: /workspace/ros2_ws/install/inference_webcam/share/inference_webcam/scripts/EfficientPose/.git/objects/50
-- Up-to-date: /workspace/ros2_ws/install/inference_webcam/share/inference_webcam/scripts/EfficientPose/.git/objects/50/b058eae4ca202cd324dcbb0e2beea28006e60d
-- Up-to-date: /workspace/ros2_ws/install/inference_webcam/share/inference_webcam/scripts/EfficientPose/.git/objects/50/8acfa4f6ab53f933e06249bc4b0838c1ba5b93
-- Up-to-date: /workspace/ros2_ws/install/inference_webcam/share/inference_webcam/scripts/EfficientPose/.git/objects/0c
-- Up-to-date: /workspace/ros2_ws/install/inference_webcam/share/inference_webcam/scripts/EfficientPose/.git/objects/0c/52a46895538695fee951af9e4e47c914763a98
-- Up-to-date: /workspace/ros2_ws/install/inference_webcam/share/inference_webcam/scripts/EfficientPose/.git/objects/7c
-- Up-to-date: /workspace/ros2_ws/install/inference_webcam/share/inference_webcam/scripts/EfficientPose/.git/objects/7c/29169888c6fd4f449eec16f98cb184cea56371
-- Up-to-date: /workspace/ros2_ws/install/inference_webcam/share/inference_webcam/scripts/EfficientPose/.git/objects/af
-- Up-to-date: /workspace/ros2_ws/install/inference_webcam/share/inference_webcam/scripts/EfficientPose/.git/objects/af/91b9f55b09c437bea135cbd5898726052b6049
-- Up-to-date: /workspace/ros2_ws/install/inference_webcam/share/inference_webcam/scripts/EfficientPose/.git/objects/4e
-- Up-to-date: /workspace/ros2_ws/install/inference_webcam/share/inference_webcam/scripts/EfficientPose/.git/objects/4e/d7547134a5215d3bc3b38caddd0e546471e194
-- Up-to-date: /workspace/ros2_ws/install/inference_webcam/share/inference_webcam/scripts/EfficientPose/.git/objects/f3
-- Up-to-date: /workspace/ros2_ws/install/inference_webcam/share/inference_webcam/scripts/EfficientPose/.git/objects/f3/76c8bfcecfaaa9e911e36d6f4d111a3e0c27e9
-- Up-to-date: /workspace/ros2_ws/install/inference_webcam/share/inference_webcam/scripts/EfficientPose/.git/objects/6b
-- Up-to-date: /workspace/ros2_ws/install/inference_webcam/share/inference_webcam/scripts/EfficientPose/.git/objects/6b/41e44730345f4aac2325c17de01b2ad7e93027
-- Up-to-date: /workspace/ros2_ws/install/inference_webcam/share/inference_webcam/scripts/EfficientPose/.git/objects/f7
-- Up-to-date: /workspace/ros2_ws/install/inference_webcam/share/inference_webcam/scripts/EfficientPose/.git/objects/f7/0de7314d93fc93498e54c71857a89e91863990
-- Up-to-date: /workspace/ros2_ws/install/inference_webcam/share/inference_webcam/scripts/EfficientPose/.git/objects/f7/ee126774c22dc30cc1848bf00bafdf1754f375
-- Up-to-date: /workspace/ros2_ws/install/inference_webcam/share/inference_webcam/scripts/EfficientPose/.git/objects/16
-- Up-to-date: /workspace/ros2_ws/install/inference_webcam/share/inference_webcam/scripts/EfficientPose/.git/objects/16/e4538471a1ee25f1c6b19fe402e680b924e916
-- Up-to-date: /workspace/ros2_ws/install/inference_webcam/share/inference_webcam/scripts/EfficientPose/.git/objects/52
-- Up-to-date: /workspace/ros2_ws/install/inference_webcam/share/inference_webcam/scripts/EfficientPose/.git/objects/52/4db3ac38f89d3a37b8cecf0ced0a129ae5d94f
-- Up-to-date: /workspace/ros2_ws/install/inference_webcam/share/inference_webcam/scripts/EfficientPose/.git/objects/52/d71ad11aee98fc92261bda02d4165b3a734088
-- Up-to-date: /workspace/ros2_ws/install/inference_webcam/share/inference_webcam/scripts/EfficientPose/.git/objects/78
-- Up-to-date: /workspace/ros2_ws/install/inference_webcam/share/inference_webcam/scripts/EfficientPose/.git/objects/78/b3e55d34bd3f4d4533db66bf21fc2a9fda79d7
-- Up-to-date: /workspace/ros2_ws/install/inference_webcam/share/inference_webcam/scripts/EfficientPose/.git/objects/e6
-- Up-to-date: /workspace/ros2_ws/install/inference_webcam/share/inference_webcam/scripts/EfficientPose/.git/objects/e6/9de29bb2d1d6434b8b29ae775ad8c2e48c5391
-- Up-to-date: /workspace/ros2_ws/install/inference_webcam/share/inference_webcam/scripts/EfficientPose/.git/objects/5c
-- Up-to-date: /workspace/ros2_ws/install/inference_webcam/share/inference_webcam/scripts/EfficientPose/.git/objects/5c/517c3665d6bf679c65674c65f2ccbea81003a9
-- Up-to-date: /workspace/ros2_ws/install/inference_webcam/share/inference_webcam/scripts/EfficientPose/.git/objects/03
-- Up-to-date: /workspace/ros2_ws/install/inference_webcam/share/inference_webcam/scripts/EfficientPose/.git/objects/03/fd4cc7b4ef9e986ae7740aea7bbdf341fc033d
-- Up-to-date: /workspace/ros2_ws/install/inference_webcam/share/inference_webcam/scripts/EfficientPose/.git/objects/24
-- Up-to-date: /workspace/ros2_ws/install/inference_webcam/share/inference_webcam/scripts/EfficientPose/.git/objects/24/010367d41d6035e76bfcd2953fea1eb3afb0e4
-- Up-to-date: /workspace/ros2_ws/install/inference_webcam/share/inference_webcam/scripts/EfficientPose/.git/objects/20
-- Up-to-date: /workspace/ros2_ws/install/inference_webcam/share/inference_webcam/scripts/EfficientPose/.git/objects/20/e183831beb2d757400eb776090fe61b66d6ab4
-- Up-to-date: /workspace/ros2_ws/install/inference_webcam/share/inference_webcam/scripts/EfficientPose/.git/objects/f6
-- Up-to-date: /workspace/ros2_ws/install/inference_webcam/share/inference_webcam/scripts/EfficientPose/.git/objects/f6/2310fec011db6d8da9bdadddedaabfda0bdadc
-- Up-to-date: /workspace/ros2_ws/install/inference_webcam/share/inference_webcam/scripts/EfficientPose/.git/objects/6f
-- Up-to-date: /workspace/ros2_ws/install/inference_webcam/share/inference_webcam/scripts/EfficientPose/.git/objects/6f/65cb168a7e5397176aade784c591c3f32273fc
-- Up-to-date: /workspace/ros2_ws/install/inference_webcam/share/inference_webcam/scripts/EfficientPose/.git/objects/a7
-- Up-to-date: /workspace/ros2_ws/install/inference_webcam/share/inference_webcam/scripts/EfficientPose/.git/objects/a7/34e7f9eeba26bf1a5dece2a4498f88a2fe472a
-- Up-to-date: /workspace/ros2_ws/install/inference_webcam/share/inference_webcam/scripts/EfficientPose/.git/objects/64
-- Up-to-date: /workspace/ros2_ws/install/inference_webcam/share/inference_webcam/scripts/EfficientPose/.git/objects/64/b71190df7ecbdfaa8f34a24c1ed6c4c67693ef
-- Up-to-date: /workspace/ros2_ws/install/inference_webcam/share/inference_webcam/scripts/EfficientPose/benchmark_runtime_vanilla_effdet.py
-- Up-to-date: /workspace/ros2_ws/install/inference_webcam/share/inference_webcam/scripts/EfficientPose/setup.py
-- Up-to-date: /workspace/ros2_ws/install/inference_webcam/share/inference_webcam/scripts/EfficientPose/.gitignore
-- Up-to-date: /workspace/ros2_ws/install/inference_webcam/share/inference_webcam/scripts/EfficientPose/initializers.py
-- Up-to-date: /workspace/ros2_ws/install/inference_webcam/share/inference_webcam/scripts/EfficientPose/eval
-- Up-to-date: /workspace/ros2_ws/install/inference_webcam/share/inference_webcam/scripts/EfficientPose/eval/eval_callback.py
-- Up-to-date: /workspace/ros2_ws/install/inference_webcam/share/inference_webcam/scripts/EfficientPose/eval/common.py
-- Up-to-date: /workspace/ros2_ws/install/inference_webcam/share/inference_webcam/scripts/EfficientPose/eval/__init__.py
-- Up-to-date: /workspace/ros2_ws/install/inference_webcam/share/inference_webcam/scripts/EfficientPose/train.py
-- Up-to-date: /workspace/ros2_ws/install/inference_webcam/share/inference_webcam/scripts/EfficientPose/layers.py
-- Up-to-date: /workspace/ros2_ws/install/inference_webcam/share/inference_webcam/scripts/EfficientPose/debug.py
-- Up-to-date: /workspace/ros2_ws/install/inference_webcam/share/inference_webcam/scripts/EfficientPose/requirements.txt
-- Up-to-date: /workspace/ros2_ws/install/inference_webcam/share/inference_webcam/scripts/EfficientPose/inference_webcam.py
-- Up-to-date: /workspace/ros2_ws/install/inference_webcam/share/inference_webcam/scripts/EfficientPose/README.md
-- Up-to-date: /workspace/ros2_ws/install/inference_webcam/share/inference_webcam/scripts/EfficientPose/model_vanilla_effdet.py
-- Up-to-date: /workspace/ros2_ws/install/inference_webcam/share/inference_webcam/scripts/EfficientPose/generators
-- Up-to-date: /workspace/ros2_ws/install/inference_webcam/share/inference_webcam/scripts/EfficientPose/generators/occlusion.py
-- Up-to-date: /workspace/ros2_ws/install/inference_webcam/share/inference_webcam/scripts/EfficientPose/generators/randaug.py
-- Up-to-date: /workspace/ros2_ws/install/inference_webcam/share/inference_webcam/scripts/EfficientPose/generators/linemod.py
-- Up-to-date: /workspace/ros2_ws/install/inference_webcam/share/inference_webcam/scripts/EfficientPose/generators/common.py
-- Up-to-date: /workspace/ros2_ws/install/inference_webcam/share/inference_webcam/scripts/EfficientPose/generators/__init__.py
-- Up-to-date: /workspace/ros2_ws/install/inference_webcam/share/inference_webcam/scripts/EfficientPose/model.py
-- Installing: /workspace/ros2_ws/install/inference_webcam/share/inference_webcam/scripts/EfficientPose/ros2_inference.py
-- Installing: /workspace/ros2_ws/install/inference_webcam/lib/inference_webcam/ros2_inference.py
-- Up-to-date: /workspace/ros2_ws/install/inference_webcam/lib/inference_webcam/inference.launch.py
-- Up-to-date: /workspace/ros2_ws/install/inference_webcam/share/ament_index/resource_index/package_run_dependencies/inference_webcam
-- Up-to-date: /workspace/ros2_ws/install/inference_webcam/share/ament_index/resource_index/parent_prefix_path/inference_webcam
-- Up-to-date: /workspace/ros2_ws/install/inference_webcam/share/inference_webcam/environment/ament_prefix_path.sh
-- Up-to-date: /workspace/ros2_ws/install/inference_webcam/share/inference_webcam/environment/ament_prefix_path.dsv
-- Up-to-date: /workspace/ros2_ws/install/inference_webcam/share/inference_webcam/environment/path.sh
-- Up-to-date: /workspace/ros2_ws/install/inference_webcam/share/inference_webcam/environment/path.dsv
-- Up-to-date: /workspace/ros2_ws/install/inference_webcam/share/inference_webcam/local_setup.bash
-- Up-to-date: /workspace/ros2_ws/install/inference_webcam/share/inference_webcam/local_setup.sh
-- Up-to-date: /workspace/ros2_ws/install/inference_webcam/share/inference_webcam/local_setup.zsh
-- Up-to-date: /workspace/ros2_ws/install/inference_webcam/share/inference_webcam/local_setup.dsv
-- Installing: /workspace/ros2_ws/install/inference_webcam/share/inference_webcam/package.dsv
-- Up-to-date: /workspace/ros2_ws/install/inference_webcam/share/ament_index/resource_index/packages/inference_webcam
-- Up-to-date: /workspace/ros2_ws/install/inference_webcam/share/inference_webcam/cmake/inference_webcamConfig.cmake
-- Up-to-date: /workspace/ros2_ws/install/inference_webcam/share/inference_webcam/cmake/inference_webcamConfig-version.cmake
-- Up-to-date: /workspace/ros2_ws/install/inference_webcam/share/inference_webcam/package.xml
