[0.014s] Invoking command in '/workspace/ros2_ws/build/inference_webcam': CMAKE_PREFIX_PATH=${CMAKE_PREFIX_PATH}:/opt/ros/eloquent /usr/bin/cmake --build /workspace/ros2_ws/build/inference_webcam -- -j32 -l32
[0.052s] Invoked command in '/workspace/ros2_ws/build/inference_webcam' returned '0': CMAKE_PREFIX_PATH=${CMAKE_PREFIX_PATH}:/opt/ros/eloquent /usr/bin/cmake --build /workspace/ros2_ws/build/inference_webcam -- -j32 -l32
[0.086s] Invoking command in '/workspace/ros2_ws/build/inference_webcam': CMAKE_PREFIX_PATH=${CMAKE_PREFIX_PATH}:/opt/ros/eloquent /usr/bin/cmake --build /workspace/ros2_ws/build/inference_webcam --target install -- -j32 -l32
[0.132s] [36mInstall the project...[0m
[0.138s] -- Install configuration: ""
[0.138s] -- Up-to-date: /workspace/ros2_ws/install/inference_webcam/share/inference_webcam/launch
[0.138s] -- Up-to-date: /workspace/ros2_ws/install/inference_webcam/share/inference_webcam/launch/inference.launch.py
[0.138s] -- Up-to-date: /workspace/ros2_ws/install/inference_webcam/share/inference_webcam/scripts
[0.138s] -- Up-to-date: /workspace/ros2_ws/install/inference_webcam/share/inference_webcam/scripts/EfficientPose
[0.138s] -- Up-to-date: /workspace/ros2_ws/install/inference_webcam/share/inference_webcam/scripts/EfficientPose/tfkeras.py
[0.138s] -- Up-to-date: /workspace/ros2_ws/install/inference_webcam/share/inference_webcam/scripts/EfficientPose/layers_vanilla_effdet.py
[0.138s] -- Up-to-date: /workspace/ros2_ws/install/inference_webcam/share/inference_webcam/scripts/EfficientPose/custom_load_weights.py
[0.139s] -- Up-to-date: /workspace/ros2_ws/install/inference_webcam/share/inference_webcam/scripts/EfficientPose/figures
[0.139s] -- Up-to-date: /workspace/ros2_ws/install/inference_webcam/share/inference_webcam/scripts/EfficientPose/figures/title_figure_repo.png
[0.139s] -- Up-to-date: /workspace/ros2_ws/install/inference_webcam/share/inference_webcam/scripts/EfficientPose/efficientnet.py
[0.139s] -- Up-to-date: /workspace/ros2_ws/install/inference_webcam/share/inference_webcam/scripts/EfficientPose/evaluate.py
[0.139s] -- Up-to-date: /workspace/ros2_ws/install/inference_webcam/share/inference_webcam/scripts/EfficientPose/generate_masks.py
[0.139s] -- Up-to-date: /workspace/ros2_ws/install/inference_webcam/share/inference_webcam/scripts/EfficientPose/utils
[0.139s] -- Up-to-date: /workspace/ros2_ws/install/inference_webcam/share/inference_webcam/scripts/EfficientPose/utils/calc_min_distances.h
[0.139s] -- Up-to-date: /workspace/ros2_ws/install/inference_webcam/share/inference_webcam/scripts/EfficientPose/utils/colors.py
[0.139s] -- Up-to-date: /workspace/ros2_ws/install/inference_webcam/share/inference_webcam/scripts/EfficientPose/utils/image.py
[0.139s] -- Up-to-date: /workspace/ros2_ws/install/inference_webcam/share/inference_webcam/scripts/EfficientPose/utils/compute_overlap.pyx
[0.139s] -- Up-to-date: /workspace/ros2_ws/install/inference_webcam/share/inference_webcam/scripts/EfficientPose/utils/anchors.py
[0.139s] -- Up-to-date: /workspace/ros2_ws/install/inference_webcam/share/inference_webcam/scripts/EfficientPose/utils/visualization.py
[0.139s] -- Up-to-date: /workspace/ros2_ws/install/inference_webcam/share/inference_webcam/scripts/EfficientPose/utils/__init__.py
[0.140s] -- Up-to-date: /workspace/ros2_ws/install/inference_webcam/share/inference_webcam/scripts/EfficientPose/benchmark_runtime.py
[0.140s] -- Up-to-date: /workspace/ros2_ws/install/inference_webcam/share/inference_webcam/scripts/EfficientPose/inference.py
[0.140s] -- Up-to-date: /workspace/ros2_ws/install/inference_webcam/share/inference_webcam/scripts/EfficientPose/losses.py
[0.140s] -- Up-to-date: /workspace/ros2_ws/install/inference_webcam/share/inference_webcam/scripts/EfficientPose/LICENSE
[0.140s] -- Up-to-date: /workspace/ros2_ws/install/inference_webcam/share/inference_webcam/scripts/EfficientPose/.git
[0.140s] -- Up-to-date: /workspace/ros2_ws/install/inference_webcam/share/inference_webcam/scripts/EfficientPose/.git/info
[0.140s] -- Up-to-date: /workspace/ros2_ws/install/inference_webcam/share/inference_webcam/scripts/EfficientPose/.git/info/exclude
[0.140s] -- Up-to-date: /workspace/ros2_ws/install/inference_webcam/share/inference_webcam/scripts/EfficientPose/.git/HEAD
[0.140s] -- Up-to-date: /workspace/ros2_ws/install/inference_webcam/share/inference_webcam/scripts/EfficientPose/.git/refs
[0.141s] -- Up-to-date: /workspace/ros2_ws/install/inference_webcam/share/inference_webcam/scripts/EfficientPose/.git/refs/tags
[0.141s] -- Up-to-date: /workspace/ros2_ws/install/inference_webcam/share/inference_webcam/scripts/EfficientPose/.git/refs/heads
[0.141s] -- Up-to-date: /workspace/ros2_ws/install/inference_webcam/share/inference_webcam/scripts/EfficientPose/.git/refs/heads/main
[0.141s] -- Up-to-date: /workspace/ros2_ws/install/inference_webcam/share/inference_webcam/scripts/EfficientPose/.git/refs/remotes
[0.141s] -- Up-to-date: /workspace/ros2_ws/install/inference_webcam/share/inference_webcam/scripts/EfficientPose/.git/refs/remotes/origin
[0.141s] -- Up-to-date: /workspace/ros2_ws/install/inference_webcam/share/inference_webcam/scripts/EfficientPose/.git/refs/remotes/origin/HEAD
[0.141s] -- Up-to-date: /workspace/ros2_ws/install/inference_webcam/share/inference_webcam/scripts/EfficientPose/.git/logs
[0.141s] -- Up-to-date: /workspace/ros2_ws/install/inference_webcam/share/inference_webcam/scripts/EfficientPose/.git/logs/HEAD
[0.141s] -- Up-to-date: /workspace/ros2_ws/install/inference_webcam/share/inference_webcam/scripts/EfficientPose/.git/logs/refs
[0.141s] -- Up-to-date: /workspace/ros2_ws/install/inference_webcam/share/inference_webcam/scripts/EfficientPose/.git/logs/refs/heads
[0.141s] -- Up-to-date: /workspace/ros2_ws/install/inference_webcam/share/inference_webcam/scripts/EfficientPose/.git/logs/refs/heads/main
[0.141s] -- Up-to-date: /workspace/ros2_ws/install/inference_webcam/share/inference_webcam/scripts/EfficientPose/.git/logs/refs/remotes
[0.141s] -- Up-to-date: /workspace/ros2_ws/install/inference_webcam/share/inference_webcam/scripts/EfficientPose/.git/logs/refs/remotes/origin
[0.141s] -- Up-to-date: /workspace/ros2_ws/install/inference_webcam/share/inference_webcam/scripts/EfficientPose/.git/logs/refs/remotes/origin/HEAD
[0.141s] -- Up-to-date: /workspace/ros2_ws/install/inference_webcam/share/inference_webcam/scripts/EfficientPose/.git/branches
[0.141s] -- Up-to-date: /workspace/ros2_ws/install/inference_webcam/share/inference_webcam/scripts/EfficientPose/.git/packed-refs
[0.141s] -- Up-to-date: /workspace/ros2_ws/install/inference_webcam/share/inference_webcam/scripts/EfficientPose/.git/description
[0.141s] -- Up-to-date: /workspace/ros2_ws/install/inference_webcam/share/inference_webcam/scripts/EfficientPose/.git/config
[0.141s] -- Up-to-date: /workspace/ros2_ws/install/inference_webcam/share/inference_webcam/scripts/EfficientPose/.git/index
[0.141s] -- Up-to-date: /workspace/ros2_ws/install/inference_webcam/share/inference_webcam/scripts/EfficientPose/.git/hooks
[0.141s] -- Up-to-date: /workspace/ros2_ws/install/inference_webcam/share/inference_webcam/scripts/EfficientPose/.git/hooks/fsmonitor-watchman.sample
[0.141s] -- Up-to-date: /workspace/ros2_ws/install/inference_webcam/share/inference_webcam/scripts/EfficientPose/.git/hooks/pre-applypatch.sample
[0.141s] -- Up-to-date: /workspace/ros2_ws/install/inference_webcam/share/inference_webcam/scripts/EfficientPose/.git/hooks/commit-msg.sample
[0.141s] -- Up-to-date: /workspace/ros2_ws/install/inference_webcam/share/inference_webcam/scripts/EfficientPose/.git/hooks/pre-rebase.sample
[0.142s] -- Up-to-date: /workspace/ros2_ws/install/inference_webcam/share/inference_webcam/scripts/EfficientPose/.git/hooks/applypatch-msg.sample
[0.142s] -- Up-to-date: /workspace/ros2_ws/install/inference_webcam/share/inference_webcam/scripts/EfficientPose/.git/hooks/post-update.sample
[0.142s] -- Up-to-date: /workspace/ros2_ws/install/inference_webcam/share/inference_webcam/scripts/EfficientPose/.git/hooks/update.sample
[0.142s] -- Up-to-date: /workspace/ros2_ws/install/inference_webcam/share/inference_webcam/scripts/EfficientPose/.git/hooks/pre-push.sample
[0.142s] -- Up-to-date: /workspace/ros2_ws/install/inference_webcam/share/inference_webcam/scripts/EfficientPose/.git/hooks/pre-commit.sample
[0.142s] -- Up-to-date: /workspace/ros2_ws/install/inference_webcam/share/inference_webcam/scripts/EfficientPose/.git/hooks/pre-receive.sample
[0.142s] -- Up-to-date: /workspace/ros2_ws/install/inference_webcam/share/inference_webcam/scripts/EfficientPose/.git/hooks/prepare-commit-msg.sample
[0.142s] -- Up-to-date: /workspace/ros2_ws/install/inference_webcam/share/inference_webcam/scripts/EfficientPose/.git/objects
[0.142s] -- Up-to-date: /workspace/ros2_ws/install/inference_webcam/share/inference_webcam/scripts/EfficientPose/.git/objects/46
[0.142s] -- Up-to-date: /workspace/ros2_ws/install/inference_webcam/share/inference_webcam/scripts/EfficientPose/.git/objects/46/0272ece9fc8e73881f83ce42ddd05be863a68d
[0.142s] -- Up-to-date: /workspace/ros2_ws/install/inference_webcam/share/inference_webcam/scripts/EfficientPose/.git/objects/d7
[0.142s] -- Up-to-date: /workspace/ros2_ws/install/inference_webcam/share/inference_webcam/scripts/EfficientPose/.git/objects/d7/8dec0891559863929990a9c5f06833d2fc5b0b
[0.142s] -- Up-to-date: /workspace/ros2_ws/install/inference_webcam/share/inference_webcam/scripts/EfficientPose/.git/objects/09
[0.142s] -- Up-to-date: /workspace/ros2_ws/install/inference_webcam/share/inference_webcam/scripts/EfficientPose/.git/objects/09/c8b52a51511ac9c871d3bbf8d8db850f91ec3f
[0.142s] -- Up-to-date: /workspace/ros2_ws/install/inference_webcam/share/inference_webcam/scripts/EfficientPose/.git/objects/92
[0.142s] -- Up-to-date: /workspace/ros2_ws/install/inference_webcam/share/inference_webcam/scripts/EfficientPose/.git/objects/92/21f126278da1ea3fb86f70cd7a1e27f0e6f7a3
[0.142s] -- Up-to-date: /workspace/ros2_ws/install/inference_webcam/share/inference_webcam/scripts/EfficientPose/.git/objects/0a
[0.142s] -- Up-to-date: /workspace/ros2_ws/install/inference_webcam/share/inference_webcam/scripts/EfficientPose/.git/objects/0a/aa364e536797ce294571b6fb11755fd3f239b1
[0.142s] -- Up-to-date: /workspace/ros2_ws/install/inference_webcam/share/inference_webcam/scripts/EfficientPose/.git/objects/0a/fa5c369bb7c530195e24caa234304b510c1f2b
[0.142s] -- Up-to-date: /workspace/ros2_ws/install/inference_webcam/share/inference_webcam/scripts/EfficientPose/.git/objects/4f
[0.142s] -- Up-to-date: /workspace/ros2_ws/install/inference_webcam/share/inference_webcam/scripts/EfficientPose/.git/objects/4f/cc6f9cc93771c8a786205914a9a970ad0fcf38
[0.142s] -- Up-to-date: /workspace/ros2_ws/install/inference_webcam/share/inference_webcam/scripts/EfficientPose/.git/objects/23
[0.142s] -- Up-to-date: /workspace/ros2_ws/install/inference_webcam/share/inference_webcam/scripts/EfficientPose/.git/objects/23/ff36a4a7dc3bb07ec1f3b7ee21eb0654efe582
[0.142s] -- Up-to-date: /workspace/ros2_ws/install/inference_webcam/share/inference_webcam/scripts/EfficientPose/.git/objects/pack
[0.142s] -- Up-to-date: /workspace/ros2_ws/install/inference_webcam/share/inference_webcam/scripts/EfficientPose/.git/objects/b7
[0.143s] -- Up-to-date: /workspace/ros2_ws/install/inference_webcam/share/inference_webcam/scripts/EfficientPose/.git/objects/b7/55e8b7e691b3a7b756d0b300cc705de266bd38
[0.143s] -- Up-to-date: /workspace/ros2_ws/install/inference_webcam/share/inference_webcam/scripts/EfficientPose/.git/objects/b7/1840d319e7a57523a6fc90eaff89e3772733ce
[0.143s] -- Up-to-date: /workspace/ros2_ws/install/inference_webcam/share/inference_webcam/scripts/EfficientPose/.git/objects/9d
[0.143s] -- Up-to-date: /workspace/ros2_ws/install/inference_webcam/share/inference_webcam/scripts/EfficientPose/.git/objects/9d/2c03fec443bb39aa6b1f02449b5cc3fc60dfae
[0.143s] -- Up-to-date: /workspace/ros2_ws/install/inference_webcam/share/inference_webcam/scripts/EfficientPose/.git/objects/89
[0.143s] -- Up-to-date: /workspace/ros2_ws/install/inference_webcam/share/inference_webcam/scripts/EfficientPose/.git/objects/89/6d2175c57a37fd81fb7c36dd71f35ccf971f73
[0.143s] -- Up-to-date: /workspace/ros2_ws/install/inference_webcam/share/inference_webcam/scripts/EfficientPose/.git/objects/info
[0.143s] -- Up-to-date: /workspace/ros2_ws/install/inference_webcam/share/inference_webcam/scripts/EfficientPose/.git/objects/ad
[0.143s] -- Up-to-date: /workspace/ros2_ws/install/inference_webcam/share/inference_webcam/scripts/EfficientPose/.git/objects/ad/5621ac3da2c3a0924fa21772f4f980daecb873
[0.143s] -- Up-to-date: /workspace/ros2_ws/install/inference_webcam/share/inference_webcam/scripts/EfficientPose/.git/objects/a3
[0.144s] -- Up-to-date: /workspace/ros2_ws/install/inference_webcam/share/inference_webcam/scripts/EfficientPose/.git/objects/a3/e9902dcfe25a3631318d0d00c005842d2f75d2
[0.144s] -- Up-to-date: /workspace/ros2_ws/install/inference_webcam/share/inference_webcam/scripts/EfficientPose/.git/objects/27
[0.144s] -- Up-to-date: /workspace/ros2_ws/install/inference_webcam/share/inference_webcam/scripts/EfficientPose/.git/objects/27/3050b553b883e91812d1994aa7b56cfe53e977
[0.144s] -- Up-to-date: /workspace/ros2_ws/install/inference_webcam/share/inference_webcam/scripts/EfficientPose/.git/objects/a4
[0.144s] -- Up-to-date: /workspace/ros2_ws/install/inference_webcam/share/inference_webcam/scripts/EfficientPose/.git/objects/a4/6a59f356943b3ce210130d086d7db2a703449e
[0.144s] -- Up-to-date: /workspace/ros2_ws/install/inference_webcam/share/inference_webcam/scripts/EfficientPose/.git/objects/43
[0.144s] -- Up-to-date: /workspace/ros2_ws/install/inference_webcam/share/inference_webcam/scripts/EfficientPose/.git/objects/43/b243c0cf0e007f0e414602c0ec6fa2cd55bd56
[0.145s] -- Up-to-date: /workspace/ros2_ws/install/inference_webcam/share/inference_webcam/scripts/EfficientPose/.git/objects/d1
[0.145s] -- Up-to-date: /workspace/ros2_ws/install/inference_webcam/share/inference_webcam/scripts/EfficientPose/.git/objects/d1/8a468e53c9a80a42111b651b676a13aafcc14d
[0.145s] -- Up-to-date: /workspace/ros2_ws/install/inference_webcam/share/inference_webcam/scripts/EfficientPose/.git/objects/86
[0.145s] -- Up-to-date: /workspace/ros2_ws/install/inference_webcam/share/inference_webcam/scripts/EfficientPose/.git/objects/86/19f02c678e56a17bafe94f9e0e2e816fe3b1e1
[0.145s] -- Up-to-date: /workspace/ros2_ws/install/inference_webcam/share/inference_webcam/scripts/EfficientPose/.git/objects/67
[0.145s] -- Up-to-date: /workspace/ros2_ws/install/inference_webcam/share/inference_webcam/scripts/EfficientPose/.git/objects/67/9a922286740437be8430c304ebd9105b58f388
[0.145s] -- Up-to-date: /workspace/ros2_ws/install/inference_webcam/share/inference_webcam/scripts/EfficientPose/.git/objects/b9
[0.145s] -- Up-to-date: /workspace/ros2_ws/install/inference_webcam/share/inference_webcam/scripts/EfficientPose/.git/objects/b9/5cf43de02c75f41e8ee3ba20b926967402b3db
[0.145s] -- Up-to-date: /workspace/ros2_ws/install/inference_webcam/share/inference_webcam/scripts/EfficientPose/.git/objects/c6
[0.145s] -- Up-to-date: /workspace/ros2_ws/install/inference_webcam/share/inference_webcam/scripts/EfficientPose/.git/objects/c6/57cab45c850057a63b3605897f5195f3c4ac02
[0.145s] -- Up-to-date: /workspace/ros2_ws/install/inference_webcam/share/inference_webcam/scripts/EfficientPose/.git/objects/ee
[0.145s] -- Up-to-date: /workspace/ros2_ws/install/inference_webcam/share/inference_webcam/scripts/EfficientPose/.git/objects/ee/57f0230ecbfc06fe29446550c6ab5a07932b5b
[0.145s] -- Up-to-date: /workspace/ros2_ws/install/inference_webcam/share/inference_webcam/scripts/EfficientPose/.git/objects/d3
[0.145s] -- Up-to-date: /workspace/ros2_ws/install/inference_webcam/share/inference_webcam/scripts/EfficientPose/.git/objects/d3/16aaa775fd952e4ff714486a0a40a5bb5679ae
[0.145s] -- Up-to-date: /workspace/ros2_ws/install/inference_webcam/share/inference_webcam/scripts/EfficientPose/.git/objects/5b
[0.145s] -- Up-to-date: /workspace/ros2_ws/install/inference_webcam/share/inference_webcam/scripts/EfficientPose/.git/objects/5b/e8a1a5bf5b1b2cca667364ec8012a7ca961dd6
[0.145s] -- Up-to-date: /workspace/ros2_ws/install/inference_webcam/share/inference_webcam/scripts/EfficientPose/.git/objects/22
[0.145s] -- Up-to-date: /workspace/ros2_ws/install/inference_webcam/share/inference_webcam/scripts/EfficientPose/.git/objects/22/a8d097d791861f7e2e2c9531d504890d946c47
[0.146s] -- Up-to-date: /workspace/ros2_ws/install/inference_webcam/share/inference_webcam/scripts/EfficientPose/.git/objects/22/0d35a405c0622b6bd95b25d974ba0e22bc78cd
[0.146s] -- Up-to-date: /workspace/ros2_ws/install/inference_webcam/share/inference_webcam/scripts/EfficientPose/.git/objects/de
[0.146s] -- Up-to-date: /workspace/ros2_ws/install/inference_webcam/share/inference_webcam/scripts/EfficientPose/.git/objects/de/8b5264aead7cd7a66f41e3f9f5c3728f7a6b62
[0.146s] -- Up-to-date: /workspace/ros2_ws/install/inference_webcam/share/inference_webcam/scripts/EfficientPose/.git/objects/70
[0.146s] -- Up-to-date: /workspace/ros2_ws/install/inference_webcam/share/inference_webcam/scripts/EfficientPose/.git/objects/70/7134dc8f238bfc12a1fcb77400abee9990d0b0
[0.146s] -- Up-to-date: /workspace/ros2_ws/install/inference_webcam/share/inference_webcam/scripts/EfficientPose/.git/objects/91
[0.146s] -- Up-to-date: /workspace/ros2_ws/install/inference_webcam/share/inference_webcam/scripts/EfficientPose/.git/objects/91/7ca4db0085bb917063d76f10842bccc5acdeef
[0.146s] -- Up-to-date: /workspace/ros2_ws/install/inference_webcam/share/inference_webcam/scripts/EfficientPose/.git/objects/cb
[0.146s] -- Up-to-date: /workspace/ros2_ws/install/inference_webcam/share/inference_webcam/scripts/EfficientPose/.git/objects/cb/27db7eec91e52cc385e29097e5f0254f3f2283
[0.146s] -- Up-to-date: /workspace/ros2_ws/install/inference_webcam/share/inference_webcam/scripts/EfficientPose/.git/objects/98
[0.146s] -- Up-to-date: /workspace/ros2_ws/install/inference_webcam/share/inference_webcam/scripts/EfficientPose/.git/objects/98/01b757f1908926b82874b0a98a00366e97ed42
[0.146s] -- Up-to-date: /workspace/ros2_ws/install/inference_webcam/share/inference_webcam/scripts/EfficientPose/.git/objects/95
[0.146s] -- Up-to-date: /workspace/ros2_ws/install/inference_webcam/share/inference_webcam/scripts/EfficientPose/.git/objects/95/aad18082c9dd86660703852d3a44d7c6638a71
[0.146s] -- Up-to-date: /workspace/ros2_ws/install/inference_webcam/share/inference_webcam/scripts/EfficientPose/.git/objects/eb
[0.146s] -- Up-to-date: /workspace/ros2_ws/install/inference_webcam/share/inference_webcam/scripts/EfficientPose/.git/objects/eb/6b33deb26cc91d937a6f54c958bd5f5df89456
[0.146s] -- Up-to-date: /workspace/ros2_ws/install/inference_webcam/share/inference_webcam/scripts/EfficientPose/.git/objects/5f
[0.146s] -- Up-to-date: /workspace/ros2_ws/install/inference_webcam/share/inference_webcam/scripts/EfficientPose/.git/objects/5f/c0dd9f3ea8cc4fb126e245e336214a2ed67a17
[0.146s] -- Up-to-date: /workspace/ros2_ws/install/inference_webcam/share/inference_webcam/scripts/EfficientPose/.git/objects/41
[0.146s] -- Up-to-date: /workspace/ros2_ws/install/inference_webcam/share/inference_webcam/scripts/EfficientPose/.git/objects/41/8a49f560981f949b8cbdb4da7c48fd772444a3
[0.146s] -- Up-to-date: /workspace/ros2_ws/install/inference_webcam/share/inference_webcam/scripts/EfficientPose/.git/objects/8c
[0.147s] -- Up-to-date: /workspace/ros2_ws/install/inference_webcam/share/inference_webcam/scripts/EfficientPose/.git/objects/8c/78dcacc25be7754cf3fb467ea195ff92743b26
[0.147s] -- Up-to-date: /workspace/ros2_ws/install/inference_webcam/share/inference_webcam/scripts/EfficientPose/.git/objects/da
[0.147s] -- Up-to-date: /workspace/ros2_ws/install/inference_webcam/share/inference_webcam/scripts/EfficientPose/.git/objects/da/1913ee9fb7177da13f3b185bbae034f821d13e
[0.147s] -- Up-to-date: /workspace/ros2_ws/install/inference_webcam/share/inference_webcam/scripts/EfficientPose/.git/objects/8e
[0.147s] -- Up-to-date: /workspace/ros2_ws/install/inference_webcam/share/inference_webcam/scripts/EfficientPose/.git/objects/8e/f8410aae940e16d258d5a532a2c90a8fde1d2c
[0.147s] -- Up-to-date: /workspace/ros2_ws/install/inference_webcam/share/inference_webcam/scripts/EfficientPose/.git/objects/50
[0.147s] -- Up-to-date: /workspace/ros2_ws/install/inference_webcam/share/inference_webcam/scripts/EfficientPose/.git/objects/50/b058eae4ca202cd324dcbb0e2beea28006e60d
[0.147s] -- Up-to-date: /workspace/ros2_ws/install/inference_webcam/share/inference_webcam/scripts/EfficientPose/.git/objects/50/8acfa4f6ab53f933e06249bc4b0838c1ba5b93
[0.147s] -- Up-to-date: /workspace/ros2_ws/install/inference_webcam/share/inference_webcam/scripts/EfficientPose/.git/objects/0c
[0.147s] -- Up-to-date: /workspace/ros2_ws/install/inference_webcam/share/inference_webcam/scripts/EfficientPose/.git/objects/0c/52a46895538695fee951af9e4e47c914763a98
[0.147s] -- Up-to-date: /workspace/ros2_ws/install/inference_webcam/share/inference_webcam/scripts/EfficientPose/.git/objects/7c
[0.147s] -- Up-to-date: /workspace/ros2_ws/install/inference_webcam/share/inference_webcam/scripts/EfficientPose/.git/objects/7c/29169888c6fd4f449eec16f98cb184cea56371
[0.147s] -- Up-to-date: /workspace/ros2_ws/install/inference_webcam/share/inference_webcam/scripts/EfficientPose/.git/objects/af
[0.147s] -- Up-to-date: /workspace/ros2_ws/install/inference_webcam/share/inference_webcam/scripts/EfficientPose/.git/objects/af/91b9f55b09c437bea135cbd5898726052b6049
[0.147s] -- Up-to-date: /workspace/ros2_ws/install/inference_webcam/share/inference_webcam/scripts/EfficientPose/.git/objects/4e
[0.147s] -- Up-to-date: /workspace/ros2_ws/install/inference_webcam/share/inference_webcam/scripts/EfficientPose/.git/objects/4e/d7547134a5215d3bc3b38caddd0e546471e194
[0.147s] -- Up-to-date: /workspace/ros2_ws/install/inference_webcam/share/inference_webcam/scripts/EfficientPose/.git/objects/f3
[0.148s] -- Up-to-date: /workspace/ros2_ws/install/inference_webcam/share/inference_webcam/scripts/EfficientPose/.git/objects/f3/76c8bfcecfaaa9e911e36d6f4d111a3e0c27e9
[0.148s] -- Up-to-date: /workspace/ros2_ws/install/inference_webcam/share/inference_webcam/scripts/EfficientPose/.git/objects/6b
[0.148s] -- Up-to-date: /workspace/ros2_ws/install/inference_webcam/share/inference_webcam/scripts/EfficientPose/.git/objects/6b/41e44730345f4aac2325c17de01b2ad7e93027
[0.148s] -- Up-to-date: /workspace/ros2_ws/install/inference_webcam/share/inference_webcam/scripts/EfficientPose/.git/objects/f7
[0.148s] -- Up-to-date: /workspace/ros2_ws/install/inference_webcam/share/inference_webcam/scripts/EfficientPose/.git/objects/f7/0de7314d93fc93498e54c71857a89e91863990
[0.148s] -- Up-to-date: /workspace/ros2_ws/install/inference_webcam/share/inference_webcam/scripts/EfficientPose/.git/objects/f7/ee126774c22dc30cc1848bf00bafdf1754f375
[0.148s] -- Up-to-date: /workspace/ros2_ws/install/inference_webcam/share/inference_webcam/scripts/EfficientPose/.git/objects/16
[0.148s] -- Up-to-date: /workspace/ros2_ws/install/inference_webcam/share/inference_webcam/scripts/EfficientPose/.git/objects/16/e4538471a1ee25f1c6b19fe402e680b924e916
[0.148s] -- Up-to-date: /workspace/ros2_ws/install/inference_webcam/share/inference_webcam/scripts/EfficientPose/.git/objects/52
[0.148s] -- Up-to-date: /workspace/ros2_ws/install/inference_webcam/share/inference_webcam/scripts/EfficientPose/.git/objects/52/4db3ac38f89d3a37b8cecf0ced0a129ae5d94f
[0.148s] -- Up-to-date: /workspace/ros2_ws/install/inference_webcam/share/inference_webcam/scripts/EfficientPose/.git/objects/52/d71ad11aee98fc92261bda02d4165b3a734088
[0.148s] -- Up-to-date: /workspace/ros2_ws/install/inference_webcam/share/inference_webcam/scripts/EfficientPose/.git/objects/78
[0.148s] -- Up-to-date: /workspace/ros2_ws/install/inference_webcam/share/inference_webcam/scripts/EfficientPose/.git/objects/78/b3e55d34bd3f4d4533db66bf21fc2a9fda79d7
[0.148s] -- Up-to-date: /workspace/ros2_ws/install/inference_webcam/share/inference_webcam/scripts/EfficientPose/.git/objects/e6
[0.148s] -- Up-to-date: /workspace/ros2_ws/install/inference_webcam/share/inference_webcam/scripts/EfficientPose/.git/objects/e6/9de29bb2d1d6434b8b29ae775ad8c2e48c5391
[0.148s] -- Up-to-date: /workspace/ros2_ws/install/inference_webcam/share/inference_webcam/scripts/EfficientPose/.git/objects/5c
[0.148s] -- Up-to-date: /workspace/ros2_ws/install/inference_webcam/share/inference_webcam/scripts/EfficientPose/.git/objects/5c/517c3665d6bf679c65674c65f2ccbea81003a9
[0.148s] -- Up-to-date: /workspace/ros2_ws/install/inference_webcam/share/inference_webcam/scripts/EfficientPose/.git/objects/03
[0.148s] -- Up-to-date: /workspace/ros2_ws/install/inference_webcam/share/inference_webcam/scripts/EfficientPose/.git/objects/03/fd4cc7b4ef9e986ae7740aea7bbdf341fc033d
[0.148s] -- Up-to-date: /workspace/ros2_ws/install/inference_webcam/share/inference_webcam/scripts/EfficientPose/.git/objects/24
[0.148s] -- Up-to-date: /workspace/ros2_ws/install/inference_webcam/share/inference_webcam/scripts/EfficientPose/.git/objects/24/010367d41d6035e76bfcd2953fea1eb3afb0e4
[0.149s] -- Up-to-date: /workspace/ros2_ws/install/inference_webcam/share/inference_webcam/scripts/EfficientPose/.git/objects/20
[0.149s] -- Up-to-date: /workspace/ros2_ws/install/inference_webcam/share/inference_webcam/scripts/EfficientPose/.git/objects/20/e183831beb2d757400eb776090fe61b66d6ab4
[0.149s] -- Up-to-date: /workspace/ros2_ws/install/inference_webcam/share/inference_webcam/scripts/EfficientPose/.git/objects/f6
[0.149s] -- Up-to-date: /workspace/ros2_ws/install/inference_webcam/share/inference_webcam/scripts/EfficientPose/.git/objects/f6/2310fec011db6d8da9bdadddedaabfda0bdadc
[0.149s] -- Up-to-date: /workspace/ros2_ws/install/inference_webcam/share/inference_webcam/scripts/EfficientPose/.git/objects/6f
[0.149s] -- Up-to-date: /workspace/ros2_ws/install/inference_webcam/share/inference_webcam/scripts/EfficientPose/.git/objects/6f/65cb168a7e5397176aade784c591c3f32273fc
[0.149s] -- Up-to-date: /workspace/ros2_ws/install/inference_webcam/share/inference_webcam/scripts/EfficientPose/.git/objects/a7
[0.149s] -- Up-to-date: /workspace/ros2_ws/install/inference_webcam/share/inference_webcam/scripts/EfficientPose/.git/objects/a7/34e7f9eeba26bf1a5dece2a4498f88a2fe472a
[0.149s] -- Up-to-date: /workspace/ros2_ws/install/inference_webcam/share/inference_webcam/scripts/EfficientPose/.git/objects/64
[0.149s] -- Up-to-date: /workspace/ros2_ws/install/inference_webcam/share/inference_webcam/scripts/EfficientPose/.git/objects/64/b71190df7ecbdfaa8f34a24c1ed6c4c67693ef
[0.149s] -- Up-to-date: /workspace/ros2_ws/install/inference_webcam/share/inference_webcam/scripts/EfficientPose/benchmark_runtime_vanilla_effdet.py
[0.149s] -- Up-to-date: /workspace/ros2_ws/install/inference_webcam/share/inference_webcam/scripts/EfficientPose/setup.py
[0.149s] -- Up-to-date: /workspace/ros2_ws/install/inference_webcam/share/inference_webcam/scripts/EfficientPose/.gitignore
[0.149s] -- Up-to-date: /workspace/ros2_ws/install/inference_webcam/share/inference_webcam/scripts/EfficientPose/initializers.py
[0.149s] -- Up-to-date: /workspace/ros2_ws/install/inference_webcam/share/inference_webcam/scripts/EfficientPose/eval
[0.149s] -- Up-to-date: /workspace/ros2_ws/install/inference_webcam/share/inference_webcam/scripts/EfficientPose/eval/eval_callback.py
[0.149s] -- Up-to-date: /workspace/ros2_ws/install/inference_webcam/share/inference_webcam/scripts/EfficientPose/eval/common.py
[0.149s] -- Up-to-date: /workspace/ros2_ws/install/inference_webcam/share/inference_webcam/scripts/EfficientPose/eval/__init__.py
[0.149s] -- Up-to-date: /workspace/ros2_ws/install/inference_webcam/share/inference_webcam/scripts/EfficientPose/train.py
[0.149s] -- Up-to-date: /workspace/ros2_ws/install/inference_webcam/share/inference_webcam/scripts/EfficientPose/layers.py
[0.149s] -- Up-to-date: /workspace/ros2_ws/install/inference_webcam/share/inference_webcam/scripts/EfficientPose/debug.py
[0.149s] -- Up-to-date: /workspace/ros2_ws/install/inference_webcam/share/inference_webcam/scripts/EfficientPose/requirements.txt
[0.150s] -- Up-to-date: /workspace/ros2_ws/install/inference_webcam/share/inference_webcam/scripts/EfficientPose/inference_webcam.py
[0.150s] -- Up-to-date: /workspace/ros2_ws/install/inference_webcam/share/inference_webcam/scripts/EfficientPose/README.md
[0.150s] -- Up-to-date: /workspace/ros2_ws/install/inference_webcam/share/inference_webcam/scripts/EfficientPose/model_vanilla_effdet.py
[0.150s] -- Up-to-date: /workspace/ros2_ws/install/inference_webcam/share/inference_webcam/scripts/EfficientPose/generators
[0.150s] -- Up-to-date: /workspace/ros2_ws/install/inference_webcam/share/inference_webcam/scripts/EfficientPose/generators/occlusion.py
[0.150s] -- Up-to-date: /workspace/ros2_ws/install/inference_webcam/share/inference_webcam/scripts/EfficientPose/generators/randaug.py
[0.150s] -- Up-to-date: /workspace/ros2_ws/install/inference_webcam/share/inference_webcam/scripts/EfficientPose/generators/linemod.py
[0.150s] -- Up-to-date: /workspace/ros2_ws/install/inference_webcam/share/inference_webcam/scripts/EfficientPose/generators/common.py
[0.150s] -- Up-to-date: /workspace/ros2_ws/install/inference_webcam/share/inference_webcam/scripts/EfficientPose/generators/__init__.py
[0.150s] -- Up-to-date: /workspace/ros2_ws/install/inference_webcam/share/inference_webcam/scripts/EfficientPose/model.py
[0.150s] -- Up-to-date: /workspace/ros2_ws/install/inference_webcam/share/inference_webcam/scripts/EfficientPose/ros2_inference.py
[0.150s] -- Up-to-date: /workspace/ros2_ws/install/inference_webcam/lib/inference_webcam/ros2_inference.py
[0.150s] -- Up-to-date: /workspace/ros2_ws/install/inference_webcam/lib/inference_webcam/inference.launch.py
[0.150s] -- Up-to-date: /workspace/ros2_ws/install/inference_webcam/share/ament_index/resource_index/package_run_dependencies/inference_webcam
[0.150s] -- Up-to-date: /workspace/ros2_ws/install/inference_webcam/share/ament_index/resource_index/parent_prefix_path/inference_webcam
[0.150s] -- Up-to-date: /workspace/ros2_ws/install/inference_webcam/share/inference_webcam/environment/ament_prefix_path.sh
[0.150s] -- Up-to-date: /workspace/ros2_ws/install/inference_webcam/share/inference_webcam/environment/ament_prefix_path.dsv
[0.150s] -- Up-to-date: /workspace/ros2_ws/install/inference_webcam/share/inference_webcam/environment/path.sh
[0.150s] -- Up-to-date: /workspace/ros2_ws/install/inference_webcam/share/inference_webcam/environment/path.dsv
[0.150s] -- Up-to-date: /workspace/ros2_ws/install/inference_webcam/share/inference_webcam/local_setup.bash
[0.150s] -- Up-to-date: /workspace/ros2_ws/install/inference_webcam/share/inference_webcam/local_setup.sh
[0.151s] -- Up-to-date: /workspace/ros2_ws/install/inference_webcam/share/inference_webcam/local_setup.zsh
[0.151s] -- Up-to-date: /workspace/ros2_ws/install/inference_webcam/share/inference_webcam/local_setup.dsv
[0.151s] -- Installing: /workspace/ros2_ws/install/inference_webcam/share/inference_webcam/package.dsv
[0.151s] -- Up-to-date: /workspace/ros2_ws/install/inference_webcam/share/ament_index/resource_index/packages/inference_webcam
[0.151s] -- Up-to-date: /workspace/ros2_ws/install/inference_webcam/share/inference_webcam/cmake/inference_webcamConfig.cmake
[0.151s] -- Up-to-date: /workspace/ros2_ws/install/inference_webcam/share/inference_webcam/cmake/inference_webcamConfig-version.cmake
[0.151s] -- Up-to-date: /workspace/ros2_ws/install/inference_webcam/share/inference_webcam/package.xml
[0.151s] Invoked command in '/workspace/ros2_ws/build/inference_webcam' returned '0': CMAKE_PREFIX_PATH=${CMAKE_PREFIX_PATH}:/opt/ros/eloquent /usr/bin/cmake --build /workspace/ros2_ws/build/inference_webcam --target install -- -j32 -l32
