[0.031s] Invoking command in '/workspace/ros2_ws/build/rosapi_msgs': CMAKE_PREFIX_PATH=${CMAKE_PREFIX_PATH}:/opt/ros/eloquent /usr/bin/cmake --build /workspace/ros2_ws/build/rosapi_msgs -- -j32 -l32
[0.086s] [  0%] Built target rosapi_msgs__cpp
[0.090s] [ 12%] Built target rosapi_msgs__rosidl_generator_c
[0.119s] [ 25%] Built target rosapi_msgs__rosidl_typesupport_introspection_cpp
[0.119s] [ 37%] Built target rosapi_msgs__rosidl_typesupport_fastrtps_cpp
[0.120s] [ 49%] Built target rosapi_msgs__rosidl_typesupport_introspection_c
[0.153s] [ 61%] Built target rosapi_msgs__rosidl_typesupport_cpp
[0.171s] [ 73%] Built target rosapi_msgs__rosidl_typesupport_fastrtps_c
[0.193s] [ 86%] Built target rosapi_msgs__rosidl_typesupport_c
[0.213s] [ 86%] Built target rosapi_msgs
[0.236s] [ 86%] Built target rosapi_msgs__py
[0.277s] [ 98%] Built target rosapi_msgs__python
[0.304s] [ 99%] Built target rosapi_msgs__rosidl_typesupport_c__pyext
[0.306s] [100%] Built target rosapi_msgs__rosidl_typesupport_fastrtps_c__pyext
[0.317s] Invoked command in '/workspace/ros2_ws/build/rosapi_msgs' returned '0': CMAKE_PREFIX_PATH=${CMAKE_PREFIX_PATH}:/opt/ros/eloquent /usr/bin/cmake --build /workspace/ros2_ws/build/rosapi_msgs -- -j32 -l32
[0.864s] Invoking command in '/workspace/ros2_ws/build/rosapi_msgs': CMAKE_PREFIX_PATH=${CMAKE_PREFIX_PATH}:/opt/ros/eloquent /usr/bin/cmake --build /workspace/ros2_ws/build/rosapi_msgs --target install -- -j32 -l32
[0.921s] [  0%] Built target rosapi_msgs__cpp
[0.926s] [ 12%] Built target rosapi_msgs__rosidl_generator_c
[0.947s] [ 25%] Built target rosapi_msgs__rosidl_typesupport_introspection_cpp
[0.955s] [ 37%] Built target rosapi_msgs__rosidl_typesupport_introspection_c
[0.957s] [ 49%] Built target rosapi_msgs__rosidl_typesupport_fastrtps_cpp
[0.989s] [ 61%] Built target rosapi_msgs__rosidl_typesupport_cpp
[0.996s] [ 73%] Built target rosapi_msgs__rosidl_typesupport_fastrtps_c
[1.026s] [ 86%] Built target rosapi_msgs__rosidl_typesupport_c
[1.047s] [ 86%] Built target rosapi_msgs
[1.068s] [ 86%] Built target rosapi_msgs__py
[1.103s] [ 98%] Built target rosapi_msgs__python
[1.131s] [ 99%] Built target rosapi_msgs__rosidl_typesupport_c__pyext
[1.131s] [100%] Built target rosapi_msgs__rosidl_typesupport_fastrtps_c__pyext
[1.151s] [36mInstall the project...[0m
[1.158s] -- Install configuration: ""
[1.158s] -- Up-to-date: /workspace/ros2_ws/install/rosapi_msgs/share/ament_index/resource_index/rosidl_interfaces/rosapi_msgs
[1.158s] -- Up-to-date: /workspace/ros2_ws/install/rosapi_msgs/include/rosapi_msgs
[1.158s] -- Up-to-date: /workspace/ros2_ws/install/rosapi_msgs/include/rosapi_msgs/srv
[1.159s] -- Up-to-date: /workspace/ros2_ws/install/rosapi_msgs/include/rosapi_msgs/srv/get_action_servers__traits.hpp
[1.159s] -- Up-to-date: /workspace/ros2_ws/install/rosapi_msgs/include/rosapi_msgs/srv/node_details__struct.hpp
[1.160s] -- Up-to-date: /workspace/ros2_ws/install/rosapi_msgs/include/rosapi_msgs/srv/service_request_details__traits.hpp
[1.160s] -- Up-to-date: /workspace/ros2_ws/install/rosapi_msgs/include/rosapi_msgs/srv/topics_for_type.hpp
[1.160s] -- Up-to-date: /workspace/ros2_ws/install/rosapi_msgs/include/rosapi_msgs/srv/service_type__traits.hpp
[1.160s] -- Up-to-date: /workspace/ros2_ws/install/rosapi_msgs/include/rosapi_msgs/srv/delete_param.hpp
[1.160s] -- Up-to-date: /workspace/ros2_ws/install/rosapi_msgs/include/rosapi_msgs/srv/get_param__traits.hpp
[1.160s] -- Up-to-date: /workspace/ros2_ws/install/rosapi_msgs/include/rosapi_msgs/srv/delete_param__traits.hpp
[1.160s] -- Up-to-date: /workspace/ros2_ws/install/rosapi_msgs/include/rosapi_msgs/srv/publishers__struct.hpp
[1.160s] -- Up-to-date: /workspace/ros2_ws/install/rosapi_msgs/include/rosapi_msgs/srv/subscribers.hpp
[1.160s] -- Up-to-date: /workspace/ros2_ws/install/rosapi_msgs/include/rosapi_msgs/srv/topics_for_type__struct.hpp
[1.160s] -- Up-to-date: /workspace/ros2_ws/install/rosapi_msgs/include/rosapi_msgs/srv/message_details__traits.hpp
[1.161s] -- Up-to-date: /workspace/ros2_ws/install/rosapi_msgs/include/rosapi_msgs/srv/node_details__traits.hpp
[1.161s] -- Up-to-date: /workspace/ros2_ws/install/rosapi_msgs/include/rosapi_msgs/srv/get_time__traits.hpp
[1.161s] -- Up-to-date: /workspace/ros2_ws/install/rosapi_msgs/include/rosapi_msgs/srv/get_action_servers__struct.hpp
[1.161s] -- Up-to-date: /workspace/ros2_ws/install/rosapi_msgs/include/rosapi_msgs/srv/topic_type__traits.hpp
[1.161s] -- Up-to-date: /workspace/ros2_ws/install/rosapi_msgs/include/rosapi_msgs/srv/services_for_type__struct.hpp
[1.161s] -- Up-to-date: /workspace/ros2_ws/install/rosapi_msgs/include/rosapi_msgs/srv/publishers__traits.hpp
[1.161s] -- Up-to-date: /workspace/ros2_ws/install/rosapi_msgs/include/rosapi_msgs/srv/get_param_names__struct.hpp
[1.161s] -- Up-to-date: /workspace/ros2_ws/install/rosapi_msgs/include/rosapi_msgs/srv/services_for_type.hpp
[1.161s] -- Up-to-date: /workspace/ros2_ws/install/rosapi_msgs/include/rosapi_msgs/srv/service_providers__struct.hpp
[1.162s] -- Up-to-date: /workspace/ros2_ws/install/rosapi_msgs/include/rosapi_msgs/srv/topics.hpp
[1.162s] -- Up-to-date: /workspace/ros2_ws/install/rosapi_msgs/include/rosapi_msgs/srv/service_node__traits.hpp
[1.162s] -- Up-to-date: /workspace/ros2_ws/install/rosapi_msgs/include/rosapi_msgs/srv/get_action_servers.hpp
[1.162s] -- Up-to-date: /workspace/ros2_ws/install/rosapi_msgs/include/rosapi_msgs/srv/topics__traits.hpp
[1.162s] -- Up-to-date: /workspace/ros2_ws/install/rosapi_msgs/include/rosapi_msgs/srv/service_response_details__struct.hpp
[1.162s] -- Up-to-date: /workspace/ros2_ws/install/rosapi_msgs/include/rosapi_msgs/srv/topic_type__struct.hpp
[1.162s] -- Up-to-date: /workspace/ros2_ws/install/rosapi_msgs/include/rosapi_msgs/srv/service_type__struct.hpp
[1.162s] -- Up-to-date: /workspace/ros2_ws/install/rosapi_msgs/include/rosapi_msgs/srv/topic_type.hpp
[1.162s] -- Up-to-date: /workspace/ros2_ws/install/rosapi_msgs/include/rosapi_msgs/srv/node_details.hpp
[1.163s] -- Up-to-date: /workspace/ros2_ws/install/rosapi_msgs/include/rosapi_msgs/srv/nodes__traits.hpp
[1.163s] -- Up-to-date: /workspace/ros2_ws/install/rosapi_msgs/include/rosapi_msgs/srv/services__traits.hpp
[1.163s] -- Up-to-date: /workspace/ros2_ws/install/rosapi_msgs/include/rosapi_msgs/srv/topics_and_raw_types__traits.hpp
[1.163s] -- Up-to-date: /workspace/ros2_ws/install/rosapi_msgs/include/rosapi_msgs/srv/get_param.hpp
[1.163s] -- Up-to-date: /workspace/ros2_ws/install/rosapi_msgs/include/rosapi_msgs/srv/topics_for_type__traits.hpp
[1.163s] -- Up-to-date: /workspace/ros2_ws/install/rosapi_msgs/include/rosapi_msgs/srv/has_param__struct.hpp
[1.163s] -- Up-to-date: /workspace/ros2_ws/install/rosapi_msgs/include/rosapi_msgs/srv/service_request_details__struct.hpp
[1.164s] -- Up-to-date: /workspace/ros2_ws/install/rosapi_msgs/include/rosapi_msgs/srv/set_param.hpp
[1.164s] -- Up-to-date: /workspace/ros2_ws/install/rosapi_msgs/include/rosapi_msgs/srv/get_time__struct.hpp
[1.164s] -- Up-to-date: /workspace/ros2_ws/install/rosapi_msgs/include/rosapi_msgs/srv/set_param__struct.hpp
[1.164s] -- Up-to-date: /workspace/ros2_ws/install/rosapi_msgs/include/rosapi_msgs/srv/nodes__struct.hpp
[1.164s] -- Up-to-date: /workspace/ros2_ws/install/rosapi_msgs/include/rosapi_msgs/srv/service_providers.hpp
[1.164s] -- Up-to-date: /workspace/ros2_ws/install/rosapi_msgs/include/rosapi_msgs/srv/get_param_names.hpp
[1.164s] -- Up-to-date: /workspace/ros2_ws/install/rosapi_msgs/include/rosapi_msgs/srv/get_param_names__traits.hpp
[1.164s] -- Up-to-date: /workspace/ros2_ws/install/rosapi_msgs/include/rosapi_msgs/srv/service_response_details__traits.hpp
[1.164s] -- Up-to-date: /workspace/ros2_ws/install/rosapi_msgs/include/rosapi_msgs/srv/nodes.hpp
[1.164s] -- Up-to-date: /workspace/ros2_ws/install/rosapi_msgs/include/rosapi_msgs/srv/get_ros_version__traits.hpp
[1.164s] -- Up-to-date: /workspace/ros2_ws/install/rosapi_msgs/include/rosapi_msgs/srv/message_details__struct.hpp
[1.164s] -- Up-to-date: /workspace/ros2_ws/install/rosapi_msgs/include/rosapi_msgs/srv/message_details.hpp
[1.164s] -- Up-to-date: /workspace/ros2_ws/install/rosapi_msgs/include/rosapi_msgs/srv/publishers.hpp
[1.165s] -- Up-to-date: /workspace/ros2_ws/install/rosapi_msgs/include/rosapi_msgs/srv/get_ros_version.hpp
[1.165s] -- Up-to-date: /workspace/ros2_ws/install/rosapi_msgs/include/rosapi_msgs/srv/has_param.hpp
[1.165s] -- Up-to-date: /workspace/ros2_ws/install/rosapi_msgs/include/rosapi_msgs/srv/service_request_details.hpp
[1.165s] -- Up-to-date: /workspace/ros2_ws/install/rosapi_msgs/include/rosapi_msgs/srv/get_time.hpp
[1.165s] -- Up-to-date: /workspace/ros2_ws/install/rosapi_msgs/include/rosapi_msgs/srv/services_for_type__traits.hpp
[1.165s] -- Up-to-date: /workspace/ros2_ws/install/rosapi_msgs/include/rosapi_msgs/srv/services__struct.hpp
[1.165s] -- Up-to-date: /workspace/ros2_ws/install/rosapi_msgs/include/rosapi_msgs/srv/subscribers__traits.hpp
[1.165s] -- Up-to-date: /workspace/ros2_ws/install/rosapi_msgs/include/rosapi_msgs/srv/get_param__struct.hpp
[1.165s] -- Up-to-date: /workspace/ros2_ws/install/rosapi_msgs/include/rosapi_msgs/srv/service_response_details.hpp
[1.165s] -- Up-to-date: /workspace/ros2_ws/install/rosapi_msgs/include/rosapi_msgs/srv/get_ros_version__struct.hpp
[1.165s] -- Up-to-date: /workspace/ros2_ws/install/rosapi_msgs/include/rosapi_msgs/srv/service_node.hpp
[1.165s] -- Up-to-date: /workspace/ros2_ws/install/rosapi_msgs/include/rosapi_msgs/srv/topics__struct.hpp
[1.165s] -- Up-to-date: /workspace/ros2_ws/install/rosapi_msgs/include/rosapi_msgs/srv/set_param__traits.hpp
[1.165s] -- Up-to-date: /workspace/ros2_ws/install/rosapi_msgs/include/rosapi_msgs/srv/services.hpp
[1.165s] -- Up-to-date: /workspace/ros2_ws/install/rosapi_msgs/include/rosapi_msgs/srv/topics_and_raw_types__struct.hpp
[1.166s] -- Up-to-date: /workspace/ros2_ws/install/rosapi_msgs/include/rosapi_msgs/srv/service_type.hpp
[1.166s] -- Up-to-date: /workspace/ros2_ws/install/rosapi_msgs/include/rosapi_msgs/srv/service_node__struct.hpp
[1.166s] -- Up-to-date: /workspace/ros2_ws/install/rosapi_msgs/include/rosapi_msgs/srv/service_providers__traits.hpp
[1.166s] -- Up-to-date: /workspace/ros2_ws/install/rosapi_msgs/include/rosapi_msgs/srv/topics_and_raw_types.hpp
[1.166s] -- Up-to-date: /workspace/ros2_ws/install/rosapi_msgs/include/rosapi_msgs/srv/has_param__traits.hpp
[1.166s] -- Up-to-date: /workspace/ros2_ws/install/rosapi_msgs/include/rosapi_msgs/srv/subscribers__struct.hpp
[1.166s] -- Up-to-date: /workspace/ros2_ws/install/rosapi_msgs/include/rosapi_msgs/srv/delete_param__struct.hpp
[1.166s] -- Up-to-date: /workspace/ros2_ws/install/rosapi_msgs/include/rosapi_msgs/msg
[1.166s] -- Up-to-date: /workspace/ros2_ws/install/rosapi_msgs/include/rosapi_msgs/msg/type_def.hpp
[1.166s] -- Up-to-date: /workspace/ros2_ws/install/rosapi_msgs/include/rosapi_msgs/msg/type_def__traits.hpp
[1.166s] -- Up-to-date: /workspace/ros2_ws/install/rosapi_msgs/include/rosapi_msgs/msg/type_def__struct.hpp
[1.166s] -- Up-to-date: /workspace/ros2_ws/install/rosapi_msgs/include/rosapi_msgs
[1.166s] -- Up-to-date: /workspace/ros2_ws/install/rosapi_msgs/include/rosapi_msgs/srv
[1.166s] -- Up-to-date: /workspace/ros2_ws/install/rosapi_msgs/include/rosapi_msgs/srv/publishers__type_support.h
[1.166s] -- Up-to-date: /workspace/ros2_ws/install/rosapi_msgs/include/rosapi_msgs/srv/service_response_details.h
[1.166s] -- Up-to-date: /workspace/ros2_ws/install/rosapi_msgs/include/rosapi_msgs/srv/service_response_details__functions.h
[1.166s] -- Up-to-date: /workspace/ros2_ws/install/rosapi_msgs/include/rosapi_msgs/srv/delete_param__functions.c
[1.166s] -- Up-to-date: /workspace/ros2_ws/install/rosapi_msgs/include/rosapi_msgs/srv/service_node__struct.h
[1.166s] -- Up-to-date: /workspace/ros2_ws/install/rosapi_msgs/include/rosapi_msgs/srv/service_providers.h
[1.166s] -- Up-to-date: /workspace/ros2_ws/install/rosapi_msgs/include/rosapi_msgs/srv/topic_type__struct.h
[1.166s] -- Up-to-date: /workspace/ros2_ws/install/rosapi_msgs/include/rosapi_msgs/srv/get_time__functions.h
[1.166s] -- Up-to-date: /workspace/ros2_ws/install/rosapi_msgs/include/rosapi_msgs/srv/service_request_details__struct.h
[1.166s] -- Up-to-date: /workspace/ros2_ws/install/rosapi_msgs/include/rosapi_msgs/srv/has_param.h
[1.166s] -- Up-to-date: /workspace/ros2_ws/install/rosapi_msgs/include/rosapi_msgs/srv/service_providers__functions.c
[1.166s] -- Up-to-date: /workspace/ros2_ws/install/rosapi_msgs/include/rosapi_msgs/srv/service_providers__type_support.h
[1.166s] -- Up-to-date: /workspace/ros2_ws/install/rosapi_msgs/include/rosapi_msgs/srv/services_for_type__struct.h
[1.167s] -- Up-to-date: /workspace/ros2_ws/install/rosapi_msgs/include/rosapi_msgs/srv/service_request_details.h
[1.167s] -- Up-to-date: /workspace/ros2_ws/install/rosapi_msgs/include/rosapi_msgs/srv/get_param_names__struct.h
[1.167s] -- Up-to-date: /workspace/ros2_ws/install/rosapi_msgs/include/rosapi_msgs/srv/service_type__functions.h
[1.167s] -- Up-to-date: /workspace/ros2_ws/install/rosapi_msgs/include/rosapi_msgs/srv/topics.h
[1.167s] -- Up-to-date: /workspace/ros2_ws/install/rosapi_msgs/include/rosapi_msgs/srv/subscribers__functions.c
[1.167s] -- Up-to-date: /workspace/ros2_ws/install/rosapi_msgs/include/rosapi_msgs/srv/has_param__functions.h
[1.167s] -- Up-to-date: /workspace/ros2_ws/install/rosapi_msgs/include/rosapi_msgs/srv/service_response_details__functions.c
[1.167s] -- Up-to-date: /workspace/ros2_ws/install/rosapi_msgs/include/rosapi_msgs/srv/nodes__functions.h
[1.167s] -- Up-to-date: /workspace/ros2_ws/install/rosapi_msgs/include/rosapi_msgs/srv/topics_and_raw_types__functions.h
[1.167s] -- Up-to-date: /workspace/ros2_ws/install/rosapi_msgs/include/rosapi_msgs/srv/topics_for_type__functions.h
[1.167s] -- Up-to-date: /workspace/ros2_ws/install/rosapi_msgs/include/rosapi_msgs/srv/topics_for_type__functions.c
[1.167s] -- Up-to-date: /workspace/ros2_ws/install/rosapi_msgs/include/rosapi_msgs/srv/service_providers__struct.h
[1.167s] -- Up-to-date: /workspace/ros2_ws/install/rosapi_msgs/include/rosapi_msgs/srv/publishers.h
[1.167s] -- Up-to-date: /workspace/ros2_ws/install/rosapi_msgs/include/rosapi_msgs/srv/service_response_details__type_support.h
[1.167s] -- Up-to-date: /workspace/ros2_ws/install/rosapi_msgs/include/rosapi_msgs/srv/message_details__functions.c
[1.167s] -- Up-to-date: /workspace/ros2_ws/install/rosapi_msgs/include/rosapi_msgs/srv/nodes__struct.h
[1.167s] -- Up-to-date: /workspace/ros2_ws/install/rosapi_msgs/include/rosapi_msgs/srv/get_ros_version__type_support.h
[1.167s] -- Up-to-date: /workspace/ros2_ws/install/rosapi_msgs/include/rosapi_msgs/srv/service_type__struct.h
[1.167s] -- Up-to-date: /workspace/ros2_ws/install/rosapi_msgs/include/rosapi_msgs/srv/services_for_type__type_support.h
[1.167s] -- Up-to-date: /workspace/ros2_ws/install/rosapi_msgs/include/rosapi_msgs/srv/publishers__functions.h
[1.167s] -- Up-to-date: /workspace/ros2_ws/install/rosapi_msgs/include/rosapi_msgs/srv/get_action_servers__type_support.h
[1.167s] -- Up-to-date: /workspace/ros2_ws/install/rosapi_msgs/include/rosapi_msgs/srv/message_details__functions.h
[1.167s] -- Up-to-date: /workspace/ros2_ws/install/rosapi_msgs/include/rosapi_msgs/srv/set_param__functions.h
[1.167s] -- Up-to-date: /workspace/ros2_ws/install/rosapi_msgs/include/rosapi_msgs/srv/node_details.h
[1.167s] -- Up-to-date: /workspace/ros2_ws/install/rosapi_msgs/include/rosapi_msgs/srv/topics_and_raw_types__type_support.h
[1.167s] -- Up-to-date: /workspace/ros2_ws/install/rosapi_msgs/include/rosapi_msgs/srv/get_param__struct.h
[1.168s] -- Up-to-date: /workspace/ros2_ws/install/rosapi_msgs/include/rosapi_msgs/srv/get_time.h
[1.168s] -- Up-to-date: /workspace/ros2_ws/install/rosapi_msgs/include/rosapi_msgs/srv/services__type_support.h
[1.168s] -- Up-to-date: /workspace/ros2_ws/install/rosapi_msgs/include/rosapi_msgs/srv/topics_and_raw_types__struct.h
[1.168s] -- Up-to-date: /workspace/ros2_ws/install/rosapi_msgs/include/rosapi_msgs/srv/nodes__functions.c
[1.168s] -- Up-to-date: /workspace/ros2_ws/install/rosapi_msgs/include/rosapi_msgs/srv/service_node__functions.c
[1.168s] -- Up-to-date: /workspace/ros2_ws/install/rosapi_msgs/include/rosapi_msgs/srv/get_param_names__functions.c
[1.168s] -- Up-to-date: /workspace/ros2_ws/install/rosapi_msgs/include/rosapi_msgs/srv/subscribers.h
[1.168s] -- Up-to-date: /workspace/ros2_ws/install/rosapi_msgs/include/rosapi_msgs/srv/topic_type__type_support.h
[1.168s] -- Up-to-date: /workspace/ros2_ws/install/rosapi_msgs/include/rosapi_msgs/srv/services_for_type__functions.h
[1.168s] -- Up-to-date: /workspace/ros2_ws/install/rosapi_msgs/include/rosapi_msgs/srv/delete_param__type_support.h
[1.168s] -- Up-to-date: /workspace/ros2_ws/install/rosapi_msgs/include/rosapi_msgs/srv/topic_type.h
[1.168s] -- Up-to-date: /workspace/ros2_ws/install/rosapi_msgs/include/rosapi_msgs/srv/node_details__struct.h
[1.168s] -- Up-to-date: /workspace/ros2_ws/install/rosapi_msgs/include/rosapi_msgs/srv/service_node.h
[1.168s] -- Up-to-date: /workspace/ros2_ws/install/rosapi_msgs/include/rosapi_msgs/srv/service_response_details__struct.h
[1.168s] -- Up-to-date: /workspace/ros2_ws/install/rosapi_msgs/include/rosapi_msgs/srv/service_request_details__type_support.h
[1.168s] -- Up-to-date: /workspace/ros2_ws/install/rosapi_msgs/include/rosapi_msgs/srv/get_action_servers__functions.h
[1.168s] -- Up-to-date: /workspace/ros2_ws/install/rosapi_msgs/include/rosapi_msgs/srv/get_param__type_support.h
[1.168s] -- Up-to-date: /workspace/ros2_ws/install/rosapi_msgs/include/rosapi_msgs/srv/topics__functions.h
[1.168s] -- Up-to-date: /workspace/ros2_ws/install/rosapi_msgs/include/rosapi_msgs/srv/get_action_servers__struct.h
[1.168s] -- Up-to-date: /workspace/ros2_ws/install/rosapi_msgs/include/rosapi_msgs/srv/service_request_details__functions.c
[1.168s] -- Up-to-date: /workspace/ros2_ws/install/rosapi_msgs/include/rosapi_msgs/srv/service_type__functions.c
[1.168s] -- Up-to-date: /workspace/ros2_ws/install/rosapi_msgs/include/rosapi_msgs/srv/get_ros_version.h
[1.168s] -- Up-to-date: /workspace/ros2_ws/install/rosapi_msgs/include/rosapi_msgs/srv/get_param_names.h
[1.168s] -- Up-to-date: /workspace/ros2_ws/install/rosapi_msgs/include/rosapi_msgs/srv/delete_param__struct.h
[1.168s] -- Up-to-date: /workspace/ros2_ws/install/rosapi_msgs/include/rosapi_msgs/srv/node_details__type_support.h
[1.168s] -- Up-to-date: /workspace/ros2_ws/install/rosapi_msgs/include/rosapi_msgs/srv/delete_param__functions.h
[1.168s] -- Up-to-date: /workspace/ros2_ws/install/rosapi_msgs/include/rosapi_msgs/srv/get_param.h
[1.169s] -- Up-to-date: /workspace/ros2_ws/install/rosapi_msgs/include/rosapi_msgs/srv/nodes.h
[1.169s] -- Up-to-date: /workspace/ros2_ws/install/rosapi_msgs/include/rosapi_msgs/srv/get_ros_version__functions.h
[1.169s] -- Up-to-date: /workspace/ros2_ws/install/rosapi_msgs/include/rosapi_msgs/srv/service_type.h
[1.169s] -- Up-to-date: /workspace/ros2_ws/install/rosapi_msgs/include/rosapi_msgs/srv/get_ros_version__struct.h
[1.169s] -- Up-to-date: /workspace/ros2_ws/install/rosapi_msgs/include/rosapi_msgs/srv/topics_for_type.h
[1.169s] -- Up-to-date: /workspace/ros2_ws/install/rosapi_msgs/include/rosapi_msgs/srv/get_ros_version__functions.c
[1.169s] -- Up-to-date: /workspace/ros2_ws/install/rosapi_msgs/include/rosapi_msgs/srv/services_for_type__functions.c
[1.169s] -- Up-to-date: /workspace/ros2_ws/install/rosapi_msgs/include/rosapi_msgs/srv/services__struct.h
[1.169s] -- Up-to-date: /workspace/ros2_ws/install/rosapi_msgs/include/rosapi_msgs/srv/topics_for_type__struct.h
[1.169s] -- Up-to-date: /workspace/ros2_ws/install/rosapi_msgs/include/rosapi_msgs/srv/get_param_names__type_support.h
[1.169s] -- Up-to-date: /workspace/ros2_ws/install/rosapi_msgs/include/rosapi_msgs/srv/service_node__functions.h
[1.169s] -- Up-to-date: /workspace/ros2_ws/install/rosapi_msgs/include/rosapi_msgs/srv/has_param__functions.c
[1.169s] -- Up-to-date: /workspace/ros2_ws/install/rosapi_msgs/include/rosapi_msgs/srv/node_details__functions.h
[1.169s] -- Up-to-date: /workspace/ros2_ws/install/rosapi_msgs/include/rosapi_msgs/srv/topic_type__functions.h
[1.169s] -- Up-to-date: /workspace/ros2_ws/install/rosapi_msgs/include/rosapi_msgs/srv/services.h
[1.169s] -- Up-to-date: /workspace/ros2_ws/install/rosapi_msgs/include/rosapi_msgs/srv/service_node__type_support.h
[1.169s] -- Up-to-date: /workspace/ros2_ws/install/rosapi_msgs/include/rosapi_msgs/srv/publishers__struct.h
[1.169s] -- Up-to-date: /workspace/ros2_ws/install/rosapi_msgs/include/rosapi_msgs/srv/service_providers__functions.h
[1.169s] -- Up-to-date: /workspace/ros2_ws/install/rosapi_msgs/include/rosapi_msgs/srv/topics_and_raw_types__functions.c
[1.169s] -- Up-to-date: /workspace/ros2_ws/install/rosapi_msgs/include/rosapi_msgs/srv/get_time__functions.c
[1.169s] -- Up-to-date: /workspace/ros2_ws/install/rosapi_msgs/include/rosapi_msgs/srv/services_for_type.h
[1.169s] -- Up-to-date: /workspace/ros2_ws/install/rosapi_msgs/include/rosapi_msgs/srv/set_param__struct.h
[1.169s] -- Up-to-date: /workspace/ros2_ws/install/rosapi_msgs/include/rosapi_msgs/srv/has_param__struct.h
[1.169s] -- Up-to-date: /workspace/ros2_ws/install/rosapi_msgs/include/rosapi_msgs/srv/topics__type_support.h
[1.169s] -- Up-to-date: /workspace/ros2_ws/install/rosapi_msgs/include/rosapi_msgs/srv/get_param__functions.h
[1.169s] -- Up-to-date: /workspace/ros2_ws/install/rosapi_msgs/include/rosapi_msgs/srv/delete_param.h
[1.169s] -- Up-to-date: /workspace/ros2_ws/install/rosapi_msgs/include/rosapi_msgs/srv/subscribers__functions.h
[1.170s] -- Up-to-date: /workspace/ros2_ws/install/rosapi_msgs/include/rosapi_msgs/srv/set_param__type_support.h
[1.170s] -- Up-to-date: /workspace/ros2_ws/install/rosapi_msgs/include/rosapi_msgs/srv/message_details__struct.h
[1.170s] -- Up-to-date: /workspace/ros2_ws/install/rosapi_msgs/include/rosapi_msgs/srv/set_param__functions.c
[1.170s] -- Up-to-date: /workspace/ros2_ws/install/rosapi_msgs/include/rosapi_msgs/srv/nodes__type_support.h
[1.170s] -- Up-to-date: /workspace/ros2_ws/install/rosapi_msgs/include/rosapi_msgs/srv/topics_and_raw_types.h
[1.170s] -- Up-to-date: /workspace/ros2_ws/install/rosapi_msgs/include/rosapi_msgs/srv/message_details__type_support.h
[1.170s] -- Up-to-date: /workspace/ros2_ws/install/rosapi_msgs/include/rosapi_msgs/srv/service_request_details__functions.h
[1.170s] -- Up-to-date: /workspace/ros2_ws/install/rosapi_msgs/include/rosapi_msgs/srv/services__functions.c
[1.170s] -- Up-to-date: /workspace/ros2_ws/install/rosapi_msgs/include/rosapi_msgs/srv/set_param.h
[1.170s] -- Up-to-date: /workspace/ros2_ws/install/rosapi_msgs/include/rosapi_msgs/srv/service_type__type_support.h
[1.170s] -- Up-to-date: /workspace/ros2_ws/install/rosapi_msgs/include/rosapi_msgs/srv/get_action_servers__functions.c
[1.170s] -- Up-to-date: /workspace/ros2_ws/install/rosapi_msgs/include/rosapi_msgs/srv/subscribers__type_support.h
[1.170s] -- Up-to-date: /workspace/ros2_ws/install/rosapi_msgs/include/rosapi_msgs/srv/topics__struct.h
[1.170s] -- Up-to-date: /workspace/ros2_ws/install/rosapi_msgs/include/rosapi_msgs/srv/topic_type__functions.c
[1.170s] -- Up-to-date: /workspace/ros2_ws/install/rosapi_msgs/include/rosapi_msgs/srv/services__functions.h
[1.170s] -- Up-to-date: /workspace/ros2_ws/install/rosapi_msgs/include/rosapi_msgs/srv/get_param_names__functions.h
[1.170s] -- Up-to-date: /workspace/ros2_ws/install/rosapi_msgs/include/rosapi_msgs/srv/get_time__type_support.h
[1.170s] -- Up-to-date: /workspace/ros2_ws/install/rosapi_msgs/include/rosapi_msgs/srv/message_details.h
[1.170s] -- Up-to-date: /workspace/ros2_ws/install/rosapi_msgs/include/rosapi_msgs/srv/topics_for_type__type_support.h
[1.170s] -- Up-to-date: /workspace/ros2_ws/install/rosapi_msgs/include/rosapi_msgs/srv/publishers__functions.c
[1.170s] -- Up-to-date: /workspace/ros2_ws/install/rosapi_msgs/include/rosapi_msgs/srv/get_param__functions.c
[1.170s] -- Up-to-date: /workspace/ros2_ws/install/rosapi_msgs/include/rosapi_msgs/srv/topics__functions.c
[1.170s] -- Up-to-date: /workspace/ros2_ws/install/rosapi_msgs/include/rosapi_msgs/srv/has_param__type_support.h
[1.170s] -- Up-to-date: /workspace/ros2_ws/install/rosapi_msgs/include/rosapi_msgs/srv/get_time__struct.h
[1.170s] -- Up-to-date: /workspace/ros2_ws/install/rosapi_msgs/include/rosapi_msgs/srv/subscribers__struct.h
[1.171s] -- Up-to-date: /workspace/ros2_ws/install/rosapi_msgs/include/rosapi_msgs/srv/get_action_servers.h
[1.171s] -- Up-to-date: /workspace/ros2_ws/install/rosapi_msgs/include/rosapi_msgs/srv/node_details__functions.c
[1.171s] -- Up-to-date: /workspace/ros2_ws/install/rosapi_msgs/include/rosapi_msgs/msg
[1.171s] -- Up-to-date: /workspace/ros2_ws/install/rosapi_msgs/include/rosapi_msgs/msg/type_def__type_support.h
[1.171s] -- Up-to-date: /workspace/ros2_ws/install/rosapi_msgs/include/rosapi_msgs/msg/type_def__functions.c
[1.171s] -- Up-to-date: /workspace/ros2_ws/install/rosapi_msgs/include/rosapi_msgs/msg/rosidl_generator_c__visibility_control.h
[1.171s] -- Up-to-date: /workspace/ros2_ws/install/rosapi_msgs/include/rosapi_msgs/msg/type_def__struct.h
[1.171s] -- Up-to-date: /workspace/ros2_ws/install/rosapi_msgs/include/rosapi_msgs/msg/type_def.h
[1.171s] -- Up-to-date: /workspace/ros2_ws/install/rosapi_msgs/include/rosapi_msgs/msg/type_def__functions.h
[1.171s] -- Up-to-date: /workspace/ros2_ws/install/rosapi_msgs/share/rosapi_msgs/environment/library_path.sh
[1.171s] -- Up-to-date: /workspace/ros2_ws/install/rosapi_msgs/share/rosapi_msgs/environment/library_path.dsv
[1.171s] -- Up-to-date: /workspace/ros2_ws/install/rosapi_msgs/lib/librosapi_msgs__rosidl_generator_c.so
[1.171s] -- Up-to-date: /workspace/ros2_ws/install/rosapi_msgs/lib/librosapi_msgs__rosidl_typesupport_c.so
[1.171s] -- Up-to-date: /workspace/ros2_ws/install/rosapi_msgs/lib/librosapi_msgs__rosidl_typesupport_cpp.so
[1.171s] -- Up-to-date: /workspace/ros2_ws/install/rosapi_msgs/include/rosapi_msgs
[1.171s] -- Up-to-date: /workspace/ros2_ws/install/rosapi_msgs/include/rosapi_msgs/srv
[1.171s] -- Up-to-date: /workspace/ros2_ws/install/rosapi_msgs/include/rosapi_msgs/srv/publishers__type_support.c
[1.171s] -- Up-to-date: /workspace/ros2_ws/install/rosapi_msgs/include/rosapi_msgs/srv/set_param__rosidl_typesupport_introspection_c.h
[1.171s] -- Up-to-date: /workspace/ros2_ws/install/rosapi_msgs/include/rosapi_msgs/srv/nodes__type_support.c
[1.171s] -- Up-to-date: /workspace/ros2_ws/install/rosapi_msgs/include/rosapi_msgs/srv/node_details__type_support.c
[1.171s] -- Up-to-date: /workspace/ros2_ws/install/rosapi_msgs/include/rosapi_msgs/srv/get_time__type_support.c
[1.171s] -- Up-to-date: /workspace/ros2_ws/install/rosapi_msgs/include/rosapi_msgs/srv/service_node__type_support.c
[1.171s] -- Up-to-date: /workspace/ros2_ws/install/rosapi_msgs/include/rosapi_msgs/srv/topics__type_support.c
[1.171s] -- Up-to-date: /workspace/ros2_ws/install/rosapi_msgs/include/rosapi_msgs/srv/set_param__type_support.c
[1.171s] -- Up-to-date: /workspace/ros2_ws/install/rosapi_msgs/include/rosapi_msgs/srv/service_request_details__type_support.c
[1.172s] -- Up-to-date: /workspace/ros2_ws/install/rosapi_msgs/include/rosapi_msgs/srv/topics_for_type__type_support.c
[1.172s] -- Up-to-date: /workspace/ros2_ws/install/rosapi_msgs/include/rosapi_msgs/srv/node_details__rosidl_typesupport_introspection_c.h
[1.172s] -- Up-to-date: /workspace/ros2_ws/install/rosapi_msgs/include/rosapi_msgs/srv/service_type__rosidl_typesupport_introspection_c.h
[1.172s] -- Up-to-date: /workspace/ros2_ws/install/rosapi_msgs/include/rosapi_msgs/srv/get_param_names__rosidl_typesupport_introspection_c.h
[1.172s] -- Up-to-date: /workspace/ros2_ws/install/rosapi_msgs/include/rosapi_msgs/srv/nodes__rosidl_typesupport_introspection_c.h
[1.172s] -- Up-to-date: /workspace/ros2_ws/install/rosapi_msgs/include/rosapi_msgs/srv/get_param__rosidl_typesupport_introspection_c.h
[1.172s] -- Up-to-date: /workspace/ros2_ws/install/rosapi_msgs/include/rosapi_msgs/srv/get_ros_version__rosidl_typesupport_introspection_c.h
[1.172s] -- Up-to-date: /workspace/ros2_ws/install/rosapi_msgs/include/rosapi_msgs/srv/subscribers__rosidl_typesupport_introspection_c.h
[1.172s] -- Up-to-date: /workspace/ros2_ws/install/rosapi_msgs/include/rosapi_msgs/srv/services_for_type__rosidl_typesupport_introspection_c.h
[1.172s] -- Up-to-date: /workspace/ros2_ws/install/rosapi_msgs/include/rosapi_msgs/srv/delete_param__type_support.c
[1.172s] -- Up-to-date: /workspace/ros2_ws/install/rosapi_msgs/include/rosapi_msgs/srv/services_for_type__type_support.c
[1.172s] -- Up-to-date: /workspace/ros2_ws/install/rosapi_msgs/include/rosapi_msgs/srv/publishers__rosidl_typesupport_introspection_c.h
[1.172s] -- Up-to-date: /workspace/ros2_ws/install/rosapi_msgs/include/rosapi_msgs/srv/topic_type__rosidl_typesupport_introspection_c.h
[1.172s] -- Up-to-date: /workspace/ros2_ws/install/rosapi_msgs/include/rosapi_msgs/srv/service_request_details__rosidl_typesupport_introspection_c.h
[1.172s] -- Up-to-date: /workspace/ros2_ws/install/rosapi_msgs/include/rosapi_msgs/srv/topic_type__type_support.c
[1.172s] -- Up-to-date: /workspace/ros2_ws/install/rosapi_msgs/include/rosapi_msgs/srv/get_time__rosidl_typesupport_introspection_c.h
[1.172s] -- Up-to-date: /workspace/ros2_ws/install/rosapi_msgs/include/rosapi_msgs/srv/services__type_support.c
[1.172s] -- Up-to-date: /workspace/ros2_ws/install/rosapi_msgs/include/rosapi_msgs/srv/message_details__rosidl_typesupport_introspection_c.h
[1.172s] -- Up-to-date: /workspace/ros2_ws/install/rosapi_msgs/include/rosapi_msgs/srv/get_param_names__type_support.c
[1.172s] -- Up-to-date: /workspace/ros2_ws/install/rosapi_msgs/include/rosapi_msgs/srv/topics__rosidl_typesupport_introspection_c.h
[1.172s] -- Up-to-date: /workspace/ros2_ws/install/rosapi_msgs/include/rosapi_msgs/srv/get_param__type_support.c
[1.172s] -- Up-to-date: /workspace/ros2_ws/install/rosapi_msgs/include/rosapi_msgs/srv/get_ros_version__type_support.c
[1.172s] -- Up-to-date: /workspace/ros2_ws/install/rosapi_msgs/include/rosapi_msgs/srv/topics_for_type__rosidl_typesupport_introspection_c.h
[1.172s] -- Up-to-date: /workspace/ros2_ws/install/rosapi_msgs/include/rosapi_msgs/srv/has_param__type_support.c
[1.172s] -- Up-to-date: /workspace/ros2_ws/install/rosapi_msgs/include/rosapi_msgs/srv/delete_param__rosidl_typesupport_introspection_c.h
[1.172s] -- Up-to-date: /workspace/ros2_ws/install/rosapi_msgs/include/rosapi_msgs/srv/service_providers__type_support.c
[1.172s] -- Up-to-date: /workspace/ros2_ws/install/rosapi_msgs/include/rosapi_msgs/srv/service_node__rosidl_typesupport_introspection_c.h
[1.173s] -- Up-to-date: /workspace/ros2_ws/install/rosapi_msgs/include/rosapi_msgs/srv/topics_and_raw_types__rosidl_typesupport_introspection_c.h
[1.173s] -- Up-to-date: /workspace/ros2_ws/install/rosapi_msgs/include/rosapi_msgs/srv/topics_and_raw_types__type_support.c
[1.173s] -- Up-to-date: /workspace/ros2_ws/install/rosapi_msgs/include/rosapi_msgs/srv/subscribers__type_support.c
[1.173s] -- Up-to-date: /workspace/ros2_ws/install/rosapi_msgs/include/rosapi_msgs/srv/service_response_details__type_support.c
[1.173s] -- Up-to-date: /workspace/ros2_ws/install/rosapi_msgs/include/rosapi_msgs/srv/get_action_servers__type_support.c
[1.173s] -- Up-to-date: /workspace/ros2_ws/install/rosapi_msgs/include/rosapi_msgs/srv/has_param__rosidl_typesupport_introspection_c.h
[1.173s] -- Up-to-date: /workspace/ros2_ws/install/rosapi_msgs/include/rosapi_msgs/srv/service_providers__rosidl_typesupport_introspection_c.h
[1.173s] -- Up-to-date: /workspace/ros2_ws/install/rosapi_msgs/include/rosapi_msgs/srv/message_details__type_support.c
[1.173s] -- Up-to-date: /workspace/ros2_ws/install/rosapi_msgs/include/rosapi_msgs/srv/services__rosidl_typesupport_introspection_c.h
[1.173s] -- Up-to-date: /workspace/ros2_ws/install/rosapi_msgs/include/rosapi_msgs/srv/service_response_details__rosidl_typesupport_introspection_c.h
[1.173s] -- Up-to-date: /workspace/ros2_ws/install/rosapi_msgs/include/rosapi_msgs/srv/get_action_servers__rosidl_typesupport_introspection_c.h
[1.173s] -- Up-to-date: /workspace/ros2_ws/install/rosapi_msgs/include/rosapi_msgs/srv/service_type__type_support.c
[1.173s] -- Up-to-date: /workspace/ros2_ws/install/rosapi_msgs/include/rosapi_msgs/msg
[1.173s] -- Up-to-date: /workspace/ros2_ws/install/rosapi_msgs/include/rosapi_msgs/msg/type_def__type_support.c
[1.173s] -- Up-to-date: /workspace/ros2_ws/install/rosapi_msgs/include/rosapi_msgs/msg/type_def__rosidl_typesupport_introspection_c.h
[1.173s] -- Up-to-date: /workspace/ros2_ws/install/rosapi_msgs/include/rosapi_msgs/msg/rosidl_typesupport_introspection_c__visibility_control.h
[1.173s] -- Up-to-date: /workspace/ros2_ws/install/rosapi_msgs/lib/librosapi_msgs__rosidl_typesupport_introspection_c.so
[1.173s] -- Up-to-date: /workspace/ros2_ws/install/rosapi_msgs/include/rosapi_msgs
[1.173s] -- Up-to-date: /workspace/ros2_ws/install/rosapi_msgs/include/rosapi_msgs/srv
[1.173s] -- Up-to-date: /workspace/ros2_ws/install/rosapi_msgs/include/rosapi_msgs/srv/topic_type__type_support.cpp
[1.173s] -- Up-to-date: /workspace/ros2_ws/install/rosapi_msgs/include/rosapi_msgs/srv/get_param__type_support.cpp
[1.173s] -- Up-to-date: /workspace/ros2_ws/install/rosapi_msgs/include/rosapi_msgs/srv/nodes__type_support.cpp
[1.173s] -- Up-to-date: /workspace/ros2_ws/install/rosapi_msgs/include/rosapi_msgs/srv/service_type__rosidl_typesupport_introspection_cpp.hpp
[1.173s] -- Up-to-date: /workspace/ros2_ws/install/rosapi_msgs/include/rosapi_msgs/srv/service_type__type_support.cpp
[1.174s] -- Up-to-date: /workspace/ros2_ws/install/rosapi_msgs/include/rosapi_msgs/srv/delete_param__rosidl_typesupport_introspection_cpp.hpp
[1.174s] -- Up-to-date: /workspace/ros2_ws/install/rosapi_msgs/include/rosapi_msgs/srv/services__rosidl_typesupport_introspection_cpp.hpp
[1.174s] -- Up-to-date: /workspace/ros2_ws/install/rosapi_msgs/include/rosapi_msgs/srv/topics_for_type__rosidl_typesupport_introspection_cpp.hpp
[1.174s] -- Up-to-date: /workspace/ros2_ws/install/rosapi_msgs/include/rosapi_msgs/srv/publishers__type_support.cpp
[1.174s] -- Up-to-date: /workspace/ros2_ws/install/rosapi_msgs/include/rosapi_msgs/srv/node_details__rosidl_typesupport_introspection_cpp.hpp
[1.174s] -- Up-to-date: /workspace/ros2_ws/install/rosapi_msgs/include/rosapi_msgs/srv/service_request_details__rosidl_typesupport_introspection_cpp.hpp
[1.174s] -- Up-to-date: /workspace/ros2_ws/install/rosapi_msgs/include/rosapi_msgs/srv/set_param__type_support.cpp
[1.174s] -- Up-to-date: /workspace/ros2_ws/install/rosapi_msgs/include/rosapi_msgs/srv/services__type_support.cpp
[1.174s] -- Up-to-date: /workspace/ros2_ws/install/rosapi_msgs/include/rosapi_msgs/srv/set_param__rosidl_typesupport_introspection_cpp.hpp
[1.174s] -- Up-to-date: /workspace/ros2_ws/install/rosapi_msgs/include/rosapi_msgs/srv/topics_for_type__type_support.cpp
[1.174s] -- Up-to-date: /workspace/ros2_ws/install/rosapi_msgs/include/rosapi_msgs/srv/topics_and_raw_types__type_support.cpp
[1.174s] -- Up-to-date: /workspace/ros2_ws/install/rosapi_msgs/include/rosapi_msgs/srv/service_request_details__type_support.cpp
[1.174s] -- Up-to-date: /workspace/ros2_ws/install/rosapi_msgs/include/rosapi_msgs/srv/get_param_names__type_support.cpp
[1.174s] -- Up-to-date: /workspace/ros2_ws/install/rosapi_msgs/include/rosapi_msgs/srv/services_for_type__rosidl_typesupport_introspection_cpp.hpp
[1.174s] -- Up-to-date: /workspace/ros2_ws/install/rosapi_msgs/include/rosapi_msgs/srv/subscribers__rosidl_typesupport_introspection_cpp.hpp
[1.174s] -- Up-to-date: /workspace/ros2_ws/install/rosapi_msgs/include/rosapi_msgs/srv/service_response_details__type_support.cpp
[1.174s] -- Up-to-date: /workspace/ros2_ws/install/rosapi_msgs/include/rosapi_msgs/srv/nodes__rosidl_typesupport_introspection_cpp.hpp
[1.174s] -- Up-to-date: /workspace/ros2_ws/install/rosapi_msgs/include/rosapi_msgs/srv/services_for_type__type_support.cpp
[1.174s] -- Up-to-date: /workspace/ros2_ws/install/rosapi_msgs/include/rosapi_msgs/srv/service_providers__rosidl_typesupport_introspection_cpp.hpp
[1.174s] -- Up-to-date: /workspace/ros2_ws/install/rosapi_msgs/include/rosapi_msgs/srv/topic_type__rosidl_typesupport_introspection_cpp.hpp
[1.174s] -- Up-to-date: /workspace/ros2_ws/install/rosapi_msgs/include/rosapi_msgs/srv/get_time__rosidl_typesupport_introspection_cpp.hpp
[1.174s] -- Up-to-date: /workspace/ros2_ws/install/rosapi_msgs/include/rosapi_msgs/srv/publishers__rosidl_typesupport_introspection_cpp.hpp
[1.174s] -- Up-to-date: /workspace/ros2_ws/install/rosapi_msgs/include/rosapi_msgs/srv/get_param_names__rosidl_typesupport_introspection_cpp.hpp
[1.174s] -- Up-to-date: /workspace/ros2_ws/install/rosapi_msgs/include/rosapi_msgs/srv/node_details__type_support.cpp
[1.174s] -- Up-to-date: /workspace/ros2_ws/install/rosapi_msgs/include/rosapi_msgs/srv/topics__type_support.cpp
[1.174s] -- Up-to-date: /workspace/ros2_ws/install/rosapi_msgs/include/rosapi_msgs/srv/get_ros_version__type_support.cpp
[1.175s] -- Up-to-date: /workspace/ros2_ws/install/rosapi_msgs/include/rosapi_msgs/srv/topics__rosidl_typesupport_introspection_cpp.hpp
[1.175s] -- Up-to-date: /workspace/ros2_ws/install/rosapi_msgs/include/rosapi_msgs/srv/has_param__rosidl_typesupport_introspection_cpp.hpp
[1.175s] -- Up-to-date: /workspace/ros2_ws/install/rosapi_msgs/include/rosapi_msgs/srv/get_ros_version__rosidl_typesupport_introspection_cpp.hpp
[1.175s] -- Up-to-date: /workspace/ros2_ws/install/rosapi_msgs/include/rosapi_msgs/srv/service_node__rosidl_typesupport_introspection_cpp.hpp
[1.175s] -- Up-to-date: /workspace/ros2_ws/install/rosapi_msgs/include/rosapi_msgs/srv/service_response_details__rosidl_typesupport_introspection_cpp.hpp
[1.175s] -- Up-to-date: /workspace/ros2_ws/install/rosapi_msgs/include/rosapi_msgs/srv/get_action_servers__type_support.cpp
[1.175s] -- Up-to-date: /workspace/ros2_ws/install/rosapi_msgs/include/rosapi_msgs/srv/message_details__rosidl_typesupport_introspection_cpp.hpp
[1.175s] -- Up-to-date: /workspace/ros2_ws/install/rosapi_msgs/include/rosapi_msgs/srv/subscribers__type_support.cpp
[1.175s] -- Up-to-date: /workspace/ros2_ws/install/rosapi_msgs/include/rosapi_msgs/srv/message_details__type_support.cpp
[1.175s] -- Up-to-date: /workspace/ros2_ws/install/rosapi_msgs/include/rosapi_msgs/srv/get_time__type_support.cpp
[1.175s] -- Up-to-date: /workspace/ros2_ws/install/rosapi_msgs/include/rosapi_msgs/srv/topics_and_raw_types__rosidl_typesupport_introspection_cpp.hpp
[1.175s] -- Up-to-date: /workspace/ros2_ws/install/rosapi_msgs/include/rosapi_msgs/srv/service_providers__type_support.cpp
[1.175s] -- Up-to-date: /workspace/ros2_ws/install/rosapi_msgs/include/rosapi_msgs/srv/get_action_servers__rosidl_typesupport_introspection_cpp.hpp
[1.175s] -- Up-to-date: /workspace/ros2_ws/install/rosapi_msgs/include/rosapi_msgs/srv/delete_param__type_support.cpp
[1.175s] -- Up-to-date: /workspace/ros2_ws/install/rosapi_msgs/include/rosapi_msgs/srv/service_node__type_support.cpp
[1.175s] -- Up-to-date: /workspace/ros2_ws/install/rosapi_msgs/include/rosapi_msgs/srv/get_param__rosidl_typesupport_introspection_cpp.hpp
[1.175s] -- Up-to-date: /workspace/ros2_ws/install/rosapi_msgs/include/rosapi_msgs/srv/has_param__type_support.cpp
[1.175s] -- Up-to-date: /workspace/ros2_ws/install/rosapi_msgs/include/rosapi_msgs/msg
[1.175s] -- Up-to-date: /workspace/ros2_ws/install/rosapi_msgs/include/rosapi_msgs/msg/type_def__type_support.cpp
[1.175s] -- Up-to-date: /workspace/ros2_ws/install/rosapi_msgs/include/rosapi_msgs/msg/type_def__rosidl_typesupport_introspection_cpp.hpp
[1.175s] -- Up-to-date: /workspace/ros2_ws/install/rosapi_msgs/lib/librosapi_msgs__rosidl_typesupport_introspection_cpp.so
[1.175s] -- Up-to-date: /workspace/ros2_ws/install/rosapi_msgs/include/rosapi_msgs
[1.175s] -- Up-to-date: /workspace/ros2_ws/install/rosapi_msgs/include/rosapi_msgs/srv
[1.175s] -- Up-to-date: /workspace/ros2_ws/install/rosapi_msgs/include/rosapi_msgs/srv/get_param_names__rosidl_typesupport_fastrtps_c.h
[1.176s] -- Up-to-date: /workspace/ros2_ws/install/rosapi_msgs/include/rosapi_msgs/srv/subscribers__rosidl_typesupport_fastrtps_c.h
[1.176s] -- Up-to-date: /workspace/ros2_ws/install/rosapi_msgs/include/rosapi_msgs/srv/service_type__rosidl_typesupport_fastrtps_c.h
[1.176s] -- Up-to-date: /workspace/ros2_ws/install/rosapi_msgs/include/rosapi_msgs/srv/topics__rosidl_typesupport_fastrtps_c.h
[1.176s] -- Up-to-date: /workspace/ros2_ws/install/rosapi_msgs/include/rosapi_msgs/srv/get_param__rosidl_typesupport_fastrtps_c.h
[1.176s] -- Up-to-date: /workspace/ros2_ws/install/rosapi_msgs/include/rosapi_msgs/srv/topic_type__rosidl_typesupport_fastrtps_c.h
[1.176s] -- Up-to-date: /workspace/ros2_ws/install/rosapi_msgs/include/rosapi_msgs/srv/service_request_details__rosidl_typesupport_fastrtps_c.h
[1.176s] -- Up-to-date: /workspace/ros2_ws/install/rosapi_msgs/include/rosapi_msgs/srv/nodes__rosidl_typesupport_fastrtps_c.h
[1.176s] -- Up-to-date: /workspace/ros2_ws/install/rosapi_msgs/include/rosapi_msgs/srv/node_details__rosidl_typesupport_fastrtps_c.h
[1.176s] -- Up-to-date: /workspace/ros2_ws/install/rosapi_msgs/include/rosapi_msgs/srv/service_response_details__rosidl_typesupport_fastrtps_c.h
[1.176s] -- Up-to-date: /workspace/ros2_ws/install/rosapi_msgs/include/rosapi_msgs/srv/topics_for_type__rosidl_typesupport_fastrtps_c.h
[1.176s] -- Up-to-date: /workspace/ros2_ws/install/rosapi_msgs/include/rosapi_msgs/srv/has_param__rosidl_typesupport_fastrtps_c.h
[1.176s] -- Up-to-date: /workspace/ros2_ws/install/rosapi_msgs/include/rosapi_msgs/srv/get_ros_version__rosidl_typesupport_fastrtps_c.h
[1.176s] -- Up-to-date: /workspace/ros2_ws/install/rosapi_msgs/include/rosapi_msgs/srv/topics_and_raw_types__rosidl_typesupport_fastrtps_c.h
[1.176s] -- Up-to-date: /workspace/ros2_ws/install/rosapi_msgs/include/rosapi_msgs/srv/set_param__rosidl_typesupport_fastrtps_c.h
[1.176s] -- Up-to-date: /workspace/ros2_ws/install/rosapi_msgs/include/rosapi_msgs/srv/services__rosidl_typesupport_fastrtps_c.h
[1.176s] -- Up-to-date: /workspace/ros2_ws/install/rosapi_msgs/include/rosapi_msgs/srv/get_time__rosidl_typesupport_fastrtps_c.h
[1.176s] -- Up-to-date: /workspace/ros2_ws/install/rosapi_msgs/include/rosapi_msgs/srv/services_for_type__rosidl_typesupport_fastrtps_c.h
[1.176s] -- Up-to-date: /workspace/ros2_ws/install/rosapi_msgs/include/rosapi_msgs/srv/service_node__rosidl_typesupport_fastrtps_c.h
[1.176s] -- Up-to-date: /workspace/ros2_ws/install/rosapi_msgs/include/rosapi_msgs/srv/get_action_servers__rosidl_typesupport_fastrtps_c.h
[1.176s] -- Up-to-date: /workspace/ros2_ws/install/rosapi_msgs/include/rosapi_msgs/srv/message_details__rosidl_typesupport_fastrtps_c.h
[1.176s] -- Up-to-date: /workspace/ros2_ws/install/rosapi_msgs/include/rosapi_msgs/srv/delete_param__rosidl_typesupport_fastrtps_c.h
[1.176s] -- Up-to-date: /workspace/ros2_ws/install/rosapi_msgs/include/rosapi_msgs/srv/publishers__rosidl_typesupport_fastrtps_c.h
[1.176s] -- Up-to-date: /workspace/ros2_ws/install/rosapi_msgs/include/rosapi_msgs/srv/service_providers__rosidl_typesupport_fastrtps_c.h
[1.176s] -- Up-to-date: /workspace/ros2_ws/install/rosapi_msgs/include/rosapi_msgs/msg
[1.176s] -- Up-to-date: /workspace/ros2_ws/install/rosapi_msgs/include/rosapi_msgs/msg/rosidl_typesupport_fastrtps_c__visibility_control.h
[1.176s] -- Up-to-date: /workspace/ros2_ws/install/rosapi_msgs/include/rosapi_msgs/msg/type_def__rosidl_typesupport_fastrtps_c.h
[1.176s] -- Up-to-date: /workspace/ros2_ws/install/rosapi_msgs/lib/librosapi_msgs__rosidl_typesupport_fastrtps_c.so
[1.177s] -- Up-to-date: /workspace/ros2_ws/install/rosapi_msgs/include/rosapi_msgs
[1.177s] -- Up-to-date: /workspace/ros2_ws/install/rosapi_msgs/include/rosapi_msgs/srv
[1.177s] -- Up-to-date: /workspace/ros2_ws/install/rosapi_msgs/include/rosapi_msgs/srv/get_ros_version__rosidl_typesupport_fastrtps_cpp.hpp
[1.177s] -- Up-to-date: /workspace/ros2_ws/install/rosapi_msgs/include/rosapi_msgs/srv/nodes__rosidl_typesupport_fastrtps_cpp.hpp
[1.177s] -- Up-to-date: /workspace/ros2_ws/install/rosapi_msgs/include/rosapi_msgs/srv/dds_fastrtps
[1.177s] -- Up-to-date: /workspace/ros2_ws/install/rosapi_msgs/include/rosapi_msgs/srv/message_details__rosidl_typesupport_fastrtps_cpp.hpp
[1.177s] -- Up-to-date: /workspace/ros2_ws/install/rosapi_msgs/include/rosapi_msgs/srv/get_param_names__rosidl_typesupport_fastrtps_cpp.hpp
[1.177s] -- Up-to-date: /workspace/ros2_ws/install/rosapi_msgs/include/rosapi_msgs/srv/node_details__rosidl_typesupport_fastrtps_cpp.hpp
[1.177s] -- Up-to-date: /workspace/ros2_ws/install/rosapi_msgs/include/rosapi_msgs/srv/publishers__rosidl_typesupport_fastrtps_cpp.hpp
[1.177s] -- Up-to-date: /workspace/ros2_ws/install/rosapi_msgs/include/rosapi_msgs/srv/service_type__rosidl_typesupport_fastrtps_cpp.hpp
[1.177s] -- Up-to-date: /workspace/ros2_ws/install/rosapi_msgs/include/rosapi_msgs/srv/service_request_details__rosidl_typesupport_fastrtps_cpp.hpp
[1.177s] -- Up-to-date: /workspace/ros2_ws/install/rosapi_msgs/include/rosapi_msgs/srv/get_param__rosidl_typesupport_fastrtps_cpp.hpp
[1.177s] -- Up-to-date: /workspace/ros2_ws/install/rosapi_msgs/include/rosapi_msgs/srv/topics_for_type__rosidl_typesupport_fastrtps_cpp.hpp
[1.177s] -- Up-to-date: /workspace/ros2_ws/install/rosapi_msgs/include/rosapi_msgs/srv/service_response_details__rosidl_typesupport_fastrtps_cpp.hpp
[1.177s] -- Up-to-date: /workspace/ros2_ws/install/rosapi_msgs/include/rosapi_msgs/srv/services_for_type__rosidl_typesupport_fastrtps_cpp.hpp
[1.177s] -- Up-to-date: /workspace/ros2_ws/install/rosapi_msgs/include/rosapi_msgs/srv/topics__rosidl_typesupport_fastrtps_cpp.hpp
[1.177s] -- Up-to-date: /workspace/ros2_ws/install/rosapi_msgs/include/rosapi_msgs/srv/get_time__rosidl_typesupport_fastrtps_cpp.hpp
[1.177s] -- Up-to-date: /workspace/ros2_ws/install/rosapi_msgs/include/rosapi_msgs/srv/delete_param__rosidl_typesupport_fastrtps_cpp.hpp
[1.177s] -- Up-to-date: /workspace/ros2_ws/install/rosapi_msgs/include/rosapi_msgs/srv/has_param__rosidl_typesupport_fastrtps_cpp.hpp
[1.177s] -- Up-to-date: /workspace/ros2_ws/install/rosapi_msgs/include/rosapi_msgs/srv/set_param__rosidl_typesupport_fastrtps_cpp.hpp
[1.177s] -- Up-to-date: /workspace/ros2_ws/install/rosapi_msgs/include/rosapi_msgs/srv/services__rosidl_typesupport_fastrtps_cpp.hpp
[1.177s] -- Up-to-date: /workspace/ros2_ws/install/rosapi_msgs/include/rosapi_msgs/srv/topics_and_raw_types__rosidl_typesupport_fastrtps_cpp.hpp
[1.177s] -- Up-to-date: /workspace/ros2_ws/install/rosapi_msgs/include/rosapi_msgs/srv/service_providers__rosidl_typesupport_fastrtps_cpp.hpp
[1.177s] -- Up-to-date: /workspace/ros2_ws/install/rosapi_msgs/include/rosapi_msgs/srv/service_node__rosidl_typesupport_fastrtps_cpp.hpp
[1.177s] -- Up-to-date: /workspace/ros2_ws/install/rosapi_msgs/include/rosapi_msgs/srv/get_action_servers__rosidl_typesupport_fastrtps_cpp.hpp
[1.177s] -- Up-to-date: /workspace/ros2_ws/install/rosapi_msgs/include/rosapi_msgs/srv/subscribers__rosidl_typesupport_fastrtps_cpp.hpp
[1.178s] -- Up-to-date: /workspace/ros2_ws/install/rosapi_msgs/include/rosapi_msgs/srv/topic_type__rosidl_typesupport_fastrtps_cpp.hpp
[1.178s] -- Up-to-date: /workspace/ros2_ws/install/rosapi_msgs/include/rosapi_msgs/msg
[1.178s] -- Up-to-date: /workspace/ros2_ws/install/rosapi_msgs/include/rosapi_msgs/msg/dds_fastrtps
[1.178s] -- Up-to-date: /workspace/ros2_ws/install/rosapi_msgs/include/rosapi_msgs/msg/type_def__rosidl_typesupport_fastrtps_cpp.hpp
[1.178s] -- Up-to-date: /workspace/ros2_ws/install/rosapi_msgs/include/rosapi_msgs/msg/rosidl_typesupport_fastrtps_cpp__visibility_control.h
[1.178s] -- Up-to-date: /workspace/ros2_ws/install/rosapi_msgs/lib/librosapi_msgs__rosidl_typesupport_fastrtps_cpp.so
[1.178s] -- Up-to-date: /workspace/ros2_ws/install/rosapi_msgs/share/rosapi_msgs/environment/pythonpath.sh
[1.178s] -- Up-to-date: /workspace/ros2_ws/install/rosapi_msgs/share/rosapi_msgs/environment/pythonpath.dsv
[1.178s] -- Up-to-date: /workspace/ros2_ws/install/rosapi_msgs/lib/python3.6/site-packages/rosapi_msgs/__init__.py
[1.190s] -- Up-to-date: /workspace/ros2_ws/install/rosapi_msgs/lib/python3.6/site-packages/rosapi_msgs/msg
[1.190s] -- Up-to-date: /workspace/ros2_ws/install/rosapi_msgs/lib/python3.6/site-packages/rosapi_msgs/msg/_type_def_s.c
[1.190s] -- Up-to-date: /workspace/ros2_ws/install/rosapi_msgs/lib/python3.6/site-packages/rosapi_msgs/msg/_type_def.py
[1.190s] -- Up-to-date: /workspace/ros2_ws/install/rosapi_msgs/lib/python3.6/site-packages/rosapi_msgs/msg/__init__.py
[1.190s] -- Up-to-date: /workspace/ros2_ws/install/rosapi_msgs/lib/python3.6/site-packages/rosapi_msgs/srv
[1.190s] -- Up-to-date: /workspace/ros2_ws/install/rosapi_msgs/lib/python3.6/site-packages/rosapi_msgs/srv/_service_response_details.py
[1.190s] -- Up-to-date: /workspace/ros2_ws/install/rosapi_msgs/lib/python3.6/site-packages/rosapi_msgs/srv/_set_param_s.c
[1.190s] -- Up-to-date: /workspace/ros2_ws/install/rosapi_msgs/lib/python3.6/site-packages/rosapi_msgs/srv/_get_ros_version_s.c
[1.190s] -- Up-to-date: /workspace/ros2_ws/install/rosapi_msgs/lib/python3.6/site-packages/rosapi_msgs/srv/_get_param.py
[1.190s] -- Up-to-date: /workspace/ros2_ws/install/rosapi_msgs/lib/python3.6/site-packages/rosapi_msgs/srv/_service_node.py
[1.190s] -- Up-to-date: /workspace/ros2_ws/install/rosapi_msgs/lib/python3.6/site-packages/rosapi_msgs/srv/_topics_and_raw_types.py
[1.191s] -- Up-to-date: /workspace/ros2_ws/install/rosapi_msgs/lib/python3.6/site-packages/rosapi_msgs/srv/_service_type.py
[1.191s] -- Up-to-date: /workspace/ros2_ws/install/rosapi_msgs/lib/python3.6/site-packages/rosapi_msgs/srv/_topic_type.py
[1.191s] -- Up-to-date: /workspace/ros2_ws/install/rosapi_msgs/lib/python3.6/site-packages/rosapi_msgs/srv/_delete_param.py
[1.191s] -- Up-to-date: /workspace/ros2_ws/install/rosapi_msgs/lib/python3.6/site-packages/rosapi_msgs/srv/_subscribers_s.c
[1.191s] -- Up-to-date: /workspace/ros2_ws/install/rosapi_msgs/lib/python3.6/site-packages/rosapi_msgs/srv/_node_details_s.c
[1.191s] -- Up-to-date: /workspace/ros2_ws/install/rosapi_msgs/lib/python3.6/site-packages/rosapi_msgs/srv/_topics_and_raw_types_s.c
[1.191s] -- Up-to-date: /workspace/ros2_ws/install/rosapi_msgs/lib/python3.6/site-packages/rosapi_msgs/srv/_set_param.py
[1.191s] -- Up-to-date: /workspace/ros2_ws/install/rosapi_msgs/lib/python3.6/site-packages/rosapi_msgs/srv/_get_action_servers.py
[1.191s] -- Up-to-date: /workspace/ros2_ws/install/rosapi_msgs/lib/python3.6/site-packages/rosapi_msgs/srv/_service_response_details_s.c
[1.191s] -- Up-to-date: /workspace/ros2_ws/install/rosapi_msgs/lib/python3.6/site-packages/rosapi_msgs/srv/_publishers_s.c
[1.191s] -- Up-to-date: /workspace/ros2_ws/install/rosapi_msgs/lib/python3.6/site-packages/rosapi_msgs/srv/_topic_type_s.c
[1.191s] -- Up-to-date: /workspace/ros2_ws/install/rosapi_msgs/lib/python3.6/site-packages/rosapi_msgs/srv/_get_param_names.py
[1.191s] -- Up-to-date: /workspace/ros2_ws/install/rosapi_msgs/lib/python3.6/site-packages/rosapi_msgs/srv/_get_time.py
[1.191s] -- Up-to-date: /workspace/ros2_ws/install/rosapi_msgs/lib/python3.6/site-packages/rosapi_msgs/srv/_nodes_s.c
[1.191s] -- Up-to-date: /workspace/ros2_ws/install/rosapi_msgs/lib/python3.6/site-packages/rosapi_msgs/srv/_services_for_type.py
[1.191s] -- Up-to-date: /workspace/ros2_ws/install/rosapi_msgs/lib/python3.6/site-packages/rosapi_msgs/srv/_publishers.py
[1.191s] -- Up-to-date: /workspace/ros2_ws/install/rosapi_msgs/lib/python3.6/site-packages/rosapi_msgs/srv/_message_details.py
[1.191s] -- Up-to-date: /workspace/ros2_ws/install/rosapi_msgs/lib/python3.6/site-packages/rosapi_msgs/srv/_node_details.py
[1.191s] -- Up-to-date: /workspace/ros2_ws/install/rosapi_msgs/lib/python3.6/site-packages/rosapi_msgs/srv/_topics_for_type.py
[1.192s] -- Up-to-date: /workspace/ros2_ws/install/rosapi_msgs/lib/python3.6/site-packages/rosapi_msgs/srv/_services.py
[1.192s] -- Up-to-date: /workspace/ros2_ws/install/rosapi_msgs/lib/python3.6/site-packages/rosapi_msgs/srv/_topics_for_type_s.c
[1.192s] -- Up-to-date: /workspace/ros2_ws/install/rosapi_msgs/lib/python3.6/site-packages/rosapi_msgs/srv/_service_node_s.c
[1.192s] -- Up-to-date: /workspace/ros2_ws/install/rosapi_msgs/lib/python3.6/site-packages/rosapi_msgs/srv/_has_param_s.c
[1.192s] -- Up-to-date: /workspace/ros2_ws/install/rosapi_msgs/lib/python3.6/site-packages/rosapi_msgs/srv/_service_request_details_s.c
[1.192s] -- Up-to-date: /workspace/ros2_ws/install/rosapi_msgs/lib/python3.6/site-packages/rosapi_msgs/srv/_service_request_details.py
[1.192s] -- Up-to-date: /workspace/ros2_ws/install/rosapi_msgs/lib/python3.6/site-packages/rosapi_msgs/srv/_service_providers_s.c
[1.192s] -- Up-to-date: /workspace/ros2_ws/install/rosapi_msgs/lib/python3.6/site-packages/rosapi_msgs/srv/_has_param.py
[1.192s] -- Up-to-date: /workspace/ros2_ws/install/rosapi_msgs/lib/python3.6/site-packages/rosapi_msgs/srv/_delete_param_s.c
[1.192s] -- Up-to-date: /workspace/ros2_ws/install/rosapi_msgs/lib/python3.6/site-packages/rosapi_msgs/srv/_topics.py
[1.192s] -- Up-to-date: /workspace/ros2_ws/install/rosapi_msgs/lib/python3.6/site-packages/rosapi_msgs/srv/_topics_s.c
[1.192s] -- Up-to-date: /workspace/ros2_ws/install/rosapi_msgs/lib/python3.6/site-packages/rosapi_msgs/srv/_get_time_s.c
[1.192s] -- Up-to-date: /workspace/ros2_ws/install/rosapi_msgs/lib/python3.6/site-packages/rosapi_msgs/srv/_subscribers.py
[1.192s] -- Up-to-date: /workspace/ros2_ws/install/rosapi_msgs/lib/python3.6/site-packages/rosapi_msgs/srv/_nodes.py
[1.192s] -- Up-to-date: /workspace/ros2_ws/install/rosapi_msgs/lib/python3.6/site-packages/rosapi_msgs/srv/_services_s.c
[1.192s] -- Up-to-date: /workspace/ros2_ws/install/rosapi_msgs/lib/python3.6/site-packages/rosapi_msgs/srv/_services_for_type_s.c
[1.192s] -- Up-to-date: /workspace/ros2_ws/install/rosapi_msgs/lib/python3.6/site-packages/rosapi_msgs/srv/_message_details_s.c
[1.192s] -- Up-to-date: /workspace/ros2_ws/install/rosapi_msgs/lib/python3.6/site-packages/rosapi_msgs/srv/_get_param_names_s.c
[1.193s] -- Up-to-date: /workspace/ros2_ws/install/rosapi_msgs/lib/python3.6/site-packages/rosapi_msgs/srv/_service_type_s.c
[1.193s] -- Up-to-date: /workspace/ros2_ws/install/rosapi_msgs/lib/python3.6/site-packages/rosapi_msgs/srv/__init__.py
[1.193s] -- Up-to-date: /workspace/ros2_ws/install/rosapi_msgs/lib/python3.6/site-packages/rosapi_msgs/srv/_service_providers.py
[1.193s] -- Up-to-date: /workspace/ros2_ws/install/rosapi_msgs/lib/python3.6/site-packages/rosapi_msgs/srv/_get_action_servers_s.c
[1.193s] -- Up-to-date: /workspace/ros2_ws/install/rosapi_msgs/lib/python3.6/site-packages/rosapi_msgs/srv/_get_ros_version.py
[1.193s] -- Up-to-date: /workspace/ros2_ws/install/rosapi_msgs/lib/python3.6/site-packages/rosapi_msgs/srv/_get_param_s.c
[1.193s] -- Up-to-date: /workspace/ros2_ws/install/rosapi_msgs/lib/python3.6/site-packages/rosapi_msgs/rosapi_msgs_s__rosidl_typesupport_c.cpython-36m-x86_64-linux-gnu.so
[1.193s] -- Up-to-date: /workspace/ros2_ws/install/rosapi_msgs/lib/python3.6/site-packages/rosapi_msgs/rosapi_msgs_s__rosidl_typesupport_fastrtps_c.cpython-36m-x86_64-linux-gnu.so
[1.193s] -- Up-to-date: /workspace/ros2_ws/install/rosapi_msgs/lib/librosapi_msgs__python.so
[1.193s] -- Up-to-date: /workspace/ros2_ws/install/rosapi_msgs/share/rosapi_msgs/msg/TypeDef.idl
[1.193s] -- Up-to-date: /workspace/ros2_ws/install/rosapi_msgs/share/rosapi_msgs/srv/DeleteParam.idl
[1.193s] -- Up-to-date: /workspace/ros2_ws/install/rosapi_msgs/share/rosapi_msgs/srv/GetActionServers.idl
[1.193s] -- Up-to-date: /workspace/ros2_ws/install/rosapi_msgs/share/rosapi_msgs/srv/GetParam.idl
[1.193s] -- Up-to-date: /workspace/ros2_ws/install/rosapi_msgs/share/rosapi_msgs/srv/GetParamNames.idl
[1.193s] -- Up-to-date: /workspace/ros2_ws/install/rosapi_msgs/share/rosapi_msgs/srv/GetROSVersion.idl
[1.193s] -- Up-to-date: /workspace/ros2_ws/install/rosapi_msgs/share/rosapi_msgs/srv/GetTime.idl
[1.193s] -- Up-to-date: /workspace/ros2_ws/install/rosapi_msgs/share/rosapi_msgs/srv/HasParam.idl
[1.193s] -- Up-to-date: /workspace/ros2_ws/install/rosapi_msgs/share/rosapi_msgs/srv/MessageDetails.idl
[1.193s] -- Up-to-date: /workspace/ros2_ws/install/rosapi_msgs/share/rosapi_msgs/srv/Nodes.idl
[1.193s] -- Up-to-date: /workspace/ros2_ws/install/rosapi_msgs/share/rosapi_msgs/srv/NodeDetails.idl
[1.193s] -- Up-to-date: /workspace/ros2_ws/install/rosapi_msgs/share/rosapi_msgs/srv/Publishers.idl
[1.193s] -- Up-to-date: /workspace/ros2_ws/install/rosapi_msgs/share/rosapi_msgs/srv/ServiceNode.idl
[1.193s] -- Up-to-date: /workspace/ros2_ws/install/rosapi_msgs/share/rosapi_msgs/srv/ServiceProviders.idl
[1.193s] -- Up-to-date: /workspace/ros2_ws/install/rosapi_msgs/share/rosapi_msgs/srv/ServiceRequestDetails.idl
[1.193s] -- Up-to-date: /workspace/ros2_ws/install/rosapi_msgs/share/rosapi_msgs/srv/ServiceResponseDetails.idl
[1.193s] -- Up-to-date: /workspace/ros2_ws/install/rosapi_msgs/share/rosapi_msgs/srv/Services.idl
[1.194s] -- Up-to-date: /workspace/ros2_ws/install/rosapi_msgs/share/rosapi_msgs/srv/ServicesForType.idl
[1.194s] -- Up-to-date: /workspace/ros2_ws/install/rosapi_msgs/share/rosapi_msgs/srv/ServiceType.idl
[1.194s] -- Up-to-date: /workspace/ros2_ws/install/rosapi_msgs/share/rosapi_msgs/srv/SetParam.idl
[1.194s] -- Up-to-date: /workspace/ros2_ws/install/rosapi_msgs/share/rosapi_msgs/srv/Subscribers.idl
[1.194s] -- Up-to-date: /workspace/ros2_ws/install/rosapi_msgs/share/rosapi_msgs/srv/Topics.idl
[1.194s] -- Up-to-date: /workspace/ros2_ws/install/rosapi_msgs/share/rosapi_msgs/srv/TopicsAndRawTypes.idl
[1.194s] -- Up-to-date: /workspace/ros2_ws/install/rosapi_msgs/share/rosapi_msgs/srv/TopicsForType.idl
[1.194s] -- Up-to-date: /workspace/ros2_ws/install/rosapi_msgs/share/rosapi_msgs/srv/TopicType.idl
[1.194s] -- Up-to-date: /workspace/ros2_ws/install/rosapi_msgs/share/rosapi_msgs/msg/TypeDef.msg
[1.194s] -- Up-to-date: /workspace/ros2_ws/install/rosapi_msgs/share/rosapi_msgs/srv/DeleteParam.srv
[1.194s] -- Up-to-date: /workspace/ros2_ws/install/rosapi_msgs/share/rosapi_msgs/srv/DeleteParam_Request.msg
[1.194s] -- Up-to-date: /workspace/ros2_ws/install/rosapi_msgs/share/rosapi_msgs/srv/DeleteParam_Response.msg
[1.194s] -- Up-to-date: /workspace/ros2_ws/install/rosapi_msgs/share/rosapi_msgs/srv/GetActionServers.srv
[1.194s] -- Up-to-date: /workspace/ros2_ws/install/rosapi_msgs/share/rosapi_msgs/srv/GetActionServers_Request.msg
[1.194s] -- Up-to-date: /workspace/ros2_ws/install/rosapi_msgs/share/rosapi_msgs/srv/GetActionServers_Response.msg
[1.194s] -- Up-to-date: /workspace/ros2_ws/install/rosapi_msgs/share/rosapi_msgs/srv/GetParam.srv
[1.194s] -- Up-to-date: /workspace/ros2_ws/install/rosapi_msgs/share/rosapi_msgs/srv/GetParam_Request.msg
[1.194s] -- Up-to-date: /workspace/ros2_ws/install/rosapi_msgs/share/rosapi_msgs/srv/GetParam_Response.msg
[1.194s] -- Up-to-date: /workspace/ros2_ws/install/rosapi_msgs/share/rosapi_msgs/srv/GetParamNames.srv
[1.194s] -- Up-to-date: /workspace/ros2_ws/install/rosapi_msgs/share/rosapi_msgs/srv/GetParamNames_Request.msg
[1.194s] -- Up-to-date: /workspace/ros2_ws/install/rosapi_msgs/share/rosapi_msgs/srv/GetParamNames_Response.msg
[1.195s] -- Up-to-date: /workspace/ros2_ws/install/rosapi_msgs/share/rosapi_msgs/srv/GetROSVersion.srv
[1.195s] -- Up-to-date: /workspace/ros2_ws/install/rosapi_msgs/share/rosapi_msgs/srv/GetROSVersion_Request.msg
[1.195s] -- Up-to-date: /workspace/ros2_ws/install/rosapi_msgs/share/rosapi_msgs/srv/GetROSVersion_Response.msg
[1.195s] -- Up-to-date: /workspace/ros2_ws/install/rosapi_msgs/share/rosapi_msgs/srv/GetTime.srv
[1.195s] -- Up-to-date: /workspace/ros2_ws/install/rosapi_msgs/share/rosapi_msgs/srv/GetTime_Request.msg
[1.195s] -- Up-to-date: /workspace/ros2_ws/install/rosapi_msgs/share/rosapi_msgs/srv/GetTime_Response.msg
[1.195s] -- Up-to-date: /workspace/ros2_ws/install/rosapi_msgs/share/rosapi_msgs/srv/HasParam.srv
[1.195s] -- Up-to-date: /workspace/ros2_ws/install/rosapi_msgs/share/rosapi_msgs/srv/HasParam_Request.msg
[1.195s] -- Up-to-date: /workspace/ros2_ws/install/rosapi_msgs/share/rosapi_msgs/srv/HasParam_Response.msg
[1.195s] -- Up-to-date: /workspace/ros2_ws/install/rosapi_msgs/share/rosapi_msgs/srv/MessageDetails.srv
[1.195s] -- Up-to-date: /workspace/ros2_ws/install/rosapi_msgs/share/rosapi_msgs/srv/MessageDetails_Request.msg
[1.195s] -- Up-to-date: /workspace/ros2_ws/install/rosapi_msgs/share/rosapi_msgs/srv/MessageDetails_Response.msg
[1.195s] -- Up-to-date: /workspace/ros2_ws/install/rosapi_msgs/share/rosapi_msgs/srv/Nodes.srv
[1.195s] -- Up-to-date: /workspace/ros2_ws/install/rosapi_msgs/share/rosapi_msgs/srv/Nodes_Request.msg
[1.195s] -- Up-to-date: /workspace/ros2_ws/install/rosapi_msgs/share/rosapi_msgs/srv/Nodes_Response.msg
[1.195s] -- Up-to-date: /workspace/ros2_ws/install/rosapi_msgs/share/rosapi_msgs/srv/NodeDetails.srv
[1.195s] -- Up-to-date: /workspace/ros2_ws/install/rosapi_msgs/share/rosapi_msgs/srv/NodeDetails_Request.msg
[1.195s] -- Up-to-date: /workspace/ros2_ws/install/rosapi_msgs/share/rosapi_msgs/srv/NodeDetails_Response.msg
[1.195s] -- Up-to-date: /workspace/ros2_ws/install/rosapi_msgs/share/rosapi_msgs/srv/Publishers.srv
[1.195s] -- Up-to-date: /workspace/ros2_ws/install/rosapi_msgs/share/rosapi_msgs/srv/Publishers_Request.msg
[1.195s] -- Up-to-date: /workspace/ros2_ws/install/rosapi_msgs/share/rosapi_msgs/srv/Publishers_Response.msg
[1.196s] -- Up-to-date: /workspace/ros2_ws/install/rosapi_msgs/share/rosapi_msgs/srv/ServiceNode.srv
[1.196s] -- Up-to-date: /workspace/ros2_ws/install/rosapi_msgs/share/rosapi_msgs/srv/ServiceNode_Request.msg
[1.196s] -- Up-to-date: /workspace/ros2_ws/install/rosapi_msgs/share/rosapi_msgs/srv/ServiceNode_Response.msg
[1.196s] -- Up-to-date: /workspace/ros2_ws/install/rosapi_msgs/share/rosapi_msgs/srv/ServiceProviders.srv
[1.196s] -- Up-to-date: /workspace/ros2_ws/install/rosapi_msgs/share/rosapi_msgs/srv/ServiceProviders_Request.msg
[1.196s] -- Up-to-date: /workspace/ros2_ws/install/rosapi_msgs/share/rosapi_msgs/srv/ServiceProviders_Response.msg
[1.196s] -- Up-to-date: /workspace/ros2_ws/install/rosapi_msgs/share/rosapi_msgs/srv/ServiceRequestDetails.srv
[1.196s] -- Up-to-date: /workspace/ros2_ws/install/rosapi_msgs/share/rosapi_msgs/srv/ServiceRequestDetails_Request.msg
[1.196s] -- Up-to-date: /workspace/ros2_ws/install/rosapi_msgs/share/rosapi_msgs/srv/ServiceRequestDetails_Response.msg
[1.196s] -- Up-to-date: /workspace/ros2_ws/install/rosapi_msgs/share/rosapi_msgs/srv/ServiceResponseDetails.srv
[1.196s] -- Up-to-date: /workspace/ros2_ws/install/rosapi_msgs/share/rosapi_msgs/srv/ServiceResponseDetails_Request.msg
[1.196s] -- Up-to-date: /workspace/ros2_ws/install/rosapi_msgs/share/rosapi_msgs/srv/ServiceResponseDetails_Response.msg
[1.196s] -- Up-to-date: /workspace/ros2_ws/install/rosapi_msgs/share/rosapi_msgs/srv/Services.srv
[1.196s] -- Up-to-date: /workspace/ros2_ws/install/rosapi_msgs/share/rosapi_msgs/srv/Services_Request.msg
[1.196s] -- Up-to-date: /workspace/ros2_ws/install/rosapi_msgs/share/rosapi_msgs/srv/Services_Response.msg
[1.196s] -- Up-to-date: /workspace/ros2_ws/install/rosapi_msgs/share/rosapi_msgs/srv/ServicesForType.srv
[1.196s] -- Up-to-date: /workspace/ros2_ws/install/rosapi_msgs/share/rosapi_msgs/srv/ServicesForType_Request.msg
[1.196s] -- Up-to-date: /workspace/ros2_ws/install/rosapi_msgs/share/rosapi_msgs/srv/ServicesForType_Response.msg
[1.196s] -- Up-to-date: /workspace/ros2_ws/install/rosapi_msgs/share/rosapi_msgs/srv/ServiceType.srv
[1.196s] -- Up-to-date: /workspace/ros2_ws/install/rosapi_msgs/share/rosapi_msgs/srv/ServiceType_Request.msg
[1.196s] -- Up-to-date: /workspace/ros2_ws/install/rosapi_msgs/share/rosapi_msgs/srv/ServiceType_Response.msg
[1.196s] -- Up-to-date: /workspace/ros2_ws/install/rosapi_msgs/share/rosapi_msgs/srv/SetParam.srv
[1.196s] -- Up-to-date: /workspace/ros2_ws/install/rosapi_msgs/share/rosapi_msgs/srv/SetParam_Request.msg
[1.196s] -- Up-to-date: /workspace/ros2_ws/install/rosapi_msgs/share/rosapi_msgs/srv/SetParam_Response.msg
[1.196s] -- Up-to-date: /workspace/ros2_ws/install/rosapi_msgs/share/rosapi_msgs/srv/Subscribers.srv
[1.196s] -- Up-to-date: /workspace/ros2_ws/install/rosapi_msgs/share/rosapi_msgs/srv/Subscribers_Request.msg
[1.196s] -- Up-to-date: /workspace/ros2_ws/install/rosapi_msgs/share/rosapi_msgs/srv/Subscribers_Response.msg
[1.196s] -- Up-to-date: /workspace/ros2_ws/install/rosapi_msgs/share/rosapi_msgs/srv/Topics.srv
[1.196s] -- Up-to-date: /workspace/ros2_ws/install/rosapi_msgs/share/rosapi_msgs/srv/Topics_Request.msg
[1.197s] -- Up-to-date: /workspace/ros2_ws/install/rosapi_msgs/share/rosapi_msgs/srv/Topics_Response.msg
[1.197s] -- Up-to-date: /workspace/ros2_ws/install/rosapi_msgs/share/rosapi_msgs/srv/TopicsAndRawTypes.srv
[1.197s] -- Up-to-date: /workspace/ros2_ws/install/rosapi_msgs/share/rosapi_msgs/srv/TopicsAndRawTypes_Request.msg
[1.197s] -- Up-to-date: /workspace/ros2_ws/install/rosapi_msgs/share/rosapi_msgs/srv/TopicsAndRawTypes_Response.msg
[1.197s] -- Up-to-date: /workspace/ros2_ws/install/rosapi_msgs/share/rosapi_msgs/srv/TopicsForType.srv
[1.197s] -- Up-to-date: /workspace/ros2_ws/install/rosapi_msgs/share/rosapi_msgs/srv/TopicsForType_Request.msg
[1.197s] -- Up-to-date: /workspace/ros2_ws/install/rosapi_msgs/share/rosapi_msgs/srv/TopicsForType_Response.msg
[1.197s] -- Up-to-date: /workspace/ros2_ws/install/rosapi_msgs/share/rosapi_msgs/srv/TopicType.srv
[1.197s] -- Up-to-date: /workspace/ros2_ws/install/rosapi_msgs/share/rosapi_msgs/srv/TopicType_Request.msg
[1.197s] -- Up-to-date: /workspace/ros2_ws/install/rosapi_msgs/share/rosapi_msgs/srv/TopicType_Response.msg
[1.197s] -- Up-to-date: /workspace/ros2_ws/install/rosapi_msgs/share/ament_index/resource_index/package_run_dependencies/rosapi_msgs
[1.197s] -- Up-to-date: /workspace/ros2_ws/install/rosapi_msgs/share/ament_index/resource_index/parent_prefix_path/rosapi_msgs
[1.197s] -- Up-to-date: /workspace/ros2_ws/install/rosapi_msgs/share/rosapi_msgs/environment/ament_prefix_path.sh
[1.197s] -- Up-to-date: /workspace/ros2_ws/install/rosapi_msgs/share/rosapi_msgs/environment/ament_prefix_path.dsv
[1.197s] -- Up-to-date: /workspace/ros2_ws/install/rosapi_msgs/share/rosapi_msgs/environment/path.sh
[1.198s] -- Up-to-date: /workspace/ros2_ws/install/rosapi_msgs/share/rosapi_msgs/environment/path.dsv
[1.198s] -- Up-to-date: /workspace/ros2_ws/install/rosapi_msgs/share/rosapi_msgs/local_setup.bash
[1.198s] -- Up-to-date: /workspace/ros2_ws/install/rosapi_msgs/share/rosapi_msgs/local_setup.sh
[1.198s] -- Up-to-date: /workspace/ros2_ws/install/rosapi_msgs/share/rosapi_msgs/local_setup.zsh
[1.198s] -- Up-to-date: /workspace/ros2_ws/install/rosapi_msgs/share/rosapi_msgs/local_setup.dsv
[1.198s] -- Installing: /workspace/ros2_ws/install/rosapi_msgs/share/rosapi_msgs/package.dsv
[1.198s] -- Up-to-date: /workspace/ros2_ws/install/rosapi_msgs/share/ament_index/resource_index/packages/rosapi_msgs
[1.199s] -- Up-to-date: /workspace/ros2_ws/install/rosapi_msgs/share/rosapi_msgs/cmake/rosidl_cmake-extras.cmake
[1.199s] -- Up-to-date: /workspace/ros2_ws/install/rosapi_msgs/share/rosapi_msgs/cmake/ament_cmake_export_dependencies-extras.cmake
[1.200s] -- Up-to-date: /workspace/ros2_ws/install/rosapi_msgs/share/rosapi_msgs/cmake/ament_cmake_export_include_directories-extras.cmake
[1.200s] -- Up-to-date: /workspace/ros2_ws/install/rosapi_msgs/share/rosapi_msgs/cmake/ament_cmake_export_libraries-extras.cmake
[1.200s] -- Up-to-date: /workspace/ros2_ws/install/rosapi_msgs/share/rosapi_msgs/cmake/rosapi_msgsConfig.cmake
[1.200s] -- Up-to-date: /workspace/ros2_ws/install/rosapi_msgs/share/rosapi_msgs/cmake/rosapi_msgsConfig-version.cmake
[1.200s] -- Up-to-date: /workspace/ros2_ws/install/rosapi_msgs/share/rosapi_msgs/package.xml
[1.200s] Invoked command in '/workspace/ros2_ws/build/rosapi_msgs' returned '0': CMAKE_PREFIX_PATH=${CMAKE_PREFIX_PATH}:/opt/ros/eloquent /usr/bin/cmake --build /workspace/ros2_ws/build/rosapi_msgs --target install -- -j32 -l32
