-- The C compiler identification is GNU 7.5.0
-- The CXX compiler identification is GNU 7.5.0
-- Check for working C compiler: /usr/bin/cc
-- Check for working C compiler: /usr/bin/cc -- works
-- Detecting C compiler ABI info
-- Detecting C compiler ABI info - done
-- Detecting C compile features
-- Detecting C compile features - done
-- Check for working CXX compiler: /usr/bin/c++
-- Check for working CXX compiler: /usr/bin/c++ -- works
-- Detecting CXX compiler ABI info
-- Detecting CXX compiler ABI info - done
-- Detecting CXX compile features
-- Detecting CXX compile features - done
-- Found ament_cmake: 0.8.3 (/opt/ros/eloquent/share/ament_cmake/cmake)
-- Found PythonInterp: /usr/bin/python3 (found suitable version "3.6.9", minimum required is "3") 
-- Using PYTHON_EXECUTABLE: /usr/bin/python3
-- Found rclcpp: 0.8.5 (/opt/ros/eloquent/share/rclcpp/cmake)
-- Found rosidl_adapter: 0.8.3 (/opt/ros/eloquent/share/rosidl_adapter/cmake)
-- Found rmw_implementation_cmake: 0.8.1 (/opt/ros/eloquent/share/rmw_implementation_cmake/cmake)
-- Using RMW implementation 'rmw_fastrtps_cpp' as default
-- Looking for pthread.h
-- Looking for pthread.h - found
-- Looking for pthread_create
-- Looking for pthread_create - not found
-- Looking for pthread_create in pthreads
-- Looking for pthread_create in pthreads - not found
-- Looking for pthread_create in pthread
-- Looking for pthread_create in pthread - found
-- Found Threads: TRUE  
-- Found sensor_msgs: 0.8.1 (/opt/ros/eloquent/share/sensor_msgs/cmake)
-- Found OpenCV: /usr (found version "3.2.0") 
-- Found cv_bridge: 2.1.4 (/opt/ros/eloquent/share/cv_bridge/cmake)
-- Found ament_lint_auto: 0.8.2 (/opt/ros/eloquent/share/ament_lint_auto/cmake)
=============================================================
-- ROS Found. ROS Support is turned ON.
=============================================================
-- Added test 'cppcheck' to perform static code analysis on C / C++ code
-- Configured cppcheck include dirs: $<BUILD_INTERFACE:/workspace/ros2_ws/src/camera_reader/include>
-- Added test 'flake8' to check Python code syntax and style conventions
-- Added test 'lint_cmake' to check CMake code style
-- Added test 'pep257' to check Python code against some of the style conventions in PEP 257
-- Added test 'uncrustify' to check C / C++ code style
-- Added test 'xmllint' to check XML markup files
-- Configuring done
-- Generating done
-- Build files have been written to: /workspace/ros2_ws/build/camera_reader
[35m[1mScanning dependencies of target camera_reader_node[0m
[ 50%] [32mBuilding CXX object CMakeFiles/camera_reader_node.dir/src/camera_reader_node.cpp.o[0m
[100%] [32m[1mLinking CXX executable camera_reader_node[0m
[100%] Built target camera_reader_node
[100%] Built target camera_reader_node
[36mInstall the project...[0m
-- Install configuration: ""
-- Installing: /workspace/ros2_ws/install/camera_reader/lib/camera_reader/camera_reader_node
-- Set runtime path of "/workspace/ros2_ws/install/camera_reader/lib/camera_reader/camera_reader_node" to ""
-- Installing: /workspace/ros2_ws/install/camera_reader/share/camera_reader/launch
-- Installing: /workspace/ros2_ws/install/camera_reader/share/camera_reader/launch/camera_launcher.launch.py
-- Installing: /workspace/ros2_ws/install/camera_reader/share/camera_reader/src
-- Installing: /workspace/ros2_ws/install/camera_reader/share/camera_reader/src/camera_reader_node.cpp
-- Installing: /workspace/ros2_ws/install/camera_reader/share/camera_reader/config
-- Installing: /workspace/ros2_ws/install/camera_reader/share/camera_reader/config/params.yaml
-- Installing: /workspace/ros2_ws/install/camera_reader/share/ament_index/resource_index/package_run_dependencies/camera_reader
-- Installing: /workspace/ros2_ws/install/camera_reader/share/ament_index/resource_index/parent_prefix_path/camera_reader
-- Installing: /workspace/ros2_ws/install/camera_reader/share/camera_reader/environment/ament_prefix_path.sh
-- Installing: /workspace/ros2_ws/install/camera_reader/share/camera_reader/environment/ament_prefix_path.dsv
-- Installing: /workspace/ros2_ws/install/camera_reader/share/camera_reader/environment/path.sh
-- Installing: /workspace/ros2_ws/install/camera_reader/share/camera_reader/environment/path.dsv
-- Installing: /workspace/ros2_ws/install/camera_reader/share/camera_reader/local_setup.bash
-- Installing: /workspace/ros2_ws/install/camera_reader/share/camera_reader/local_setup.sh
-- Installing: /workspace/ros2_ws/install/camera_reader/share/camera_reader/local_setup.zsh
-- Installing: /workspace/ros2_ws/install/camera_reader/share/camera_reader/local_setup.dsv
-- Installing: /workspace/ros2_ws/install/camera_reader/share/camera_reader/package.dsv
-- Installing: /workspace/ros2_ws/install/camera_reader/share/ament_index/resource_index/packages/camera_reader
-- Installing: /workspace/ros2_ws/install/camera_reader/share/camera_reader/cmake/camera_readerConfig.cmake
-- Installing: /workspace/ros2_ws/install/camera_reader/share/camera_reader/cmake/camera_readerConfig-version.cmake
-- Installing: /workspace/ros2_ws/install/camera_reader/share/camera_reader/package.xml
