[0.009s] Invoking command in '/workspace/ros2_ws/build/camera_reader': CMAKE_PREFIX_PATH=${CMAKE_PREFIX_PATH}:/opt/ros/eloquent /usr/bin/cmake /workspace/ros2_ws/src/camera_reader -DCMAKE_INSTALL_PREFIX=/workspace/ros2_ws/install/camera_reader
[0.073s] -- The C compiler identification is GNU 7.5.0
[0.114s] -- The CXX compiler identification is GNU 7.5.0
[0.116s] -- Check for working C compiler: /usr/bin/cc
[0.189s] -- Check for working C compiler: /usr/bin/cc -- works
[0.189s] -- Detecting C compiler ABI info
[0.269s] -- Detecting C compiler ABI info - done
[0.275s] -- Detecting C compile features
[0.476s] -- Detecting C compile features - done
[0.477s] -- Check for working CXX compiler: /usr/bin/c++
[0.545s] -- Check for working CXX compiler: /usr/bin/c++ -- works
[0.545s] -- Detecting CXX compiler ABI info
[0.619s] -- Detecting CXX compiler ABI info - done
[0.622s] -- Detecting CXX compile features
[0.908s] -- Detecting CXX compile features - done
[0.909s] -- Found ament_cmake: 0.8.3 (/opt/ros/eloquent/share/ament_cmake/cmake)
[0.930s] -- Found PythonInterp: /usr/bin/python3 (found suitable version "3.6.9", minimum required is "3") 
[0.931s] -- Using PYTHON_EXECUTABLE: /usr/bin/python3
[1.047s] -- Found rclcpp: 0.8.5 (/opt/ros/eloquent/share/rclcpp/cmake)
[1.058s] -- Found rosidl_adapter: 0.8.3 (/opt/ros/eloquent/share/rosidl_adapter/cmake)
[1.083s] -- Found rmw_implementation_cmake: 0.8.1 (/opt/ros/eloquent/share/rmw_implementation_cmake/cmake)
[1.084s] -- Using RMW implementation 'rmw_fastrtps_cpp' as default
[1.085s] -- Looking for pthread.h
[1.163s] -- Looking for pthread.h - found
[1.163s] -- Looking for pthread_create
[1.241s] -- Looking for pthread_create - not found
[1.241s] -- Looking for pthread_create in pthreads
[1.301s] -- Looking for pthread_create in pthreads - not found
[1.301s] -- Looking for pthread_create in pthread
[1.361s] -- Looking for pthread_create in pthread - found
[1.362s] -- Found Threads: TRUE  
[1.384s] -- Found sensor_msgs: 0.8.1 (/opt/ros/eloquent/share/sensor_msgs/cmake)
[1.406s] -- Found OpenCV: /usr (found version "3.2.0") 
[1.407s] -- Found cv_bridge: 2.1.4 (/opt/ros/eloquent/share/cv_bridge/cmake)
[1.410s] -- Found ament_lint_auto: 0.8.2 (/opt/ros/eloquent/share/ament_lint_auto/cmake)
[1.475s] =============================================================
[1.476s] -- ROS Found. ROS Support is turned ON.
[1.476s] =============================================================
[1.478s] -- Added test 'cppcheck' to perform static code analysis on C / C++ code
[1.478s] -- Configured cppcheck include dirs: $<BUILD_INTERFACE:/workspace/ros2_ws/src/camera_reader/include>
[1.478s] -- Added test 'flake8' to check Python code syntax and style conventions
[1.478s] -- Added test 'lint_cmake' to check CMake code style
[1.478s] -- Added test 'pep257' to check Python code against some of the style conventions in PEP 257
[1.479s] -- Added test 'uncrustify' to check C / C++ code style
[1.479s] -- Added test 'xmllint' to check XML markup files
[1.481s] -- Configuring done
[1.492s] -- Generating done
[1.493s] -- Build files have been written to: /workspace/ros2_ws/build/camera_reader
[1.498s] Invoked command in '/workspace/ros2_ws/build/camera_reader' returned '0': CMAKE_PREFIX_PATH=${CMAKE_PREFIX_PATH}:/opt/ros/eloquent /usr/bin/cmake /workspace/ros2_ws/src/camera_reader -DCMAKE_INSTALL_PREFIX=/workspace/ros2_ws/install/camera_reader
[1.499s] Invoking command in '/workspace/ros2_ws/build/camera_reader': CMAKE_PREFIX_PATH=${CMAKE_PREFIX_PATH}:/opt/ros/eloquent /usr/bin/cmake --build /workspace/ros2_ws/build/camera_reader -- -j32 -l32
[1.534s] [35m[1mScanning dependencies of target camera_reader_node[0m
[1.558s] [ 50%] [32mBuilding CXX object CMakeFiles/camera_reader_node.dir/src/camera_reader_node.cpp.o[0m
[3.334s] [100%] [32m[1mLinking CXX executable camera_reader_node[0m
[3.654s] [100%] Built target camera_reader_node
[3.666s] Invoked command in '/workspace/ros2_ws/build/camera_reader' returned '0': CMAKE_PREFIX_PATH=${CMAKE_PREFIX_PATH}:/opt/ros/eloquent /usr/bin/cmake --build /workspace/ros2_ws/build/camera_reader -- -j32 -l32
[3.710s] Invoking command in '/workspace/ros2_ws/build/camera_reader': CMAKE_PREFIX_PATH=${CMAKE_PREFIX_PATH}:/opt/ros/eloquent /usr/bin/cmake --build /workspace/ros2_ws/build/camera_reader --target install -- -j32 -l32
[3.765s] [100%] Built target camera_reader_node
[3.781s] [36mInstall the project...[0m
[3.788s] -- Install configuration: ""
[3.788s] -- Installing: /workspace/ros2_ws/install/camera_reader/lib/camera_reader/camera_reader_node
[3.788s] -- Set runtime path of "/workspace/ros2_ws/install/camera_reader/lib/camera_reader/camera_reader_node" to ""
[3.788s] -- Installing: /workspace/ros2_ws/install/camera_reader/share/camera_reader/launch
[3.789s] -- Installing: /workspace/ros2_ws/install/camera_reader/share/camera_reader/launch/camera_launcher.launch.py
[3.789s] -- Installing: /workspace/ros2_ws/install/camera_reader/share/camera_reader/src
[3.789s] -- Installing: /workspace/ros2_ws/install/camera_reader/share/camera_reader/src/camera_reader_node.cpp
[3.789s] -- Installing: /workspace/ros2_ws/install/camera_reader/share/camera_reader/config
[3.789s] -- Installing: /workspace/ros2_ws/install/camera_reader/share/camera_reader/config/params.yaml
[3.789s] -- Installing: /workspace/ros2_ws/install/camera_reader/share/ament_index/resource_index/package_run_dependencies/camera_reader
[3.789s] -- Installing: /workspace/ros2_ws/install/camera_reader/share/ament_index/resource_index/parent_prefix_path/camera_reader
[3.789s] -- Installing: /workspace/ros2_ws/install/camera_reader/share/camera_reader/environment/ament_prefix_path.sh
[3.789s] -- Installing: /workspace/ros2_ws/install/camera_reader/share/camera_reader/environment/ament_prefix_path.dsv
[3.789s] -- Installing: /workspace/ros2_ws/install/camera_reader/share/camera_reader/environment/path.sh
[3.789s] -- Installing: /workspace/ros2_ws/install/camera_reader/share/camera_reader/environment/path.dsv
[3.789s] -- Installing: /workspace/ros2_ws/install/camera_reader/share/camera_reader/local_setup.bash
[3.789s] -- Installing: /workspace/ros2_ws/install/camera_reader/share/camera_reader/local_setup.sh
[3.789s] -- Installing: /workspace/ros2_ws/install/camera_reader/share/camera_reader/local_setup.zsh
[3.789s] -- Installing: /workspace/ros2_ws/install/camera_reader/share/camera_reader/local_setup.dsv
[3.789s] -- Installing: /workspace/ros2_ws/install/camera_reader/share/camera_reader/package.dsv
[3.789s] -- Installing: /workspace/ros2_ws/install/camera_reader/share/ament_index/resource_index/packages/camera_reader
[3.790s] -- Installing: /workspace/ros2_ws/install/camera_reader/share/camera_reader/cmake/camera_readerConfig.cmake
[3.790s] -- Installing: /workspace/ros2_ws/install/camera_reader/share/camera_reader/cmake/camera_readerConfig-version.cmake
[3.790s] -- Installing: /workspace/ros2_ws/install/camera_reader/share/camera_reader/package.xml
[3.792s] Invoked command in '/workspace/ros2_ws/build/camera_reader' returned '0': CMAKE_PREFIX_PATH=${CMAKE_PREFIX_PATH}:/opt/ros/eloquent /usr/bin/cmake --build /workspace/ros2_ws/build/camera_reader --target install -- -j32 -l32
