[0.144s] DEBUG:colcon:Command line arguments: ['/usr/local/bin/colcon', 'build']
[0.144s] DEBUG:colcon:Parsed command line arguments: Namespace(allow_overriding=[], ament_cmake_args=None, base_paths=['.'], build_base='build', catkin_cmake_args=None, catkin_skip_building_tests=False, cmake_args=None, cmake_clean_cache=False, cmake_clean_first=False, cmake_force_configure=False, cmake_target=None, cmake_target_skip_unavailable=False, continue_on_error=False, event_handlers=None, executor='parallel', ignore_user_meta=False, install_base='install', log_base=None, log_level=None, main=<bound method BuildVerb.main of <colcon_core.verb.build.BuildVerb object at 0x79c7278f1278>>, merge_install=False, metas=['./colcon.meta'], packages_above=None, packages_above_and_dependencies=None, packages_above_depth=None, packages_end=None, packages_ignore=None, packages_ignore_regex=None, packages_select=None, packages_select_build_failed=False, packages_select_by_dep=None, packages_select_regex=None, packages_select_test_failures=False, packages_skip=None, packages_skip_build_finished=False, packages_skip_by_dep=None, packages_skip_regex=None, packages_skip_test_passed=False, packages_skip_up_to=None, packages_start=None, packages_up_to=None, packages_up_to_regex=None, parallel_workers=32, paths=None, symlink_install=False, test_result_base=None, verb_extension=<colcon_core.verb.build.BuildVerb object at 0x79c7278f1278>, verb_name='build', verb_parser=<colcon_defaults.argument_parser.defaults.DefaultArgumentsDecorator object at 0x79c7271d5b38>)
[0.223s] Level 1:colcon.colcon_core.package_discovery:discover_packages(colcon_meta) check parameters
[0.223s] Level 1:colcon.colcon_core.package_discovery:discover_packages(recursive) check parameters
[0.223s] Level 1:colcon.colcon_core.package_discovery:discover_packages(ignore) check parameters
[0.223s] Level 1:colcon.colcon_core.package_discovery:discover_packages(path) check parameters
[0.223s] Level 1:colcon.colcon_core.package_discovery:discover_packages(colcon_meta) discover
[0.224s] Level 1:colcon.colcon_core.package_discovery:discover_packages(recursive) discover
[0.224s] INFO:colcon.colcon_core.package_discovery:Crawling recursively for packages in '/workspace/ros2_ws'
[0.224s] Level 1:colcon.colcon_core.package_identification:_identify(.) by extensions ['ignore', 'ignore_ament_install']
[0.224s] Level 1:colcon.colcon_core.package_identification:_identify(.) by extension 'ignore'
[0.224s] Level 1:colcon.colcon_core.package_identification:_identify(.) by extension 'ignore_ament_install'
[0.224s] Level 1:colcon.colcon_core.package_identification:_identify(.) by extensions ['colcon_pkg']
[0.224s] Level 1:colcon.colcon_core.package_identification:_identify(.) by extension 'colcon_pkg'
[0.224s] Level 1:colcon.colcon_core.package_identification:_identify(.) by extensions ['colcon_meta']
[0.224s] Level 1:colcon.colcon_core.package_identification:_identify(.) by extension 'colcon_meta'
[0.224s] Level 1:colcon.colcon_core.package_identification:_identify(.) by extensions ['ros']
[0.224s] Level 1:colcon.colcon_core.package_identification:_identify(.) by extension 'ros'
[0.236s] Level 1:colcon.colcon_core.package_identification:_identify(.) by extensions ['cmake', 'python']
[0.236s] Level 1:colcon.colcon_core.package_identification:_identify(.) by extension 'cmake'
[0.236s] Level 1:colcon.colcon_core.package_identification:_identify(.) by extension 'python'
[0.236s] Level 1:colcon.colcon_core.package_identification:_identify(.) by extensions ['python_setup_py']
[0.236s] Level 1:colcon.colcon_core.package_identification:_identify(.) by extension 'python_setup_py'
[0.237s] Level 1:colcon.colcon_core.package_identification:_identify(build) by extensions ['ignore', 'ignore_ament_install']
[0.237s] Level 1:colcon.colcon_core.package_identification:_identify(build) by extension 'ignore'
[0.237s] Level 1:colcon.colcon_core.package_identification:_identify(build) ignored
[0.237s] Level 1:colcon.colcon_core.package_identification:_identify(install) by extensions ['ignore', 'ignore_ament_install']
[0.237s] Level 1:colcon.colcon_core.package_identification:_identify(install) by extension 'ignore'
[0.237s] Level 1:colcon.colcon_core.package_identification:_identify(install) ignored
[0.237s] Level 1:colcon.colcon_core.package_identification:_identify(log) by extensions ['ignore', 'ignore_ament_install']
[0.237s] Level 1:colcon.colcon_core.package_identification:_identify(log) by extension 'ignore'
[0.237s] Level 1:colcon.colcon_core.package_identification:_identify(log) ignored
[0.237s] Level 1:colcon.colcon_core.package_identification:_identify(src) by extensions ['ignore', 'ignore_ament_install']
[0.237s] Level 1:colcon.colcon_core.package_identification:_identify(src) by extension 'ignore'
[0.237s] Level 1:colcon.colcon_core.package_identification:_identify(src) by extension 'ignore_ament_install'
[0.237s] Level 1:colcon.colcon_core.package_identification:_identify(src) by extensions ['colcon_pkg']
[0.237s] Level 1:colcon.colcon_core.package_identification:_identify(src) by extension 'colcon_pkg'
[0.237s] Level 1:colcon.colcon_core.package_identification:_identify(src) by extensions ['colcon_meta']
[0.237s] Level 1:colcon.colcon_core.package_identification:_identify(src) by extension 'colcon_meta'
[0.237s] Level 1:colcon.colcon_core.package_identification:_identify(src) by extensions ['ros']
[0.237s] Level 1:colcon.colcon_core.package_identification:_identify(src) by extension 'ros'
[0.238s] Level 1:colcon.colcon_core.package_identification:_identify(src) by extensions ['cmake', 'python']
[0.238s] Level 1:colcon.colcon_core.package_identification:_identify(src) by extension 'cmake'
[0.238s] Level 1:colcon.colcon_core.package_identification:_identify(src) by extension 'python'
[0.238s] Level 1:colcon.colcon_core.package_identification:_identify(src) by extensions ['python_setup_py']
[0.238s] Level 1:colcon.colcon_core.package_identification:_identify(src) by extension 'python_setup_py'
[0.238s] Level 1:colcon.colcon_core.package_identification:_identify(src/camera_reader) by extensions ['ignore', 'ignore_ament_install']
[0.238s] Level 1:colcon.colcon_core.package_identification:_identify(src/camera_reader) by extension 'ignore'
[0.238s] Level 1:colcon.colcon_core.package_identification:_identify(src/camera_reader) by extension 'ignore_ament_install'
[0.238s] Level 1:colcon.colcon_core.package_identification:_identify(src/camera_reader) by extensions ['colcon_pkg']
[0.238s] Level 1:colcon.colcon_core.package_identification:_identify(src/camera_reader) by extension 'colcon_pkg'
[0.238s] Level 1:colcon.colcon_core.package_identification:_identify(src/camera_reader) by extensions ['colcon_meta']
[0.238s] Level 1:colcon.colcon_core.package_identification:_identify(src/camera_reader) by extension 'colcon_meta'
[0.238s] Level 1:colcon.colcon_core.package_identification:_identify(src/camera_reader) by extensions ['ros']
[0.238s] Level 1:colcon.colcon_core.package_identification:_identify(src/camera_reader) by extension 'ros'
[0.240s] DEBUG:colcon.colcon_core.package_identification:Package 'src/camera_reader' with type 'ros.ament_cmake' and name 'camera_reader'
[0.240s] Level 1:colcon.colcon_core.package_identification:_identify(src/camera_testing) by extensions ['ignore', 'ignore_ament_install']
[0.240s] Level 1:colcon.colcon_core.package_identification:_identify(src/camera_testing) by extension 'ignore'
[0.240s] Level 1:colcon.colcon_core.package_identification:_identify(src/camera_testing) by extension 'ignore_ament_install'
[0.240s] Level 1:colcon.colcon_core.package_identification:_identify(src/camera_testing) by extensions ['colcon_pkg']
[0.240s] Level 1:colcon.colcon_core.package_identification:_identify(src/camera_testing) by extension 'colcon_pkg'
[0.240s] Level 1:colcon.colcon_core.package_identification:_identify(src/camera_testing) by extensions ['colcon_meta']
[0.240s] Level 1:colcon.colcon_core.package_identification:_identify(src/camera_testing) by extension 'colcon_meta'
[0.240s] Level 1:colcon.colcon_core.package_identification:_identify(src/camera_testing) by extensions ['ros']
[0.240s] Level 1:colcon.colcon_core.package_identification:_identify(src/camera_testing) by extension 'ros'
[0.240s] DEBUG:colcon.colcon_core.package_identification:Package 'src/camera_testing' with type 'ros.ament_cmake' and name 'camera_testing'
[0.241s] Level 1:colcon.colcon_core.package_identification:_identify(src/inference_webcam) by extensions ['ignore', 'ignore_ament_install']
[0.241s] Level 1:colcon.colcon_core.package_identification:_identify(src/inference_webcam) by extension 'ignore'
[0.241s] Level 1:colcon.colcon_core.package_identification:_identify(src/inference_webcam) by extension 'ignore_ament_install'
[0.241s] Level 1:colcon.colcon_core.package_identification:_identify(src/inference_webcam) by extensions ['colcon_pkg']
[0.241s] Level 1:colcon.colcon_core.package_identification:_identify(src/inference_webcam) by extension 'colcon_pkg'
[0.241s] Level 1:colcon.colcon_core.package_identification:_identify(src/inference_webcam) by extensions ['colcon_meta']
[0.241s] Level 1:colcon.colcon_core.package_identification:_identify(src/inference_webcam) by extension 'colcon_meta'
[0.241s] Level 1:colcon.colcon_core.package_identification:_identify(src/inference_webcam) by extensions ['ros']
[0.241s] Level 1:colcon.colcon_core.package_identification:_identify(src/inference_webcam) by extension 'ros'
[0.241s] DEBUG:colcon.colcon_core.package_identification:Package 'src/inference_webcam' with type 'ros.ament_cmake' and name 'inference_webcam'
[0.241s] Level 1:colcon.colcon_core.package_identification:_identify(src/mesh_description) by extensions ['ignore', 'ignore_ament_install']
[0.241s] Level 1:colcon.colcon_core.package_identification:_identify(src/mesh_description) by extension 'ignore'
[0.241s] Level 1:colcon.colcon_core.package_identification:_identify(src/mesh_description) by extension 'ignore_ament_install'
[0.242s] Level 1:colcon.colcon_core.package_identification:_identify(src/mesh_description) by extensions ['colcon_pkg']
[0.242s] Level 1:colcon.colcon_core.package_identification:_identify(src/mesh_description) by extension 'colcon_pkg'
[0.242s] Level 1:colcon.colcon_core.package_identification:_identify(src/mesh_description) by extensions ['colcon_meta']
[0.242s] Level 1:colcon.colcon_core.package_identification:_identify(src/mesh_description) by extension 'colcon_meta'
[0.242s] Level 1:colcon.colcon_core.package_identification:_identify(src/mesh_description) by extensions ['ros']
[0.242s] Level 1:colcon.colcon_core.package_identification:_identify(src/mesh_description) by extension 'ros'
[0.242s] DEBUG:colcon.colcon_core.package_identification:Package 'src/mesh_description' with type 'ros.ament_cmake' and name 'mesh_description'
[0.242s] Level 1:colcon.colcon_core.package_identification:_identify(src/rosbridge_suite) by extensions ['ignore', 'ignore_ament_install']
[0.242s] Level 1:colcon.colcon_core.package_identification:_identify(src/rosbridge_suite) by extension 'ignore'
[0.242s] Level 1:colcon.colcon_core.package_identification:_identify(src/rosbridge_suite) by extension 'ignore_ament_install'
[0.242s] Level 1:colcon.colcon_core.package_identification:_identify(src/rosbridge_suite) by extensions ['colcon_pkg']
[0.243s] Level 1:colcon.colcon_core.package_identification:_identify(src/rosbridge_suite) by extension 'colcon_pkg'
[0.243s] Level 1:colcon.colcon_core.package_identification:_identify(src/rosbridge_suite) by extensions ['colcon_meta']
[0.243s] Level 1:colcon.colcon_core.package_identification:_identify(src/rosbridge_suite) by extension 'colcon_meta'
[0.243s] Level 1:colcon.colcon_core.package_identification:_identify(src/rosbridge_suite) by extensions ['ros']
[0.243s] Level 1:colcon.colcon_core.package_identification:_identify(src/rosbridge_suite) by extension 'ros'
[0.243s] Level 1:colcon.colcon_core.package_identification:_identify(src/rosbridge_suite) by extensions ['cmake', 'python']
[0.243s] Level 1:colcon.colcon_core.package_identification:_identify(src/rosbridge_suite) by extension 'cmake'
[0.243s] Level 1:colcon.colcon_core.package_identification:_identify(src/rosbridge_suite) by extension 'python'
[0.243s] Level 1:colcon.colcon_core.package_identification:_identify(src/rosbridge_suite) by extensions ['python_setup_py']
[0.243s] Level 1:colcon.colcon_core.package_identification:_identify(src/rosbridge_suite) by extension 'python_setup_py'
[0.243s] Level 1:colcon.colcon_core.package_identification:_identify(src/rosbridge_suite/rosapi) by extensions ['ignore', 'ignore_ament_install']
[0.243s] Level 1:colcon.colcon_core.package_identification:_identify(src/rosbridge_suite/rosapi) by extension 'ignore'
[0.243s] Level 1:colcon.colcon_core.package_identification:_identify(src/rosbridge_suite/rosapi) by extension 'ignore_ament_install'
[0.243s] Level 1:colcon.colcon_core.package_identification:_identify(src/rosbridge_suite/rosapi) by extensions ['colcon_pkg']
[0.243s] Level 1:colcon.colcon_core.package_identification:_identify(src/rosbridge_suite/rosapi) by extension 'colcon_pkg'
[0.243s] Level 1:colcon.colcon_core.package_identification:_identify(src/rosbridge_suite/rosapi) by extensions ['colcon_meta']
[0.243s] Level 1:colcon.colcon_core.package_identification:_identify(src/rosbridge_suite/rosapi) by extension 'colcon_meta'
[0.243s] Level 1:colcon.colcon_core.package_identification:_identify(src/rosbridge_suite/rosapi) by extensions ['ros']
[0.243s] Level 1:colcon.colcon_core.package_identification:_identify(src/rosbridge_suite/rosapi) by extension 'ros'
[0.244s] DEBUG:colcon.colcon_core.package_identification:Package 'src/rosbridge_suite/rosapi' with type 'ros.ament_cmake' and name 'rosapi'
[0.244s] Level 1:colcon.colcon_core.package_identification:_identify(src/rosbridge_suite/rosapi_msgs) by extensions ['ignore', 'ignore_ament_install']
[0.244s] Level 1:colcon.colcon_core.package_identification:_identify(src/rosbridge_suite/rosapi_msgs) by extension 'ignore'
[0.244s] Level 1:colcon.colcon_core.package_identification:_identify(src/rosbridge_suite/rosapi_msgs) by extension 'ignore_ament_install'
[0.244s] Level 1:colcon.colcon_core.package_identification:_identify(src/rosbridge_suite/rosapi_msgs) by extensions ['colcon_pkg']
[0.244s] Level 1:colcon.colcon_core.package_identification:_identify(src/rosbridge_suite/rosapi_msgs) by extension 'colcon_pkg'
[0.244s] Level 1:colcon.colcon_core.package_identification:_identify(src/rosbridge_suite/rosapi_msgs) by extensions ['colcon_meta']
[0.244s] Level 1:colcon.colcon_core.package_identification:_identify(src/rosbridge_suite/rosapi_msgs) by extension 'colcon_meta'
[0.244s] Level 1:colcon.colcon_core.package_identification:_identify(src/rosbridge_suite/rosapi_msgs) by extensions ['ros']
[0.244s] Level 1:colcon.colcon_core.package_identification:_identify(src/rosbridge_suite/rosapi_msgs) by extension 'ros'
[0.244s] DEBUG:colcon.colcon_core.package_identification:Package 'src/rosbridge_suite/rosapi_msgs' with type 'ros.ament_cmake' and name 'rosapi_msgs'
[0.244s] Level 1:colcon.colcon_core.package_identification:_identify(src/rosbridge_suite/rosbridge_library) by extensions ['ignore', 'ignore_ament_install']
[0.244s] Level 1:colcon.colcon_core.package_identification:_identify(src/rosbridge_suite/rosbridge_library) by extension 'ignore'
[0.244s] Level 1:colcon.colcon_core.package_identification:_identify(src/rosbridge_suite/rosbridge_library) by extension 'ignore_ament_install'
[0.244s] Level 1:colcon.colcon_core.package_identification:_identify(src/rosbridge_suite/rosbridge_library) by extensions ['colcon_pkg']
[0.244s] Level 1:colcon.colcon_core.package_identification:_identify(src/rosbridge_suite/rosbridge_library) by extension 'colcon_pkg'
[0.244s] Level 1:colcon.colcon_core.package_identification:_identify(src/rosbridge_suite/rosbridge_library) by extensions ['colcon_meta']
[0.245s] Level 1:colcon.colcon_core.package_identification:_identify(src/rosbridge_suite/rosbridge_library) by extension 'colcon_meta'
[0.245s] Level 1:colcon.colcon_core.package_identification:_identify(src/rosbridge_suite/rosbridge_library) by extensions ['ros']
[0.245s] Level 1:colcon.colcon_core.package_identification:_identify(src/rosbridge_suite/rosbridge_library) by extension 'ros'
[0.245s] DEBUG:colcon.colcon_core.package_identification:Package 'src/rosbridge_suite/rosbridge_library' with type 'ros.ament_cmake' and name 'rosbridge_library'
[0.245s] Level 1:colcon.colcon_core.package_identification:_identify(src/rosbridge_suite/rosbridge_msgs) by extensions ['ignore', 'ignore_ament_install']
[0.245s] Level 1:colcon.colcon_core.package_identification:_identify(src/rosbridge_suite/rosbridge_msgs) by extension 'ignore'
[0.245s] Level 1:colcon.colcon_core.package_identification:_identify(src/rosbridge_suite/rosbridge_msgs) by extension 'ignore_ament_install'
[0.245s] Level 1:colcon.colcon_core.package_identification:_identify(src/rosbridge_suite/rosbridge_msgs) by extensions ['colcon_pkg']
[0.245s] Level 1:colcon.colcon_core.package_identification:_identify(src/rosbridge_suite/rosbridge_msgs) by extension 'colcon_pkg'
[0.245s] Level 1:colcon.colcon_core.package_identification:_identify(src/rosbridge_suite/rosbridge_msgs) by extensions ['colcon_meta']
[0.245s] Level 1:colcon.colcon_core.package_identification:_identify(src/rosbridge_suite/rosbridge_msgs) by extension 'colcon_meta'
[0.245s] Level 1:colcon.colcon_core.package_identification:_identify(src/rosbridge_suite/rosbridge_msgs) by extensions ['ros']
[0.245s] Level 1:colcon.colcon_core.package_identification:_identify(src/rosbridge_suite/rosbridge_msgs) by extension 'ros'
[0.246s] DEBUG:colcon.colcon_core.package_identification:Package 'src/rosbridge_suite/rosbridge_msgs' with type 'ros.ament_cmake' and name 'rosbridge_msgs'
[0.246s] Level 1:colcon.colcon_core.package_identification:_identify(src/rosbridge_suite/rosbridge_server) by extensions ['ignore', 'ignore_ament_install']
[0.246s] Level 1:colcon.colcon_core.package_identification:_identify(src/rosbridge_suite/rosbridge_server) by extension 'ignore'
[0.246s] Level 1:colcon.colcon_core.package_identification:_identify(src/rosbridge_suite/rosbridge_server) by extension 'ignore_ament_install'
[0.246s] Level 1:colcon.colcon_core.package_identification:_identify(src/rosbridge_suite/rosbridge_server) by extensions ['colcon_pkg']
[0.246s] Level 1:colcon.colcon_core.package_identification:_identify(src/rosbridge_suite/rosbridge_server) by extension 'colcon_pkg'
[0.246s] Level 1:colcon.colcon_core.package_identification:_identify(src/rosbridge_suite/rosbridge_server) by extensions ['colcon_meta']
[0.246s] Level 1:colcon.colcon_core.package_identification:_identify(src/rosbridge_suite/rosbridge_server) by extension 'colcon_meta'
[0.246s] Level 1:colcon.colcon_core.package_identification:_identify(src/rosbridge_suite/rosbridge_server) by extensions ['ros']
[0.246s] Level 1:colcon.colcon_core.package_identification:_identify(src/rosbridge_suite/rosbridge_server) by extension 'ros'
[0.247s] DEBUG:colcon.colcon_core.package_identification:Package 'src/rosbridge_suite/rosbridge_server' with type 'ros.ament_cmake' and name 'rosbridge_server'
[0.247s] Level 1:colcon.colcon_core.package_identification:_identify(src/rosbridge_suite/rosbridge_suite) by extensions ['ignore', 'ignore_ament_install']
[0.247s] Level 1:colcon.colcon_core.package_identification:_identify(src/rosbridge_suite/rosbridge_suite) by extension 'ignore'
[0.247s] Level 1:colcon.colcon_core.package_identification:_identify(src/rosbridge_suite/rosbridge_suite) by extension 'ignore_ament_install'
[0.247s] Level 1:colcon.colcon_core.package_identification:_identify(src/rosbridge_suite/rosbridge_suite) by extensions ['colcon_pkg']
[0.247s] Level 1:colcon.colcon_core.package_identification:_identify(src/rosbridge_suite/rosbridge_suite) by extension 'colcon_pkg'
[0.247s] Level 1:colcon.colcon_core.package_identification:_identify(src/rosbridge_suite/rosbridge_suite) by extensions ['colcon_meta']
[0.247s] Level 1:colcon.colcon_core.package_identification:_identify(src/rosbridge_suite/rosbridge_suite) by extension 'colcon_meta'
[0.247s] Level 1:colcon.colcon_core.package_identification:_identify(src/rosbridge_suite/rosbridge_suite) by extensions ['ros']
[0.247s] Level 1:colcon.colcon_core.package_identification:_identify(src/rosbridge_suite/rosbridge_suite) by extension 'ros'
[0.247s] DEBUG:colcon.colcon_core.package_identification:Package 'src/rosbridge_suite/rosbridge_suite' with type 'ros.ament_cmake' and name 'rosbridge_suite'
[0.247s] Level 1:colcon.colcon_core.package_identification:_identify(src/rosbridge_suite/rosbridge_test_msgs) by extensions ['ignore', 'ignore_ament_install']
[0.247s] Level 1:colcon.colcon_core.package_identification:_identify(src/rosbridge_suite/rosbridge_test_msgs) by extension 'ignore'
[0.247s] Level 1:colcon.colcon_core.package_identification:_identify(src/rosbridge_suite/rosbridge_test_msgs) by extension 'ignore_ament_install'
[0.247s] Level 1:colcon.colcon_core.package_identification:_identify(src/rosbridge_suite/rosbridge_test_msgs) by extensions ['colcon_pkg']
[0.247s] Level 1:colcon.colcon_core.package_identification:_identify(src/rosbridge_suite/rosbridge_test_msgs) by extension 'colcon_pkg'
[0.247s] Level 1:colcon.colcon_core.package_identification:_identify(src/rosbridge_suite/rosbridge_test_msgs) by extensions ['colcon_meta']
[0.248s] Level 1:colcon.colcon_core.package_identification:_identify(src/rosbridge_suite/rosbridge_test_msgs) by extension 'colcon_meta'
[0.248s] Level 1:colcon.colcon_core.package_identification:_identify(src/rosbridge_suite/rosbridge_test_msgs) by extensions ['ros']
[0.248s] Level 1:colcon.colcon_core.package_identification:_identify(src/rosbridge_suite/rosbridge_test_msgs) by extension 'ros'
[0.248s] DEBUG:colcon.colcon_core.package_identification:Package 'src/rosbridge_suite/rosbridge_test_msgs' with type 'ros.ament_cmake' and name 'rosbridge_test_msgs'
[0.248s] Level 1:colcon.colcon_core.package_discovery:discover_packages(recursive) using defaults
[0.248s] Level 1:colcon.colcon_core.package_discovery:discover_packages(ignore) discover
[0.248s] Level 1:colcon.colcon_core.package_discovery:discover_packages(ignore) using defaults
[0.248s] Level 1:colcon.colcon_core.package_discovery:discover_packages(path) discover
[0.248s] Level 1:colcon.colcon_core.package_discovery:discover_packages(path) using defaults
[0.271s] Level 1:colcon.colcon_core.package_discovery:discover_packages(prefix_path) check parameters
[0.271s] Level 1:colcon.colcon_core.package_discovery:discover_packages(prefix_path) discover
[0.272s] DEBUG:colcon.colcon_installed_package_information.package_discovery:Found 11 installed packages in /workspace/ros2_ws/install
[0.273s] DEBUG:colcon.colcon_installed_package_information.package_discovery:Found 233 installed packages in /opt/ros/eloquent
[0.274s] Level 1:colcon.colcon_core.package_discovery:discover_packages(prefix_path) using defaults
[0.313s] Level 5:colcon.colcon_core.verb:set package 'camera_reader' build argument 'cmake_args' from command line to 'None'
[0.313s] Level 5:colcon.colcon_core.verb:set package 'camera_reader' build argument 'cmake_target' from command line to 'None'
[0.313s] Level 5:colcon.colcon_core.verb:set package 'camera_reader' build argument 'cmake_target_skip_unavailable' from command line to 'False'
[0.313s] Level 5:colcon.colcon_core.verb:set package 'camera_reader' build argument 'cmake_clean_cache' from command line to 'False'
[0.313s] Level 5:colcon.colcon_core.verb:set package 'camera_reader' build argument 'cmake_clean_first' from command line to 'False'
[0.313s] Level 5:colcon.colcon_core.verb:set package 'camera_reader' build argument 'cmake_force_configure' from command line to 'False'
[0.313s] Level 5:colcon.colcon_core.verb:set package 'camera_reader' build argument 'ament_cmake_args' from command line to 'None'
[0.313s] Level 5:colcon.colcon_core.verb:set package 'camera_reader' build argument 'catkin_cmake_args' from command line to 'None'
[0.313s] Level 5:colcon.colcon_core.verb:set package 'camera_reader' build argument 'catkin_skip_building_tests' from command line to 'False'
[0.313s] DEBUG:colcon.colcon_core.verb:Building package 'camera_reader' with the following arguments: {'ament_cmake_args': None, 'build_base': '/workspace/ros2_ws/build/camera_reader', 'catkin_cmake_args': None, 'catkin_skip_building_tests': False, 'cmake_args': None, 'cmake_clean_cache': False, 'cmake_clean_first': False, 'cmake_force_configure': False, 'cmake_target': None, 'cmake_target_skip_unavailable': False, 'install_base': '/workspace/ros2_ws/install/camera_reader', 'merge_install': False, 'path': '/workspace/ros2_ws/src/camera_reader', 'symlink_install': False, 'test_result_base': None}
[0.314s] Level 5:colcon.colcon_core.verb:set package 'camera_testing' build argument 'cmake_args' from command line to 'None'
[0.314s] Level 5:colcon.colcon_core.verb:set package 'camera_testing' build argument 'cmake_target' from command line to 'None'
[0.314s] Level 5:colcon.colcon_core.verb:set package 'camera_testing' build argument 'cmake_target_skip_unavailable' from command line to 'False'
[0.314s] Level 5:colcon.colcon_core.verb:set package 'camera_testing' build argument 'cmake_clean_cache' from command line to 'False'
[0.314s] Level 5:colcon.colcon_core.verb:set package 'camera_testing' build argument 'cmake_clean_first' from command line to 'False'
[0.314s] Level 5:colcon.colcon_core.verb:set package 'camera_testing' build argument 'cmake_force_configure' from command line to 'False'
[0.314s] Level 5:colcon.colcon_core.verb:set package 'camera_testing' build argument 'ament_cmake_args' from command line to 'None'
[0.314s] Level 5:colcon.colcon_core.verb:set package 'camera_testing' build argument 'catkin_cmake_args' from command line to 'None'
[0.314s] Level 5:colcon.colcon_core.verb:set package 'camera_testing' build argument 'catkin_skip_building_tests' from command line to 'False'
[0.314s] DEBUG:colcon.colcon_core.verb:Building package 'camera_testing' with the following arguments: {'ament_cmake_args': None, 'build_base': '/workspace/ros2_ws/build/camera_testing', 'catkin_cmake_args': None, 'catkin_skip_building_tests': False, 'cmake_args': None, 'cmake_clean_cache': False, 'cmake_clean_first': False, 'cmake_force_configure': False, 'cmake_target': None, 'cmake_target_skip_unavailable': False, 'install_base': '/workspace/ros2_ws/install/camera_testing', 'merge_install': False, 'path': '/workspace/ros2_ws/src/camera_testing', 'symlink_install': False, 'test_result_base': None}
[0.314s] Level 5:colcon.colcon_core.verb:set package 'inference_webcam' build argument 'cmake_args' from command line to 'None'
[0.314s] Level 5:colcon.colcon_core.verb:set package 'inference_webcam' build argument 'cmake_target' from command line to 'None'
[0.314s] Level 5:colcon.colcon_core.verb:set package 'inference_webcam' build argument 'cmake_target_skip_unavailable' from command line to 'False'
[0.314s] Level 5:colcon.colcon_core.verb:set package 'inference_webcam' build argument 'cmake_clean_cache' from command line to 'False'
[0.314s] Level 5:colcon.colcon_core.verb:set package 'inference_webcam' build argument 'cmake_clean_first' from command line to 'False'
[0.314s] Level 5:colcon.colcon_core.verb:set package 'inference_webcam' build argument 'cmake_force_configure' from command line to 'False'
[0.314s] Level 5:colcon.colcon_core.verb:set package 'inference_webcam' build argument 'ament_cmake_args' from command line to 'None'
[0.314s] Level 5:colcon.colcon_core.verb:set package 'inference_webcam' build argument 'catkin_cmake_args' from command line to 'None'
[0.314s] Level 5:colcon.colcon_core.verb:set package 'inference_webcam' build argument 'catkin_skip_building_tests' from command line to 'False'
[0.314s] DEBUG:colcon.colcon_core.verb:Building package 'inference_webcam' with the following arguments: {'ament_cmake_args': None, 'build_base': '/workspace/ros2_ws/build/inference_webcam', 'catkin_cmake_args': None, 'catkin_skip_building_tests': False, 'cmake_args': None, 'cmake_clean_cache': False, 'cmake_clean_first': False, 'cmake_force_configure': False, 'cmake_target': None, 'cmake_target_skip_unavailable': False, 'install_base': '/workspace/ros2_ws/install/inference_webcam', 'merge_install': False, 'path': '/workspace/ros2_ws/src/inference_webcam', 'symlink_install': False, 'test_result_base': None}
[0.315s] Level 5:colcon.colcon_core.verb:set package 'mesh_description' build argument 'cmake_args' from command line to 'None'
[0.315s] Level 5:colcon.colcon_core.verb:set package 'mesh_description' build argument 'cmake_target' from command line to 'None'
[0.315s] Level 5:colcon.colcon_core.verb:set package 'mesh_description' build argument 'cmake_target_skip_unavailable' from command line to 'False'
[0.315s] Level 5:colcon.colcon_core.verb:set package 'mesh_description' build argument 'cmake_clean_cache' from command line to 'False'
[0.315s] Level 5:colcon.colcon_core.verb:set package 'mesh_description' build argument 'cmake_clean_first' from command line to 'False'
[0.315s] Level 5:colcon.colcon_core.verb:set package 'mesh_description' build argument 'cmake_force_configure' from command line to 'False'
[0.315s] Level 5:colcon.colcon_core.verb:set package 'mesh_description' build argument 'ament_cmake_args' from command line to 'None'
[0.315s] Level 5:colcon.colcon_core.verb:set package 'mesh_description' build argument 'catkin_cmake_args' from command line to 'None'
[0.315s] Level 5:colcon.colcon_core.verb:set package 'mesh_description' build argument 'catkin_skip_building_tests' from command line to 'False'
[0.315s] DEBUG:colcon.colcon_core.verb:Building package 'mesh_description' with the following arguments: {'ament_cmake_args': None, 'build_base': '/workspace/ros2_ws/build/mesh_description', 'catkin_cmake_args': None, 'catkin_skip_building_tests': False, 'cmake_args': None, 'cmake_clean_cache': False, 'cmake_clean_first': False, 'cmake_force_configure': False, 'cmake_target': None, 'cmake_target_skip_unavailable': False, 'install_base': '/workspace/ros2_ws/install/mesh_description', 'merge_install': False, 'path': '/workspace/ros2_ws/src/mesh_description', 'symlink_install': False, 'test_result_base': None}
[0.315s] Level 5:colcon.colcon_core.verb:set package 'rosapi_msgs' build argument 'cmake_args' from command line to 'None'
[0.315s] Level 5:colcon.colcon_core.verb:set package 'rosapi_msgs' build argument 'cmake_target' from command line to 'None'
[0.315s] Level 5:colcon.colcon_core.verb:set package 'rosapi_msgs' build argument 'cmake_target_skip_unavailable' from command line to 'False'
[0.315s] Level 5:colcon.colcon_core.verb:set package 'rosapi_msgs' build argument 'cmake_clean_cache' from command line to 'False'
[0.315s] Level 5:colcon.colcon_core.verb:set package 'rosapi_msgs' build argument 'cmake_clean_first' from command line to 'False'
[0.315s] Level 5:colcon.colcon_core.verb:set package 'rosapi_msgs' build argument 'cmake_force_configure' from command line to 'False'
[0.315s] Level 5:colcon.colcon_core.verb:set package 'rosapi_msgs' build argument 'ament_cmake_args' from command line to 'None'
[0.315s] Level 5:colcon.colcon_core.verb:set package 'rosapi_msgs' build argument 'catkin_cmake_args' from command line to 'None'
[0.315s] Level 5:colcon.colcon_core.verb:set package 'rosapi_msgs' build argument 'catkin_skip_building_tests' from command line to 'False'
[0.315s] DEBUG:colcon.colcon_core.verb:Building package 'rosapi_msgs' with the following arguments: {'ament_cmake_args': None, 'build_base': '/workspace/ros2_ws/build/rosapi_msgs', 'catkin_cmake_args': None, 'catkin_skip_building_tests': False, 'cmake_args': None, 'cmake_clean_cache': False, 'cmake_clean_first': False, 'cmake_force_configure': False, 'cmake_target': None, 'cmake_target_skip_unavailable': False, 'install_base': '/workspace/ros2_ws/install/rosapi_msgs', 'merge_install': False, 'path': '/workspace/ros2_ws/src/rosbridge_suite/rosapi_msgs', 'symlink_install': False, 'test_result_base': None}
[0.315s] Level 5:colcon.colcon_core.verb:set package 'rosbridge_msgs' build argument 'cmake_args' from command line to 'None'
[0.315s] Level 5:colcon.colcon_core.verb:set package 'rosbridge_msgs' build argument 'cmake_target' from command line to 'None'
[0.315s] Level 5:colcon.colcon_core.verb:set package 'rosbridge_msgs' build argument 'cmake_target_skip_unavailable' from command line to 'False'
[0.315s] Level 5:colcon.colcon_core.verb:set package 'rosbridge_msgs' build argument 'cmake_clean_cache' from command line to 'False'
[0.315s] Level 5:colcon.colcon_core.verb:set package 'rosbridge_msgs' build argument 'cmake_clean_first' from command line to 'False'
[0.315s] Level 5:colcon.colcon_core.verb:set package 'rosbridge_msgs' build argument 'cmake_force_configure' from command line to 'False'
[0.315s] Level 5:colcon.colcon_core.verb:set package 'rosbridge_msgs' build argument 'ament_cmake_args' from command line to 'None'
[0.315s] Level 5:colcon.colcon_core.verb:set package 'rosbridge_msgs' build argument 'catkin_cmake_args' from command line to 'None'
[0.315s] Level 5:colcon.colcon_core.verb:set package 'rosbridge_msgs' build argument 'catkin_skip_building_tests' from command line to 'False'
[0.315s] DEBUG:colcon.colcon_core.verb:Building package 'rosbridge_msgs' with the following arguments: {'ament_cmake_args': None, 'build_base': '/workspace/ros2_ws/build/rosbridge_msgs', 'catkin_cmake_args': None, 'catkin_skip_building_tests': False, 'cmake_args': None, 'cmake_clean_cache': False, 'cmake_clean_first': False, 'cmake_force_configure': False, 'cmake_target': None, 'cmake_target_skip_unavailable': False, 'install_base': '/workspace/ros2_ws/install/rosbridge_msgs', 'merge_install': False, 'path': '/workspace/ros2_ws/src/rosbridge_suite/rosbridge_msgs', 'symlink_install': False, 'test_result_base': None}
[0.316s] Level 5:colcon.colcon_core.verb:set package 'rosbridge_test_msgs' build argument 'cmake_args' from command line to 'None'
[0.316s] Level 5:colcon.colcon_core.verb:set package 'rosbridge_test_msgs' build argument 'cmake_target' from command line to 'None'
[0.316s] Level 5:colcon.colcon_core.verb:set package 'rosbridge_test_msgs' build argument 'cmake_target_skip_unavailable' from command line to 'False'
[0.316s] Level 5:colcon.colcon_core.verb:set package 'rosbridge_test_msgs' build argument 'cmake_clean_cache' from command line to 'False'
[0.316s] Level 5:colcon.colcon_core.verb:set package 'rosbridge_test_msgs' build argument 'cmake_clean_first' from command line to 'False'
[0.316s] Level 5:colcon.colcon_core.verb:set package 'rosbridge_test_msgs' build argument 'cmake_force_configure' from command line to 'False'
[0.316s] Level 5:colcon.colcon_core.verb:set package 'rosbridge_test_msgs' build argument 'ament_cmake_args' from command line to 'None'
[0.316s] Level 5:colcon.colcon_core.verb:set package 'rosbridge_test_msgs' build argument 'catkin_cmake_args' from command line to 'None'
[0.316s] Level 5:colcon.colcon_core.verb:set package 'rosbridge_test_msgs' build argument 'catkin_skip_building_tests' from command line to 'False'
[0.316s] DEBUG:colcon.colcon_core.verb:Building package 'rosbridge_test_msgs' with the following arguments: {'ament_cmake_args': None, 'build_base': '/workspace/ros2_ws/build/rosbridge_test_msgs', 'catkin_cmake_args': None, 'catkin_skip_building_tests': False, 'cmake_args': None, 'cmake_clean_cache': False, 'cmake_clean_first': False, 'cmake_force_configure': False, 'cmake_target': None, 'cmake_target_skip_unavailable': False, 'install_base': '/workspace/ros2_ws/install/rosbridge_test_msgs', 'merge_install': False, 'path': '/workspace/ros2_ws/src/rosbridge_suite/rosbridge_test_msgs', 'symlink_install': False, 'test_result_base': None}
[0.316s] Level 5:colcon.colcon_core.verb:set package 'rosbridge_library' build argument 'cmake_args' from command line to 'None'
[0.316s] Level 5:colcon.colcon_core.verb:set package 'rosbridge_library' build argument 'cmake_target' from command line to 'None'
[0.316s] Level 5:colcon.colcon_core.verb:set package 'rosbridge_library' build argument 'cmake_target_skip_unavailable' from command line to 'False'
[0.316s] Level 5:colcon.colcon_core.verb:set package 'rosbridge_library' build argument 'cmake_clean_cache' from command line to 'False'
[0.316s] Level 5:colcon.colcon_core.verb:set package 'rosbridge_library' build argument 'cmake_clean_first' from command line to 'False'
[0.316s] Level 5:colcon.colcon_core.verb:set package 'rosbridge_library' build argument 'cmake_force_configure' from command line to 'False'
[0.316s] Level 5:colcon.colcon_core.verb:set package 'rosbridge_library' build argument 'ament_cmake_args' from command line to 'None'
[0.316s] Level 5:colcon.colcon_core.verb:set package 'rosbridge_library' build argument 'catkin_cmake_args' from command line to 'None'
[0.316s] Level 5:colcon.colcon_core.verb:set package 'rosbridge_library' build argument 'catkin_skip_building_tests' from command line to 'False'
[0.316s] DEBUG:colcon.colcon_core.verb:Building package 'rosbridge_library' with the following arguments: {'ament_cmake_args': None, 'build_base': '/workspace/ros2_ws/build/rosbridge_library', 'catkin_cmake_args': None, 'catkin_skip_building_tests': False, 'cmake_args': None, 'cmake_clean_cache': False, 'cmake_clean_first': False, 'cmake_force_configure': False, 'cmake_target': None, 'cmake_target_skip_unavailable': False, 'install_base': '/workspace/ros2_ws/install/rosbridge_library', 'merge_install': False, 'path': '/workspace/ros2_ws/src/rosbridge_suite/rosbridge_library', 'symlink_install': False, 'test_result_base': None}
[0.316s] Level 5:colcon.colcon_core.verb:set package 'rosapi' build argument 'cmake_args' from command line to 'None'
[0.316s] Level 5:colcon.colcon_core.verb:set package 'rosapi' build argument 'cmake_target' from command line to 'None'
[0.316s] Level 5:colcon.colcon_core.verb:set package 'rosapi' build argument 'cmake_target_skip_unavailable' from command line to 'False'
[0.316s] Level 5:colcon.colcon_core.verb:set package 'rosapi' build argument 'cmake_clean_cache' from command line to 'False'
[0.316s] Level 5:colcon.colcon_core.verb:set package 'rosapi' build argument 'cmake_clean_first' from command line to 'False'
[0.316s] Level 5:colcon.colcon_core.verb:set package 'rosapi' build argument 'cmake_force_configure' from command line to 'False'
[0.316s] Level 5:colcon.colcon_core.verb:set package 'rosapi' build argument 'ament_cmake_args' from command line to 'None'
[0.317s] Level 5:colcon.colcon_core.verb:set package 'rosapi' build argument 'catkin_cmake_args' from command line to 'None'
[0.317s] Level 5:colcon.colcon_core.verb:set package 'rosapi' build argument 'catkin_skip_building_tests' from command line to 'False'
[0.317s] DEBUG:colcon.colcon_core.verb:Building package 'rosapi' with the following arguments: {'ament_cmake_args': None, 'build_base': '/workspace/ros2_ws/build/rosapi', 'catkin_cmake_args': None, 'catkin_skip_building_tests': False, 'cmake_args': None, 'cmake_clean_cache': False, 'cmake_clean_first': False, 'cmake_force_configure': False, 'cmake_target': None, 'cmake_target_skip_unavailable': False, 'install_base': '/workspace/ros2_ws/install/rosapi', 'merge_install': False, 'path': '/workspace/ros2_ws/src/rosbridge_suite/rosapi', 'symlink_install': False, 'test_result_base': None}
[0.317s] Level 5:colcon.colcon_core.verb:set package 'rosbridge_server' build argument 'cmake_args' from command line to 'None'
[0.317s] Level 5:colcon.colcon_core.verb:set package 'rosbridge_server' build argument 'cmake_target' from command line to 'None'
[0.317s] Level 5:colcon.colcon_core.verb:set package 'rosbridge_server' build argument 'cmake_target_skip_unavailable' from command line to 'False'
[0.317s] Level 5:colcon.colcon_core.verb:set package 'rosbridge_server' build argument 'cmake_clean_cache' from command line to 'False'
[0.317s] Level 5:colcon.colcon_core.verb:set package 'rosbridge_server' build argument 'cmake_clean_first' from command line to 'False'
[0.317s] Level 5:colcon.colcon_core.verb:set package 'rosbridge_server' build argument 'cmake_force_configure' from command line to 'False'
[0.317s] Level 5:colcon.colcon_core.verb:set package 'rosbridge_server' build argument 'ament_cmake_args' from command line to 'None'
[0.317s] Level 5:colcon.colcon_core.verb:set package 'rosbridge_server' build argument 'catkin_cmake_args' from command line to 'None'
[0.317s] Level 5:colcon.colcon_core.verb:set package 'rosbridge_server' build argument 'catkin_skip_building_tests' from command line to 'False'
[0.317s] DEBUG:colcon.colcon_core.verb:Building package 'rosbridge_server' with the following arguments: {'ament_cmake_args': None, 'build_base': '/workspace/ros2_ws/build/rosbridge_server', 'catkin_cmake_args': None, 'catkin_skip_building_tests': False, 'cmake_args': None, 'cmake_clean_cache': False, 'cmake_clean_first': False, 'cmake_force_configure': False, 'cmake_target': None, 'cmake_target_skip_unavailable': False, 'install_base': '/workspace/ros2_ws/install/rosbridge_server', 'merge_install': False, 'path': '/workspace/ros2_ws/src/rosbridge_suite/rosbridge_server', 'symlink_install': False, 'test_result_base': None}
[0.317s] Level 5:colcon.colcon_core.verb:set package 'rosbridge_suite' build argument 'cmake_args' from command line to 'None'
[0.317s] Level 5:colcon.colcon_core.verb:set package 'rosbridge_suite' build argument 'cmake_target' from command line to 'None'
[0.317s] Level 5:colcon.colcon_core.verb:set package 'rosbridge_suite' build argument 'cmake_target_skip_unavailable' from command line to 'False'
[0.317s] Level 5:colcon.colcon_core.verb:set package 'rosbridge_suite' build argument 'cmake_clean_cache' from command line to 'False'
[0.317s] Level 5:colcon.colcon_core.verb:set package 'rosbridge_suite' build argument 'cmake_clean_first' from command line to 'False'
[0.317s] Level 5:colcon.colcon_core.verb:set package 'rosbridge_suite' build argument 'cmake_force_configure' from command line to 'False'
[0.317s] Level 5:colcon.colcon_core.verb:set package 'rosbridge_suite' build argument 'ament_cmake_args' from command line to 'None'
[0.317s] Level 5:colcon.colcon_core.verb:set package 'rosbridge_suite' build argument 'catkin_cmake_args' from command line to 'None'
[0.317s] Level 5:colcon.colcon_core.verb:set package 'rosbridge_suite' build argument 'catkin_skip_building_tests' from command line to 'False'
[0.317s] DEBUG:colcon.colcon_core.verb:Building package 'rosbridge_suite' with the following arguments: {'ament_cmake_args': None, 'build_base': '/workspace/ros2_ws/build/rosbridge_suite', 'catkin_cmake_args': None, 'catkin_skip_building_tests': False, 'cmake_args': None, 'cmake_clean_cache': False, 'cmake_clean_first': False, 'cmake_force_configure': False, 'cmake_target': None, 'cmake_target_skip_unavailable': False, 'install_base': '/workspace/ros2_ws/install/rosbridge_suite', 'merge_install': False, 'path': '/workspace/ros2_ws/src/rosbridge_suite/rosbridge_suite', 'symlink_install': False, 'test_result_base': None}
[0.317s] INFO:colcon.colcon_core.executor:Executing jobs using 'parallel' executor
[0.318s] DEBUG:colcon.colcon_parallel_executor.executor.parallel:run_until_complete
[0.318s] INFO:colcon.colcon_ros.task.ament_cmake.build:Building ROS package in '/workspace/ros2_ws/src/rosbridge_suite/rosbridge_test_msgs' with build type 'ament_cmake'
[0.318s] INFO:colcon.colcon_cmake.task.cmake.build:Building CMake package in '/workspace/ros2_ws/src/rosbridge_suite/rosbridge_test_msgs'
[0.320s] INFO:colcon.colcon_core.plugin_system:Skipping extension 'colcon_core.shell.bat': Not used on non-Windows systems
[0.320s] INFO:colcon.colcon_core.shell:Skip shell extension 'powershell' for command environment: Not usable outside of PowerShell
[0.320s] DEBUG:colcon.colcon_core.shell:Skip shell extension 'dsv' for command environment
[0.324s] INFO:colcon.colcon_ros.task.ament_cmake.build:Building ROS package in '/workspace/ros2_ws/src/rosbridge_suite/rosapi_msgs' with build type 'ament_cmake'
[0.325s] INFO:colcon.colcon_cmake.task.cmake.build:Building CMake package in '/workspace/ros2_ws/src/rosbridge_suite/rosapi_msgs'
[0.325s] INFO:colcon.colcon_core.shell:Skip shell extension 'powershell' for command environment: Not usable outside of PowerShell
[0.325s] DEBUG:colcon.colcon_core.shell:Skip shell extension 'dsv' for command environment
[0.329s] INFO:colcon.colcon_ros.task.ament_cmake.build:Building ROS package in '/workspace/ros2_ws/src/rosbridge_suite/rosbridge_msgs' with build type 'ament_cmake'
[0.329s] INFO:colcon.colcon_cmake.task.cmake.build:Building CMake package in '/workspace/ros2_ws/src/rosbridge_suite/rosbridge_msgs'
[0.329s] INFO:colcon.colcon_core.shell:Skip shell extension 'powershell' for command environment: Not usable outside of PowerShell
[0.329s] DEBUG:colcon.colcon_core.shell:Skip shell extension 'dsv' for command environment
[0.333s] INFO:colcon.colcon_ros.task.ament_cmake.build:Building ROS package in '/workspace/ros2_ws/src/camera_reader' with build type 'ament_cmake'
[0.333s] INFO:colcon.colcon_cmake.task.cmake.build:Building CMake package in '/workspace/ros2_ws/src/camera_reader'
[0.333s] INFO:colcon.colcon_core.shell:Skip shell extension 'powershell' for command environment: Not usable outside of PowerShell
[0.334s] DEBUG:colcon.colcon_core.shell:Skip shell extension 'dsv' for command environment
[0.337s] INFO:colcon.colcon_ros.task.ament_cmake.build:Building ROS package in '/workspace/ros2_ws/src/camera_testing' with build type 'ament_cmake'
[0.338s] INFO:colcon.colcon_cmake.task.cmake.build:Building CMake package in '/workspace/ros2_ws/src/camera_testing'
[0.338s] INFO:colcon.colcon_core.shell:Skip shell extension 'powershell' for command environment: Not usable outside of PowerShell
[0.338s] DEBUG:colcon.colcon_core.shell:Skip shell extension 'dsv' for command environment
[0.341s] INFO:colcon.colcon_ros.task.ament_cmake.build:Building ROS package in '/workspace/ros2_ws/src/inference_webcam' with build type 'ament_cmake'
[0.342s] INFO:colcon.colcon_cmake.task.cmake.build:Building CMake package in '/workspace/ros2_ws/src/inference_webcam'
[0.342s] INFO:colcon.colcon_core.shell:Skip shell extension 'powershell' for command environment: Not usable outside of PowerShell
[0.342s] DEBUG:colcon.colcon_core.shell:Skip shell extension 'dsv' for command environment
[0.345s] INFO:colcon.colcon_ros.task.ament_cmake.build:Building ROS package in '/workspace/ros2_ws/src/mesh_description' with build type 'ament_cmake'
[0.345s] INFO:colcon.colcon_cmake.task.cmake.build:Building CMake package in '/workspace/ros2_ws/src/mesh_description'
[0.346s] INFO:colcon.colcon_core.shell:Skip shell extension 'powershell' for command environment: Not usable outside of PowerShell
[0.346s] DEBUG:colcon.colcon_core.shell:Skip shell extension 'dsv' for command environment
[0.356s] DEBUG:colcon.colcon_core.event_handler.log_command:Invoking command in '/workspace/ros2_ws/build/rosbridge_test_msgs': CMAKE_PREFIX_PATH=${CMAKE_PREFIX_PATH}:/opt/ros/eloquent /usr/bin/cmake --build /workspace/ros2_ws/build/rosbridge_test_msgs -- -j32 -l32
[0.360s] DEBUG:colcon.colcon_core.event_handler.log_command:Invoking command in '/workspace/ros2_ws/build/rosapi_msgs': CMAKE_PREFIX_PATH=${CMAKE_PREFIX_PATH}:/opt/ros/eloquent /usr/bin/cmake --build /workspace/ros2_ws/build/rosapi_msgs -- -j32 -l32
[0.362s] DEBUG:colcon.colcon_core.event_handler.log_command:Invoking command in '/workspace/ros2_ws/build/rosbridge_msgs': CMAKE_PREFIX_PATH=${CMAKE_PREFIX_PATH}:/opt/ros/eloquent /usr/bin/cmake --build /workspace/ros2_ws/build/rosbridge_msgs -- -j32 -l32
[0.364s] DEBUG:colcon.colcon_core.event_handler.log_command:Invoking command in '/workspace/ros2_ws/build/camera_reader': CMAKE_PREFIX_PATH=${CMAKE_PREFIX_PATH}:/opt/ros/eloquent /usr/bin/cmake --build /workspace/ros2_ws/build/camera_reader -- -j32 -l32
[0.368s] DEBUG:colcon.colcon_core.event_handler.log_command:Invoking command in '/workspace/ros2_ws/build/camera_testing': CMAKE_PREFIX_PATH=${CMAKE_PREFIX_PATH}:/opt/ros/eloquent /usr/bin/cmake --build /workspace/ros2_ws/build/camera_testing -- -j32 -l32
[0.372s] DEBUG:colcon.colcon_core.event_handler.log_command:Invoking command in '/workspace/ros2_ws/build/inference_webcam': CMAKE_PREFIX_PATH=${CMAKE_PREFIX_PATH}:/opt/ros/eloquent /usr/bin/cmake --build /workspace/ros2_ws/build/inference_webcam -- -j32 -l32
[0.398s] DEBUG:colcon.colcon_core.event_handler.log_command:Invoking command in '/workspace/ros2_ws/build/mesh_description': CMAKE_PREFIX_PATH=${CMAKE_PREFIX_PATH}:/opt/ros/eloquent /usr/bin/cmake --build /workspace/ros2_ws/build/mesh_description -- -j32 -l32
[0.406s] DEBUG:colcon.colcon_core.event_handler.log_command:Invoked command in '/workspace/ros2_ws/build/inference_webcam' returned '0': CMAKE_PREFIX_PATH=${CMAKE_PREFIX_PATH}:/opt/ros/eloquent /usr/bin/cmake --build /workspace/ros2_ws/build/inference_webcam -- -j32 -l32
[0.429s] DEBUG:colcon.colcon_core.event_handler.log_command:Invoked command in '/workspace/ros2_ws/build/camera_reader' returned '0': CMAKE_PREFIX_PATH=${CMAKE_PREFIX_PATH}:/opt/ros/eloquent /usr/bin/cmake --build /workspace/ros2_ws/build/camera_reader -- -j32 -l32
[0.434s] DEBUG:colcon.colcon_core.event_handler.log_command:Invoked command in '/workspace/ros2_ws/build/mesh_description' returned '0': CMAKE_PREFIX_PATH=${CMAKE_PREFIX_PATH}:/opt/ros/eloquent /usr/bin/cmake --build /workspace/ros2_ws/build/mesh_description -- -j32 -l32
[0.447s] DEBUG:colcon.colcon_core.event_handler.log_command:Invoking command in '/workspace/ros2_ws/build/inference_webcam': CMAKE_PREFIX_PATH=${CMAKE_PREFIX_PATH}:/opt/ros/eloquent /usr/bin/cmake --build /workspace/ros2_ws/build/inference_webcam --target install -- -j32 -l32
[0.456s] DEBUG:colcon.colcon_core.event_handler.log_command:Invoking command in '/workspace/ros2_ws/build/camera_reader': CMAKE_PREFIX_PATH=${CMAKE_PREFIX_PATH}:/opt/ros/eloquent /usr/bin/cmake --build /workspace/ros2_ws/build/camera_reader --target install -- -j32 -l32
[0.460s] DEBUG:colcon.colcon_core.event_handler.log_command:Invoking command in '/workspace/ros2_ws/build/mesh_description': CMAKE_PREFIX_PATH=${CMAKE_PREFIX_PATH}:/opt/ros/eloquent /usr/bin/cmake --build /workspace/ros2_ws/build/mesh_description --target install -- -j32 -l32
[0.506s] Level 1:colcon.colcon_core.environment:create_environment_scripts_only(inference_webcam)
[0.519s] DEBUG:colcon.colcon_core.event_handler.log_command:Invoked command in '/workspace/ros2_ws/build/inference_webcam' returned '0': CMAKE_PREFIX_PATH=${CMAKE_PREFIX_PATH}:/opt/ros/eloquent /usr/bin/cmake --build /workspace/ros2_ws/build/inference_webcam --target install -- -j32 -l32
[0.522s] Level 1:colcon.colcon_core.environment:checking '/workspace/ros2_ws/install/inference_webcam' for CMake module files
[0.523s] Level 1:colcon.colcon_core.environment:checking '/workspace/ros2_ws/install/inference_webcam' for CMake config files
[0.525s] Level 1:colcon.colcon_core.shell:create_environment_hook('inference_webcam', 'cmake_prefix_path')
[0.525s] INFO:colcon.colcon_core.shell:Creating environment hook '/workspace/ros2_ws/install/inference_webcam/share/inference_webcam/hook/cmake_prefix_path.ps1'
[0.526s] INFO:colcon.colcon_core.shell:Creating environment descriptor '/workspace/ros2_ws/install/inference_webcam/share/inference_webcam/hook/cmake_prefix_path.dsv'
[0.527s] INFO:colcon.colcon_core.shell:Creating environment hook '/workspace/ros2_ws/install/inference_webcam/share/inference_webcam/hook/cmake_prefix_path.sh'
[0.528s] Level 1:colcon.colcon_core.environment:checking '/workspace/ros2_ws/install/inference_webcam/lib'
[0.528s] Level 1:colcon.colcon_core.environment:checking '/workspace/ros2_ws/install/inference_webcam/bin'
[0.528s] Level 1:colcon.colcon_core.environment:checking '/workspace/ros2_ws/install/inference_webcam/lib/pkgconfig/inference_webcam.pc'
[0.528s] Level 1:colcon.colcon_core.environment:checking '/workspace/ros2_ws/install/inference_webcam/lib/python3.6/site-packages'
[0.528s] Level 1:colcon.colcon_core.environment:checking '/workspace/ros2_ws/install/inference_webcam/bin'
[0.529s] INFO:colcon.colcon_core.shell:Creating package script '/workspace/ros2_ws/install/inference_webcam/share/inference_webcam/package.ps1'
[0.530s] INFO:colcon.colcon_core.shell:Creating package descriptor '/workspace/ros2_ws/install/inference_webcam/share/inference_webcam/package.dsv'
[0.530s] INFO:colcon.colcon_core.shell:Creating package script '/workspace/ros2_ws/install/inference_webcam/share/inference_webcam/package.sh'
[0.531s] INFO:colcon.colcon_core.shell:Creating package script '/workspace/ros2_ws/install/inference_webcam/share/inference_webcam/package.bash'
[0.532s] INFO:colcon.colcon_core.shell:Creating package script '/workspace/ros2_ws/install/inference_webcam/share/inference_webcam/package.zsh'
[0.533s] Level 1:colcon.colcon_core.environment:create_file_with_runtime_dependencies(/workspace/ros2_ws/install/inference_webcam/share/colcon-core/packages/inference_webcam)
[0.537s] Level 1:colcon.colcon_core.environment:create_environment_scripts_only(mesh_description)
[0.538s] Level 1:colcon.colcon_core.environment:checking '/workspace/ros2_ws/install/mesh_description' for CMake module files
[0.538s] DEBUG:colcon.colcon_core.event_handler.log_command:Invoked command in '/workspace/ros2_ws/build/mesh_description' returned '0': CMAKE_PREFIX_PATH=${CMAKE_PREFIX_PATH}:/opt/ros/eloquent /usr/bin/cmake --build /workspace/ros2_ws/build/mesh_description --target install -- -j32 -l32
[0.540s] Level 1:colcon.colcon_core.environment:checking '/workspace/ros2_ws/install/mesh_description' for CMake config files
[0.541s] Level 1:colcon.colcon_core.shell:create_environment_hook('mesh_description', 'cmake_prefix_path')
[0.541s] INFO:colcon.colcon_core.shell:Creating environment hook '/workspace/ros2_ws/install/mesh_description/share/mesh_description/hook/cmake_prefix_path.ps1'
[0.542s] INFO:colcon.colcon_core.shell:Creating environment descriptor '/workspace/ros2_ws/install/mesh_description/share/mesh_description/hook/cmake_prefix_path.dsv'
[0.542s] INFO:colcon.colcon_core.shell:Creating environment hook '/workspace/ros2_ws/install/mesh_description/share/mesh_description/hook/cmake_prefix_path.sh'
[0.543s] Level 1:colcon.colcon_core.environment:checking '/workspace/ros2_ws/install/mesh_description/bin'
[0.543s] Level 1:colcon.colcon_core.environment:checking '/workspace/ros2_ws/install/mesh_description/lib/pkgconfig/mesh_description.pc'
[0.543s] Level 1:colcon.colcon_core.environment:checking '/workspace/ros2_ws/install/mesh_description/lib/python3.6/site-packages'
[0.543s] Level 1:colcon.colcon_core.environment:checking '/workspace/ros2_ws/install/mesh_description/bin'
[0.543s] INFO:colcon.colcon_core.shell:Creating package script '/workspace/ros2_ws/install/mesh_description/share/mesh_description/package.ps1'
[0.544s] INFO:colcon.colcon_core.shell:Creating package descriptor '/workspace/ros2_ws/install/mesh_description/share/mesh_description/package.dsv'
[0.544s] INFO:colcon.colcon_core.shell:Creating package script '/workspace/ros2_ws/install/mesh_description/share/mesh_description/package.sh'
[0.544s] INFO:colcon.colcon_core.shell:Creating package script '/workspace/ros2_ws/install/mesh_description/share/mesh_description/package.bash'
[0.544s] INFO:colcon.colcon_core.shell:Creating package script '/workspace/ros2_ws/install/mesh_description/share/mesh_description/package.zsh'
[0.544s] Level 1:colcon.colcon_core.environment:create_file_with_runtime_dependencies(/workspace/ros2_ws/install/mesh_description/share/colcon-core/packages/mesh_description)
[0.548s] Level 1:colcon.colcon_core.environment:create_environment_scripts_only(camera_reader)
[0.548s] Level 1:colcon.colcon_core.environment:checking '/workspace/ros2_ws/install/camera_reader' for CMake module files
[0.549s] DEBUG:colcon.colcon_core.event_handler.log_command:Invoked command in '/workspace/ros2_ws/build/camera_reader' returned '0': CMAKE_PREFIX_PATH=${CMAKE_PREFIX_PATH}:/opt/ros/eloquent /usr/bin/cmake --build /workspace/ros2_ws/build/camera_reader --target install -- -j32 -l32
[0.549s] Level 1:colcon.colcon_core.environment:checking '/workspace/ros2_ws/install/camera_reader' for CMake config files
[0.549s] Level 1:colcon.colcon_core.shell:create_environment_hook('camera_reader', 'cmake_prefix_path')
[0.549s] INFO:colcon.colcon_core.shell:Creating environment hook '/workspace/ros2_ws/install/camera_reader/share/camera_reader/hook/cmake_prefix_path.ps1'
[0.550s] INFO:colcon.colcon_core.shell:Creating environment descriptor '/workspace/ros2_ws/install/camera_reader/share/camera_reader/hook/cmake_prefix_path.dsv'
[0.550s] INFO:colcon.colcon_core.shell:Creating environment hook '/workspace/ros2_ws/install/camera_reader/share/camera_reader/hook/cmake_prefix_path.sh'
[0.551s] Level 1:colcon.colcon_core.environment:checking '/workspace/ros2_ws/install/camera_reader/lib'
[0.551s] Level 1:colcon.colcon_core.environment:checking '/workspace/ros2_ws/install/camera_reader/bin'
[0.551s] Level 1:colcon.colcon_core.environment:checking '/workspace/ros2_ws/install/camera_reader/lib/pkgconfig/camera_reader.pc'
[0.551s] Level 1:colcon.colcon_core.environment:checking '/workspace/ros2_ws/install/camera_reader/lib/python3.6/site-packages'
[0.551s] Level 1:colcon.colcon_core.environment:checking '/workspace/ros2_ws/install/camera_reader/bin'
[0.551s] INFO:colcon.colcon_core.shell:Creating package script '/workspace/ros2_ws/install/camera_reader/share/camera_reader/package.ps1'
[0.551s] INFO:colcon.colcon_core.shell:Creating package descriptor '/workspace/ros2_ws/install/camera_reader/share/camera_reader/package.dsv'
[0.552s] INFO:colcon.colcon_core.shell:Creating package script '/workspace/ros2_ws/install/camera_reader/share/camera_reader/package.sh'
[0.552s] INFO:colcon.colcon_core.shell:Creating package script '/workspace/ros2_ws/install/camera_reader/share/camera_reader/package.bash'
[0.552s] INFO:colcon.colcon_core.shell:Creating package script '/workspace/ros2_ws/install/camera_reader/share/camera_reader/package.zsh'
[0.552s] Level 1:colcon.colcon_core.environment:create_file_with_runtime_dependencies(/workspace/ros2_ws/install/camera_reader/share/colcon-core/packages/camera_reader)
[0.558s] Level 1:colcon.colcon_core.environment:create_environment_scripts_only(inference_webcam)
[0.558s] Level 1:colcon.colcon_core.environment:checking '/workspace/ros2_ws/install/inference_webcam' for CMake module files
[0.559s] Level 1:colcon.colcon_core.environment:checking '/workspace/ros2_ws/install/inference_webcam' for CMake config files
[0.561s] Level 1:colcon.colcon_core.shell:create_environment_hook('inference_webcam', 'cmake_prefix_path')
[0.561s] INFO:colcon.colcon_core.shell:Creating environment hook '/workspace/ros2_ws/install/inference_webcam/share/inference_webcam/hook/cmake_prefix_path.ps1'
[0.562s] INFO:colcon.colcon_core.shell:Creating environment descriptor '/workspace/ros2_ws/install/inference_webcam/share/inference_webcam/hook/cmake_prefix_path.dsv'
[0.562s] INFO:colcon.colcon_core.shell:Creating environment hook '/workspace/ros2_ws/install/inference_webcam/share/inference_webcam/hook/cmake_prefix_path.sh'
[0.563s] Level 1:colcon.colcon_core.environment:checking '/workspace/ros2_ws/install/inference_webcam/lib'
[0.563s] Level 1:colcon.colcon_core.environment:checking '/workspace/ros2_ws/install/inference_webcam/bin'
[0.563s] Level 1:colcon.colcon_core.environment:checking '/workspace/ros2_ws/install/inference_webcam/lib/pkgconfig/inference_webcam.pc'
[0.564s] Level 1:colcon.colcon_core.environment:checking '/workspace/ros2_ws/install/inference_webcam/lib/python3.6/site-packages'
[0.564s] Level 1:colcon.colcon_core.environment:checking '/workspace/ros2_ws/install/inference_webcam/bin'
[0.564s] INFO:colcon.colcon_core.shell:Creating package script '/workspace/ros2_ws/install/inference_webcam/share/inference_webcam/package.ps1'
[0.565s] INFO:colcon.colcon_core.shell:Creating package descriptor '/workspace/ros2_ws/install/inference_webcam/share/inference_webcam/package.dsv'
[0.565s] INFO:colcon.colcon_core.shell:Creating package script '/workspace/ros2_ws/install/inference_webcam/share/inference_webcam/package.sh'
[0.565s] INFO:colcon.colcon_core.shell:Creating package script '/workspace/ros2_ws/install/inference_webcam/share/inference_webcam/package.bash'
[0.566s] INFO:colcon.colcon_core.shell:Creating package script '/workspace/ros2_ws/install/inference_webcam/share/inference_webcam/package.zsh'
[0.566s] Level 1:colcon.colcon_core.environment:create_file_with_runtime_dependencies(/workspace/ros2_ws/install/inference_webcam/share/colcon-core/packages/inference_webcam)
[0.568s] Level 1:colcon.colcon_core.environment:create_environment_scripts_only(mesh_description)
[0.568s] Level 1:colcon.colcon_core.environment:checking '/workspace/ros2_ws/install/mesh_description' for CMake module files
[0.569s] Level 1:colcon.colcon_core.environment:checking '/workspace/ros2_ws/install/mesh_description' for CMake config files
[0.569s] Level 1:colcon.colcon_core.shell:create_environment_hook('mesh_description', 'cmake_prefix_path')
[0.569s] INFO:colcon.colcon_core.shell:Creating environment hook '/workspace/ros2_ws/install/mesh_description/share/mesh_description/hook/cmake_prefix_path.ps1'
[0.570s] INFO:colcon.colcon_core.shell:Creating environment descriptor '/workspace/ros2_ws/install/mesh_description/share/mesh_description/hook/cmake_prefix_path.dsv'
[0.570s] INFO:colcon.colcon_core.shell:Creating environment hook '/workspace/ros2_ws/install/mesh_description/share/mesh_description/hook/cmake_prefix_path.sh'
[0.570s] Level 1:colcon.colcon_core.environment:checking '/workspace/ros2_ws/install/mesh_description/bin'
[0.571s] Level 1:colcon.colcon_core.environment:checking '/workspace/ros2_ws/install/mesh_description/lib/pkgconfig/mesh_description.pc'
[0.571s] Level 1:colcon.colcon_core.environment:checking '/workspace/ros2_ws/install/mesh_description/lib/python3.6/site-packages'
[0.571s] Level 1:colcon.colcon_core.environment:checking '/workspace/ros2_ws/install/mesh_description/bin'
[0.571s] INFO:colcon.colcon_core.shell:Creating package script '/workspace/ros2_ws/install/mesh_description/share/mesh_description/package.ps1'
[0.571s] INFO:colcon.colcon_core.shell:Creating package descriptor '/workspace/ros2_ws/install/mesh_description/share/mesh_description/package.dsv'
[0.572s] INFO:colcon.colcon_core.shell:Creating package script '/workspace/ros2_ws/install/mesh_description/share/mesh_description/package.sh'
[0.572s] INFO:colcon.colcon_core.shell:Creating package script '/workspace/ros2_ws/install/mesh_description/share/mesh_description/package.bash'
[0.572s] INFO:colcon.colcon_core.shell:Creating package script '/workspace/ros2_ws/install/mesh_description/share/mesh_description/package.zsh'
[0.572s] Level 1:colcon.colcon_core.environment:create_file_with_runtime_dependencies(/workspace/ros2_ws/install/mesh_description/share/colcon-core/packages/mesh_description)
[0.574s] DEBUG:colcon.colcon_core.event_handler.log_command:Invoked command in '/workspace/ros2_ws/build/rosbridge_msgs' returned '0': CMAKE_PREFIX_PATH=${CMAKE_PREFIX_PATH}:/opt/ros/eloquent /usr/bin/cmake --build /workspace/ros2_ws/build/rosbridge_msgs -- -j32 -l32
[0.577s] Level 1:colcon.colcon_core.environment:create_environment_scripts_only(camera_reader)
[0.578s] Level 1:colcon.colcon_core.environment:checking '/workspace/ros2_ws/install/camera_reader' for CMake module files
[0.578s] Level 1:colcon.colcon_core.environment:checking '/workspace/ros2_ws/install/camera_reader' for CMake config files
[0.578s] Level 1:colcon.colcon_core.shell:create_environment_hook('camera_reader', 'cmake_prefix_path')
[0.578s] INFO:colcon.colcon_core.shell:Creating environment hook '/workspace/ros2_ws/install/camera_reader/share/camera_reader/hook/cmake_prefix_path.ps1'
[0.579s] INFO:colcon.colcon_core.shell:Creating environment descriptor '/workspace/ros2_ws/install/camera_reader/share/camera_reader/hook/cmake_prefix_path.dsv'
[0.579s] INFO:colcon.colcon_core.shell:Creating environment hook '/workspace/ros2_ws/install/camera_reader/share/camera_reader/hook/cmake_prefix_path.sh'
[0.579s] Level 1:colcon.colcon_core.environment:checking '/workspace/ros2_ws/install/camera_reader/lib'
[0.579s] Level 1:colcon.colcon_core.environment:checking '/workspace/ros2_ws/install/camera_reader/bin'
[0.580s] Level 1:colcon.colcon_core.environment:checking '/workspace/ros2_ws/install/camera_reader/lib/pkgconfig/camera_reader.pc'
[0.580s] Level 1:colcon.colcon_core.environment:checking '/workspace/ros2_ws/install/camera_reader/lib/python3.6/site-packages'
[0.580s] Level 1:colcon.colcon_core.environment:checking '/workspace/ros2_ws/install/camera_reader/bin'
[0.580s] INFO:colcon.colcon_core.shell:Creating package script '/workspace/ros2_ws/install/camera_reader/share/camera_reader/package.ps1'
[0.580s] INFO:colcon.colcon_core.shell:Creating package descriptor '/workspace/ros2_ws/install/camera_reader/share/camera_reader/package.dsv'
[0.581s] INFO:colcon.colcon_core.shell:Creating package script '/workspace/ros2_ws/install/camera_reader/share/camera_reader/package.sh'
[0.581s] INFO:colcon.colcon_core.shell:Creating package script '/workspace/ros2_ws/install/camera_reader/share/camera_reader/package.bash'
[0.581s] INFO:colcon.colcon_core.shell:Creating package script '/workspace/ros2_ws/install/camera_reader/share/camera_reader/package.zsh'
[0.582s] Level 1:colcon.colcon_core.environment:create_file_with_runtime_dependencies(/workspace/ros2_ws/install/camera_reader/share/colcon-core/packages/camera_reader)
[0.634s] DEBUG:colcon.colcon_core.event_handler.log_command:Invoked command in '/workspace/ros2_ws/build/rosapi_msgs' returned '0': CMAKE_PREFIX_PATH=${CMAKE_PREFIX_PATH}:/opt/ros/eloquent /usr/bin/cmake --build /workspace/ros2_ws/build/rosapi_msgs -- -j32 -l32
[0.657s] DEBUG:colcon.colcon_core.event_handler.log_command:Invoking command in '/workspace/ros2_ws/build/rosbridge_msgs': CMAKE_PREFIX_PATH=${CMAKE_PREFIX_PATH}:/opt/ros/eloquent /usr/bin/cmake --build /workspace/ros2_ws/build/rosbridge_msgs --target install -- -j32 -l32
[0.663s] DEBUG:colcon.colcon_core.event_handler.log_command:Invoked command in '/workspace/ros2_ws/build/rosbridge_test_msgs' returned '0': CMAKE_PREFIX_PATH=${CMAKE_PREFIX_PATH}:/opt/ros/eloquent /usr/bin/cmake --build /workspace/ros2_ws/build/rosbridge_test_msgs -- -j32 -l32
[0.946s] Level 1:colcon.colcon_core.environment:create_environment_scripts_only(rosbridge_msgs)
[0.947s] Level 1:colcon.colcon_core.environment:checking '/workspace/ros2_ws/install/rosbridge_msgs' for CMake module files
[0.947s] DEBUG:colcon.colcon_core.event_handler.log_command:Invoked command in '/workspace/ros2_ws/build/rosbridge_msgs' returned '0': CMAKE_PREFIX_PATH=${CMAKE_PREFIX_PATH}:/opt/ros/eloquent /usr/bin/cmake --build /workspace/ros2_ws/build/rosbridge_msgs --target install -- -j32 -l32
[0.947s] Level 1:colcon.colcon_core.environment:checking '/workspace/ros2_ws/install/rosbridge_msgs' for CMake config files
[0.947s] Level 1:colcon.colcon_core.shell:create_environment_hook('rosbridge_msgs', 'cmake_prefix_path')
[0.947s] INFO:colcon.colcon_core.shell:Creating environment hook '/workspace/ros2_ws/install/rosbridge_msgs/share/rosbridge_msgs/hook/cmake_prefix_path.ps1'
[0.948s] INFO:colcon.colcon_core.shell:Creating environment descriptor '/workspace/ros2_ws/install/rosbridge_msgs/share/rosbridge_msgs/hook/cmake_prefix_path.dsv'
[0.948s] INFO:colcon.colcon_core.shell:Creating environment hook '/workspace/ros2_ws/install/rosbridge_msgs/share/rosbridge_msgs/hook/cmake_prefix_path.sh'
[0.949s] Level 1:colcon.colcon_core.environment:checking '/workspace/ros2_ws/install/rosbridge_msgs/lib'
[0.949s] Level 1:colcon.colcon_core.shell:create_environment_hook('rosbridge_msgs', 'ld_library_path_lib')
[0.949s] INFO:colcon.colcon_core.shell:Creating environment hook '/workspace/ros2_ws/install/rosbridge_msgs/share/rosbridge_msgs/hook/ld_library_path_lib.ps1'
[0.949s] INFO:colcon.colcon_core.shell:Creating environment descriptor '/workspace/ros2_ws/install/rosbridge_msgs/share/rosbridge_msgs/hook/ld_library_path_lib.dsv'
[0.949s] INFO:colcon.colcon_core.shell:Creating environment hook '/workspace/ros2_ws/install/rosbridge_msgs/share/rosbridge_msgs/hook/ld_library_path_lib.sh'
[0.950s] Level 1:colcon.colcon_core.environment:checking '/workspace/ros2_ws/install/rosbridge_msgs/bin'
[0.950s] Level 1:colcon.colcon_core.environment:checking '/workspace/ros2_ws/install/rosbridge_msgs/lib/pkgconfig/rosbridge_msgs.pc'
[0.950s] Level 1:colcon.colcon_core.environment:checking '/workspace/ros2_ws/install/rosbridge_msgs/lib/python3.6/site-packages'
[0.950s] Level 1:colcon.colcon_core.shell:create_environment_hook('rosbridge_msgs', 'pythonpath')
[0.950s] INFO:colcon.colcon_core.shell:Creating environment hook '/workspace/ros2_ws/install/rosbridge_msgs/share/rosbridge_msgs/hook/pythonpath.ps1'
[0.950s] INFO:colcon.colcon_core.shell:Creating environment descriptor '/workspace/ros2_ws/install/rosbridge_msgs/share/rosbridge_msgs/hook/pythonpath.dsv'
[0.950s] INFO:colcon.colcon_core.shell:Creating environment hook '/workspace/ros2_ws/install/rosbridge_msgs/share/rosbridge_msgs/hook/pythonpath.sh'
[0.951s] Level 1:colcon.colcon_core.environment:checking '/workspace/ros2_ws/install/rosbridge_msgs/bin'
[0.951s] INFO:colcon.colcon_core.shell:Creating package script '/workspace/ros2_ws/install/rosbridge_msgs/share/rosbridge_msgs/package.ps1'
[0.951s] INFO:colcon.colcon_core.shell:Creating package descriptor '/workspace/ros2_ws/install/rosbridge_msgs/share/rosbridge_msgs/package.dsv'
[0.952s] INFO:colcon.colcon_core.shell:Creating package script '/workspace/ros2_ws/install/rosbridge_msgs/share/rosbridge_msgs/package.sh'
[0.952s] INFO:colcon.colcon_core.shell:Creating package script '/workspace/ros2_ws/install/rosbridge_msgs/share/rosbridge_msgs/package.bash'
[0.952s] INFO:colcon.colcon_core.shell:Creating package script '/workspace/ros2_ws/install/rosbridge_msgs/share/rosbridge_msgs/package.zsh'
[0.952s] Level 1:colcon.colcon_core.environment:create_file_with_runtime_dependencies(/workspace/ros2_ws/install/rosbridge_msgs/share/colcon-core/packages/rosbridge_msgs)
[1.033s] Level 1:colcon.colcon_core.environment:create_environment_scripts_only(rosbridge_msgs)
[1.034s] Level 1:colcon.colcon_core.environment:checking '/workspace/ros2_ws/install/rosbridge_msgs' for CMake module files
[1.034s] Level 1:colcon.colcon_core.environment:checking '/workspace/ros2_ws/install/rosbridge_msgs' for CMake config files
[1.034s] Level 1:colcon.colcon_core.shell:create_environment_hook('rosbridge_msgs', 'cmake_prefix_path')
[1.034s] INFO:colcon.colcon_core.shell:Creating environment hook '/workspace/ros2_ws/install/rosbridge_msgs/share/rosbridge_msgs/hook/cmake_prefix_path.ps1'
[1.035s] INFO:colcon.colcon_core.shell:Creating environment descriptor '/workspace/ros2_ws/install/rosbridge_msgs/share/rosbridge_msgs/hook/cmake_prefix_path.dsv'
[1.035s] INFO:colcon.colcon_core.shell:Creating environment hook '/workspace/ros2_ws/install/rosbridge_msgs/share/rosbridge_msgs/hook/cmake_prefix_path.sh'
[1.035s] Level 1:colcon.colcon_core.environment:checking '/workspace/ros2_ws/install/rosbridge_msgs/lib'
[1.035s] Level 1:colcon.colcon_core.shell:create_environment_hook('rosbridge_msgs', 'ld_library_path_lib')
[1.036s] INFO:colcon.colcon_core.shell:Creating environment hook '/workspace/ros2_ws/install/rosbridge_msgs/share/rosbridge_msgs/hook/ld_library_path_lib.ps1'
[1.036s] INFO:colcon.colcon_core.shell:Creating environment descriptor '/workspace/ros2_ws/install/rosbridge_msgs/share/rosbridge_msgs/hook/ld_library_path_lib.dsv'
[1.036s] INFO:colcon.colcon_core.shell:Creating environment hook '/workspace/ros2_ws/install/rosbridge_msgs/share/rosbridge_msgs/hook/ld_library_path_lib.sh'
[1.036s] Level 1:colcon.colcon_core.environment:checking '/workspace/ros2_ws/install/rosbridge_msgs/bin'
[1.036s] Level 1:colcon.colcon_core.environment:checking '/workspace/ros2_ws/install/rosbridge_msgs/lib/pkgconfig/rosbridge_msgs.pc'
[1.036s] Level 1:colcon.colcon_core.environment:checking '/workspace/ros2_ws/install/rosbridge_msgs/lib/python3.6/site-packages'
[1.037s] Level 1:colcon.colcon_core.shell:create_environment_hook('rosbridge_msgs', 'pythonpath')
[1.037s] INFO:colcon.colcon_core.shell:Creating environment hook '/workspace/ros2_ws/install/rosbridge_msgs/share/rosbridge_msgs/hook/pythonpath.ps1'
[1.037s] INFO:colcon.colcon_core.shell:Creating environment descriptor '/workspace/ros2_ws/install/rosbridge_msgs/share/rosbridge_msgs/hook/pythonpath.dsv'
[1.037s] INFO:colcon.colcon_core.shell:Creating environment hook '/workspace/ros2_ws/install/rosbridge_msgs/share/rosbridge_msgs/hook/pythonpath.sh'
[1.037s] Level 1:colcon.colcon_core.environment:checking '/workspace/ros2_ws/install/rosbridge_msgs/bin'
[1.038s] INFO:colcon.colcon_core.shell:Creating package script '/workspace/ros2_ws/install/rosbridge_msgs/share/rosbridge_msgs/package.ps1'
[1.038s] INFO:colcon.colcon_core.shell:Creating package descriptor '/workspace/ros2_ws/install/rosbridge_msgs/share/rosbridge_msgs/package.dsv'
[1.038s] INFO:colcon.colcon_core.shell:Creating package script '/workspace/ros2_ws/install/rosbridge_msgs/share/rosbridge_msgs/package.sh'
[1.039s] INFO:colcon.colcon_core.shell:Creating package script '/workspace/ros2_ws/install/rosbridge_msgs/share/rosbridge_msgs/package.bash'
[1.039s] INFO:colcon.colcon_core.shell:Creating package script '/workspace/ros2_ws/install/rosbridge_msgs/share/rosbridge_msgs/package.zsh'
[1.039s] Level 1:colcon.colcon_core.environment:create_file_with_runtime_dependencies(/workspace/ros2_ws/install/rosbridge_msgs/share/colcon-core/packages/rosbridge_msgs)
[1.178s] DEBUG:colcon.colcon_core.event_handler.log_command:Invoking command in '/workspace/ros2_ws/build/rosapi_msgs': CMAKE_PREFIX_PATH=${CMAKE_PREFIX_PATH}:/opt/ros/eloquent /usr/bin/cmake --build /workspace/ros2_ws/build/rosapi_msgs --target install -- -j32 -l32
[1.299s] DEBUG:colcon.colcon_core.event_handler.log_command:Invoking command in '/workspace/ros2_ws/build/rosbridge_test_msgs': CMAKE_PREFIX_PATH=${CMAKE_PREFIX_PATH}:/opt/ros/eloquent /usr/bin/cmake --build /workspace/ros2_ws/build/rosbridge_test_msgs --target install -- -j32 -l32
[1.514s] Level 1:colcon.colcon_core.environment:create_environment_scripts_only(rosapi_msgs)
[1.514s] DEBUG:colcon.colcon_core.event_handler.log_command:Invoked command in '/workspace/ros2_ws/build/rosapi_msgs' returned '0': CMAKE_PREFIX_PATH=${CMAKE_PREFIX_PATH}:/opt/ros/eloquent /usr/bin/cmake --build /workspace/ros2_ws/build/rosapi_msgs --target install -- -j32 -l32
[1.514s] Level 1:colcon.colcon_core.environment:checking '/workspace/ros2_ws/install/rosapi_msgs' for CMake module files
[1.515s] Level 1:colcon.colcon_core.environment:checking '/workspace/ros2_ws/install/rosapi_msgs' for CMake config files
[1.515s] Level 1:colcon.colcon_core.shell:create_environment_hook('rosapi_msgs', 'cmake_prefix_path')
[1.515s] INFO:colcon.colcon_core.shell:Creating environment hook '/workspace/ros2_ws/install/rosapi_msgs/share/rosapi_msgs/hook/cmake_prefix_path.ps1'
[1.515s] INFO:colcon.colcon_core.shell:Creating environment descriptor '/workspace/ros2_ws/install/rosapi_msgs/share/rosapi_msgs/hook/cmake_prefix_path.dsv'
[1.516s] INFO:colcon.colcon_core.shell:Creating environment hook '/workspace/ros2_ws/install/rosapi_msgs/share/rosapi_msgs/hook/cmake_prefix_path.sh'
[1.516s] Level 1:colcon.colcon_core.environment:checking '/workspace/ros2_ws/install/rosapi_msgs/lib'
[1.516s] Level 1:colcon.colcon_core.shell:create_environment_hook('rosapi_msgs', 'ld_library_path_lib')
[1.517s] INFO:colcon.colcon_core.shell:Creating environment hook '/workspace/ros2_ws/install/rosapi_msgs/share/rosapi_msgs/hook/ld_library_path_lib.ps1'
[1.517s] INFO:colcon.colcon_core.shell:Creating environment descriptor '/workspace/ros2_ws/install/rosapi_msgs/share/rosapi_msgs/hook/ld_library_path_lib.dsv'
[1.517s] INFO:colcon.colcon_core.shell:Creating environment hook '/workspace/ros2_ws/install/rosapi_msgs/share/rosapi_msgs/hook/ld_library_path_lib.sh'
[1.517s] Level 1:colcon.colcon_core.environment:checking '/workspace/ros2_ws/install/rosapi_msgs/bin'
[1.517s] Level 1:colcon.colcon_core.environment:checking '/workspace/ros2_ws/install/rosapi_msgs/lib/pkgconfig/rosapi_msgs.pc'
[1.517s] Level 1:colcon.colcon_core.environment:checking '/workspace/ros2_ws/install/rosapi_msgs/lib/python3.6/site-packages'
[1.517s] Level 1:colcon.colcon_core.shell:create_environment_hook('rosapi_msgs', 'pythonpath')
[1.518s] INFO:colcon.colcon_core.shell:Creating environment hook '/workspace/ros2_ws/install/rosapi_msgs/share/rosapi_msgs/hook/pythonpath.ps1'
[1.518s] INFO:colcon.colcon_core.shell:Creating environment descriptor '/workspace/ros2_ws/install/rosapi_msgs/share/rosapi_msgs/hook/pythonpath.dsv'
[1.518s] INFO:colcon.colcon_core.shell:Creating environment hook '/workspace/ros2_ws/install/rosapi_msgs/share/rosapi_msgs/hook/pythonpath.sh'
[1.518s] Level 1:colcon.colcon_core.environment:checking '/workspace/ros2_ws/install/rosapi_msgs/bin'
[1.518s] INFO:colcon.colcon_core.shell:Creating package script '/workspace/ros2_ws/install/rosapi_msgs/share/rosapi_msgs/package.ps1'
[1.519s] INFO:colcon.colcon_core.shell:Creating package descriptor '/workspace/ros2_ws/install/rosapi_msgs/share/rosapi_msgs/package.dsv'
[1.519s] INFO:colcon.colcon_core.shell:Creating package script '/workspace/ros2_ws/install/rosapi_msgs/share/rosapi_msgs/package.sh'
[1.519s] INFO:colcon.colcon_core.shell:Creating package script '/workspace/ros2_ws/install/rosapi_msgs/share/rosapi_msgs/package.bash'
[1.520s] INFO:colcon.colcon_core.shell:Creating package script '/workspace/ros2_ws/install/rosapi_msgs/share/rosapi_msgs/package.zsh'
[1.520s] Level 1:colcon.colcon_core.environment:create_file_with_runtime_dependencies(/workspace/ros2_ws/install/rosapi_msgs/share/colcon-core/packages/rosapi_msgs)
[1.681s] Level 1:colcon.colcon_core.environment:create_environment_scripts_only(rosbridge_test_msgs)
[1.681s] Level 1:colcon.colcon_core.environment:checking '/workspace/ros2_ws/install/rosbridge_test_msgs' for CMake module files
[1.682s] DEBUG:colcon.colcon_core.event_handler.log_command:Invoked command in '/workspace/ros2_ws/build/rosbridge_test_msgs' returned '0': CMAKE_PREFIX_PATH=${CMAKE_PREFIX_PATH}:/opt/ros/eloquent /usr/bin/cmake --build /workspace/ros2_ws/build/rosbridge_test_msgs --target install -- -j32 -l32
[1.682s] Level 1:colcon.colcon_core.environment:checking '/workspace/ros2_ws/install/rosbridge_test_msgs' for CMake config files
[1.683s] Level 1:colcon.colcon_core.shell:create_environment_hook('rosbridge_test_msgs', 'cmake_prefix_path')
[1.683s] INFO:colcon.colcon_core.shell:Creating environment hook '/workspace/ros2_ws/install/rosbridge_test_msgs/share/rosbridge_test_msgs/hook/cmake_prefix_path.ps1'
[1.683s] INFO:colcon.colcon_core.shell:Creating environment descriptor '/workspace/ros2_ws/install/rosbridge_test_msgs/share/rosbridge_test_msgs/hook/cmake_prefix_path.dsv'
[1.683s] INFO:colcon.colcon_core.shell:Creating environment hook '/workspace/ros2_ws/install/rosbridge_test_msgs/share/rosbridge_test_msgs/hook/cmake_prefix_path.sh'
[1.684s] Level 1:colcon.colcon_core.environment:checking '/workspace/ros2_ws/install/rosbridge_test_msgs/lib'
[1.684s] Level 1:colcon.colcon_core.shell:create_environment_hook('rosbridge_test_msgs', 'ld_library_path_lib')
[1.684s] INFO:colcon.colcon_core.shell:Creating environment hook '/workspace/ros2_ws/install/rosbridge_test_msgs/share/rosbridge_test_msgs/hook/ld_library_path_lib.ps1'
[1.684s] INFO:colcon.colcon_core.shell:Creating environment descriptor '/workspace/ros2_ws/install/rosbridge_test_msgs/share/rosbridge_test_msgs/hook/ld_library_path_lib.dsv'
[1.685s] INFO:colcon.colcon_core.shell:Creating environment hook '/workspace/ros2_ws/install/rosbridge_test_msgs/share/rosbridge_test_msgs/hook/ld_library_path_lib.sh'
[1.685s] Level 1:colcon.colcon_core.environment:checking '/workspace/ros2_ws/install/rosbridge_test_msgs/bin'
[1.685s] Level 1:colcon.colcon_core.environment:checking '/workspace/ros2_ws/install/rosbridge_test_msgs/lib/pkgconfig/rosbridge_test_msgs.pc'
[1.685s] Level 1:colcon.colcon_core.environment:checking '/workspace/ros2_ws/install/rosbridge_test_msgs/lib/python3.6/site-packages'
[1.685s] Level 1:colcon.colcon_core.shell:create_environment_hook('rosbridge_test_msgs', 'pythonpath')
[1.685s] INFO:colcon.colcon_core.shell:Creating environment hook '/workspace/ros2_ws/install/rosbridge_test_msgs/share/rosbridge_test_msgs/hook/pythonpath.ps1'
[1.685s] INFO:colcon.colcon_core.shell:Creating environment descriptor '/workspace/ros2_ws/install/rosbridge_test_msgs/share/rosbridge_test_msgs/hook/pythonpath.dsv'
[1.686s] INFO:colcon.colcon_core.shell:Creating environment hook '/workspace/ros2_ws/install/rosbridge_test_msgs/share/rosbridge_test_msgs/hook/pythonpath.sh'
[1.686s] Level 1:colcon.colcon_core.environment:checking '/workspace/ros2_ws/install/rosbridge_test_msgs/bin'
[1.686s] INFO:colcon.colcon_core.shell:Creating package script '/workspace/ros2_ws/install/rosbridge_test_msgs/share/rosbridge_test_msgs/package.ps1'
[1.687s] INFO:colcon.colcon_core.shell:Creating package descriptor '/workspace/ros2_ws/install/rosbridge_test_msgs/share/rosbridge_test_msgs/package.dsv'
[1.687s] INFO:colcon.colcon_core.shell:Creating package script '/workspace/ros2_ws/install/rosbridge_test_msgs/share/rosbridge_test_msgs/package.sh'
[1.687s] INFO:colcon.colcon_core.shell:Creating package script '/workspace/ros2_ws/install/rosbridge_test_msgs/share/rosbridge_test_msgs/package.bash'
[1.687s] INFO:colcon.colcon_core.shell:Creating package script '/workspace/ros2_ws/install/rosbridge_test_msgs/share/rosbridge_test_msgs/package.zsh'
[1.687s] Level 1:colcon.colcon_core.environment:create_file_with_runtime_dependencies(/workspace/ros2_ws/install/rosbridge_test_msgs/share/colcon-core/packages/rosbridge_test_msgs)
[1.754s] DEBUG:colcon.colcon_core.event_handler.log_command:Invoked command in '/workspace/ros2_ws/build/camera_testing' returned '2': CMAKE_PREFIX_PATH=${CMAKE_PREFIX_PATH}:/opt/ros/eloquent /usr/bin/cmake --build /workspace/ros2_ws/build/camera_testing -- -j32 -l32
[1.783s] Level 1:colcon.colcon_core.environment:create_environment_scripts_only(camera_testing)
[1.783s] Level 1:colcon.colcon_core.environment:checking '/workspace/ros2_ws/install/camera_testing' for CMake module files
[1.784s] Level 1:colcon.colcon_core.environment:checking '/workspace/ros2_ws/install/camera_testing' for CMake config files
[1.784s] Level 1:colcon.colcon_core.shell:create_environment_hook('camera_testing', 'cmake_prefix_path')
[1.784s] INFO:colcon.colcon_core.shell:Creating environment hook '/workspace/ros2_ws/install/camera_testing/share/camera_testing/hook/cmake_prefix_path.ps1'
[1.784s] INFO:colcon.colcon_core.shell:Creating environment descriptor '/workspace/ros2_ws/install/camera_testing/share/camera_testing/hook/cmake_prefix_path.dsv'
[1.785s] INFO:colcon.colcon_core.shell:Creating environment hook '/workspace/ros2_ws/install/camera_testing/share/camera_testing/hook/cmake_prefix_path.sh'
[1.785s] Level 1:colcon.colcon_core.environment:checking '/workspace/ros2_ws/install/camera_testing/lib'
[1.785s] Level 1:colcon.colcon_core.environment:checking '/workspace/ros2_ws/install/camera_testing/bin'
[1.785s] Level 1:colcon.colcon_core.environment:checking '/workspace/ros2_ws/install/camera_testing/lib/pkgconfig/camera_testing.pc'
[1.786s] Level 1:colcon.colcon_core.environment:checking '/workspace/ros2_ws/install/camera_testing/lib/python3.6/site-packages'
[1.786s] Level 1:colcon.colcon_core.environment:checking '/workspace/ros2_ws/install/camera_testing/bin'
[1.786s] INFO:colcon.colcon_core.shell:Creating package script '/workspace/ros2_ws/install/camera_testing/share/camera_testing/package.ps1'
[1.786s] INFO:colcon.colcon_core.shell:Creating package descriptor '/workspace/ros2_ws/install/camera_testing/share/camera_testing/package.dsv'
[1.786s] INFO:colcon.colcon_core.shell:Creating package script '/workspace/ros2_ws/install/camera_testing/share/camera_testing/package.sh'
[1.787s] INFO:colcon.colcon_core.shell:Creating package script '/workspace/ros2_ws/install/camera_testing/share/camera_testing/package.bash'
[1.787s] INFO:colcon.colcon_core.shell:Creating package script '/workspace/ros2_ws/install/camera_testing/share/camera_testing/package.zsh'
[1.787s] Level 1:colcon.colcon_core.environment:create_file_with_runtime_dependencies(/workspace/ros2_ws/install/camera_testing/share/colcon-core/packages/camera_testing)
[2.512s] DEBUG:colcon.colcon_parallel_executor.executor.parallel:closing loop
[2.513s] DEBUG:colcon.colcon_parallel_executor.executor.parallel:loop closed
[2.513s] DEBUG:colcon.colcon_parallel_executor.executor.parallel:run_until_complete finished with '2'
[2.513s] DEBUG:colcon.colcon_core.event_reactor:joining thread
[2.527s] INFO:colcon.colcon_core.plugin_system:Skipping extension 'colcon_notification.desktop_notification.notify_send': Could not find 'notify-send'
[2.527s] INFO:colcon.colcon_core.plugin_system:Skipping extension 'colcon_notification.desktop_notification.terminal_notifier': Not used on non-Darwin systems
[2.527s] INFO:colcon.colcon_core.plugin_system:Skipping extension 'colcon_notification.desktop_notification.win32': Not used on non-Windows systems
[2.527s] INFO:colcon.colcon_notification.desktop_notification:Sending desktop notification using 'notify2'
[2.531s] DEBUG:colcon.colcon_notification.desktop_notification.notify2:Failed to initialize notify2: org.freedesktop.DBus.Error.Spawn.ExecFailed: /usr/bin/dbus-launch terminated abnormally without any error message
[2.531s] DEBUG:colcon.colcon_core.event_reactor:joined thread
[2.532s] INFO:colcon.colcon_core.shell:Creating prefix script '/workspace/ros2_ws/install/local_setup.ps1'
[2.534s] INFO:colcon.colcon_core.shell:Creating prefix util module '/workspace/ros2_ws/install/_local_setup_util_ps1.py'
[2.535s] INFO:colcon.colcon_core.shell:Creating prefix chain script '/workspace/ros2_ws/install/setup.ps1'
[2.537s] INFO:colcon.colcon_core.shell:Creating prefix script '/workspace/ros2_ws/install/local_setup.sh'
[2.538s] INFO:colcon.colcon_core.shell:Creating prefix util module '/workspace/ros2_ws/install/_local_setup_util_sh.py'
[2.538s] INFO:colcon.colcon_core.shell:Creating prefix chain script '/workspace/ros2_ws/install/setup.sh'
[2.540s] INFO:colcon.colcon_core.shell:Creating prefix script '/workspace/ros2_ws/install/local_setup.bash'
[2.540s] INFO:colcon.colcon_core.shell:Creating prefix chain script '/workspace/ros2_ws/install/setup.bash'
[2.541s] INFO:colcon.colcon_core.shell:Creating prefix script '/workspace/ros2_ws/install/local_setup.zsh'
[2.541s] INFO:colcon.colcon_core.shell:Creating prefix chain script '/workspace/ros2_ws/install/setup.zsh'
